2026-05-08 20:04:38,197 - [robot_009] Random policy worker started (Cold Restart baseline)
2026-05-08 20:04:38,199 - [robot_009] Tasks: 0/1200 success_rate=0.000
2026-05-08 20:05:14,324 - [robot_009] Tasks: 100/1200 success_rate=0.500
2026-05-08 20:05:44,202 - [robot_009] Tasks: 200/1200 success_rate=0.500
2026-05-08 20:05:55,825 - [robot_009] migration requested at task 290, sleeping until runner kills me
2026-05-08 20:06:13,410 - [robot_009] Resuming after cold restart at task 291 (NO state preserved — random policy fresh)
2026-05-08 20:06:21,229 - [robot_009] Tasks: 300/1200 success_rate=0.400
2026-05-08 20:08:39,172 - [robot_009] Tasks: 400/1200 success_rate=0.500
2026-05-08 20:09:58,615 - [robot_009] migration requested at task 490, sleeping until runner kills me
2026-05-08 20:10:30,118 - [robot_009] Resuming after cold restart at task 491 (NO state preserved — random policy fresh)
2026-05-08 20:10:30,826 - [robot_009] Tasks: 500/1200 success_rate=0.700
2026-05-08 20:10:37,013 - [robot_009] Tasks: 600/1200 success_rate=0.400
2026-05-08 20:10:40,157 - [robot_009] migration requested at task 690, sleeping until runner kills me
2026-05-08 20:11:23,792 - [robot_009] Resuming after cold restart at task 691 (NO state preserved — random policy fresh)
2026-05-08 20:11:31,011 - [robot_009] Tasks: 700/1200 success_rate=0.400
2026-05-08 20:13:15,581 - [robot_009] Tasks: 800/1200 success_rate=0.600
2026-05-08 20:14:26,857 - [robot_009] migration requested at task 890, sleeping until runner kills me
2026-05-08 20:14:35,096 - [robot_009] Resuming after cold restart at task 891 (NO state preserved — random policy fresh)
2026-05-08 20:14:35,855 - [robot_009] Tasks: 900/1200 success_rate=0.700
2026-05-08 20:14:41,007 - [robot_009] Tasks: 1000/1200 success_rate=0.500
2026-05-08 20:14:42,645 - [robot_009] migration requested at task 1040, sleeping until runner kills me
2026-05-08 20:15:03,898 - [robot_009] Resuming after cold restart at task 1041 (NO state preserved — random policy fresh)
2026-05-08 20:17:21,901 - [robot_009] Tasks: 1100/1200 success_rate=0.700
2026-05-08 20:18:15,975 - [robot_009] Complete.
