2026-05-08 20:04:41,894 - [robot_011] Random policy worker started (Cold Restart baseline)
2026-05-08 20:04:41,895 - [robot_011] Tasks: 0/1200 success_rate=0.000
2026-05-08 20:06:07,554 - [robot_011] Tasks: 100/1200 success_rate=0.400
2026-05-08 20:09:59,718 - [robot_011] Tasks: 200/1200 success_rate=0.500
2026-05-08 20:13:12,556 - [robot_011] Tasks: 300/1200 success_rate=0.300
2026-05-08 20:13:17,191 - [robot_011] migration requested at task 310, sleeping until runner kills me
2026-05-08 20:13:25,115 - [robot_011] Resuming after cold restart at task 311 (NO state preserved — random policy fresh)
2026-05-08 20:13:29,630 - [robot_011] Tasks: 400/1200 success_rate=0.600
2026-05-08 20:13:34,588 - [robot_011] Tasks: 500/1200 success_rate=0.500
2026-05-08 20:13:34,790 - [robot_011] migration requested at task 510, sleeping until runner kills me
2026-05-08 20:13:53,653 - [robot_011] Resuming after cold restart at task 511 (NO state preserved — random policy fresh)
2026-05-08 20:16:02,713 - [robot_011] Tasks: 600/1200 success_rate=0.300
2026-05-08 20:17:24,667 - [robot_011] Tasks: 700/1200 success_rate=0.800
2026-05-08 20:17:31,020 - [robot_011] migration requested at task 710, sleeping until runner kills me
2026-05-08 20:17:44,011 - [robot_011] Resuming after cold restart at task 711 (NO state preserved — random policy fresh)
2026-05-08 20:18:58,340 - [robot_011] Tasks: 800/1200 success_rate=0.300
2026-05-08 20:20:50,569 - [robot_011] Tasks: 900/1200 success_rate=0.100
2026-05-08 20:20:55,556 - [robot_011] migration requested at task 910, sleeping until runner kills me
2026-05-08 20:21:04,634 - [robot_011] Resuming after cold restart at task 911 (NO state preserved — random policy fresh)
2026-05-08 20:21:09,130 - [robot_011] Tasks: 1000/1200 success_rate=0.200
2026-05-08 20:21:13,153 - [robot_011] migration requested at task 1060, sleeping until runner kills me
2026-05-08 20:21:28,509 - [robot_011] Resuming after cold restart at task 1061 (NO state preserved — random policy fresh)
2026-05-08 20:22:21,934 - [robot_011] Tasks: 1100/1200 success_rate=0.400
2026-05-08 20:23:40,009 - [robot_011] Complete.
