2026-05-08 20:04:29,393 - [robot_001] Random policy worker started (Cold Restart baseline)
2026-05-08 20:04:29,720 - [robot_001] Tasks: 0/1200 success_rate=1.000
2026-05-08 20:04:57,039 - [robot_001] Tasks: 100/1200 success_rate=0.600
2026-05-08 20:05:35,875 - [robot_001] Tasks: 200/1200 success_rate=0.300
2026-05-08 20:05:38,396 - [robot_001] migration requested at task 210, sleeping until runner kills me
2026-05-08 20:05:56,059 - [robot_001] Resuming after cold restart at task 211 (NO state preserved — random policy fresh)
2026-05-08 20:09:35,434 - [robot_001] Tasks: 300/1200 success_rate=0.500
2026-05-08 20:12:12,515 - [robot_001] Tasks: 400/1200 success_rate=0.700
2026-05-08 20:12:19,109 - [robot_001] migration requested at task 410, sleeping until runner kills me
2026-05-08 20:12:28,383 - [robot_001] Resuming after cold restart at task 411 (NO state preserved — random policy fresh)
2026-05-08 20:12:32,252 - [robot_001] Tasks: 500/1200 success_rate=0.800
2026-05-08 20:12:38,286 - [robot_001] Tasks: 600/1200 success_rate=0.600
2026-05-08 20:12:38,717 - [robot_001] migration requested at task 610, sleeping until runner kills me
2026-05-08 20:12:53,682 - [robot_001] Resuming after cold restart at task 611 (NO state preserved — random policy fresh)
2026-05-08 20:14:55,044 - [robot_001] Tasks: 700/1200 success_rate=0.600
2026-05-08 20:17:15,651 - [robot_001] Tasks: 800/1200 success_rate=0.500
2026-05-08 20:17:18,270 - [robot_001] migration requested at task 810, sleeping until runner kills me
2026-05-08 20:17:29,167 - [robot_001] Resuming after cold restart at task 811 (NO state preserved — random policy fresh)
2026-05-08 20:19:12,045 - [robot_001] Tasks: 900/1200 success_rate=0.400
2026-05-08 20:20:22,340 - [robot_001] migration requested at task 960, sleeping until runner kills me
2026-05-08 20:20:31,068 - [robot_001] Resuming after cold restart at task 961 (NO state preserved — random policy fresh)
2026-05-08 20:20:33,051 - [robot_001] Tasks: 1000/1200 success_rate=0.300
2026-05-08 20:20:37,996 - [robot_001] Tasks: 1100/1200 success_rate=0.600
2026-05-08 20:20:42,400 - [robot_001] Complete.
