2026-05-22 14:13:11,730 - [robot_009] Started fresh (app_ckpt=/checkpoints/state.pt, warm=/checkpoints/warm/state.pt/50)
2026-05-22 14:13:40,206 - [robot_009] Tasks: 0/2000 success_rate=0.000
2026-05-22 14:16:06,416 - [robot_009] Tasks: 100/2000 success_rate=0.200
2026-05-22 14:18:13,091 - [robot_009] Tasks: 200/2000 success_rate=0.800
2026-05-22 14:18:41,530 - [robot_009] App-checkpoint saved (54.7ms, 17.17MB)
2026-05-22 14:18:41,531 - [robot_009] migration requested at task 290, sleeping until runner kills me
2026-05-22 14:19:14,570 - [robot_009] Restored from /checkpoints/state.pt (505.7ms, 17.17MB) → resuming at task 291
2026-05-22 14:19:20,108 - [robot_009] Tasks: 300/2000 success_rate=0.400
2026-05-22 14:24:18,278 - [robot_009] Tasks: 400/2000 success_rate=0.400
2026-05-22 14:26:17,573 - [robot_009] App-checkpoint saved (191.5ms, 17.18MB)
2026-05-22 14:26:17,579 - [robot_009] migration requested at task 490, sleeping until runner kills me
2026-05-22 14:28:57,033 - [robot_009] Restored from /checkpoints/state.pt (30.5ms, 17.18MB) → resuming at task 491
2026-05-22 14:28:57,380 - [robot_009] Tasks: 500/2000 success_rate=0.400
2026-05-22 14:29:03,864 - [robot_009] Tasks: 600/2000 success_rate=0.800
2026-05-22 14:29:07,649 - [robot_009] App-checkpoint saved (45.7ms, 17.18MB)
2026-05-22 14:29:07,650 - [robot_009] migration requested at task 690, sleeping until runner kills me
2026-05-22 14:36:29,372 - [robot_009] Restored from /checkpoints/state.pt (483.7ms, 17.18MB) → resuming at task 691
2026-05-22 14:37:39,982 - [robot_009] Tasks: 700/2000 success_rate=0.500
2026-05-22 14:49:27,655 - [robot_009] Tasks: 800/2000 success_rate=0.600
2026-05-22 14:53:54,130 - [robot_009] App-checkpoint saved (430.3ms, 17.18MB)
2026-05-22 14:53:54,131 - [robot_009] migration requested at task 890, sleeping until runner kills me
2026-05-22 15:01:44,716 - [robot_009] Restored from /checkpoints/state.pt (29.6ms, 17.18MB) → resuming at task 891
2026-05-22 15:01:45,382 - [robot_009] Tasks: 900/2000 success_rate=0.400
2026-05-22 15:01:50,772 - [robot_009] Tasks: 1000/2000 success_rate=0.100
2026-05-22 15:01:52,284 - [robot_009] App-checkpoint saved (49.2ms, 17.18MB)
2026-05-22 15:01:52,284 - [robot_009] migration requested at task 1040, sleeping until runner kills me
2026-05-22 15:10:39,985 - [robot_009] Restored from /checkpoints/state.pt (661.4ms, 17.18MB) → resuming at task 1041
2026-05-22 15:16:39,216 - [robot_009] Tasks: 1100/2000 success_rate=0.400
2026-05-22 15:22:13,563 - [robot_009] Tasks: 1200/2000 success_rate=0.600
2026-05-22 15:23:01,394 - [robot_009] Tasks: 1300/2000 success_rate=0.600
2026-05-22 15:23:57,744 - [robot_009] Tasks: 1400/2000 success_rate=0.400
2026-05-22 15:24:50,834 - [robot_009] Tasks: 1500/2000 success_rate=0.500
2026-05-22 15:25:41,667 - [robot_009] Tasks: 1600/2000 success_rate=0.400
2026-05-22 15:26:58,054 - [robot_009] Tasks: 1700/2000 success_rate=0.500
2026-05-22 15:28:27,237 - [robot_009] Tasks: 1800/2000 success_rate=0.600
2026-05-22 15:29:25,150 - [robot_009] Tasks: 1900/2000 success_rate=0.700
2026-05-22 15:30:48,138 - [robot_009] Complete.
