2026-05-22 14:13:10,614 - [robot_005] Started fresh (app_ckpt=/checkpoints/state.pt, warm=/checkpoints/warm/state.pt/50)
2026-05-22 14:13:10,625 - [robot_005] Tasks: 0/2000 success_rate=0.000
2026-05-22 14:15:31,289 - [robot_005] Tasks: 100/2000 success_rate=0.400
2026-05-22 14:16:30,957 - [robot_005] Tasks: 200/2000 success_rate=0.200
2026-05-22 14:17:05,636 - [robot_005] App-checkpoint saved (24.0ms, 17.17MB)
2026-05-22 14:17:05,636 - [robot_005] migration requested at task 250, sleeping until runner kills me
2026-05-22 14:17:31,640 - [robot_005] Restored from /checkpoints/state.pt (217.9ms, 17.17MB) → resuming at task 251
2026-05-22 14:19:50,884 - [robot_005] Tasks: 300/2000 success_rate=0.500
2026-05-22 14:21:38,139 - [robot_005] Tasks: 400/2000 success_rate=0.600
2026-05-22 14:22:19,867 - [robot_005] App-checkpoint saved (50.8ms, 17.18MB)
2026-05-22 14:22:19,868 - [robot_005] migration requested at task 450, sleeping until runner kills me
2026-05-22 14:27:50,196 - [robot_005] Restored from /checkpoints/state.pt (32.0ms, 17.18MB) → resuming at task 451
2026-05-22 14:27:52,185 - [robot_005] Tasks: 500/2000 success_rate=0.700
2026-05-22 14:27:56,199 - [robot_005] Tasks: 600/2000 success_rate=0.600
2026-05-22 14:28:01,030 - [robot_005] App-checkpoint saved (59.0ms, 17.18MB)
2026-05-22 14:28:01,031 - [robot_005] migration requested at task 650, sleeping until runner kills me
2026-05-22 14:32:07,317 - [robot_005] Restored from /checkpoints/state.pt (444.2ms, 17.18MB) → resuming at task 651
2026-05-22 14:36:08,096 - [robot_005] Tasks: 700/2000 success_rate=0.500
2026-05-22 14:45:26,695 - [robot_005] Tasks: 800/2000 success_rate=0.500
2026-05-22 14:53:59,383 - [robot_005] App-checkpoint saved (394.8ms, 17.18MB)
2026-05-22 14:53:59,399 - [robot_005] migration requested at task 850, sleeping until runner kills me
2026-05-22 15:08:22,508 - [robot_005] Restored from /checkpoints/state.pt (28.3ms, 17.18MB) → resuming at task 851
2026-05-22 15:08:24,588 - [robot_005] Tasks: 900/2000 success_rate=0.300
2026-05-22 15:08:28,962 - [robot_005] App-checkpoint saved (55.1ms, 17.18MB)
2026-05-22 15:08:28,963 - [robot_005] migration requested at task 1000, sleeping until runner kills me
2026-05-22 15:15:39,342 - [robot_005] Restored from /checkpoints/state.pt (593.6ms, 17.18MB) → resuming at task 1001
2026-05-22 15:22:56,206 - [robot_005] Tasks: 1100/2000 success_rate=0.400
2026-05-22 15:24:56,980 - [robot_005] Tasks: 1200/2000 success_rate=0.400
2026-05-22 15:27:02,009 - [robot_005] Tasks: 1300/2000 success_rate=0.300
2026-05-22 15:28:25,137 - [robot_005] Tasks: 1400/2000 success_rate=0.500
2026-05-22 15:30:54,221 - [robot_005] Tasks: 1500/2000 success_rate=0.800
2026-05-22 15:33:26,121 - [robot_005] Tasks: 1600/2000 success_rate=0.600
2026-05-22 15:35:47,575 - [robot_005] Tasks: 1700/2000 success_rate=0.500
2026-05-22 15:40:16,331 - [robot_005] Tasks: 1800/2000 success_rate=0.600
2026-05-22 15:42:46,171 - [robot_005] Tasks: 1900/2000 success_rate=0.600
2026-05-22 15:44:21,414 - [robot_005] Complete.
