2026-05-22 14:13:11,378 - [robot_013] Started fresh (app_ckpt=/checkpoints/state.pt, warm=/checkpoints/warm/state.pt/50)
2026-05-22 14:13:11,380 - [robot_013] Tasks: 0/2000 success_rate=0.000
2026-05-22 14:16:10,485 - [robot_013] Tasks: 100/2000 success_rate=0.500
2026-05-22 14:18:27,835 - [robot_013] Tasks: 200/2000 success_rate=0.600
2026-05-22 14:20:29,637 - [robot_013] Tasks: 300/2000 success_rate=0.700
2026-05-22 14:22:03,725 - [robot_013] App-checkpoint saved (70.4ms, 17.17MB)
2026-05-22 14:22:03,735 - [robot_013] migration requested at task 330, sleeping until runner kills me
2026-05-22 14:25:08,801 - [robot_013] Restored from /checkpoints/state.pt (32.0ms, 17.17MB) → resuming at task 331
2026-05-22 14:25:13,052 - [robot_013] Tasks: 400/2000 success_rate=0.600
2026-05-22 14:25:18,397 - [robot_013] Tasks: 500/2000 success_rate=0.700
2026-05-22 14:25:21,180 - [robot_013] App-checkpoint saved (51.6ms, 17.18MB)
2026-05-22 14:25:21,181 - [robot_013] migration requested at task 530, sleeping until runner kills me
2026-05-22 14:28:41,108 - [robot_013] Restored from /checkpoints/state.pt (428.8ms, 17.18MB) → resuming at task 531
2026-05-22 14:35:28,155 - [robot_013] Tasks: 600/2000 success_rate=0.300
2026-05-22 14:44:41,356 - [robot_013] Tasks: 700/2000 success_rate=0.200
2026-05-22 14:47:09,328 - [robot_013] App-checkpoint saved (349.7ms, 17.18MB)
2026-05-22 14:47:09,330 - [robot_013] migration requested at task 730, sleeping until runner kills me
2026-05-22 14:50:10,994 - [robot_013] Restored from /checkpoints/state.pt (17.8ms, 17.18MB) → resuming at task 731
2026-05-22 14:50:14,880 - [robot_013] Tasks: 800/2000 success_rate=0.300
2026-05-22 14:50:20,171 - [robot_013] Tasks: 900/2000 success_rate=0.300
2026-05-22 14:50:21,123 - [robot_013] App-checkpoint saved (76.9ms, 17.18MB)
2026-05-22 14:50:21,123 - [robot_013] migration requested at task 930, sleeping until runner kills me
2026-05-22 15:01:07,107 - [robot_013] Restored from /checkpoints/state.pt (940.0ms, 17.18MB) → resuming at task 931
2026-05-22 15:12:27,682 - [robot_013] Tasks: 1000/2000 success_rate=0.800
2026-05-22 15:21:22,861 - [robot_013] App-checkpoint saved (147.7ms, 17.18MB)
2026-05-22 15:21:22,861 - [robot_013] migration requested at task 1080, sleeping until runner kills me
2026-05-22 15:23:16,869 - [robot_013] Restored from /checkpoints/state.pt (16.6ms, 17.18MB) → resuming at task 1081
2026-05-22 15:23:18,087 - [robot_013] Tasks: 1100/2000 success_rate=0.200
2026-05-22 15:23:25,266 - [robot_013] Tasks: 1200/2000 success_rate=0.300
2026-05-22 15:23:31,596 - [robot_013] Tasks: 1300/2000 success_rate=0.400
2026-05-22 15:23:44,936 - [robot_013] Tasks: 1400/2000 success_rate=0.300
2026-05-22 15:24:07,016 - [robot_013] Tasks: 1500/2000 success_rate=0.500
2026-05-22 15:24:47,024 - [robot_013] Tasks: 1600/2000 success_rate=0.500
2026-05-22 15:25:52,145 - [robot_013] Tasks: 1700/2000 success_rate=0.600
2026-05-22 15:27:06,005 - [robot_013] Tasks: 1800/2000 success_rate=0.400
2026-05-22 15:27:53,980 - [robot_013] Tasks: 1900/2000 success_rate=0.300
2026-05-22 15:29:50,713 - [robot_013] Complete.
