2026-05-22 14:13:11,634 - [robot_006] Started fresh (app_ckpt=/checkpoints/state.pt, warm=/checkpoints/warm/state.pt/50)
2026-05-22 14:13:11,669 - [robot_006] Tasks: 0/2000 success_rate=0.000
2026-05-22 14:15:05,038 - [robot_006] Tasks: 100/2000 success_rate=0.800
2026-05-22 14:16:56,108 - [robot_006] Tasks: 200/2000 success_rate=0.300
2026-05-22 14:17:40,399 - [robot_006] App-checkpoint saved (115.8ms, 17.17MB)
2026-05-22 14:17:40,479 - [robot_006] migration requested at task 260, sleeping until runner kills me
2026-05-22 14:18:37,504 - [robot_006] Restored from /checkpoints/state.pt (312.9ms, 17.17MB) → resuming at task 261
2026-05-22 14:20:26,460 - [robot_006] Tasks: 300/2000 success_rate=0.300
2026-05-22 14:24:01,197 - [robot_006] Tasks: 400/2000 success_rate=0.600
2026-05-22 14:25:47,563 - [robot_006] App-checkpoint saved (165.2ms, 17.18MB)
2026-05-22 14:25:47,563 - [robot_006] migration requested at task 460, sleeping until runner kills me
2026-05-22 14:30:46,276 - [robot_006] Restored from /checkpoints/state.pt (16.5ms, 17.18MB) → resuming at task 461
2026-05-22 14:30:48,673 - [robot_006] Tasks: 500/2000 success_rate=0.600
2026-05-22 14:30:55,070 - [robot_006] Tasks: 600/2000 success_rate=0.400
2026-05-22 14:30:58,599 - [robot_006] App-checkpoint saved (44.2ms, 17.18MB)
2026-05-22 14:30:58,600 - [robot_006] migration requested at task 660, sleeping until runner kills me
2026-05-22 14:40:09,010 - [robot_006] Restored from /checkpoints/state.pt (566.8ms, 17.18MB) → resuming at task 661
2026-05-22 14:45:33,828 - [robot_006] Tasks: 700/2000 success_rate=0.300
2026-05-22 14:53:51,374 - [robot_006] Tasks: 800/2000 success_rate=0.400
2026-05-22 15:04:01,002 - [robot_006] App-checkpoint saved (566.5ms, 17.18MB)
2026-05-22 15:04:01,004 - [robot_006] migration requested at task 860, sleeping until runner kills me
2026-05-22 15:13:57,288 - [robot_006] Restored from /checkpoints/state.pt (18.7ms, 17.18MB) → resuming at task 861
2026-05-22 15:13:59,653 - [robot_006] Tasks: 900/2000 success_rate=0.400
2026-05-22 15:14:04,666 - [robot_006] Tasks: 1000/2000 success_rate=0.400
2026-05-22 15:14:05,418 - [robot_006] App-checkpoint saved (53.1ms, 17.18MB)
2026-05-22 15:14:05,419 - [robot_006] migration requested at task 1010, sleeping until runner kills me
2026-05-22 15:18:44,784 - [robot_006] Restored from /checkpoints/state.pt (822.6ms, 17.18MB) → resuming at task 1011
2026-05-22 15:22:48,306 - [robot_006] Tasks: 1100/2000 success_rate=0.500
2026-05-22 15:24:14,141 - [robot_006] Tasks: 1200/2000 success_rate=0.600
2026-05-22 15:25:21,727 - [robot_006] Tasks: 1300/2000 success_rate=0.200
2026-05-22 15:27:24,296 - [robot_006] Tasks: 1400/2000 success_rate=0.500
2026-05-22 15:29:08,984 - [robot_006] Tasks: 1500/2000 success_rate=0.500
2026-05-22 15:31:15,966 - [robot_006] Tasks: 1600/2000 success_rate=0.300
2026-05-22 15:33:15,932 - [robot_006] Tasks: 1700/2000 success_rate=0.500
2026-05-22 15:36:04,146 - [robot_006] Tasks: 1800/2000 success_rate=0.300
2026-05-22 15:38:19,226 - [robot_006] Tasks: 1900/2000 success_rate=0.500
2026-05-22 15:41:09,314 - [robot_006] Complete.
