2026-05-22 14:13:11,720 - [robot_007] Started fresh (app_ckpt=/checkpoints/state.pt, warm=/checkpoints/warm/state.pt/50)
2026-05-22 14:13:11,722 - [robot_007] Tasks: 0/2000 success_rate=0.000
2026-05-22 14:16:01,243 - [robot_007] Tasks: 100/2000 success_rate=0.500
2026-05-22 14:18:23,409 - [robot_007] Tasks: 200/2000 success_rate=0.900
2026-05-22 14:18:46,500 - [robot_007] App-checkpoint saved (18.4ms, 17.17MB)
2026-05-22 14:18:46,501 - [robot_007] migration requested at task 270, sleeping until runner kills me
2026-05-22 14:24:13,006 - [robot_007] Restored from /checkpoints/state.pt (250.6ms, 17.17MB) → resuming at task 271
2026-05-22 14:25:06,540 - [robot_007] Tasks: 300/2000 success_rate=0.500
2026-05-22 14:26:51,566 - [robot_007] Tasks: 400/2000 success_rate=0.600
2026-05-22 14:28:14,520 - [robot_007] App-checkpoint saved (143.6ms, 17.18MB)
2026-05-22 14:28:14,521 - [robot_007] migration requested at task 470, sleeping until runner kills me
2026-05-22 14:47:42,522 - [robot_007] Restored from /checkpoints/state.pt (27.3ms, 17.18MB) → resuming at task 471
2026-05-22 14:47:43,858 - [robot_007] Tasks: 500/2000 success_rate=0.400
2026-05-22 14:47:49,550 - [robot_007] Tasks: 600/2000 success_rate=0.700
2026-05-22 14:47:53,445 - [robot_007] App-checkpoint saved (53.0ms, 17.18MB)
2026-05-22 14:47:53,446 - [robot_007] migration requested at task 670, sleeping until runner kills me
2026-05-22 14:57:57,644 - [robot_007] Restored from /checkpoints/state.pt (718.1ms, 17.18MB) → resuming at task 671
2026-05-22 14:59:41,347 - [robot_007] Tasks: 700/2000 success_rate=0.600
2026-05-22 15:12:47,100 - [robot_007] Tasks: 800/2000 success_rate=0.400
2026-05-22 15:19:30,297 - [robot_007] App-checkpoint saved (500.7ms, 17.18MB)
2026-05-22 15:19:30,299 - [robot_007] migration requested at task 870, sleeping until runner kills me
2026-05-22 15:28:17,782 - [robot_007] Restored from /checkpoints/state.pt (381.9ms, 17.18MB) → resuming at task 871
2026-05-22 15:28:34,398 - [robot_007] Tasks: 900/2000 success_rate=0.600
2026-05-22 15:29:55,124 - [robot_007] Tasks: 1000/2000 success_rate=0.300
2026-05-22 15:30:07,712 - [robot_007] App-checkpoint saved (59.7ms, 17.18MB)
2026-05-22 15:30:07,713 - [robot_007] migration requested at task 1020, sleeping until runner kills me
2026-05-22 15:32:02,868 - [robot_007] Restored from /checkpoints/state.pt (176.8ms, 17.18MB) → resuming at task 1021
2026-05-22 15:33:09,664 - [robot_007] Tasks: 1100/2000 success_rate=0.200
2026-05-22 15:35:08,295 - [robot_007] Tasks: 1200/2000 success_rate=0.500
2026-05-22 15:37:43,263 - [robot_007] Tasks: 1300/2000 success_rate=0.300
2026-05-22 15:39:15,366 - [robot_007] Tasks: 1400/2000 success_rate=0.300
2026-05-22 15:41:02,715 - [robot_007] Tasks: 1500/2000 success_rate=0.200
2026-05-22 15:43:11,815 - [robot_007] Tasks: 1600/2000 success_rate=0.500
2026-05-22 15:44:15,794 - [robot_007] Tasks: 1700/2000 success_rate=0.400
2026-05-22 15:45:15,211 - [robot_007] Tasks: 1800/2000 success_rate=0.500
2026-05-22 15:46:14,124 - [robot_007] Tasks: 1900/2000 success_rate=0.300
2026-05-22 15:51:01,418 - [robot_007] Complete.
