2026-05-22 14:13:10,938 - [robot_017] Started fresh (app_ckpt=/checkpoints/state.pt, warm=/checkpoints/warm/state.pt/50)
2026-05-22 14:13:10,940 - [robot_017] Tasks: 0/2000 success_rate=0.000
2026-05-22 14:14:39,429 - [robot_017] Tasks: 100/2000 success_rate=0.500
2026-05-22 14:16:23,991 - [robot_017] Tasks: 200/2000 success_rate=0.500
2026-05-22 14:18:10,986 - [robot_017] Tasks: 300/2000 success_rate=0.400
2026-05-22 14:19:46,994 - [robot_017] App-checkpoint saved (92.3ms, 17.17MB)
2026-05-22 14:19:46,995 - [robot_017] migration requested at task 370, sleeping until runner kills me
2026-05-22 14:24:42,939 - [robot_017] Restored from /checkpoints/state.pt (30.1ms, 17.17MB) → resuming at task 371
2026-05-22 14:24:44,192 - [robot_017] Tasks: 400/2000 success_rate=0.600
2026-05-22 14:24:50,604 - [robot_017] Tasks: 500/2000 success_rate=0.400
2026-05-22 14:24:54,294 - [robot_017] App-checkpoint saved (45.8ms, 17.18MB)
2026-05-22 14:24:54,294 - [robot_017] migration requested at task 570, sleeping until runner kills me
2026-05-22 14:33:18,912 - [robot_017] Restored from /checkpoints/state.pt (417.2ms, 17.18MB) → resuming at task 571
2026-05-22 14:35:17,741 - [robot_017] Tasks: 600/2000 success_rate=0.500
2026-05-22 14:46:15,686 - [robot_017] Tasks: 700/2000 success_rate=0.200
2026-05-22 14:58:00,201 - [robot_017] App-checkpoint saved (563.0ms, 17.18MB)
2026-05-22 14:58:00,203 - [robot_017] migration requested at task 770, sleeping until runner kills me
2026-05-22 15:07:34,840 - [robot_017] Restored from /checkpoints/state.pt (14.8ms, 17.18MB) → resuming at task 771
2026-05-22 15:07:36,240 - [robot_017] Tasks: 800/2000 success_rate=0.500
2026-05-22 15:07:41,226 - [robot_017] Tasks: 900/2000 success_rate=0.100
2026-05-22 15:07:43,616 - [robot_017] App-checkpoint saved (39.6ms, 17.18MB)
2026-05-22 15:07:43,617 - [robot_017] migration requested at task 970, sleeping until runner kills me
2026-05-22 15:17:06,553 - [robot_017] Restored from /checkpoints/state.pt (921.4ms, 17.18MB) → resuming at task 971
2026-05-22 15:18:46,052 - [robot_017] Tasks: 1000/2000 success_rate=0.100
2026-05-22 15:22:08,829 - [robot_017] Tasks: 1100/2000 success_rate=0.600
2026-05-22 15:22:21,894 - [robot_017] App-checkpoint saved (106.9ms, 17.18MB)
2026-05-22 15:22:21,904 - [robot_017] migration requested at task 1120, sleeping until runner kills me
2026-05-22 15:25:35,139 - [robot_017] Restored from /checkpoints/state.pt (197.7ms, 17.18MB) → resuming at task 1121
2026-05-22 15:26:05,362 - [robot_017] Tasks: 1200/2000 success_rate=0.200
2026-05-22 15:27:47,975 - [robot_017] Tasks: 1300/2000 success_rate=0.400
2026-05-22 15:29:47,828 - [robot_017] Tasks: 1400/2000 success_rate=0.500
2026-05-22 15:31:42,333 - [robot_017] Tasks: 1500/2000 success_rate=0.400
2026-05-22 15:33:56,604 - [robot_017] Tasks: 1600/2000 success_rate=0.500
2026-05-22 15:35:30,814 - [robot_017] Tasks: 1700/2000 success_rate=0.600
2026-05-22 15:36:43,289 - [robot_017] Tasks: 1800/2000 success_rate=0.600
2026-05-22 15:37:24,979 - [robot_017] Tasks: 1900/2000 success_rate=0.400
2026-05-22 15:37:47,464 - [robot_017] Complete.
