2026-05-22 14:13:10,928 - [robot_016] Started fresh (app_ckpt=/checkpoints/state.pt, warm=/checkpoints/warm/state.pt/50)
2026-05-22 14:13:10,936 - [robot_016] Tasks: 0/2000 success_rate=0.000
2026-05-22 14:14:55,469 - [robot_016] Tasks: 100/2000 success_rate=0.700
2026-05-22 14:16:01,265 - [robot_016] Tasks: 200/2000 success_rate=0.200
2026-05-22 14:17:46,097 - [robot_016] Tasks: 300/2000 success_rate=0.400
2026-05-22 14:19:41,377 - [robot_016] App-checkpoint saved (99.0ms, 17.17MB)
2026-05-22 14:19:41,379 - [robot_016] migration requested at task 360, sleeping until runner kills me
2026-05-22 14:22:30,165 - [robot_016] Restored from /checkpoints/state.pt (19.6ms, 17.17MB) → resuming at task 361
2026-05-22 14:22:32,026 - [robot_016] Tasks: 400/2000 success_rate=0.700
2026-05-22 14:22:37,636 - [robot_016] Tasks: 500/2000 success_rate=0.400
2026-05-22 14:22:40,855 - [robot_016] App-checkpoint saved (53.4ms, 17.18MB)
2026-05-22 14:22:40,856 - [robot_016] migration requested at task 560, sleeping until runner kills me
2026-05-22 14:25:51,194 - [robot_016] Restored from /checkpoints/state.pt (325.7ms, 17.18MB) → resuming at task 561
2026-05-22 14:26:38,945 - [robot_016] Tasks: 600/2000 success_rate=0.400
2026-05-22 14:30:09,884 - [robot_016] Tasks: 700/2000 success_rate=0.400
2026-05-22 14:33:12,876 - [robot_016] App-checkpoint saved (217.9ms, 17.18MB)
2026-05-22 14:33:12,879 - [robot_016] migration requested at task 760, sleeping until runner kills me
2026-05-22 14:36:48,159 - [robot_016] Restored from /checkpoints/state.pt (16.2ms, 17.18MB) → resuming at task 761
2026-05-22 14:36:49,528 - [robot_016] Tasks: 800/2000 success_rate=0.200
2026-05-22 14:36:54,324 - [robot_016] Tasks: 900/2000 success_rate=0.600
2026-05-22 14:36:57,647 - [robot_016] App-checkpoint saved (48.6ms, 17.18MB)
2026-05-22 14:36:57,649 - [robot_016] migration requested at task 960, sleeping until runner kills me
2026-05-22 14:51:53,808 - [robot_016] Restored from /checkpoints/state.pt (1042.1ms, 17.18MB) → resuming at task 961
2026-05-22 14:55:47,002 - [robot_016] Tasks: 1000/2000 success_rate=0.300
2026-05-22 15:04:44,485 - [robot_016] Tasks: 1100/2000 success_rate=0.800
2026-05-22 15:05:06,147 - [robot_016] App-checkpoint saved (342.7ms, 17.18MB)
2026-05-22 15:05:06,147 - [robot_016] migration requested at task 1110, sleeping until runner kills me
2026-05-22 15:10:56,107 - [robot_016] Restored from /checkpoints/state.pt (32.6ms, 17.18MB) → resuming at task 1111
2026-05-22 15:11:01,015 - [robot_016] Tasks: 1200/2000 success_rate=0.600
2026-05-22 15:11:05,583 - [robot_016] Tasks: 1300/2000 success_rate=0.400
2026-05-22 15:11:10,730 - [robot_016] Tasks: 1400/2000 success_rate=0.400
2026-05-22 15:11:18,437 - [robot_016] Tasks: 1500/2000 success_rate=0.700
2026-05-22 15:11:24,373 - [robot_016] Tasks: 1600/2000 success_rate=0.200
2026-05-22 15:11:29,520 - [robot_016] Tasks: 1700/2000 success_rate=0.500
2026-05-22 15:11:36,888 - [robot_016] Tasks: 1800/2000 success_rate=0.600
2026-05-22 15:11:42,494 - [robot_016] Tasks: 1900/2000 success_rate=0.400
2026-05-22 15:11:54,298 - [robot_016] Complete.
