2026-05-22 14:13:11,839 - [robot_002] Started fresh (app_ckpt=/checkpoints/state.pt, warm=/checkpoints/warm/state.pt/50)
2026-05-22 14:13:11,841 - [robot_002] Tasks: 0/2000 success_rate=0.000
2026-05-22 14:14:57,083 - [robot_002] Tasks: 100/2000 success_rate=0.300
2026-05-22 14:17:58,794 - [robot_002] Tasks: 200/2000 success_rate=0.200
2026-05-22 14:18:11,548 - [robot_002] App-checkpoint saved (82.3ms, 17.17MB)
2026-05-22 14:18:11,549 - [robot_002] migration requested at task 220, sleeping until runner kills me
2026-05-22 14:21:07,582 - [robot_002] Restored from /checkpoints/state.pt (670.0ms, 17.17MB) → resuming at task 221
2026-05-22 14:23:20,522 - [robot_002] Tasks: 300/2000 success_rate=0.000
2026-05-22 14:26:13,315 - [robot_002] Tasks: 400/2000 success_rate=0.600
2026-05-22 14:26:47,233 - [robot_002] App-checkpoint saved (126.9ms, 17.18MB)
2026-05-22 14:26:47,233 - [robot_002] migration requested at task 420, sleeping until runner kills me
2026-05-22 14:32:23,208 - [robot_002] Restored from /checkpoints/state.pt (29.5ms, 17.18MB) → resuming at task 421
2026-05-22 14:32:25,554 - [robot_002] Tasks: 500/2000 success_rate=0.200
2026-05-22 14:32:29,965 - [robot_002] Tasks: 600/2000 success_rate=0.400
2026-05-22 14:32:31,647 - [robot_002] App-checkpoint saved (50.1ms, 17.18MB)
2026-05-22 14:32:31,648 - [robot_002] migration requested at task 620, sleeping until runner kills me
2026-05-22 14:44:37,045 - [robot_002] Restored from /checkpoints/state.pt (760.1ms, 17.18MB) → resuming at task 621
2026-05-22 14:56:47,868 - [robot_002] Tasks: 700/2000 success_rate=0.500
2026-05-22 15:09:25,452 - [robot_002] Tasks: 800/2000 success_rate=0.500
2026-05-22 15:12:46,292 - [robot_002] App-checkpoint saved (453.6ms, 17.18MB)
2026-05-22 15:12:46,294 - [robot_002] migration requested at task 820, sleeping until runner kills me
2026-05-22 15:20:53,732 - [robot_002] Restored from /checkpoints/state.pt (16.4ms, 17.18MB) → resuming at task 821
2026-05-22 15:20:57,268 - [robot_002] Tasks: 900/2000 success_rate=0.400
2026-05-22 15:21:01,576 - [robot_002] App-checkpoint saved (53.5ms, 17.18MB)
2026-05-22 15:21:01,576 - [robot_002] migration requested at task 970, sleeping until runner kills me
2026-05-22 15:26:00,915 - [robot_002] Restored from /checkpoints/state.pt (386.0ms, 17.18MB) → resuming at task 971
2026-05-22 15:26:29,308 - [robot_002] Tasks: 1000/2000 success_rate=0.700
2026-05-22 15:27:59,236 - [robot_002] Tasks: 1100/2000 success_rate=0.400
2026-05-22 15:31:13,468 - [robot_002] Tasks: 1200/2000 success_rate=0.200
2026-05-22 15:35:12,109 - [robot_002] Tasks: 1300/2000 success_rate=0.600
2026-05-22 15:37:42,111 - [robot_002] Tasks: 1400/2000 success_rate=0.200
2026-05-22 15:39:31,045 - [robot_002] Tasks: 1500/2000 success_rate=0.500
2026-05-22 15:41:33,488 - [robot_002] Tasks: 1600/2000 success_rate=0.300
2026-05-22 15:42:57,196 - [robot_002] Tasks: 1700/2000 success_rate=0.400
2026-05-22 15:44:58,743 - [robot_002] Tasks: 1800/2000 success_rate=0.700
2026-05-22 15:45:30,913 - [robot_002] Tasks: 1900/2000 success_rate=0.400
2026-05-22 15:50:15,142 - [robot_002] Complete.
