2026-05-22 14:13:11,253 - [robot_014] Started fresh (app_ckpt=/checkpoints/state.pt, warm=/checkpoints/warm/state.pt/50)
2026-05-22 14:13:11,268 - [robot_014] Tasks: 0/2000 success_rate=0.000
2026-05-22 14:15:17,256 - [robot_014] Tasks: 100/2000 success_rate=0.500
2026-05-22 14:18:38,951 - [robot_014] Tasks: 200/2000 success_rate=0.700
2026-05-22 14:21:33,902 - [robot_014] Tasks: 300/2000 success_rate=0.200
2026-05-22 14:23:18,501 - [robot_014] App-checkpoint saved (142.2ms, 17.17MB)
2026-05-22 14:23:18,506 - [robot_014] migration requested at task 340, sleeping until runner kills me
2026-05-22 14:27:17,294 - [robot_014] Restored from /checkpoints/state.pt (17.7ms, 17.17MB) → resuming at task 341
2026-05-22 14:27:20,007 - [robot_014] Tasks: 400/2000 success_rate=0.800
2026-05-22 14:27:24,014 - [robot_014] Tasks: 500/2000 success_rate=0.700
2026-05-22 14:27:25,967 - [robot_014] App-checkpoint saved (79.1ms, 17.18MB)
2026-05-22 14:27:25,967 - [robot_014] migration requested at task 540, sleeping until runner kills me
2026-05-22 14:34:58,412 - [robot_014] Restored from /checkpoints/state.pt (529.6ms, 17.18MB) → resuming at task 541
2026-05-22 14:38:55,612 - [robot_014] Tasks: 600/2000 success_rate=0.400
2026-05-22 14:46:43,365 - [robot_014] Tasks: 700/2000 success_rate=0.500
2026-05-22 14:51:55,646 - [robot_014] App-checkpoint saved (459.3ms, 17.18MB)
2026-05-22 14:51:55,649 - [robot_014] migration requested at task 740, sleeping until runner kills me
2026-05-22 15:09:06,994 - [robot_014] Restored from /checkpoints/state.pt (30.8ms, 17.18MB) → resuming at task 741
2026-05-22 15:09:09,943 - [robot_014] Tasks: 800/2000 success_rate=0.500
2026-05-22 15:09:14,889 - [robot_014] Tasks: 900/2000 success_rate=0.500
2026-05-22 15:09:17,303 - [robot_014] App-checkpoint saved (53.8ms, 17.18MB)
2026-05-22 15:09:17,303 - [robot_014] migration requested at task 940, sleeping until runner kills me
2026-05-22 15:23:01,796 - [robot_014] Restored from /checkpoints/state.pt (177.1ms, 17.18MB) → resuming at task 941
2026-05-22 15:23:39,552 - [robot_014] Tasks: 1000/2000 success_rate=0.600
2026-05-22 15:24:23,196 - [robot_014] App-checkpoint saved (109.6ms, 17.18MB)
2026-05-22 15:24:23,199 - [robot_014] migration requested at task 1090, sleeping until runner kills me
2026-05-22 15:31:32,057 - [robot_014] Restored from /checkpoints/state.pt (220.9ms, 17.18MB) → resuming at task 1091
2026-05-22 15:31:38,589 - [robot_014] Tasks: 1100/2000 success_rate=0.500
2026-05-22 15:32:43,930 - [robot_014] Tasks: 1200/2000 success_rate=0.300
2026-05-22 15:33:33,582 - [robot_014] Tasks: 1300/2000 success_rate=0.300
2026-05-22 15:34:07,225 - [robot_014] Tasks: 1400/2000 success_rate=0.500
2026-05-22 15:34:52,300 - [robot_014] Tasks: 1500/2000 success_rate=0.800
2026-05-22 15:35:31,454 - [robot_014] Tasks: 1600/2000 success_rate=0.400
2026-05-22 15:36:09,979 - [robot_014] Tasks: 1700/2000 success_rate=0.400
2026-05-22 15:36:44,340 - [robot_014] Tasks: 1800/2000 success_rate=0.600
2026-05-22 15:37:13,512 - [robot_014] Tasks: 1900/2000 success_rate=0.200
2026-05-22 15:37:37,359 - [robot_014] Complete.
