2026-05-22 14:13:11,871 - [robot_008] Started fresh (app_ckpt=/checkpoints/state.pt, warm=/checkpoints/warm/state.pt/50)
2026-05-22 14:13:11,872 - [robot_008] Tasks: 0/2000 success_rate=0.000
2026-05-22 14:16:33,531 - [robot_008] Tasks: 100/2000 success_rate=0.500
2026-05-22 14:18:23,631 - [robot_008] Tasks: 200/2000 success_rate=0.900
2026-05-22 14:18:46,126 - [robot_008] App-checkpoint saved (25.0ms, 17.17MB)
2026-05-22 14:18:46,126 - [robot_008] migration requested at task 280, sleeping until runner kills me
2026-05-22 14:23:25,292 - [robot_008] Restored from /checkpoints/state.pt (468.9ms, 17.17MB) → resuming at task 281
2026-05-22 14:24:11,172 - [robot_008] Tasks: 300/2000 success_rate=0.300
2026-05-22 14:27:19,364 - [robot_008] Tasks: 400/2000 success_rate=0.600
2026-05-22 14:35:59,107 - [robot_008] App-checkpoint saved (319.9ms, 17.18MB)
2026-05-22 14:35:59,113 - [robot_008] migration requested at task 480, sleeping until runner kills me
2026-05-22 14:54:53,607 - [robot_008] Restored from /checkpoints/state.pt (17.7ms, 17.18MB) → resuming at task 481
2026-05-22 14:54:54,853 - [robot_008] Tasks: 500/2000 success_rate=0.200
2026-05-22 14:55:00,135 - [robot_008] Tasks: 600/2000 success_rate=0.600
2026-05-22 14:55:03,994 - [robot_008] App-checkpoint saved (58.9ms, 17.18MB)
2026-05-22 14:55:03,995 - [robot_008] migration requested at task 680, sleeping until runner kills me
2026-05-22 15:03:18,552 - [robot_008] Restored from /checkpoints/state.pt (881.6ms, 17.18MB) → resuming at task 681
2026-05-22 15:07:51,258 - [robot_008] Tasks: 700/2000 success_rate=0.100
2026-05-22 15:21:27,113 - [robot_008] Tasks: 800/2000 success_rate=0.700
2026-05-22 15:22:49,117 - [robot_008] App-checkpoint saved (114.0ms, 17.18MB)
2026-05-22 15:22:49,120 - [robot_008] migration requested at task 880, sleeping until runner kills me
2026-05-22 15:23:31,626 - [robot_008] Restored from /checkpoints/state.pt (31.2ms, 17.18MB) → resuming at task 881
2026-05-22 15:23:34,855 - [robot_008] Tasks: 900/2000 success_rate=0.500
2026-05-22 15:23:49,662 - [robot_008] Tasks: 1000/2000 success_rate=0.600
2026-05-22 15:24:00,302 - [robot_008] App-checkpoint saved (71.1ms, 17.18MB)
2026-05-22 15:24:00,303 - [robot_008] migration requested at task 1030, sleeping until runner kills me
2026-05-22 15:30:23,703 - [robot_008] Restored from /checkpoints/state.pt (316.1ms, 17.18MB) → resuming at task 1031
2026-05-22 15:31:34,504 - [robot_008] Tasks: 1100/2000 success_rate=0.900
2026-05-22 15:33:00,760 - [robot_008] Tasks: 1200/2000 success_rate=0.600
2026-05-22 15:34:35,113 - [robot_008] Tasks: 1300/2000 success_rate=0.400
2026-05-22 15:36:40,377 - [robot_008] Tasks: 1400/2000 success_rate=0.400
2026-05-22 15:39:33,725 - [robot_008] Tasks: 1500/2000 success_rate=0.300
2026-05-22 15:42:01,599 - [robot_008] Tasks: 1600/2000 success_rate=0.600
2026-05-22 15:43:35,366 - [robot_008] Tasks: 1700/2000 success_rate=0.300
2026-05-22 15:44:50,078 - [robot_008] Tasks: 1800/2000 success_rate=0.400
2026-05-22 15:45:47,623 - [robot_008] Tasks: 1900/2000 success_rate=0.500
2026-05-22 15:50:00,272 - [robot_008] Complete.
