2026-05-22 14:13:11,963 - [robot_001] Started fresh (app_ckpt=/checkpoints/state.pt, warm=/checkpoints/warm/state.pt/50)
2026-05-22 14:13:13,396 - [robot_001] Tasks: 0/2000 success_rate=1.000
2026-05-22 14:16:10,362 - [robot_001] Tasks: 100/2000 success_rate=0.700
2026-05-22 14:18:38,885 - [robot_001] Tasks: 200/2000 success_rate=0.400
2026-05-22 14:18:42,567 - [robot_001] App-checkpoint saved (21.3ms, 17.17MB)
2026-05-22 14:18:42,570 - [robot_001] migration requested at task 210, sleeping until runner kills me
2026-05-22 14:19:50,206 - [robot_001] Restored from /checkpoints/state.pt (242.4ms, 17.17MB) → resuming at task 211
2026-05-22 14:24:30,636 - [robot_001] Tasks: 300/2000 success_rate=0.600
2026-05-22 14:26:53,847 - [robot_001] Tasks: 400/2000 success_rate=0.500
2026-05-22 14:26:54,859 - [robot_001] App-checkpoint saved (60.7ms, 17.18MB)
2026-05-22 14:26:54,860 - [robot_001] migration requested at task 410, sleeping until runner kills me
2026-05-22 14:34:01,452 - [robot_001] Restored from /checkpoints/state.pt (17.3ms, 17.18MB) → resuming at task 411
2026-05-22 14:34:06,764 - [robot_001] Tasks: 500/2000 success_rate=0.700
2026-05-22 14:34:13,237 - [robot_001] Tasks: 600/2000 success_rate=0.300
2026-05-22 14:34:13,547 - [robot_001] App-checkpoint saved (44.5ms, 17.18MB)
2026-05-22 14:34:13,548 - [robot_001] migration requested at task 610, sleeping until runner kills me
2026-05-22 14:49:53,657 - [robot_001] Restored from /checkpoints/state.pt (741.1ms, 17.18MB) → resuming at task 611
2026-05-22 14:56:57,079 - [robot_001] Tasks: 700/2000 success_rate=0.400
2026-05-22 15:13:20,100 - [robot_001] Tasks: 800/2000 success_rate=0.400
2026-05-22 15:13:38,753 - [robot_001] App-checkpoint saved (422.7ms, 17.18MB)
2026-05-22 15:13:38,754 - [robot_001] migration requested at task 810, sleeping until runner kills me
2026-05-22 15:21:50,843 - [robot_001] Restored from /checkpoints/state.pt (29.1ms, 17.18MB) → resuming at task 811
2026-05-22 15:21:56,246 - [robot_001] Tasks: 900/2000 success_rate=0.500
2026-05-22 15:22:00,355 - [robot_001] App-checkpoint saved (47.8ms, 17.18MB)
2026-05-22 15:22:00,355 - [robot_001] migration requested at task 960, sleeping until runner kills me
2026-05-22 15:28:58,423 - [robot_001] Restored from /checkpoints/state.pt (248.6ms, 17.18MB) → resuming at task 961
2026-05-22 15:29:32,263 - [robot_001] Tasks: 1000/2000 success_rate=0.300
2026-05-22 15:31:26,099 - [robot_001] Tasks: 1100/2000 success_rate=0.500
2026-05-22 15:33:40,055 - [robot_001] Tasks: 1200/2000 success_rate=0.300
2026-05-22 15:35:40,819 - [robot_001] Tasks: 1300/2000 success_rate=0.400
2026-05-22 15:39:25,395 - [robot_001] Tasks: 1400/2000 success_rate=0.500
2026-05-22 15:41:25,617 - [robot_001] Tasks: 1500/2000 success_rate=0.500
2026-05-22 15:43:36,973 - [robot_001] Tasks: 1600/2000 success_rate=0.400
2026-05-22 15:45:04,014 - [robot_001] Tasks: 1700/2000 success_rate=0.500
2026-05-22 15:46:41,827 - [robot_001] Tasks: 1800/2000 success_rate=0.400
2026-05-22 15:53:45,421 - [robot_001] Tasks: 1900/2000 success_rate=0.200
2026-05-22 15:56:51,139 - [robot_001] Complete.
