2026-05-22 14:13:11,867 - [robot_004] Started fresh (app_ckpt=/checkpoints/state.pt, warm=/checkpoints/warm/state.pt/50)
2026-05-22 14:13:11,870 - [robot_004] Tasks: 0/2000 success_rate=0.000
2026-05-22 14:16:13,151 - [robot_004] Tasks: 100/2000 success_rate=0.600
2026-05-22 14:17:32,718 - [robot_004] Tasks: 200/2000 success_rate=0.400
2026-05-22 14:17:53,188 - [robot_004] App-checkpoint saved (28.8ms, 17.17MB)
2026-05-22 14:17:53,189 - [robot_004] migration requested at task 240, sleeping until runner kills me
2026-05-22 14:21:44,952 - [robot_004] Restored from /checkpoints/state.pt (577.6ms, 17.17MB) → resuming at task 241
2026-05-22 14:23:50,556 - [robot_004] Tasks: 300/2000 success_rate=0.600
2026-05-22 14:27:03,224 - [robot_004] Tasks: 400/2000 success_rate=0.400
2026-05-22 14:27:45,150 - [robot_004] App-checkpoint saved (239.2ms, 17.18MB)
2026-05-22 14:27:45,153 - [robot_004] migration requested at task 440, sleeping until runner kills me
2026-05-22 14:35:15,204 - [robot_004] Restored from /checkpoints/state.pt (15.9ms, 17.18MB) → resuming at task 441
2026-05-22 14:35:19,576 - [robot_004] Tasks: 500/2000 success_rate=0.400
2026-05-22 14:35:27,993 - [robot_004] Tasks: 600/2000 success_rate=0.500
2026-05-22 14:35:30,581 - [robot_004] App-checkpoint saved (53.6ms, 17.18MB)
2026-05-22 14:35:30,581 - [robot_004] migration requested at task 640, sleeping until runner kills me
2026-05-22 14:59:38,661 - [robot_004] Restored from /checkpoints/state.pt (568.3ms, 17.18MB) → resuming at task 641
2026-05-22 15:05:18,336 - [robot_004] Tasks: 700/2000 success_rate=0.500
2026-05-22 15:15:36,132 - [robot_004] Tasks: 800/2000 success_rate=0.500
2026-05-22 15:18:13,504 - [robot_004] App-checkpoint saved (308.4ms, 17.18MB)
2026-05-22 15:18:13,518 - [robot_004] migration requested at task 840, sleeping until runner kills me
2026-05-22 15:29:53,468 - [robot_004] Restored from /checkpoints/state.pt (163.0ms, 17.18MB) → resuming at task 841
2026-05-22 15:30:39,123 - [robot_004] Tasks: 900/2000 success_rate=0.600
2026-05-22 15:32:06,127 - [robot_004] App-checkpoint saved (116.2ms, 17.18MB)
2026-05-22 15:32:06,127 - [robot_004] migration requested at task 990, sleeping until runner kills me
2026-05-22 15:34:18,243 - [robot_004] Restored from /checkpoints/state.pt (307.5ms, 17.18MB) → resuming at task 841
2026-05-22 15:35:34,766 - [robot_004] Tasks: 900/2000 success_rate=0.600
2026-05-22 15:38:13,280 - [robot_004] App-checkpoint saved (158.8ms, 17.18MB)
2026-05-22 15:38:13,281 - [robot_004] migration requested at task 990, sleeping until runner kills me
2026-05-22 15:38:40,742 - [robot_004] Restored from /checkpoints/state.pt (30.9ms, 17.18MB) → resuming at task 991
2026-05-22 15:38:42,182 - [robot_004] Tasks: 1000/2000 success_rate=0.600
2026-05-22 15:38:47,417 - [robot_004] Tasks: 1100/2000 success_rate=0.600
2026-05-22 15:38:53,500 - [robot_004] Tasks: 1200/2000 success_rate=0.400
2026-05-22 15:38:59,051 - [robot_004] Tasks: 1300/2000 success_rate=0.500
2026-05-22 15:39:06,021 - [robot_004] Tasks: 1400/2000 success_rate=0.500
2026-05-22 15:39:11,085 - [robot_004] Tasks: 1500/2000 success_rate=0.400
2026-05-22 15:39:17,328 - [robot_004] Tasks: 1600/2000 success_rate=0.400
2026-05-22 15:39:22,673 - [robot_004] Tasks: 1700/2000 success_rate=0.600
2026-05-22 15:39:29,608 - [robot_004] Tasks: 1800/2000 success_rate=0.400
2026-05-22 15:39:35,219 - [robot_004] Tasks: 1900/2000 success_rate=0.500
2026-05-22 15:39:42,045 - [robot_004] Complete.
