2026-05-12 17:56:54,389 - INFO - Flower server starting — FedAvg only — 20 clients — 100 rounds
2026-05-12 17:56:54,389 - INFO - Waiting 15s for containers to start...
2026-05-12 17:57:09,419 - INFO - Waiting for 20 robot clients to connect...
2026-05-12 17:57:09,438 - INFO - >>> Starting FL round 1/100 — dispatching to 20 clients...
2026-05-12 17:59:35,600 - INFO - [ROUND  1/100 | FIT ] clients=20/20  success=0.000  reward=-0.400  loss=0.0000  entropy=0.691  cpu=21.7%  gpu=0.0%  net=2.08MB  latency=146.2s
2026-05-12 17:59:35,613 - INFO - [ROUND  1/100 | EVAL] clients=20/20  success=0.000  reward=+0.000  loss=0.0000  entropy=0.691  cpu=4.9%  gpu=0.0%  net=2.54MB  latency=146.2s
2026-05-12 17:59:35,613 - INFO - >>> Starting FL round 2/100 — dispatching to 20 clients...
2026-05-12 17:59:37,758 - INFO - [ROUND  2/100 | FIT ] clients=20/20  success=0.000  reward=-0.400  loss=0.0000  entropy=0.691  cpu=0.0%  gpu=0.0%  net=1.36MB  latency=2.1s
2026-05-12 17:59:37,771 - INFO - [ROUND  2/100 | EVAL] clients=20/20  success=0.000  reward=+0.000  loss=0.0000  entropy=0.691  cpu=5.1%  gpu=0.0%  net=1.82MB  latency=2.2s
2026-05-12 17:59:37,771 - INFO - >>> Starting FL round 3/100 — dispatching to 20 clients...
2026-05-12 17:59:39,917 - INFO - [ROUND  3/100 | FIT ] clients=20/20  success=0.000  reward=-0.400  loss=0.0000  entropy=0.691  cpu=2.5%  gpu=0.0%  net=1.32MB  latency=2.1s
2026-05-12 17:59:39,928 - INFO - [ROUND  3/100 | EVAL] clients=20/20  success=0.000  reward=+0.000  loss=0.0000  entropy=0.691  cpu=4.6%  gpu=0.0%  net=1.77MB  latency=2.2s
2026-05-12 17:59:39,929 - INFO - >>> Starting FL round 4/100 — dispatching to 20 clients...
2026-05-12 17:59:43,610 - INFO - [ROUND  4/100 | FIT ] clients=20/20  success=0.000  reward=-0.400  loss=-0.3588  entropy=0.692  cpu=1.2%  gpu=0.0%  net=1.36MB  latency=3.7s
2026-05-12 17:59:43,622 - INFO - [ROUND  4/100 | EVAL] clients=20/20  success=0.000  reward=+0.000  loss=0.0000  entropy=0.692  cpu=3.2%  gpu=0.0%  net=1.81MB  latency=3.7s
2026-05-12 17:59:43,622 - INFO - >>> Starting FL round 5/100 — dispatching to 20 clients...
2026-05-12 17:59:47,262 - INFO - [ROUND  5/100 | FIT ] clients=20/20  success=0.000  reward=-0.400  loss=-0.3624  entropy=0.692  cpu=4.2%  gpu=0.0%  net=1.32MB  latency=3.6s
2026-05-12 17:59:47,274 - INFO - [ROUND  5/100 | EVAL] clients=20/20  success=0.000  reward=+0.000  loss=0.0000  entropy=0.692  cpu=3.0%  gpu=0.0%  net=1.82MB  latency=3.7s
2026-05-12 17:59:47,274 - INFO - >>> Starting FL round 6/100 — dispatching to 20 clients...
2026-05-12 17:59:49,427 - INFO - [ROUND  6/100 | FIT ] clients=20/20  success=0.000  reward=-0.400  loss=-0.3624  entropy=0.692  cpu=15.8%  gpu=0.0%  net=2.24MB  latency=2.2s
2026-05-12 17:59:49,439 - INFO - [ROUND  6/100 | EVAL] clients=20/20  success=0.000  reward=+0.000  loss=0.0000  entropy=0.692  cpu=5.0%  gpu=0.0%  net=2.69MB  latency=2.2s
2026-05-12 17:59:49,439 - INFO - >>> Starting FL round 7/100 — dispatching to 20 clients...
2026-05-12 17:59:53,090 - INFO - [ROUND  7/100 | FIT ] clients=20/20  success=0.000  reward=-0.400  loss=-0.3659  entropy=0.693  cpu=0.0%  gpu=0.0%  net=1.37MB  latency=3.7s
2026-05-12 17:59:53,103 - INFO - [ROUND  7/100 | EVAL] clients=20/20  success=0.000  reward=+0.000  loss=0.0000  entropy=0.693  cpu=3.0%  gpu=0.0%  net=1.83MB  latency=3.7s
2026-05-12 17:59:53,103 - INFO - >>> Starting FL round 8/100 — dispatching to 20 clients...
2026-05-12 17:59:56,748 - INFO - [ROUND  8/100 | FIT ] clients=20/20  success=0.000  reward=-0.400  loss=-0.3695  entropy=0.693  cpu=58.2%  gpu=0.0%  net=1.32MB  latency=3.6s
2026-05-12 17:59:56,760 - INFO - [ROUND  8/100 | EVAL] clients=20/20  success=0.000  reward=+0.000  loss=0.0000  entropy=0.693  cpu=45.9%  gpu=0.0%  net=1.77MB  latency=3.7s
2026-05-12 17:59:56,760 - INFO - >>> Starting FL round 9/100 — dispatching to 20 clients...
2026-05-12 17:59:58,917 - INFO - [ROUND  9/100 | FIT ] clients=20/20  success=0.000  reward=-0.400  loss=-0.3695  entropy=0.693  cpu=0.0%  gpu=0.0%  net=1.37MB  latency=2.2s
2026-05-12 17:59:58,930 - INFO - [ROUND  9/100 | EVAL] clients=20/20  success=0.000  reward=+0.000  loss=0.0000  entropy=0.693  cpu=4.4%  gpu=0.0%  net=1.82MB  latency=2.2s
2026-05-12 17:59:58,930 - INFO - >>> Starting FL round 10/100 — dispatching to 20 clients...
2026-05-12 18:00:07,627 - INFO - [ROUND 10/100 | FIT ] clients=20/20  success=0.328  reward=+0.222  loss=-0.3730  entropy=0.693  cpu=53.4%  gpu=0.0%  net=2.31MB  latency=8.7s
2026-05-12 18:00:07,641 - INFO - [ROUND 10/100 | EVAL] clients=20/20  success=0.328  reward=+0.000  loss=0.0000  entropy=0.693  cpu=43.1%  gpu=0.0%  net=2.76MB  latency=8.7s
2026-05-12 18:00:07,641 - INFO - >>> Starting FL round 11/100 — dispatching to 20 clients...
2026-05-12 18:00:23,816 - INFO - [ROUND 11/100 | FIT ] clients=20/20  success=0.000  reward=-0.400  loss=-0.3730  entropy=0.693  cpu=0.0%  gpu=0.0%  net=4.43MB  latency=16.2s
2026-05-12 18:00:23,830 - INFO - [ROUND 11/100 | EVAL] clients=20/20  success=0.000  reward=+0.000  loss=0.0000  entropy=0.693  cpu=0.5%  gpu=0.0%  net=4.88MB  latency=16.2s
2026-05-12 18:00:23,830 - INFO - >>> Starting FL round 12/100 — dispatching to 20 clients...
2026-05-12 18:01:15,414 - INFO - [ROUND 12/100 | FIT ] clients=20/20  success=0.645  reward=+0.833  loss=-0.0456  entropy=0.693  cpu=45.0%  gpu=0.0%  net=25.90MB  latency=51.6s
2026-05-12 18:01:15,428 - INFO - [ROUND 12/100 | EVAL] clients=20/20  success=0.645  reward=+0.000  loss=0.0000  entropy=0.693  cpu=22.3%  gpu=0.0%  net=26.35MB  latency=51.6s
2026-05-12 18:01:15,428 - INFO - >>> Starting FL round 13/100 — dispatching to 20 clients...
2026-05-12 18:01:38,889 - INFO - [ROUND 13/100 | FIT ] clients=20/20  success=0.165  reward=-0.085  loss=-0.0097  entropy=0.693  cpu=48.5%  gpu=0.0%  net=6.00MB  latency=23.5s
2026-05-12 18:01:38,904 - INFO - [ROUND 13/100 | EVAL] clients=20/20  success=0.165  reward=+0.000  loss=0.0000  entropy=0.693  cpu=11.6%  gpu=0.0%  net=6.45MB  latency=23.5s
2026-05-12 18:01:38,904 - INFO - >>> Starting FL round 14/100 — dispatching to 20 clients...
2026-05-12 18:02:29,520 - INFO - [ROUND 14/100 | FIT ] clients=20/20  success=0.833  reward=+1.190  loss=-0.0097  entropy=0.693  cpu=35.0%  gpu=0.0%  net=24.96MB  latency=50.6s
2026-05-12 18:02:29,534 - INFO - [ROUND 14/100 | EVAL] clients=20/20  success=0.833  reward=+0.000  loss=0.0000  entropy=0.693  cpu=39.1%  gpu=0.0%  net=25.41MB  latency=50.6s
2026-05-12 18:02:29,535 - INFO - >>> Starting FL round 15/100 — dispatching to 20 clients...
2026-05-12 18:03:13,358 - INFO - [ROUND 15/100 | FIT ] clients=20/20  success=0.700  reward=+0.936  loss=-0.0113  entropy=0.693  cpu=50.0%  gpu=0.0%  net=19.89MB  latency=43.8s
2026-05-12 18:03:13,373 - INFO - [ROUND 15/100 | EVAL] clients=20/20  success=0.700  reward=+0.000  loss=0.0000  entropy=0.693  cpu=52.0%  gpu=0.0%  net=20.34MB  latency=43.8s
2026-05-12 18:03:13,373 - INFO - >>> Starting FL round 16/100 — dispatching to 20 clients...
2026-05-12 18:04:09,561 - INFO - [ROUND 16/100 | FIT ] clients=20/20  success=0.777  reward=+1.085  loss=-0.0134  entropy=0.693  cpu=51.7%  gpu=0.0%  net=30.35MB  latency=56.2s
2026-05-12 18:04:09,575 - INFO - [ROUND 16/100 | EVAL] clients=20/20  success=0.777  reward=+0.000  loss=0.0000  entropy=0.693  cpu=35.5%  gpu=0.0%  net=30.80MB  latency=56.2s
2026-05-12 18:04:09,576 - INFO - >>> Starting FL round 17/100 — dispatching to 20 clients...
2026-05-12 18:05:12,176 - INFO - [ROUND 17/100 | FIT ] clients=20/20  success=0.855  reward=+1.234  loss=-0.0134  entropy=0.693  cpu=35.0%  gpu=0.0%  net=34.40MB  latency=62.6s
2026-05-12 18:05:12,192 - INFO - [ROUND 17/100 | EVAL] clients=20/20  success=0.855  reward=+0.000  loss=0.0000  entropy=0.693  cpu=33.0%  gpu=0.0%  net=34.85MB  latency=62.6s
2026-05-12 18:05:12,192 - INFO - >>> Starting FL round 18/100 — dispatching to 20 clients...
2026-05-12 18:06:11,920 - INFO - [ROUND 18/100 | FIT ] clients=20/20  success=0.858  reward=+1.241  loss=-0.0147  entropy=0.693  cpu=47.9%  gpu=0.0%  net=28.54MB  latency=59.7s
2026-05-12 18:06:11,934 - INFO - [ROUND 18/100 | EVAL] clients=20/20  success=0.858  reward=+0.000  loss=0.0000  entropy=0.693  cpu=56.4%  gpu=0.0%  net=29.00MB  latency=59.7s
2026-05-12 18:06:11,934 - INFO - >>> Starting FL round 19/100 — dispatching to 20 clients...
2026-05-12 18:07:03,815 - INFO - [ROUND 19/100 | FIT ] clients=20/20  success=0.905  reward=+1.329  loss=-0.0147  entropy=0.693  cpu=40.0%  gpu=0.0%  net=26.22MB  latency=51.9s
2026-05-12 18:07:03,829 - INFO - [ROUND 19/100 | EVAL] clients=20/20  success=0.905  reward=+0.000  loss=0.0000  entropy=0.693  cpu=70.2%  gpu=0.0%  net=26.67MB  latency=51.9s
2026-05-12 18:07:03,829 - INFO - >>> Starting FL round 20/100 — dispatching to 20 clients...
2026-05-12 18:08:01,423 - INFO - [ROUND 20/100 | FIT ] clients=20/20  success=0.915  reward=+1.346  loss=-0.0167  entropy=0.692  cpu=44.0%  gpu=0.0%  net=24.21MB  latency=57.6s
2026-05-12 18:08:01,437 - INFO - [ROUND 20/100 | EVAL] clients=20/20  success=0.915  reward=+0.000  loss=0.0000  entropy=0.692  cpu=55.7%  gpu=0.0%  net=24.67MB  latency=57.6s
2026-05-12 18:08:01,438 - INFO - >>> Starting FL round 21/100 — dispatching to 20 clients...
2026-05-12 18:08:59,615 - INFO - [ROUND 21/100 | FIT ] clients=20/20  success=0.930  reward=+1.374  loss=-0.0190  entropy=0.692  cpu=29.2%  gpu=0.0%  net=35.66MB  latency=58.2s
2026-05-12 18:08:59,630 - INFO - [ROUND 21/100 | EVAL] clients=20/20  success=0.930  reward=+0.000  loss=0.0000  entropy=0.692  cpu=43.8%  gpu=0.0%  net=36.12MB  latency=58.2s
2026-05-12 18:08:59,630 - INFO - >>> Starting FL round 22/100 — dispatching to 20 clients...
2026-05-12 18:09:52,657 - INFO - [ROUND 22/100 | FIT ] clients=20/20  success=0.930  reward=+1.374  loss=-0.0190  entropy=0.692  cpu=50.0%  gpu=0.0%  net=21.98MB  latency=53.0s
2026-05-12 18:09:52,673 - INFO - [ROUND 22/100 | EVAL] clients=20/20  success=0.930  reward=+0.000  loss=0.0000  entropy=0.692  cpu=49.9%  gpu=0.0%  net=22.44MB  latency=53.0s
2026-05-12 18:09:52,673 - INFO - >>> Starting FL round 23/100 — dispatching to 20 clients...
2026-05-12 18:10:47,418 - INFO - [ROUND 23/100 | FIT ] clients=20/20  success=0.930  reward=+1.374  loss=-0.0215  entropy=0.691  cpu=54.0%  gpu=0.0%  net=18.07MB  latency=54.7s
2026-05-12 18:10:47,432 - INFO - [ROUND 23/100 | EVAL] clients=20/20  success=0.930  reward=+0.000  loss=0.0000  entropy=0.691  cpu=45.7%  gpu=0.0%  net=18.52MB  latency=54.8s
2026-05-12 18:10:47,432 - INFO - >>> Starting FL round 24/100 — dispatching to 20 clients...
2026-05-12 18:11:45,628 - INFO - [ROUND 24/100 | FIT ] clients=20/20  success=0.915  reward=+1.347  loss=-0.0247  entropy=0.691  cpu=30.0%  gpu=0.0%  net=31.84MB  latency=58.2s
2026-05-12 18:11:45,644 - INFO - [ROUND 24/100 | EVAL] clients=20/20  success=0.915  reward=+0.000  loss=0.0000  entropy=0.691  cpu=34.8%  gpu=0.0%  net=32.30MB  latency=58.2s
2026-05-12 18:11:45,644 - INFO - >>> Starting FL round 25/100 — dispatching to 20 clients...
2026-05-12 18:12:41,283 - INFO - [ROUND 25/100 | FIT ] clients=20/20  success=0.917  reward=+1.351  loss=-0.0247  entropy=0.691  cpu=35.0%  gpu=0.0%  net=26.46MB  latency=55.6s
2026-05-12 18:12:41,297 - INFO - [ROUND 25/100 | EVAL] clients=20/20  success=0.917  reward=+0.000  loss=0.0000  entropy=0.691  cpu=53.4%  gpu=0.0%  net=26.91MB  latency=55.7s
2026-05-12 18:12:41,297 - INFO - >>> Starting FL round 26/100 — dispatching to 20 clients...
2026-05-12 18:13:33,081 - INFO - [ROUND 26/100 | FIT ] clients=20/20  success=0.927  reward=+1.369  loss=-0.0265  entropy=0.690  cpu=29.5%  gpu=0.0%  net=19.57MB  latency=51.8s
2026-05-12 18:13:33,095 - INFO - [ROUND 26/100 | EVAL] clients=20/20  success=0.927  reward=+0.000  loss=0.0000  entropy=0.690  cpu=66.3%  gpu=0.0%  net=20.03MB  latency=51.8s
2026-05-12 18:13:33,095 - INFO - >>> Starting FL round 27/100 — dispatching to 20 clients...
2026-05-12 18:14:25,946 - INFO - [ROUND 27/100 | FIT ] clients=20/20  success=0.927  reward=+1.369  loss=-0.0265  entropy=0.690  cpu=15.0%  gpu=0.0%  net=26.08MB  latency=52.9s
2026-05-12 18:14:25,963 - INFO - [ROUND 27/100 | EVAL] clients=20/20  success=0.927  reward=+0.000  loss=0.0000  entropy=0.690  cpu=56.4%  gpu=0.0%  net=26.53MB  latency=52.9s
2026-05-12 18:14:25,963 - INFO - >>> Starting FL round 28/100 — dispatching to 20 clients...
2026-05-12 18:15:19,772 - INFO - [ROUND 28/100 | FIT ] clients=20/20  success=0.932  reward=+1.378  loss=-0.0295  entropy=0.688  cpu=49.2%  gpu=0.0%  net=25.27MB  latency=53.8s
2026-05-12 18:15:19,786 - INFO - [ROUND 28/100 | EVAL] clients=20/20  success=0.932  reward=+0.000  loss=0.0000  entropy=0.689  cpu=65.1%  gpu=0.0%  net=25.72MB  latency=53.8s
2026-05-12 18:15:19,786 - INFO - >>> Starting FL round 29/100 — dispatching to 20 clients...
2026-05-12 18:16:12,731 - INFO - [ROUND 29/100 | FIT ] clients=20/20  success=0.912  reward=+1.342  loss=-0.0320  entropy=0.687  cpu=40.0%  gpu=0.0%  net=26.15MB  latency=52.9s
2026-05-12 18:16:12,745 - INFO - [ROUND 29/100 | EVAL] clients=20/20  success=0.912  reward=+0.000  loss=0.0000  entropy=0.687  cpu=49.1%  gpu=0.0%  net=26.60MB  latency=53.0s
2026-05-12 18:16:12,745 - INFO - >>> Starting FL round 30/100 — dispatching to 20 clients...
2026-05-12 18:17:09,735 - INFO - [ROUND 30/100 | FIT ] clients=20/20  success=0.900  reward=+1.320  loss=-0.0320  entropy=0.687  cpu=39.8%  gpu=0.0%  net=22.64MB  latency=57.0s
2026-05-12 18:17:09,749 - INFO - [ROUND 30/100 | EVAL] clients=20/20  success=0.900  reward=+0.000  loss=0.0000  entropy=0.687  cpu=54.5%  gpu=0.0%  net=23.09MB  latency=57.0s
2026-05-12 18:17:09,749 - INFO - >>> Starting FL round 31/100 — dispatching to 20 clients...
2026-05-12 18:18:03,958 - INFO - [ROUND 31/100 | FIT ] clients=20/20  success=0.912  reward=+1.343  loss=-0.0349  entropy=0.685  cpu=36.7%  gpu=0.0%  net=25.80MB  latency=54.2s
2026-05-12 18:18:03,971 - INFO - [ROUND 31/100 | EVAL] clients=20/20  success=0.912  reward=+0.000  loss=0.0000  entropy=0.685  cpu=64.6%  gpu=0.0%  net=26.25MB  latency=54.2s
2026-05-12 18:18:03,972 - INFO - >>> Starting FL round 32/100 — dispatching to 20 clients...
2026-05-12 18:18:54,447 - INFO - [ROUND 32/100 | FIT ] clients=20/20  success=0.917  reward=+1.351  loss=-0.0388  entropy=0.683  cpu=43.1%  gpu=0.0%  net=25.63MB  latency=50.5s
2026-05-12 18:18:54,461 - INFO - [ROUND 32/100 | EVAL] clients=20/20  success=0.917  reward=+0.000  loss=0.0000  entropy=0.682  cpu=59.0%  gpu=0.0%  net=26.08MB  latency=50.5s
2026-05-12 18:18:54,461 - INFO - >>> Starting FL round 33/100 — dispatching to 20 clients...
2026-05-12 18:19:41,228 - INFO - [ROUND 33/100 | FIT ] clients=20/20  success=0.938  reward=+1.388  loss=-0.0388  entropy=0.683  cpu=40.0%  gpu=0.0%  net=18.76MB  latency=46.8s
2026-05-12 18:19:41,242 - INFO - [ROUND 33/100 | EVAL] clients=20/20  success=0.938  reward=+0.000  loss=0.0000  entropy=0.683  cpu=66.2%  gpu=0.0%  net=19.22MB  latency=46.8s
2026-05-12 18:19:41,242 - INFO - >>> Starting FL round 34/100 — dispatching to 20 clients...
2026-05-12 18:20:42,483 - INFO - [ROUND 34/100 | FIT ] clients=20/20  success=0.922  reward=+1.360  loss=-0.0415  entropy=0.680  cpu=32.2%  gpu=0.0%  net=35.26MB  latency=61.2s
2026-05-12 18:20:42,498 - INFO - [ROUND 34/100 | EVAL] clients=20/20  success=0.922  reward=+0.000  loss=0.0000  entropy=0.680  cpu=22.1%  gpu=0.0%  net=35.71MB  latency=61.3s
2026-05-12 18:20:42,498 - INFO - >>> Starting FL round 35/100 — dispatching to 20 clients...
2026-05-12 18:21:31,524 - INFO - [ROUND 35/100 | FIT ] clients=20/20  success=0.935  reward=+1.383  loss=-0.0415  entropy=0.680  cpu=31.7%  gpu=0.0%  net=24.08MB  latency=49.0s
2026-05-12 18:21:31,538 - INFO - [ROUND 35/100 | EVAL] clients=20/20  success=0.935  reward=+0.000  loss=0.0000  entropy=0.680  cpu=59.9%  gpu=0.0%  net=24.54MB  latency=49.0s
2026-05-12 18:21:31,538 - INFO - >>> Starting FL round 36/100 — dispatching to 20 clients...
2026-05-12 18:22:25,221 - INFO - [ROUND 36/100 | FIT ] clients=20/20  success=0.922  reward=+1.361  loss=-0.0450  entropy=0.678  cpu=53.7%  gpu=0.0%  net=26.02MB  latency=53.7s
2026-05-12 18:22:25,236 - INFO - [ROUND 36/100 | EVAL] clients=20/20  success=0.922  reward=+0.000  loss=0.0000  entropy=0.677  cpu=50.8%  gpu=0.0%  net=26.48MB  latency=53.7s
2026-05-12 18:22:25,236 - INFO - >>> Starting FL round 37/100 — dispatching to 20 clients...
2026-05-12 18:23:25,226 - INFO - [ROUND 37/100 | FIT ] clients=20/20  success=0.895  reward=+1.311  loss=-0.0474  entropy=0.673  cpu=35.0%  gpu=0.0%  net=26.01MB  latency=60.0s
2026-05-12 18:23:25,240 - INFO - [ROUND 37/100 | EVAL] clients=20/20  success=0.895  reward=+0.000  loss=0.0000  entropy=0.675  cpu=54.6%  gpu=0.0%  net=26.47MB  latency=60.0s
2026-05-12 18:23:25,240 - INFO - >>> Starting FL round 38/100 — dispatching to 20 clients...
2026-05-12 18:24:20,938 - INFO - [ROUND 38/100 | FIT ] clients=20/20  success=0.917  reward=+1.352  loss=-0.0474  entropy=0.674  cpu=33.0%  gpu=0.0%  net=26.37MB  latency=55.7s
2026-05-12 18:24:20,954 - INFO - [ROUND 38/100 | EVAL] clients=20/20  success=0.917  reward=+0.000  loss=0.0000  entropy=0.672  cpu=54.2%  gpu=0.0%  net=26.82MB  latency=55.7s
2026-05-12 18:24:20,954 - INFO - >>> Starting FL round 39/100 — dispatching to 20 clients...
2026-05-12 18:25:18,916 - INFO - [ROUND 39/100 | FIT ] clients=20/20  success=0.920  reward=+1.356  loss=-0.0512  entropy=0.668  cpu=35.0%  gpu=0.0%  net=34.70MB  latency=58.0s
2026-05-12 18:25:18,929 - INFO - [ROUND 39/100 | EVAL] clients=20/20  success=0.920  reward=+0.000  loss=0.0000  entropy=0.669  cpu=40.7%  gpu=0.0%  net=35.16MB  latency=58.0s
2026-05-12 18:25:18,930 - INFO - >>> Starting FL round 40/100 — dispatching to 20 clients...
2026-05-12 18:26:17,293 - INFO - [ROUND 40/100 | FIT ] clients=20/20  success=0.915  reward=+1.347  loss=-0.0543  entropy=0.664  cpu=50.0%  gpu=0.0%  net=24.45MB  latency=58.4s
2026-05-12 18:26:17,307 - INFO - [ROUND 40/100 | EVAL] clients=20/20  success=0.915  reward=+0.000  loss=0.0000  entropy=0.665  cpu=61.3%  gpu=0.0%  net=24.90MB  latency=58.4s
2026-05-12 18:26:17,307 - INFO - >>> Starting FL round 41/100 — dispatching to 20 clients...
2026-05-12 18:27:09,357 - INFO - [ROUND 41/100 | FIT ] clients=20/20  success=0.940  reward=+1.392  loss=-0.0543  entropy=0.662  cpu=53.8%  gpu=0.0%  net=31.58MB  latency=52.0s
2026-05-12 18:27:09,379 - INFO - [ROUND 41/100 | EVAL] clients=20/20  success=0.940  reward=+0.000  loss=0.0000  entropy=0.663  cpu=47.2%  gpu=0.0%  net=32.03MB  latency=52.1s
2026-05-12 18:27:09,379 - INFO - >>> Starting FL round 42/100 — dispatching to 20 clients...
2026-05-12 18:28:02,700 - INFO - [ROUND 42/100 | FIT ] clients=20/20  success=0.920  reward=+1.356  loss=-0.0585  entropy=0.658  cpu=40.0%  gpu=0.0%  net=22.12MB  latency=53.3s
2026-05-12 18:28:02,714 - INFO - [ROUND 42/100 | EVAL] clients=20/20  success=0.920  reward=+0.000  loss=0.0000  entropy=0.659  cpu=68.3%  gpu=0.0%  net=22.58MB  latency=53.3s
2026-05-12 18:28:02,714 - INFO - >>> Starting FL round 43/100 — dispatching to 20 clients...
2026-05-12 18:28:58,795 - INFO - [ROUND 43/100 | FIT ] clients=20/20  success=0.938  reward=+1.387  loss=-0.0585  entropy=0.658  cpu=40.0%  gpu=0.0%  net=30.84MB  latency=56.1s
2026-05-12 18:28:58,809 - INFO - [ROUND 43/100 | EVAL] clients=20/20  success=0.938  reward=+0.000  loss=0.0000  entropy=0.657  cpu=45.9%  gpu=0.0%  net=31.29MB  latency=56.1s
2026-05-12 18:28:58,810 - INFO - >>> Starting FL round 44/100 — dispatching to 20 clients...
2026-05-12 18:29:59,346 - INFO - [ROUND 44/100 | FIT ] clients=20/20  success=0.915  reward=+1.347  loss=-0.0635  entropy=0.651  cpu=55.0%  gpu=0.0%  net=28.95MB  latency=60.5s
2026-05-12 18:29:59,361 - INFO - [ROUND 44/100 | EVAL] clients=20/20  success=0.915  reward=+0.000  loss=0.0000  entropy=0.654  cpu=56.8%  gpu=0.0%  net=29.40MB  latency=60.6s
2026-05-12 18:29:59,361 - INFO - >>> Starting FL round 45/100 — dispatching to 20 clients...
2026-05-12 18:30:58,089 - INFO - [ROUND 45/100 | FIT ] clients=20/20  success=0.920  reward=+1.356  loss=-0.0654  entropy=0.645  cpu=48.9%  gpu=0.0%  net=23.45MB  latency=58.7s
2026-05-12 18:30:58,117 - INFO - [ROUND 45/100 | EVAL] clients=20/20  success=0.920  reward=+0.000  loss=0.0000  entropy=0.644  cpu=55.7%  gpu=0.0%  net=23.90MB  latency=58.8s
2026-05-12 18:30:58,117 - INFO - >>> Starting FL round 46/100 — dispatching to 20 clients...
2026-05-12 18:31:53,506 - INFO - [ROUND 46/100 | FIT ] clients=20/20  success=0.922  reward=+1.361  loss=-0.0654  entropy=0.645  cpu=46.0%  gpu=0.0%  net=31.66MB  latency=55.4s
2026-05-12 18:31:53,521 - INFO - [ROUND 46/100 | EVAL] clients=20/20  success=0.922  reward=+0.000  loss=0.0000  entropy=0.643  cpu=44.9%  gpu=0.0%  net=32.11MB  latency=55.4s
2026-05-12 18:31:53,521 - INFO - >>> Starting FL round 47/100 — dispatching to 20 clients...
2026-05-12 18:32:46,655 - INFO - [ROUND 47/100 | FIT ] clients=20/20  success=0.935  reward=+1.383  loss=-0.0720  entropy=0.634  cpu=20.0%  gpu=0.0%  net=23.98MB  latency=53.1s
2026-05-12 18:32:46,669 - INFO - [ROUND 47/100 | EVAL] clients=20/20  success=0.935  reward=+0.000  loss=0.0000  entropy=0.634  cpu=56.7%  gpu=0.0%  net=24.43MB  latency=53.1s
2026-05-12 18:32:46,669 - INFO - >>> Starting FL round 48/100 — dispatching to 20 clients...
2026-05-12 18:33:47,538 - INFO - [ROUND 48/100 | FIT ] clients=20/20  success=0.930  reward=+1.374  loss=-0.0741  entropy=0.628  cpu=53.0%  gpu=0.0%  net=24.65MB  latency=60.9s
2026-05-12 18:33:47,554 - INFO - [ROUND 48/100 | EVAL] clients=20/20  success=0.930  reward=+0.000  loss=0.0000  entropy=0.627  cpu=28.1%  gpu=0.0%  net=25.11MB  latency=60.9s
2026-05-12 18:33:47,554 - INFO - >>> Starting FL round 49/100 — dispatching to 20 clients...
2026-05-12 18:34:58,858 - INFO - [ROUND 49/100 | FIT ] clients=20/20  success=0.930  reward=+1.374  loss=-0.0741  entropy=0.630  cpu=44.6%  gpu=0.0%  net=28.68MB  latency=71.3s
2026-05-12 18:34:58,874 - INFO - [ROUND 49/100 | EVAL] clients=20/20  success=0.930  reward=+0.000  loss=0.0000  entropy=0.627  cpu=16.7%  gpu=0.0%  net=29.14MB  latency=71.3s
2026-05-12 18:34:58,874 - INFO - >>> Starting FL round 50/100 — dispatching to 20 clients...
2026-05-12 18:36:07,086 - INFO - [ROUND 50/100 | FIT ] clients=20/20  success=0.938  reward=+1.387  loss=-0.0790  entropy=0.617  cpu=29.0%  gpu=0.0%  net=26.08MB  latency=68.2s
2026-05-12 18:36:07,102 - INFO - [ROUND 50/100 | EVAL] clients=20/20  success=0.938  reward=+0.000  loss=0.0000  entropy=0.616  cpu=29.3%  gpu=0.0%  net=26.54MB  latency=68.2s
2026-05-12 18:36:07,102 - INFO - >>> Starting FL round 51/100 — dispatching to 20 clients...
2026-05-12 18:37:00,401 - INFO - [ROUND 51/100 | FIT ] clients=20/20  success=0.930  reward=+1.374  loss=-0.0790  entropy=0.620  cpu=29.0%  gpu=0.0%  net=28.33MB  latency=53.3s
2026-05-12 18:37:00,414 - INFO - [ROUND 51/100 | EVAL] clients=20/20  success=0.930  reward=+0.000  loss=0.0000  entropy=0.616  cpu=50.8%  gpu=0.0%  net=28.78MB  latency=53.3s
2026-05-12 18:37:00,415 - INFO - >>> Starting FL round 52/100 — dispatching to 20 clients...
2026-05-12 18:38:02,298 - INFO - [ROUND 52/100 | FIT ] clients=20/20  success=0.927  reward=+1.370  loss=-0.0831  entropy=0.607  cpu=30.0%  gpu=0.0%  net=34.29MB  latency=61.9s
2026-05-12 18:38:02,313 - INFO - [ROUND 52/100 | EVAL] clients=20/20  success=0.927  reward=+0.000  loss=0.0000  entropy=0.605  cpu=32.0%  gpu=0.0%  net=34.74MB  latency=61.9s
2026-05-12 18:38:02,313 - INFO - >>> Starting FL round 53/100 — dispatching to 20 clients...
2026-05-12 18:39:03,708 - INFO - [ROUND 53/100 | FIT ] clients=20/20  success=0.932  reward=+1.379  loss=-0.0863  entropy=0.597  cpu=21.7%  gpu=0.0%  net=33.91MB  latency=61.4s
2026-05-12 18:39:03,723 - INFO - [ROUND 53/100 | EVAL] clients=20/20  success=0.932  reward=+0.000  loss=0.0000  entropy=0.598  cpu=28.3%  gpu=0.0%  net=34.36MB  latency=61.4s
2026-05-12 18:39:03,723 - INFO - >>> Starting FL round 54/100 — dispatching to 20 clients...
2026-05-12 18:39:59,201 - INFO - [ROUND 54/100 | FIT ] clients=20/20  success=0.935  reward=+1.383  loss=-0.0863  entropy=0.596  cpu=59.5%  gpu=0.0%  net=28.36MB  latency=55.5s
2026-05-12 18:39:59,216 - INFO - [ROUND 54/100 | EVAL] clients=20/20  success=0.935  reward=+0.000  loss=0.0000  entropy=0.596  cpu=36.0%  gpu=0.0%  net=29.18MB  latency=55.5s
2026-05-12 18:39:59,216 - INFO - >>> Starting FL round 55/100 — dispatching to 20 clients...
2026-05-12 18:40:52,808 - INFO - [ROUND 55/100 | FIT ] clients=20/20  success=0.917  reward=+1.351  loss=-0.0944  entropy=0.593  cpu=24.2%  gpu=0.0%  net=25.74MB  latency=53.6s
2026-05-12 18:40:52,822 - INFO - [ROUND 55/100 | EVAL] clients=20/20  success=0.917  reward=+0.000  loss=0.0000  entropy=0.584  cpu=69.3%  gpu=0.0%  net=26.19MB  latency=53.6s
2026-05-12 18:40:52,822 - INFO - >>> Starting FL round 56/100 — dispatching to 20 clients...
2026-05-12 18:41:47,019 - INFO - [ROUND 56/100 | FIT ] clients=20/20  success=0.915  reward=+1.347  loss=-0.0942  entropy=0.574  cpu=35.0%  gpu=0.0%  net=28.16MB  latency=54.2s
2026-05-12 18:41:47,033 - INFO - [ROUND 56/100 | EVAL] clients=20/20  success=0.915  reward=+0.000  loss=0.0000  entropy=0.582  cpu=69.8%  gpu=0.0%  net=28.61MB  latency=54.2s
2026-05-12 18:41:47,033 - INFO - >>> Starting FL round 57/100 — dispatching to 20 clients...
2026-05-12 18:42:42,498 - INFO - [ROUND 57/100 | FIT ] clients=20/20  success=0.917  reward=+1.351  loss=-0.0942  entropy=0.577  cpu=17.9%  gpu=0.0%  net=28.78MB  latency=55.5s
2026-05-12 18:42:42,512 - INFO - [ROUND 57/100 | EVAL] clients=20/20  success=0.917  reward=+0.000  loss=0.0000  entropy=0.575  cpu=38.4%  gpu=0.0%  net=29.23MB  latency=55.5s
2026-05-12 18:42:42,513 - INFO - >>> Starting FL round 58/100 — dispatching to 20 clients...
2026-05-12 18:43:36,515 - INFO - [ROUND 58/100 | FIT ] clients=20/20  success=0.930  reward=+1.374  loss=-0.1015  entropy=0.562  cpu=34.7%  gpu=0.0%  net=17.14MB  latency=54.0s
2026-05-12 18:43:36,528 - INFO - [ROUND 58/100 | EVAL] clients=20/20  success=0.930  reward=+0.000  loss=0.0000  entropy=0.566  cpu=62.5%  gpu=0.0%  net=17.59MB  latency=54.0s
2026-05-12 18:43:36,529 - INFO - >>> Starting FL round 59/100 — dispatching to 20 clients...
2026-05-12 18:44:22,448 - INFO - [ROUND 59/100 | FIT ] clients=20/20  success=0.953  reward=+1.414  loss=-0.1015  entropy=0.564  cpu=30.0%  gpu=0.0%  net=4.20MB  latency=45.9s
2026-05-12 18:44:22,460 - INFO - [ROUND 59/100 | EVAL] clients=20/20  success=0.953  reward=+0.000  loss=0.0000  entropy=0.560  cpu=55.2%  gpu=0.0%  net=4.65MB  latency=45.9s
2026-05-12 18:44:22,461 - INFO - >>> Starting FL round 60/100 — dispatching to 20 clients...
2026-05-12 18:45:20,380 - INFO - [ROUND 60/100 | FIT ] clients=20/20  success=0.895  reward=+1.311  loss=-0.1109  entropy=0.553  cpu=55.0%  gpu=0.0%  net=5.13MB  latency=57.9s
2026-05-12 18:45:20,393 - INFO - [ROUND 60/100 | EVAL] clients=20/20  success=0.895  reward=+0.000  loss=0.0000  entropy=0.552  cpu=53.4%  gpu=0.0%  net=5.58MB  latency=57.9s
2026-05-12 18:45:20,393 - INFO - >>> Starting FL round 61/100 — dispatching to 20 clients...
2026-05-12 18:46:10,470 - INFO - [ROUND 61/100 | FIT ] clients=20/20  success=0.925  reward=+1.365  loss=-0.1139  entropy=0.541  cpu=35.0%  gpu=0.0%  net=4.19MB  latency=50.1s
2026-05-12 18:46:10,483 - INFO - [ROUND 61/100 | EVAL] clients=20/20  success=0.925  reward=+0.000  loss=0.0000  entropy=0.539  cpu=58.8%  gpu=0.0%  net=4.65MB  latency=50.1s
2026-05-12 18:46:10,483 - INFO - >>> Starting FL round 62/100 — dispatching to 20 clients...
2026-05-12 18:47:01,684 - INFO - [ROUND 62/100 | FIT ] clients=20/20  success=0.920  reward=+1.356  loss=-0.1139  entropy=0.531  cpu=28.6%  gpu=0.0%  net=5.85MB  latency=51.2s
2026-05-12 18:47:01,706 - INFO - [ROUND 62/100 | EVAL] clients=20/20  success=0.920  reward=+0.000  loss=0.0000  entropy=0.534  cpu=66.8%  gpu=0.0%  net=6.30MB  latency=51.2s
2026-05-12 18:47:01,706 - INFO - >>> Starting FL round 63/100 — dispatching to 20 clients...
2026-05-12 18:47:59,103 - INFO - [ROUND 63/100 | FIT ] clients=20/20  success=0.930  reward=+1.374  loss=-0.1145  entropy=0.532  cpu=29.9%  gpu=0.0%  net=5.14MB  latency=57.4s
2026-05-12 18:47:59,119 - INFO - [ROUND 63/100 | EVAL] clients=20/20  success=0.930  reward=+0.000  loss=0.0000  entropy=0.530  cpu=55.4%  gpu=0.0%  net=5.59MB  latency=57.4s
2026-05-12 18:47:59,119 - INFO - >>> Starting FL round 64/100 — dispatching to 20 clients...
2026-05-12 18:48:46,836 - INFO - [ROUND 64/100 | FIT ] clients=20/20  success=0.940  reward=+1.392  loss=-0.1231  entropy=0.515  cpu=35.0%  gpu=0.0%  net=4.20MB  latency=47.7s
2026-05-12 18:48:46,851 - INFO - [ROUND 64/100 | EVAL] clients=20/20  success=0.940  reward=+0.000  loss=0.0000  entropy=0.504  cpu=66.7%  gpu=0.0%  net=4.65MB  latency=47.7s
2026-05-12 18:48:46,851 - INFO - >>> Starting FL round 65/100 — dispatching to 20 clients...
2026-05-12 18:49:35,531 - INFO - [ROUND 65/100 | FIT ] clients=20/20  success=0.925  reward=+1.365  loss=-0.1231  entropy=0.508  cpu=45.0%  gpu=0.0%  net=5.12MB  latency=48.7s
2026-05-12 18:49:35,549 - INFO - [ROUND 65/100 | EVAL] clients=20/20  success=0.925  reward=+0.000  loss=0.0000  entropy=0.506  cpu=81.9%  gpu=0.0%  net=5.57MB  latency=48.7s
2026-05-12 18:49:35,549 - INFO - >>> Starting FL round 66/100 — dispatching to 20 clients...
2026-05-12 18:50:29,340 - INFO - [ROUND 66/100 | FIT ] clients=20/20  success=0.922  reward=+1.361  loss=-0.1176  entropy=0.493  cpu=39.9%  gpu=0.0%  net=4.22MB  latency=53.8s
2026-05-12 18:50:29,353 - INFO - [ROUND 66/100 | EVAL] clients=20/20  success=0.922  reward=+0.000  loss=0.0000  entropy=0.500  cpu=56.0%  gpu=0.0%  net=4.68MB  latency=53.8s
2026-05-12 18:50:29,353 - INFO - >>> Starting FL round 67/100 — dispatching to 20 clients...
2026-05-12 18:51:22,111 - INFO - [ROUND 67/100 | FIT ] clients=20/20  success=0.925  reward=+1.365  loss=-0.1176  entropy=0.502  cpu=45.0%  gpu=0.0%  net=6.95MB  latency=52.8s
2026-05-12 18:51:22,124 - INFO - [ROUND 67/100 | EVAL] clients=20/20  success=0.925  reward=+0.000  loss=0.0000  entropy=0.502  cpu=61.0%  gpu=0.0%  net=7.40MB  latency=52.8s
2026-05-12 18:51:22,124 - INFO - >>> Starting FL round 68/100 — dispatching to 20 clients...
2026-05-12 18:52:16,065 - INFO - [ROUND 68/100 | FIT ] clients=20/20  success=0.922  reward=+1.360  loss=-0.1316  entropy=0.493  cpu=52.4%  gpu=0.0%  net=4.20MB  latency=53.9s
2026-05-12 18:52:16,079 - INFO - [ROUND 68/100 | EVAL] clients=20/20  success=0.922  reward=+0.000  loss=0.0000  entropy=0.483  cpu=57.8%  gpu=0.0%  net=4.67MB  latency=54.0s
2026-05-12 18:52:16,079 - INFO - >>> Starting FL round 69/100 — dispatching to 20 clients...
2026-05-12 18:53:07,976 - INFO - [ROUND 69/100 | FIT ] clients=20/20  success=0.930  reward=+1.374  loss=-0.1285  entropy=0.474  cpu=59.9%  gpu=0.0%  net=5.14MB  latency=51.9s
2026-05-12 18:53:07,989 - INFO - [ROUND 69/100 | EVAL] clients=20/20  success=0.930  reward=+0.000  loss=0.0000  entropy=0.479  cpu=71.1%  gpu=0.0%  net=5.59MB  latency=51.9s
2026-05-12 18:53:07,989 - INFO - >>> Starting FL round 70/100 — dispatching to 20 clients...
2026-05-12 18:53:58,563 - INFO - [ROUND 70/100 | FIT ] clients=20/20  success=0.915  reward=+1.347  loss=-0.1285  entropy=0.470  cpu=35.0%  gpu=0.0%  net=4.22MB  latency=50.6s
2026-05-12 18:53:58,576 - INFO - [ROUND 70/100 | EVAL] clients=20/20  success=0.915  reward=+0.000  loss=0.0000  entropy=0.479  cpu=54.5%  gpu=0.0%  net=4.67MB  latency=50.6s
2026-05-12 18:53:58,577 - INFO - >>> Starting FL round 71/100 — dispatching to 20 clients...
2026-05-12 18:54:48,099 - INFO - [ROUND 71/100 | FIT ] clients=20/20  success=0.925  reward=+1.365  loss=-0.1335  entropy=0.462  cpu=45.0%  gpu=0.0%  net=4.19MB  latency=49.5s
2026-05-12 18:54:48,112 - INFO - [ROUND 71/100 | EVAL] clients=20/20  success=0.925  reward=+0.000  loss=0.0000  entropy=0.460  cpu=61.1%  gpu=0.0%  net=4.65MB  latency=49.5s
2026-05-12 18:54:48,112 - INFO - >>> Starting FL round 72/100 — dispatching to 20 clients...
2026-05-12 18:55:41,927 - INFO - [ROUND 72/100 | FIT ] clients=20/20  success=0.922  reward=+1.361  loss=-0.1394  entropy=0.445  cpu=50.0%  gpu=0.0%  net=5.18MB  latency=53.8s
2026-05-12 18:55:41,941 - INFO - [ROUND 72/100 | EVAL] clients=20/20  success=0.922  reward=+0.000  loss=0.0000  entropy=0.452  cpu=66.8%  gpu=0.0%  net=5.63MB  latency=53.8s
2026-05-12 18:55:41,941 - INFO - >>> Starting FL round 73/100 — dispatching to 20 clients...
2026-05-12 18:56:29,715 - INFO - [ROUND 73/100 | FIT ] clients=20/20  success=0.930  reward=+1.374  loss=-0.1394  entropy=0.443  cpu=38.8%  gpu=0.0%  net=6.19MB  latency=47.8s
2026-05-12 18:56:29,728 - INFO - [ROUND 73/100 | EVAL] clients=20/20  success=0.930  reward=+0.000  loss=0.0000  entropy=0.451  cpu=57.5%  gpu=0.0%  net=6.64MB  latency=47.8s
2026-05-12 18:56:29,728 - INFO - >>> Starting FL round 74/100 — dispatching to 20 clients...
2026-05-12 18:57:20,834 - INFO - [ROUND 74/100 | FIT ] clients=20/20  success=0.917  reward=+1.351  loss=-0.1429  entropy=0.436  cpu=25.0%  gpu=0.0%  net=5.21MB  latency=51.1s
2026-05-12 18:57:20,848 - INFO - [ROUND 74/100 | EVAL] clients=20/20  success=0.917  reward=+0.000  loss=0.0000  entropy=0.438  cpu=60.8%  gpu=0.0%  net=5.66MB  latency=51.1s
2026-05-12 18:57:20,848 - INFO - >>> Starting FL round 75/100 — dispatching to 20 clients...
2026-05-12 18:58:13,207 - INFO - [ROUND 75/100 | FIT ] clients=20/20  success=0.917  reward=+1.351  loss=-0.1429  entropy=0.433  cpu=21.0%  gpu=0.0%  net=4.22MB  latency=52.4s
2026-05-12 18:58:13,221 - INFO - [ROUND 75/100 | EVAL] clients=20/20  success=0.917  reward=+0.000  loss=0.0000  entropy=0.432  cpu=54.0%  gpu=0.0%  net=4.68MB  latency=52.4s
2026-05-12 18:58:13,222 - INFO - >>> Starting FL round 76/100 — dispatching to 20 clients...
2026-05-12 18:59:09,388 - INFO - [ROUND 76/100 | FIT ] clients=20/20  success=0.912  reward=+1.343  loss=-0.1471  entropy=0.423  cpu=35.0%  gpu=0.0%  net=5.17MB  latency=56.2s
2026-05-12 18:59:09,401 - INFO - [ROUND 76/100 | EVAL] clients=20/20  success=0.912  reward=+0.000  loss=0.0000  entropy=0.426  cpu=56.4%  gpu=0.0%  net=5.62MB  latency=56.2s
2026-05-12 18:59:09,402 - INFO - >>> Starting FL round 77/100 — dispatching to 20 clients...
2026-05-12 19:00:06,520 - INFO - [ROUND 77/100 | FIT ] clients=20/20  success=0.907  reward=+1.334  loss=-0.1540  entropy=0.407  cpu=53.8%  gpu=0.0%  net=5.16MB  latency=57.1s
2026-05-12 19:00:06,534 - INFO - [ROUND 77/100 | EVAL] clients=20/20  success=0.907  reward=+0.000  loss=0.0000  entropy=0.412  cpu=62.4%  gpu=0.0%  net=5.62MB  latency=57.1s
2026-05-12 19:00:06,535 - INFO - >>> Starting FL round 78/100 — dispatching to 20 clients...
2026-05-12 19:01:00,597 - INFO - [ROUND 78/100 | FIT ] clients=20/20  success=0.907  reward=+1.333  loss=-0.1540  entropy=0.410  cpu=45.0%  gpu=0.0%  net=4.25MB  latency=54.1s
2026-05-12 19:01:00,628 - INFO - [ROUND 78/100 | EVAL] clients=20/20  success=0.907  reward=+0.000  loss=0.0000  entropy=0.406  cpu=57.4%  gpu=0.0%  net=4.71MB  latency=54.1s
2026-05-12 19:01:00,628 - INFO - >>> Starting FL round 79/100 — dispatching to 20 clients...
2026-05-12 19:02:00,278 - INFO - [ROUND 79/100 | FIT ] clients=20/20  success=0.912  reward=+1.342  loss=-0.1488  entropy=0.397  cpu=49.8%  gpu=0.0%  net=7.33MB  latency=59.7s
2026-05-12 19:02:00,300 - INFO - [ROUND 79/100 | EVAL] clients=20/20  success=0.912  reward=+0.000  loss=0.0000  entropy=0.404  cpu=77.4%  gpu=0.0%  net=7.79MB  latency=59.7s
2026-05-12 19:02:00,300 - INFO - >>> Starting FL round 80/100 — dispatching to 20 clients...
2026-05-12 19:02:55,679 - INFO - [ROUND 80/100 | FIT ] clients=20/20  success=0.922  reward=+1.361  loss=-0.1560  entropy=0.384  cpu=54.2%  gpu=0.0%  net=5.16MB  latency=55.4s
2026-05-12 19:02:55,692 - INFO - [ROUND 80/100 | EVAL] clients=20/20  success=0.922  reward=+0.000  loss=0.0000  entropy=0.393  cpu=71.6%  gpu=0.0%  net=5.61MB  latency=55.4s
2026-05-12 19:02:55,692 - INFO - >>> Starting FL round 81/100 — dispatching to 20 clients...
2026-05-12 19:03:50,466 - INFO - [ROUND 81/100 | FIT ] clients=20/20  success=0.900  reward=+1.320  loss=-0.1560  entropy=0.387  cpu=39.2%  gpu=0.0%  net=5.19MB  latency=54.8s
2026-05-12 19:03:50,480 - INFO - [ROUND 81/100 | EVAL] clients=20/20  success=0.900  reward=+0.000  loss=0.0000  entropy=0.390  cpu=60.5%  gpu=0.0%  net=5.64MB  latency=54.8s
2026-05-12 19:03:50,480 - INFO - >>> Starting FL round 82/100 — dispatching to 20 clients...
2026-05-12 19:04:46,411 - INFO - [ROUND 82/100 | FIT ] clients=20/20  success=0.910  reward=+1.338  loss=-0.1618  entropy=0.378  cpu=62.3%  gpu=0.0%  net=4.24MB  latency=55.9s
2026-05-12 19:04:46,424 - INFO - [ROUND 82/100 | EVAL] clients=20/20  success=0.910  reward=+0.000  loss=0.0000  entropy=0.366  cpu=66.0%  gpu=0.0%  net=4.70MB  latency=55.9s
2026-05-12 19:04:46,425 - INFO - >>> Starting FL round 83/100 — dispatching to 20 clients...
2026-05-12 19:05:43,928 - INFO - [ROUND 83/100 | FIT ] clients=20/20  success=0.902  reward=+1.325  loss=-0.1618  entropy=0.377  cpu=28.8%  gpu=0.0%  net=5.19MB  latency=57.5s
2026-05-12 19:05:43,942 - INFO - [ROUND 83/100 | EVAL] clients=20/20  success=0.902  reward=+0.000  loss=0.0000  entropy=0.381  cpu=55.6%  gpu=0.0%  net=5.64MB  latency=57.5s
2026-05-12 19:05:43,942 - INFO - >>> Starting FL round 84/100 — dispatching to 20 clients...
2026-05-12 19:06:43,168 - INFO - [ROUND 84/100 | FIT ] clients=20/20  success=0.917  reward=+1.352  loss=-0.1538  entropy=0.358  cpu=57.4%  gpu=0.0%  net=7.44MB  latency=59.2s
2026-05-12 19:06:43,182 - INFO - [ROUND 84/100 | EVAL] clients=20/20  success=0.917  reward=+0.000  loss=0.0000  entropy=0.358  cpu=48.6%  gpu=0.0%  net=7.89MB  latency=59.2s
2026-05-12 19:06:43,182 - INFO - >>> Starting FL round 85/100 — dispatching to 20 clients...
2026-05-12 19:07:37,550 - INFO - [ROUND 85/100 | FIT ] clients=20/20  success=0.940  reward=+1.392  loss=-0.1534  entropy=0.355  cpu=35.0%  gpu=0.0%  net=5.24MB  latency=54.4s
2026-05-12 19:07:37,564 - INFO - [ROUND 85/100 | EVAL] clients=20/20  success=0.940  reward=+0.000  loss=0.0000  entropy=0.344  cpu=48.9%  gpu=0.0%  net=5.70MB  latency=54.4s
2026-05-12 19:07:37,564 - INFO - >>> Starting FL round 86/100 — dispatching to 20 clients...
2026-05-12 19:08:27,027 - INFO - [ROUND 86/100 | FIT ] clients=20/20  success=0.917  reward=+1.351  loss=-0.1534  entropy=0.352  cpu=49.2%  gpu=0.0%  net=4.25MB  latency=49.5s
2026-05-12 19:08:27,041 - INFO - [ROUND 86/100 | EVAL] clients=20/20  success=0.917  reward=+0.000  loss=0.0000  entropy=0.363  cpu=65.4%  gpu=0.0%  net=4.70MB  latency=49.5s
2026-05-12 19:08:27,041 - INFO - >>> Starting FL round 87/100 — dispatching to 20 clients...
2026-05-12 19:09:20,758 - INFO - [ROUND 87/100 | FIT ] clients=20/20  success=0.922  reward=+1.361  loss=-0.1705  entropy=0.334  cpu=45.0%  gpu=0.0%  net=5.21MB  latency=53.7s
2026-05-12 19:09:20,772 - INFO - [ROUND 87/100 | EVAL] clients=20/20  success=0.922  reward=+0.000  loss=0.0000  entropy=0.351  cpu=62.9%  gpu=0.0%  net=5.67MB  latency=53.7s
2026-05-12 19:09:20,772 - INFO - >>> Starting FL round 88/100 — dispatching to 20 clients...
2026-05-12 19:10:14,515 - INFO - [ROUND 88/100 | FIT ] clients=20/20  success=0.922  reward=+1.360  loss=-0.1739  entropy=0.332  cpu=44.0%  gpu=0.0%  net=4.24MB  latency=53.7s
2026-05-12 19:10:14,529 - INFO - [ROUND 88/100 | EVAL] clients=20/20  success=0.922  reward=+0.000  loss=0.0000  entropy=0.335  cpu=62.9%  gpu=0.0%  net=4.70MB  latency=53.8s
2026-05-12 19:10:14,529 - INFO - >>> Starting FL round 89/100 — dispatching to 20 clients...
2026-05-12 19:11:03,070 - INFO - [ROUND 89/100 | FIT ] clients=20/20  success=0.932  reward=+1.378  loss=-0.1739  entropy=0.338  cpu=30.0%  gpu=0.0%  net=4.27MB  latency=48.5s
2026-05-12 19:11:03,084 - INFO - [ROUND 89/100 | EVAL] clients=20/20  success=0.932  reward=+0.000  loss=0.0000  entropy=0.328  cpu=68.9%  gpu=0.0%  net=4.72MB  latency=48.6s
2026-05-12 19:11:03,084 - INFO - >>> Starting FL round 90/100 — dispatching to 20 clients...
2026-05-12 19:12:00,580 - INFO - [ROUND 90/100 | FIT ] clients=20/20  success=0.910  reward=+1.338  loss=-0.1584  entropy=0.326  cpu=34.4%  gpu=0.0%  net=7.62MB  latency=57.5s
2026-05-12 19:12:00,593 - INFO - [ROUND 90/100 | EVAL] clients=20/20  success=0.910  reward=+0.000  loss=0.0000  entropy=0.327  cpu=66.2%  gpu=0.0%  net=8.07MB  latency=57.5s
2026-05-12 19:12:00,593 - INFO - >>> Starting FL round 91/100 — dispatching to 20 clients...
2026-05-12 19:12:47,775 - INFO - [ROUND 91/100 | FIT ] clients=20/20  success=0.950  reward=+1.410  loss=-0.1584  entropy=0.341  cpu=35.0%  gpu=0.0%  net=11.87MB  latency=47.2s
2026-05-12 19:12:47,796 - INFO - [ROUND 91/100 | EVAL] clients=20/20  success=0.950  reward=+0.000  loss=0.0000  entropy=0.324  cpu=52.8%  gpu=0.0%  net=12.32MB  latency=47.2s
2026-05-12 19:12:47,796 - INFO - >>> Starting FL round 92/100 — dispatching to 20 clients...
2026-05-12 19:13:36,613 - INFO - [ROUND 92/100 | FIT ] clients=20/20  success=0.940  reward=+1.392  loss=-0.1554  entropy=0.320  cpu=40.0%  gpu=0.0%  net=5.13MB  latency=48.8s
2026-05-12 19:13:36,626 - INFO - [ROUND 92/100 | EVAL] clients=20/20  success=0.940  reward=+0.000  loss=0.0000  entropy=0.320  cpu=68.9%  gpu=0.0%  net=5.58MB  latency=48.8s
2026-05-12 19:13:36,627 - INFO - >>> Starting FL round 93/100 — dispatching to 20 clients...
2026-05-12 19:14:30,915 - INFO - [ROUND 93/100 | FIT ] clients=20/20  success=0.915  reward=+1.347  loss=-0.1740  entropy=0.312  cpu=19.6%  gpu=0.0%  net=4.19MB  latency=54.3s
2026-05-12 19:14:30,930 - INFO - [ROUND 93/100 | EVAL] clients=20/20  success=0.915  reward=+0.000  loss=0.0000  entropy=0.314  cpu=61.2%  gpu=0.0%  net=4.64MB  latency=54.3s
2026-05-12 19:14:30,930 - INFO - >>> Starting FL round 94/100 — dispatching to 20 clients...
2026-05-12 19:15:28,161 - INFO - [ROUND 94/100 | FIT ] clients=20/20  success=0.905  reward=+1.329  loss=-0.1740  entropy=0.314  cpu=29.0%  gpu=0.0%  net=5.13MB  latency=57.2s
2026-05-12 19:15:28,175 - INFO - [ROUND 94/100 | EVAL] clients=20/20  success=0.905  reward=+0.000  loss=0.0000  entropy=0.318  cpu=54.0%  gpu=0.0%  net=5.58MB  latency=57.2s
2026-05-12 19:15:28,175 - INFO - >>> Starting FL round 95/100 — dispatching to 20 clients...
2026-05-12 19:16:21,939 - INFO - [ROUND 95/100 | FIT ] clients=20/20  success=0.920  reward=+1.356  loss=-0.1870  entropy=0.309  cpu=59.0%  gpu=0.0%  net=5.13MB  latency=53.8s
2026-05-12 19:16:21,963 - INFO - [ROUND 95/100 | EVAL] clients=20/20  success=0.920  reward=+0.000  loss=0.0000  entropy=0.311  cpu=73.3%  gpu=0.0%  net=5.58MB  latency=53.8s
2026-05-12 19:16:21,963 - INFO - >>> Starting FL round 96/100 — dispatching to 20 clients...
2026-05-12 19:17:14,327 - INFO - [ROUND 96/100 | FIT ] clients=20/20  success=0.920  reward=+1.356  loss=-0.1820  entropy=0.294  cpu=40.0%  gpu=0.0%  net=6.84MB  latency=52.4s
2026-05-12 19:17:14,342 - INFO - [ROUND 96/100 | EVAL] clients=20/20  success=0.920  reward=+0.000  loss=0.0000  entropy=0.303  cpu=60.7%  gpu=0.0%  net=7.30MB  latency=52.4s
2026-05-12 19:17:14,342 - INFO - >>> Starting FL round 97/100 — dispatching to 20 clients...
2026-05-12 19:18:08,616 - INFO - [ROUND 97/100 | FIT ] clients=20/20  success=0.932  reward=+1.379  loss=-0.1820  entropy=0.302  cpu=46.2%  gpu=0.0%  net=5.14MB  latency=54.3s
2026-05-12 19:18:08,630 - INFO - [ROUND 97/100 | EVAL] clients=20/20  success=0.932  reward=+0.000  loss=0.0000  entropy=0.297  cpu=57.0%  gpu=0.0%  net=5.60MB  latency=54.3s
2026-05-12 19:18:08,630 - INFO - >>> Starting FL round 98/100 — dispatching to 20 clients...
2026-05-12 19:19:02,899 - INFO - [ROUND 98/100 | FIT ] clients=20/20  success=0.925  reward=+1.365  loss=-0.1907  entropy=0.291  cpu=39.0%  gpu=0.0%  net=4.20MB  latency=54.3s
2026-05-12 19:19:02,913 - INFO - [ROUND 98/100 | EVAL] clients=20/20  success=0.925  reward=+0.000  loss=0.0000  entropy=0.298  cpu=57.0%  gpu=0.0%  net=4.65MB  latency=54.3s
2026-05-12 19:19:02,914 - INFO - >>> Starting FL round 99/100 — dispatching to 20 clients...
2026-05-12 19:19:56,188 - INFO - [ROUND 99/100 | FIT ] clients=20/20  success=0.925  reward=+1.365  loss=-0.1907  entropy=0.281  cpu=50.0%  gpu=0.0%  net=5.15MB  latency=53.3s
2026-05-12 19:19:56,202 - INFO - [ROUND 99/100 | EVAL] clients=20/20  success=0.925  reward=+0.000  loss=0.0000  entropy=0.302  cpu=60.3%  gpu=0.0%  net=5.60MB  latency=53.3s
2026-05-12 19:19:56,202 - INFO - >>> Starting FL round 100/100 — dispatching to 20 clients...
2026-05-12 19:20:53,930 - INFO - [ROUND 100/100 | FIT ] clients=20/20  success=0.935  reward=+1.383  loss=-0.1909  entropy=0.286  cpu=35.0%  gpu=0.0%  net=5.14MB  latency=57.7s
2026-05-12 19:20:53,943 - INFO - [ROUND 100/100 | EVAL] clients=20/20  success=0.935  reward=+0.000  loss=0.0000  entropy=0.292  cpu=46.9%  gpu=0.0%  net=5.59MB  latency=57.7s
2026-05-12 19:20:53,996 - INFO - CSVs saved to /app/dht_frl/results/
2026-05-12 19:20:54,882 - INFO - Graphs saved to /app/dht_frl/results/
2026-05-12 19:20:54,883 - INFO - FedAvg complete. Results saved.
2026-05-12 19:20:54,883 - INFO - Server shutdown complete
