2026-05-12 17:59:31,012 - [robot_018] Starting — server=n016.cluster.pssclabs.com:8470 type=gpu_specialist
INFO flwr 2026-05-12 17:59:33,479 | grpc.py:49 | Opened insecure gRPC connection (no certificates were passed)
2026-05-12 17:59:33,479 - Opened insecure gRPC connection (no certificates were passed)
DEBUG flwr 2026-05-12 17:59:33,481 | connection.py:42 | ChannelConnectivity.IDLE
2026-05-12 17:59:33,481 - ChannelConnectivity.IDLE
DEBUG flwr 2026-05-12 17:59:33,484 | connection.py:42 | ChannelConnectivity.CONNECTING
2026-05-12 17:59:33,484 - ChannelConnectivity.CONNECTING
DEBUG flwr 2026-05-12 17:59:33,485 | connection.py:42 | ChannelConnectivity.READY
2026-05-12 17:59:33,485 - ChannelConnectivity.READY
2026-05-12 17:59:35,573 - [robot_018] Round 1: tasks=20 success=0.000 reward=-0.400 loss=0.0000 entropy=0.691 time=2.1s
2026-05-12 17:59:37,717 - [robot_018] Round 2: tasks=40 success=0.000 reward=-0.400 loss=0.0000 entropy=0.691 time=2.1s
2026-05-12 17:59:39,896 - [robot_018] Round 3: tasks=60 success=0.000 reward=-0.400 loss=0.0000 entropy=0.691 time=2.1s
2026-05-12 17:59:43,374 - [robot_018] Round 4: tasks=80 success=0.000 reward=-0.400 loss=-0.3590 entropy=0.692 time=3.4s
2026-05-12 17:59:46,908 - [robot_018] Round 5: tasks=100 success=0.000 reward=-0.400 loss=-0.3626 entropy=0.692 time=3.3s
2026-05-12 17:59:49,387 - [robot_018] Round 6: tasks=120 success=0.000 reward=-0.400 loss=-0.3626 entropy=0.692 time=2.1s
2026-05-12 17:59:52,838 - [robot_018] Round 7: tasks=140 success=0.000 reward=-0.400 loss=-0.3662 entropy=0.693 time=3.4s
2026-05-12 17:59:56,294 - [robot_018] Round 8: tasks=160 success=0.000 reward=-0.400 loss=-0.3699 entropy=0.693 time=3.2s
2026-05-12 17:59:58,869 - [robot_018] Round 9: tasks=180 success=0.000 reward=-0.400 loss=-0.3699 entropy=0.693 time=2.1s
2026-05-12 18:00:07,396 - [robot_018] Round 10: tasks=200 success=0.350 reward=+0.265 loss=-0.3735 entropy=0.693 time=8.5s
2026-05-12 18:00:09,750 - [robot_018] Round 11: tasks=220 success=0.000 reward=-0.400 loss=-0.3735 entropy=0.693 time=2.1s
2026-05-12 18:00:55,661 - [robot_018] Round 12: tasks=240 success=0.750 reward=+1.030 loss=-0.0087 entropy=0.693 time=31.8s
2026-05-12 18:01:30,098 - [robot_018] Round 13: tasks=260 success=0.100 reward=-0.205 loss=-0.0095 entropy=0.693 time=14.7s
2026-05-12 18:02:18,503 - [robot_018] Round 14: tasks=280 success=0.850 reward=+1.225 loss=-0.0095 entropy=0.693 time=39.6s
2026-05-12 18:03:06,410 - [robot_018] Round 15: tasks=300 success=0.700 reward=+0.940 loss=-0.0106 entropy=0.693 time=36.9s
2026-05-12 18:03:56,312 - [robot_018] Round 16: tasks=320 success=0.800 reward=+1.130 loss=-0.0131 entropy=0.693 time=42.9s
2026-05-12 18:04:44,283 - [robot_018] Round 17: tasks=340 success=0.950 reward=+1.410 loss=-0.0131 entropy=0.693 time=34.7s
2026-05-12 18:05:58,459 - [robot_018] Round 18: tasks=360 success=0.900 reward=+1.320 loss=-0.0152 entropy=0.693 time=46.3s
2026-05-12 18:06:57,875 - [robot_018] Round 19: tasks=380 success=0.850 reward=+1.230 loss=-0.0152 entropy=0.693 time=45.9s
2026-05-12 18:07:17,554 - [robot_018] Policy loaded from /checkpoints/robot_018
2026-05-12 18:07:47,749 - [robot_018] Round 20: tasks=400 success=1.000 reward=+1.500 loss=-0.0180 entropy=0.692 time=43.9s
2026-05-12 18:08:44,511 - [robot_018] Round 21: tasks=420 success=0.900 reward=+1.320 loss=-0.0201 entropy=0.692 time=43.1s
2026-05-12 18:09:46,751 - [robot_018] Round 22: tasks=440 success=0.900 reward=+1.320 loss=-0.0201 entropy=0.692 time=47.1s
2026-05-12 18:10:24,625 - [robot_018] Round 23: tasks=460 success=1.000 reward=+1.500 loss=-0.0221 entropy=0.692 time=31.9s
2026-05-12 18:11:23,782 - [robot_018] Round 24: tasks=480 success=0.950 reward=+1.410 loss=-0.0231 entropy=0.691 time=36.3s
2026-05-12 18:12:19,427 - [robot_018] Round 25: tasks=500 success=1.000 reward=+1.500 loss=-0.0231 entropy=0.690 time=33.8s
2026-05-12 18:13:12,675 - [robot_018] Round 26: tasks=520 success=1.000 reward=+1.500 loss=-0.0262 entropy=0.690 time=31.4s
2026-05-12 18:14:04,816 - [robot_018] Round 27: tasks=540 success=1.000 reward=+1.500 loss=-0.0262 entropy=0.689 time=31.7s
2026-05-12 18:15:01,102 - [robot_018] Round 28: tasks=560 success=0.950 reward=+1.410 loss=-0.0301 entropy=0.688 time=35.1s
2026-05-12 18:15:59,570 - [robot_018] Round 29: tasks=580 success=0.950 reward=+1.410 loss=-0.0343 entropy=0.687 time=39.8s
2026-05-12 18:16:25,415 - [robot_018] Policy loaded from /checkpoints/robot_018
2026-05-12 18:16:57,115 - [robot_018] Round 30: tasks=600 success=1.000 reward=+1.500 loss=-0.0343 entropy=0.687 time=44.4s
2026-05-12 18:17:48,607 - [robot_018] Round 31: tasks=620 success=1.000 reward=+1.500 loss=-0.0381 entropy=0.684 time=38.8s
2026-05-12 18:18:44,366 - [robot_018] Round 32: tasks=640 success=1.000 reward=+1.500 loss=-0.0381 entropy=0.682 time=40.4s
2026-05-12 18:19:28,663 - [robot_018] Round 33: tasks=660 success=0.950 reward=+1.410 loss=-0.0381 entropy=0.680 time=34.2s
2026-05-12 18:20:15,618 - [robot_018] Round 34: tasks=680 success=0.950 reward=+1.410 loss=-0.0454 entropy=0.680 time=34.4s
2026-05-12 18:21:11,738 - [robot_018] Round 35: tasks=700 success=1.000 reward=+1.500 loss=-0.0454 entropy=0.681 time=29.2s
2026-05-12 18:22:14,395 - [robot_018] Round 36: tasks=720 success=1.000 reward=+1.500 loss=-0.0472 entropy=0.677 time=42.8s
2026-05-12 18:22:56,643 - [robot_018] Round 37: tasks=740 success=1.000 reward=+1.500 loss=-0.0512 entropy=0.672 time=31.4s
2026-05-12 18:24:04,295 - [robot_018] Round 38: tasks=760 success=1.000 reward=+1.500 loss=-0.0512 entropy=0.674 time=39.0s
2026-05-12 18:24:56,056 - [robot_018] Round 39: tasks=780 success=0.950 reward=+1.410 loss=-0.0479 entropy=0.666 time=35.1s
2026-05-12 18:25:32,637 - [robot_018] Policy loaded from /checkpoints/robot_018
2026-05-12 18:25:57,860 - [robot_018] Round 40: tasks=800 success=1.000 reward=+1.500 loss=-0.0668 entropy=0.659 time=38.9s
2026-05-12 18:26:54,345 - [robot_018] Round 41: tasks=820 success=0.950 reward=+1.410 loss=-0.0668 entropy=0.658 time=37.0s
2026-05-12 18:27:51,786 - [robot_018] Round 42: tasks=840 success=0.900 reward=+1.320 loss=-0.0598 entropy=0.655 time=42.4s
2026-05-12 18:28:41,650 - [robot_018] Round 43: tasks=860 success=0.950 reward=+1.410 loss=-0.0598 entropy=0.649 time=38.9s
2026-05-12 18:29:45,067 - [robot_018] Round 44: tasks=880 success=0.950 reward=+1.410 loss=-0.0763 entropy=0.653 time=46.2s
2026-05-12 18:30:39,824 - [robot_018] Round 45: tasks=900 success=0.900 reward=+1.320 loss=-0.0803 entropy=0.636 time=40.5s
2026-05-12 18:31:38,507 - [robot_018] Round 46: tasks=920 success=0.950 reward=+1.410 loss=-0.0803 entropy=0.647 time=40.4s
2026-05-12 18:32:24,602 - [robot_018] Round 47: tasks=940 success=1.000 reward=+1.500 loss=-0.0747 entropy=0.629 time=31.1s
2026-05-12 18:33:18,159 - [robot_018] Round 48: tasks=960 success=1.000 reward=+1.500 loss=-0.0785 entropy=0.630 time=31.5s
2026-05-12 18:34:12,753 - [robot_018] Round 49: tasks=980 success=1.000 reward=+1.500 loss=-0.0785 entropy=0.618 time=25.2s
2026-05-12 18:35:35,898 - [robot_018] Policy loaded from /checkpoints/robot_018
2026-05-12 18:35:47,960 - [robot_018] Round 50: tasks=1000 success=1.000 reward=+1.500 loss=-0.0780 entropy=0.617 time=49.1s
2026-05-12 18:36:43,759 - [robot_018] Round 51: tasks=1020 success=0.950 reward=+1.410 loss=-0.0780 entropy=0.628 time=36.6s
2026-05-12 18:37:39,945 - [robot_018] Round 52: tasks=1040 success=0.900 reward=+1.320 loss=-0.0959 entropy=0.595 time=39.5s
2026-05-12 18:38:44,865 - [robot_018] Round 53: tasks=1060 success=0.900 reward=+1.320 loss=-0.0963 entropy=0.584 time=42.5s
2026-05-12 18:39:43,911 - [robot_018] Round 54: tasks=1080 success=0.900 reward=+1.320 loss=-0.0963 entropy=0.597 time=40.2s
2026-05-12 18:40:45,244 - [robot_018] Round 55: tasks=1100 success=0.950 reward=+1.410 loss=-0.0890 entropy=0.573 time=46.0s
2026-05-12 18:41:26,311 - [robot_018] Round 56: tasks=1120 success=0.950 reward=+1.410 loss=-0.0729 entropy=0.563 time=33.5s
2026-05-12 18:42:40,937 - [robot_018] Policy loaded from /checkpoints/robot_018
2026-05-12 18:42:42,478 - [robot_018] Round 57: tasks=1140 success=0.950 reward=+1.410 loss=-0.0729 entropy=0.559 time=55.4s
2026-05-12 18:43:27,196 - [robot_018] Round 58: tasks=1160 success=0.850 reward=+1.230 loss=-0.0990 entropy=0.558 time=44.7s
2026-05-12 18:44:17,550 - [robot_018] Round 59: tasks=1180 success=0.950 reward=+1.410 loss=-0.0990 entropy=0.559 time=41.0s
2026-05-12 18:45:05,547 - [robot_018] Round 60: tasks=1200 success=0.950 reward=+1.410 loss=-0.1128 entropy=0.552 time=43.1s
2026-05-12 18:46:05,823 - [robot_018] Round 61: tasks=1220 success=0.950 reward=+1.410 loss=-0.1235 entropy=0.541 time=45.4s
2026-05-12 18:46:56,067 - [robot_018] Round 62: tasks=1240 success=0.850 reward=+1.230 loss=-0.1235 entropy=0.539 time=45.6s
2026-05-12 18:47:42,283 - [robot_018] Round 63: tasks=1260 success=0.950 reward=+1.410 loss=-0.1106 entropy=0.501 time=40.6s
2026-05-12 18:48:37,119 - [robot_018] Round 64: tasks=1280 success=0.950 reward=+1.410 loss=-0.1248 entropy=0.502 time=38.0s
2026-05-12 18:49:30,826 - [robot_018] Round 65: tasks=1300 success=0.850 reward=+1.230 loss=-0.1248 entropy=0.485 time=44.0s
2026-05-12 18:50:19,015 - [robot_018] Round 66: tasks=1320 success=0.950 reward=+1.410 loss=-0.1221 entropy=0.486 time=43.5s
2026-05-12 18:51:03,703 - [robot_018] Round 67: tasks=1340 success=0.950 reward=+1.410 loss=-0.1221 entropy=0.457 time=34.3s
2026-05-12 18:52:12,509 - [robot_018] Round 68: tasks=1360 success=0.850 reward=+1.230 loss=-0.1187 entropy=0.424 time=50.4s
2026-05-12 18:52:52,463 - [robot_018] Round 69: tasks=1380 success=1.000 reward=+1.500 loss=-0.1153 entropy=0.437 time=36.4s
2026-05-12 18:53:47,769 - [robot_018] Round 70: tasks=1400 success=0.900 reward=+1.320 loss=-0.1153 entropy=0.492 time=39.8s
2026-05-12 18:54:33,871 - [robot_018] Round 71: tasks=1420 success=0.950 reward=+1.410 loss=-0.1093 entropy=0.439 time=35.3s
2026-05-12 18:55:27,359 - [robot_018] Round 72: tasks=1440 success=0.950 reward=+1.410 loss=-0.1328 entropy=0.444 time=39.2s
2026-05-12 18:56:12,080 - [robot_018] Round 73: tasks=1460 success=1.000 reward=+1.500 loss=-0.1328 entropy=0.412 time=30.1s
2026-05-12 18:57:00,957 - [robot_018] Round 74: tasks=1480 success=1.000 reward=+1.500 loss=-0.1454 entropy=0.438 time=31.2s
2026-05-12 18:58:05,500 - [robot_018] Round 75: tasks=1500 success=1.000 reward=+1.500 loss=-0.1454 entropy=0.410 time=44.6s
2026-05-12 18:58:52,928 - [robot_018] Round 76: tasks=1520 success=0.900 reward=+1.320 loss=-0.1685 entropy=0.396 time=39.7s
2026-05-12 18:59:42,457 - [robot_018] Round 77: tasks=1540 success=1.000 reward=+1.500 loss=-0.1626 entropy=0.370 time=33.0s
2026-05-12 19:00:46,648 - [robot_018] Round 78: tasks=1560 success=0.950 reward=+1.410 loss=-0.1626 entropy=0.369 time=40.1s
2026-05-12 19:01:42,455 - [robot_018] Round 79: tasks=1580 success=0.950 reward=+1.410 loss=-0.1471 entropy=0.368 time=41.8s
2026-05-12 19:02:44,670 - [robot_018] Round 80: tasks=1600 success=0.900 reward=+1.320 loss=-0.1837 entropy=0.341 time=44.4s
2026-05-12 19:03:30,354 - [robot_018] Round 81: tasks=1620 success=0.950 reward=+1.410 loss=-0.1837 entropy=0.351 time=34.6s
2026-05-12 19:04:25,562 - [robot_018] Round 82: tasks=1640 success=0.950 reward=+1.410 loss=-0.1295 entropy=0.338 time=35.1s
2026-05-12 19:05:20,263 - [robot_018] Round 83: tasks=1660 success=0.950 reward=+1.410 loss=-0.1295 entropy=0.318 time=33.8s
2026-05-12 19:06:26,010 - [robot_018] Round 84: tasks=1680 success=0.950 reward=+1.410 loss=-0.1635 entropy=0.370 time=42.1s
2026-05-12 19:07:15,880 - [robot_018] Round 85: tasks=1700 success=1.000 reward=+1.500 loss=-0.1830 entropy=0.313 time=32.7s
2026-05-12 19:08:13,936 - [robot_018] Round 86: tasks=1720 success=1.000 reward=+1.500 loss=-0.1830 entropy=0.303 time=36.4s
2026-05-12 19:09:03,147 - [robot_018] Round 87: tasks=1740 success=1.000 reward=+1.500 loss=-0.2127 entropy=0.277 time=36.1s
2026-05-12 19:09:59,715 - [robot_018] Round 88: tasks=1760 success=1.000 reward=+1.500 loss=-0.1934 entropy=0.285 time=38.9s
2026-05-12 19:10:53,781 - [robot_018] Round 89: tasks=1780 success=0.850 reward=+1.230 loss=-0.1934 entropy=0.307 time=39.2s
2026-05-12 19:11:46,002 - [robot_018] Round 90: tasks=1800 success=0.950 reward=+1.410 loss=-0.2238 entropy=0.266 time=42.9s
2026-05-12 19:12:35,192 - [robot_018] Round 91: tasks=1820 success=1.000 reward=+1.500 loss=-0.2238 entropy=0.291 time=34.6s
2026-05-12 19:13:21,642 - [robot_018] Round 92: tasks=1840 success=1.000 reward=+1.500 loss=-0.1997 entropy=0.342 time=33.8s
2026-05-12 19:14:20,270 - [robot_018] Round 93: tasks=1860 success=0.900 reward=+1.320 loss=-0.2497 entropy=0.261 time=43.6s
2026-05-12 19:15:07,595 - [robot_018] Round 94: tasks=1880 success=0.900 reward=+1.320 loss=-0.2497 entropy=0.238 time=36.7s
2026-05-12 19:16:14,821 - [robot_018] Round 95: tasks=1900 success=0.800 reward=+1.140 loss=-0.2126 entropy=0.240 time=46.6s
2026-05-12 19:17:02,015 - [robot_018] Round 96: tasks=1920 success=0.950 reward=+1.410 loss=-0.1985 entropy=0.253 time=40.0s
2026-05-12 19:17:53,345 - [robot_018] Round 97: tasks=1940 success=0.950 reward=+1.410 loss=-0.1985 entropy=0.284 time=39.0s
2026-05-12 19:18:50,317 - [robot_018] Round 98: tasks=1960 success=0.900 reward=+1.320 loss=-0.2589 entropy=0.234 time=41.7s
2026-05-12 19:19:30,216 - [robot_018] Round 99: tasks=1980 success=1.000 reward=+1.500 loss=-0.2589 entropy=0.255 time=27.3s
2026-05-12 19:20:34,664 - [robot_018] Round 100: tasks=2000 success=0.900 reward=+1.320 loss=-0.2057 entropy=0.251 time=38.5s
DEBUG flwr 2026-05-12 19:20:53,951 | connection.py:139 | gRPC channel closed
2026-05-12 19:20:53,951 - gRPC channel closed
INFO flwr 2026-05-12 19:20:53,952 | app.py:215 | Disconnect and shut down
2026-05-12 19:20:53,952 - Disconnect and shut down
2026-05-12 19:20:53,952 - [robot_018] All FL rounds complete
2026-05-12 19:20:54,097 - [robot_018] Shutdown complete
