2026-05-12 17:59:31,013 - [robot_010] Starting — server=n016.cluster.pssclabs.com:8470 type=gpu_specialist
INFO flwr 2026-05-12 17:59:33,480 | grpc.py:49 | Opened insecure gRPC connection (no certificates were passed)
2026-05-12 17:59:33,480 - Opened insecure gRPC connection (no certificates were passed)
DEBUG flwr 2026-05-12 17:59:33,481 | connection.py:42 | ChannelConnectivity.IDLE
2026-05-12 17:59:33,481 - ChannelConnectivity.IDLE
DEBUG flwr 2026-05-12 17:59:33,486 | connection.py:42 | ChannelConnectivity.READY
2026-05-12 17:59:33,486 - ChannelConnectivity.READY
2026-05-12 17:59:35,570 - [robot_010] Round 1: tasks=20 success=0.000 reward=-0.400 loss=0.0000 entropy=0.691 time=2.1s
2026-05-12 17:59:37,717 - [robot_010] Round 2: tasks=40 success=0.000 reward=-0.400 loss=0.0000 entropy=0.691 time=2.1s
2026-05-12 17:59:39,877 - [robot_010] Round 3: tasks=60 success=0.000 reward=-0.400 loss=0.0000 entropy=0.691 time=2.1s
2026-05-12 17:59:43,564 - [robot_010] Round 4: tasks=80 success=0.000 reward=-0.400 loss=-0.3589 entropy=0.692 time=3.6s
2026-05-12 17:59:47,224 - [robot_010] Round 5: tasks=100 success=0.000 reward=-0.400 loss=-0.3624 entropy=0.692 time=3.6s
2026-05-12 17:59:49,381 - [robot_010] Round 6: tasks=120 success=0.000 reward=-0.400 loss=-0.3624 entropy=0.692 time=2.1s
2026-05-12 17:59:53,043 - [robot_010] Round 7: tasks=140 success=0.000 reward=-0.400 loss=-0.3658 entropy=0.693 time=3.6s
2026-05-12 17:59:56,687 - [robot_010] Round 8: tasks=160 success=0.000 reward=-0.400 loss=-0.3694 entropy=0.693 time=3.6s
2026-05-12 17:59:58,870 - [robot_010] Round 9: tasks=180 success=0.000 reward=-0.400 loss=-0.3694 entropy=0.693 time=2.1s
2026-05-12 18:00:07,555 - [robot_010] Round 10: tasks=200 success=0.300 reward=+0.170 loss=-0.3728 entropy=0.693 time=8.6s
2026-05-12 18:00:09,761 - [robot_010] Round 11: tasks=220 success=0.000 reward=-0.400 loss=-0.3728 entropy=0.693 time=2.1s
2026-05-12 18:00:58,655 - [robot_010] Round 12: tasks=240 success=0.750 reward=+1.030 loss=-0.0089 entropy=0.693 time=34.8s
2026-05-12 18:01:28,691 - [robot_010] Round 13: tasks=260 success=0.150 reward=-0.110 loss=-0.0093 entropy=0.693 time=13.3s
2026-05-12 18:02:12,108 - [robot_010] Round 14: tasks=280 success=0.950 reward=+1.410 loss=-0.0093 entropy=0.693 time=33.2s
2026-05-12 18:03:11,818 - [robot_010] Round 15: tasks=300 success=0.700 reward=+0.940 loss=-0.0126 entropy=0.693 time=42.3s
2026-05-12 18:03:25,677 - [robot_010] Policy loaded from /checkpoints/robot_010
2026-05-12 18:03:59,058 - [robot_010] Round 16: tasks=320 success=0.500 reward=+0.560 loss=-0.0140 entropy=0.693 time=45.7s
2026-05-12 18:04:56,208 - [robot_010] Round 17: tasks=340 success=0.850 reward=+1.225 loss=-0.0140 entropy=0.693 time=46.6s
2026-05-12 18:06:10,691 - [robot_010] Round 18: tasks=360 success=0.750 reward=+1.045 loss=-0.0143 entropy=0.693 time=58.5s
2026-05-12 18:07:02,047 - [robot_010] Round 19: tasks=380 success=0.850 reward=+1.230 loss=-0.0143 entropy=0.693 time=50.1s
2026-05-12 18:07:51,936 - [robot_010] Round 20: tasks=400 success=0.900 reward=+1.320 loss=-0.0180 entropy=0.692 time=48.1s
2026-05-12 18:08:51,332 - [robot_010] Round 21: tasks=420 success=0.950 reward=+1.410 loss=-0.0192 entropy=0.692 time=49.9s
2026-05-12 18:09:30,778 - [robot_010] Round 22: tasks=440 success=0.950 reward=+1.410 loss=-0.0192 entropy=0.692 time=31.1s
2026-05-12 18:10:38,232 - [robot_010] Round 23: tasks=460 success=0.900 reward=+1.320 loss=-0.0202 entropy=0.691 time=45.5s
2026-05-12 18:11:33,220 - [robot_010] Round 24: tasks=480 success=0.900 reward=+1.320 loss=-0.0246 entropy=0.690 time=45.8s
2026-05-12 18:12:31,180 - [robot_010] Round 25: tasks=500 success=0.900 reward=+1.320 loss=-0.0246 entropy=0.690 time=45.5s
2026-05-12 18:12:53,462 - [robot_010] Policy loaded from /checkpoints/robot_010
2026-05-12 18:13:27,814 - [robot_010] Round 26: tasks=520 success=0.950 reward=+1.410 loss=-0.0252 entropy=0.690 time=46.5s
2026-05-12 18:14:01,135 - [robot_010] Round 27: tasks=540 success=1.000 reward=+1.500 loss=-0.0252 entropy=0.689 time=28.0s
2026-05-12 18:14:51,838 - [robot_010] Round 28: tasks=560 success=1.000 reward=+1.500 loss=-0.0321 entropy=0.689 time=25.9s
2026-05-12 18:16:02,797 - [robot_010] Round 29: tasks=580 success=0.950 reward=+1.410 loss=-0.0301 entropy=0.689 time=43.0s
2026-05-12 18:17:09,031 - [robot_010] Round 30: tasks=600 success=0.800 reward=+1.140 loss=-0.0301 entropy=0.687 time=56.3s
2026-05-12 18:18:03,808 - [robot_010] Round 31: tasks=620 success=0.900 reward=+1.320 loss=-0.0404 entropy=0.683 time=54.1s
2026-05-12 18:18:54,012 - [robot_010] Round 32: tasks=640 success=0.850 reward=+1.230 loss=-0.0403 entropy=0.684 time=50.0s
2026-05-12 18:19:22,062 - [robot_010] Round 33: tasks=660 success=0.950 reward=+1.410 loss=-0.0403 entropy=0.682 time=27.6s
2026-05-12 18:20:09,146 - [robot_010] Round 34: tasks=680 success=1.000 reward=+1.500 loss=-0.0393 entropy=0.680 time=27.9s
2026-05-12 18:21:28,415 - [robot_010] Round 35: tasks=700 success=0.900 reward=+1.320 loss=-0.0393 entropy=0.680 time=45.9s
2026-05-12 18:21:44,745 - [robot_010] Policy loaded from /checkpoints/robot_010
2026-05-12 18:22:20,095 - [robot_010] Round 36: tasks=720 success=0.950 reward=+1.410 loss=-0.0438 entropy=0.675 time=48.5s
2026-05-12 18:23:17,703 - [robot_010] Round 37: tasks=740 success=0.800 reward=+1.140 loss=-0.0430 entropy=0.674 time=52.5s
2026-05-12 18:24:13,051 - [robot_010] Round 38: tasks=760 success=0.900 reward=+1.320 loss=-0.0430 entropy=0.672 time=47.8s
2026-05-12 18:25:02,779 - [robot_010] Round 39: tasks=780 success=0.900 reward=+1.320 loss=-0.0509 entropy=0.670 time=41.8s
2026-05-12 18:26:07,858 - [robot_010] Round 40: tasks=800 success=0.850 reward=+1.230 loss=-0.0500 entropy=0.671 time=48.9s
2026-05-12 18:26:55,058 - [robot_010] Round 41: tasks=820 success=0.900 reward=+1.320 loss=-0.0500 entropy=0.669 time=37.7s
2026-05-12 18:27:59,327 - [robot_010] Round 42: tasks=840 success=0.800 reward=+1.140 loss=-0.0646 entropy=0.661 time=49.9s
2026-05-12 18:28:53,561 - [robot_010] Round 43: tasks=860 success=0.900 reward=+1.320 loss=-0.0646 entropy=0.662 time=50.8s
2026-05-12 18:29:54,011 - [robot_010] Round 44: tasks=880 success=0.900 reward=+1.320 loss=-0.0576 entropy=0.657 time=55.2s
2026-05-12 18:30:36,018 - [robot_010] Round 45: tasks=900 success=0.950 reward=+1.410 loss=-0.0540 entropy=0.643 time=36.6s
2026-05-12 18:31:09,338 - [robot_010] Policy loaded from /checkpoints/robot_010
2026-05-12 18:31:43,719 - [robot_010] Round 46: tasks=920 success=0.900 reward=+1.320 loss=-0.0540 entropy=0.654 time=45.6s
2026-05-12 18:32:40,092 - [robot_010] Round 47: tasks=940 success=0.900 reward=+1.320 loss=-0.0744 entropy=0.641 time=46.6s
2026-05-12 18:33:17,217 - [robot_010] Round 48: tasks=960 success=0.950 reward=+1.410 loss=-0.0831 entropy=0.616 time=30.5s
2026-05-12 18:34:27,975 - [robot_010] Round 49: tasks=980 success=0.900 reward=+1.320 loss=-0.0831 entropy=0.620 time=40.4s
2026-05-12 18:35:37,007 - [robot_010] Round 50: tasks=1000 success=0.900 reward=+1.320 loss=-0.0766 entropy=0.618 time=38.1s
2026-05-12 18:36:53,980 - [robot_010] Round 51: tasks=1020 success=0.900 reward=+1.320 loss=-0.0766 entropy=0.614 time=46.9s
2026-05-12 18:37:43,059 - [robot_010] Round 52: tasks=1040 success=0.950 reward=+1.410 loss=-0.0560 entropy=0.622 time=42.6s
2026-05-12 18:39:01,167 - [robot_010] Policy loaded from /checkpoints/robot_010
2026-05-12 18:39:03,687 - [robot_010] Round 53: tasks=1060 success=1.000 reward=+1.500 loss=-0.0953 entropy=0.588 time=61.4s
2026-05-12 18:39:48,334 - [robot_010] Round 54: tasks=1080 success=0.850 reward=+1.230 loss=-0.0953 entropy=0.605 time=44.6s
2026-05-12 18:40:52,789 - [robot_010] Round 55: tasks=1100 success=0.850 reward=+1.230 loss=-0.0884 entropy=0.589 time=53.6s
2026-05-12 18:41:47,000 - [robot_010] Round 56: tasks=1120 success=0.900 reward=+1.320 loss=-0.0974 entropy=0.579 time=54.2s
2026-05-12 18:42:28,215 - [robot_010] Round 57: tasks=1140 success=0.900 reward=+1.320 loss=-0.0974 entropy=0.586 time=41.2s
2026-05-12 18:43:36,495 - [robot_010] Round 58: tasks=1160 success=0.850 reward=+1.230 loss=-0.0787 entropy=0.563 time=54.0s
2026-05-12 18:44:20,581 - [robot_010] Round 59: tasks=1180 success=0.950 reward=+1.410 loss=-0.0787 entropy=0.581 time=44.0s
2026-05-12 18:45:15,659 - [robot_010] Round 60: tasks=1200 success=0.900 reward=+1.320 loss=-0.1229 entropy=0.550 time=53.2s
2026-05-12 18:45:48,949 - [robot_010] Round 61: tasks=1220 success=1.000 reward=+1.500 loss=-0.1105 entropy=0.555 time=28.5s
2026-05-12 18:47:01,315 - [robot_010] Round 62: tasks=1240 success=0.850 reward=+1.230 loss=-0.1105 entropy=0.562 time=50.8s
2026-05-12 18:47:52,363 - [robot_010] Round 63: tasks=1260 success=0.900 reward=+1.320 loss=-0.1061 entropy=0.541 time=50.6s
2026-05-12 18:48:42,901 - [robot_010] Round 64: tasks=1280 success=0.900 reward=+1.320 loss=-0.1299 entropy=0.524 time=43.8s
2026-05-12 18:49:33,726 - [robot_010] Round 65: tasks=1300 success=0.900 reward=+1.320 loss=-0.1299 entropy=0.499 time=46.9s
2026-05-12 18:50:25,052 - [robot_010] Round 66: tasks=1320 success=0.900 reward=+1.320 loss=-0.1103 entropy=0.504 time=49.5s
2026-05-12 18:51:15,386 - [robot_010] Round 67: tasks=1340 success=0.900 reward=+1.320 loss=-0.1103 entropy=0.520 time=46.0s
2026-05-12 18:52:15,018 - [robot_010] Round 68: tasks=1360 success=0.850 reward=+1.230 loss=-0.1419 entropy=0.503 time=52.9s
2026-05-12 18:53:03,865 - [robot_010] Round 69: tasks=1380 success=0.900 reward=+1.320 loss=-0.1174 entropy=0.434 time=47.8s
2026-05-12 18:53:53,080 - [robot_010] Round 70: tasks=1400 success=0.850 reward=+1.230 loss=-0.1174 entropy=0.485 time=45.1s
2026-05-12 18:54:28,939 - [robot_010] Round 71: tasks=1420 success=1.000 reward=+1.500 loss=-0.1403 entropy=0.453 time=30.4s
2026-05-12 18:55:28,112 - [robot_010] Round 72: tasks=1440 success=0.950 reward=+1.410 loss=-0.1486 entropy=0.439 time=40.0s
2026-05-12 18:56:16,803 - [robot_010] Round 73: tasks=1460 success=0.900 reward=+1.320 loss=-0.1486 entropy=0.433 time=34.9s
2026-05-12 18:57:15,975 - [robot_010] Round 74: tasks=1480 success=0.850 reward=+1.230 loss=-0.1251 entropy=0.418 time=46.2s
2026-05-12 18:58:05,393 - [robot_010] Round 75: tasks=1500 success=0.900 reward=+1.320 loss=-0.1251 entropy=0.452 time=44.5s
2026-05-12 18:58:59,943 - [robot_010] Round 76: tasks=1520 success=0.950 reward=+1.410 loss=-0.1169 entropy=0.443 time=46.7s
2026-05-12 18:59:47,163 - [robot_010] Round 77: tasks=1540 success=0.950 reward=+1.410 loss=-0.1363 entropy=0.436 time=37.8s
2026-05-12 19:00:59,051 - [robot_010] Round 78: tasks=1560 success=0.850 reward=+1.230 loss=-0.1363 entropy=0.442 time=52.5s
2026-05-12 19:01:54,023 - [robot_010] Round 79: tasks=1580 success=0.850 reward=+1.230 loss=-0.1326 entropy=0.421 time=53.4s
2026-05-12 19:02:40,884 - [robot_010] Round 80: tasks=1600 success=0.950 reward=+1.410 loss=-0.2089 entropy=0.413 time=40.6s
2026-05-12 19:03:42,049 - [robot_010] Round 81: tasks=1620 success=0.900 reward=+1.320 loss=-0.2089 entropy=0.388 time=46.3s
2026-05-12 19:04:40,967 - [robot_010] Round 82: tasks=1640 success=0.850 reward=+1.230 loss=-0.1461 entropy=0.347 time=50.5s
2026-05-12 19:05:31,846 - [robot_010] Round 83: tasks=1660 success=0.900 reward=+1.320 loss=-0.1461 entropy=0.402 time=45.4s
2026-05-12 19:06:32,574 - [robot_010] Round 84: tasks=1680 success=0.900 reward=+1.320 loss=-0.1777 entropy=0.358 time=48.6s
2026-05-12 19:07:28,545 - [robot_010] Round 85: tasks=1700 success=0.950 reward=+1.410 loss=-0.1543 entropy=0.365 time=45.4s
2026-05-12 19:08:24,634 - [robot_010] Round 86: tasks=1720 success=0.900 reward=+1.320 loss=-0.1543 entropy=0.379 time=47.1s
2026-05-12 19:09:10,920 - [robot_010] Round 87: tasks=1740 success=0.900 reward=+1.320 loss=-0.1666 entropy=0.333 time=43.9s
2026-05-12 19:10:14,419 - [robot_010] Round 88: tasks=1760 success=0.900 reward=+1.320 loss=-0.1954 entropy=0.375 time=53.6s
2026-05-12 19:10:43,931 - [robot_010] Round 89: tasks=1780 success=1.000 reward=+1.500 loss=-0.1954 entropy=0.420 time=29.4s
2026-05-12 19:11:58,702 - [robot_010] Round 90: tasks=1800 success=0.900 reward=+1.320 loss=-0.1388 entropy=0.346 time=55.6s
2026-05-12 19:12:45,789 - [robot_010] Round 91: tasks=1820 success=0.950 reward=+1.410 loss=-0.1388 entropy=0.312 time=45.2s
2026-05-12 19:13:32,244 - [robot_010] Round 92: tasks=1840 success=0.900 reward=+1.320 loss=-0.1653 entropy=0.340 time=44.4s
2026-05-12 19:14:22,881 - [robot_010] Round 93: tasks=1860 success=0.950 reward=+1.410 loss=-0.1315 entropy=0.287 time=46.2s
2026-05-12 19:15:10,272 - [robot_010] Round 94: tasks=1880 success=0.900 reward=+1.320 loss=-0.1315 entropy=0.356 time=39.3s
2026-05-12 19:16:18,374 - [robot_010] Round 95: tasks=1900 success=0.900 reward=+1.320 loss=-0.2118 entropy=0.323 time=50.2s
2026-05-12 19:17:14,308 - [robot_010] Round 96: tasks=1920 success=0.900 reward=+1.320 loss=-0.2048 entropy=0.296 time=52.3s
2026-05-12 19:18:00,643 - [robot_010] Round 97: tasks=1940 success=0.900 reward=+1.320 loss=-0.2048 entropy=0.288 time=46.3s
2026-05-12 19:18:55,722 - [robot_010] Round 98: tasks=1960 success=0.950 reward=+1.410 loss=-0.2042 entropy=0.340 time=47.1s
2026-05-12 19:19:44,422 - [robot_010] Round 99: tasks=1980 success=0.950 reward=+1.410 loss=-0.2042 entropy=0.294 time=41.5s
2026-05-12 19:20:37,304 - [robot_010] Round 100: tasks=2000 success=0.950 reward=+1.410 loss=-0.2426 entropy=0.341 time=41.1s
DEBUG flwr 2026-05-12 19:20:53,951 | connection.py:139 | gRPC channel closed
2026-05-12 19:20:53,951 - gRPC channel closed
INFO flwr 2026-05-12 19:20:53,952 | app.py:215 | Disconnect and shut down
2026-05-12 19:20:53,952 - Disconnect and shut down
2026-05-12 19:20:53,952 - [robot_010] All FL rounds complete
2026-05-12 19:20:54,092 - [robot_010] Shutdown complete
