2026-05-12 17:59:00,480 - [robot_008] Starting — server=n016.cluster.pssclabs.com:8470 type=gpu_specialist
INFO flwr 2026-05-12 17:59:03,013 | grpc.py:49 | Opened insecure gRPC connection (no certificates were passed)
2026-05-12 17:59:03,013 - Opened insecure gRPC connection (no certificates were passed)
DEBUG flwr 2026-05-12 17:59:03,014 | connection.py:42 | ChannelConnectivity.IDLE
2026-05-12 17:59:03,014 - ChannelConnectivity.IDLE
DEBUG flwr 2026-05-12 17:59:03,017 | connection.py:42 | ChannelConnectivity.CONNECTING
2026-05-12 17:59:03,017 - ChannelConnectivity.CONNECTING
DEBUG flwr 2026-05-12 17:59:03,018 | connection.py:42 | ChannelConnectivity.READY
2026-05-12 17:59:03,018 - ChannelConnectivity.READY
2026-05-12 17:59:35,572 - [robot_008] Round 1: tasks=20 success=0.000 reward=-0.400 loss=0.0000 entropy=0.691 time=2.1s
2026-05-12 17:59:37,715 - [robot_008] Round 2: tasks=40 success=0.000 reward=-0.400 loss=0.0000 entropy=0.691 time=2.1s
2026-05-12 17:59:39,877 - [robot_008] Round 3: tasks=60 success=0.000 reward=-0.400 loss=0.0000 entropy=0.691 time=2.1s
2026-05-12 17:59:43,532 - [robot_008] Round 4: tasks=80 success=0.000 reward=-0.400 loss=-0.3587 entropy=0.692 time=3.6s
2026-05-12 17:59:47,233 - [robot_008] Round 5: tasks=100 success=0.000 reward=-0.400 loss=-0.3623 entropy=0.692 time=3.6s
2026-05-12 17:59:49,381 - [robot_008] Round 6: tasks=120 success=0.000 reward=-0.400 loss=-0.3623 entropy=0.692 time=2.1s
2026-05-12 17:59:53,070 - [robot_008] Round 7: tasks=140 success=0.000 reward=-0.400 loss=-0.3657 entropy=0.693 time=3.6s
2026-05-12 17:59:56,728 - [robot_008] Round 8: tasks=160 success=0.000 reward=-0.400 loss=-0.3693 entropy=0.693 time=3.6s
2026-05-12 17:59:58,869 - [robot_008] Round 9: tasks=180 success=0.000 reward=-0.400 loss=-0.3693 entropy=0.693 time=2.1s
2026-05-12 18:00:07,576 - [robot_008] Round 10: tasks=200 success=0.400 reward=+0.360 loss=-0.3728 entropy=0.693 time=8.6s
2026-05-12 18:00:09,749 - [robot_008] Round 11: tasks=220 success=0.000 reward=-0.400 loss=-0.3728 entropy=0.693 time=2.1s
2026-05-12 18:00:57,849 - [robot_008] Round 12: tasks=240 success=0.700 reward=+0.940 loss=-0.0085 entropy=0.693 time=34.0s
2026-05-12 18:01:23,103 - [robot_008] Round 13: tasks=260 success=0.150 reward=-0.115 loss=-0.0104 entropy=0.693 time=7.7s
2026-05-12 18:02:21,641 - [robot_008] Round 14: tasks=280 success=0.950 reward=+1.410 loss=-0.0104 entropy=0.693 time=42.7s
2026-05-12 18:02:42,819 - [robot_008] Policy loaded from /checkpoints/robot_008
2026-05-12 18:03:07,537 - [robot_008] Round 15: tasks=300 success=0.900 reward=+1.315 loss=-0.0110 entropy=0.693 time=38.0s
2026-05-12 18:03:56,858 - [robot_008] Round 16: tasks=320 success=0.850 reward=+1.220 loss=-0.0128 entropy=0.693 time=43.5s
2026-05-12 18:04:37,575 - [robot_008] Round 17: tasks=340 success=0.950 reward=+1.405 loss=-0.0128 entropy=0.693 time=28.0s
2026-05-12 18:05:59,024 - [robot_008] Round 18: tasks=360 success=0.900 reward=+1.320 loss=-0.0145 entropy=0.693 time=46.8s
2026-05-12 18:06:53,141 - [robot_008] Round 19: tasks=380 success=0.950 reward=+1.410 loss=-0.0145 entropy=0.693 time=41.2s
2026-05-12 18:07:44,762 - [robot_008] Round 20: tasks=400 success=1.000 reward=+1.500 loss=-0.0165 entropy=0.692 time=40.9s
2026-05-12 18:08:35,747 - [robot_008] Round 21: tasks=420 success=1.000 reward=+1.500 loss=-0.0198 entropy=0.692 time=34.3s
2026-05-12 18:09:32,783 - [robot_008] Round 22: tasks=440 success=0.950 reward=+1.410 loss=-0.0198 entropy=0.692 time=33.1s
2026-05-12 18:10:20,780 - [robot_008] Round 23: tasks=460 success=1.000 reward=+1.500 loss=-0.0214 entropy=0.691 time=28.1s
2026-05-12 18:11:28,143 - [robot_008] Round 24: tasks=480 success=0.950 reward=+1.410 loss=-0.0264 entropy=0.690 time=40.7s
2026-05-12 18:12:00,784 - [robot_008] Policy loaded from /checkpoints/robot_008
2026-05-12 18:12:29,721 - [robot_008] Round 25: tasks=500 success=1.000 reward=+1.500 loss=-0.0264 entropy=0.690 time=44.1s
2026-05-12 18:13:19,882 - [robot_008] Round 26: tasks=520 success=0.950 reward=+1.410 loss=-0.0277 entropy=0.690 time=38.6s
2026-05-12 18:14:09,135 - [robot_008] Round 27: tasks=540 success=0.950 reward=+1.410 loss=-0.0277 entropy=0.689 time=36.0s
2026-05-12 18:14:54,002 - [robot_008] Round 28: tasks=560 success=1.000 reward=+1.500 loss=-0.0318 entropy=0.688 time=28.0s
2026-05-12 18:16:04,113 - [robot_008] Round 29: tasks=580 success=1.000 reward=+1.500 loss=-0.0362 entropy=0.686 time=44.3s
2026-05-12 18:16:50,189 - [robot_008] Round 30: tasks=600 success=0.950 reward=+1.410 loss=-0.0362 entropy=0.686 time=37.4s
2026-05-12 18:17:43,039 - [robot_008] Round 31: tasks=620 success=0.950 reward=+1.410 loss=-0.0392 entropy=0.684 time=33.3s
2026-05-12 18:18:39,928 - [robot_008] Round 32: tasks=640 success=0.950 reward=+1.410 loss=-0.0457 entropy=0.681 time=35.9s
2026-05-12 18:19:23,136 - [robot_008] Round 33: tasks=660 success=0.950 reward=+1.410 loss=-0.0457 entropy=0.683 time=28.7s
2026-05-12 18:20:18,474 - [robot_008] Round 34: tasks=680 success=0.950 reward=+1.410 loss=-0.0472 entropy=0.679 time=37.2s
2026-05-12 18:20:55,702 - [robot_008] Policy loaded from /checkpoints/robot_008
2026-05-12 18:21:25,408 - [robot_008] Round 35: tasks=700 success=0.950 reward=+1.410 loss=-0.0472 entropy=0.682 time=42.9s
2026-05-12 18:21:59,789 - [robot_008] Round 36: tasks=720 success=1.000 reward=+1.500 loss=-0.0518 entropy=0.674 time=28.2s
2026-05-12 18:23:12,922 - [robot_008] Round 37: tasks=740 success=0.900 reward=+1.320 loss=-0.0558 entropy=0.666 time=47.7s
2026-05-12 18:23:58,501 - [robot_008] Round 38: tasks=760 success=1.000 reward=+1.500 loss=-0.0558 entropy=0.670 time=33.3s
2026-05-12 18:24:54,717 - [robot_008] Round 39: tasks=780 success=1.000 reward=+1.500 loss=-0.0512 entropy=0.662 time=33.8s
2026-05-12 18:26:05,426 - [robot_008] Round 40: tasks=800 success=0.900 reward=+1.320 loss=-0.0598 entropy=0.664 time=46.5s
2026-05-12 18:26:48,693 - [robot_008] Round 41: tasks=820 success=1.000 reward=+1.500 loss=-0.0598 entropy=0.664 time=31.4s
2026-05-12 18:27:44,919 - [robot_008] Round 42: tasks=840 success=0.950 reward=+1.410 loss=-0.0692 entropy=0.657 time=35.5s
2026-05-12 18:28:35,179 - [robot_008] Round 43: tasks=860 success=1.000 reward=+1.500 loss=-0.0692 entropy=0.651 time=32.5s
2026-05-12 18:29:40,277 - [robot_008] Round 44: tasks=880 success=0.950 reward=+1.410 loss=-0.0729 entropy=0.651 time=41.5s
2026-05-12 18:30:13,086 - [robot_008] Policy loaded from /checkpoints/robot_008
2026-05-12 18:30:47,710 - [robot_008] Round 45: tasks=900 success=0.950 reward=+1.410 loss=-0.0658 entropy=0.628 time=48.3s
2026-05-12 18:31:30,827 - [robot_008] Round 46: tasks=920 success=1.000 reward=+1.500 loss=-0.0658 entropy=0.636 time=32.7s
2026-05-12 18:32:25,240 - [robot_008] Round 47: tasks=940 success=1.000 reward=+1.500 loss=-0.0805 entropy=0.623 time=31.7s
2026-05-12 18:33:30,481 - [robot_008] Round 48: tasks=960 success=1.000 reward=+1.500 loss=-0.0798 entropy=0.618 time=43.8s
2026-05-12 18:34:11,377 - [robot_008] Round 49: tasks=980 success=1.000 reward=+1.500 loss=-0.0798 entropy=0.631 time=23.8s
2026-05-12 18:35:39,968 - [robot_008] Round 50: tasks=1000 success=0.950 reward=+1.410 loss=-0.1017 entropy=0.605 time=41.1s
2026-05-12 18:36:43,004 - [robot_008] Round 51: tasks=1020 success=1.000 reward=+1.500 loss=-0.1017 entropy=0.604 time=35.9s
2026-05-12 18:37:59,922 - [robot_008] Policy loaded from /checkpoints/robot_008
2026-05-12 18:38:02,276 - [robot_008] Round 52: tasks=1040 success=0.900 reward=+1.320 loss=-0.0975 entropy=0.605 time=61.9s
2026-05-12 18:38:37,379 - [robot_008] Round 53: tasks=1060 success=0.950 reward=+1.410 loss=-0.0886 entropy=0.595 time=35.1s
2026-05-12 18:39:33,394 - [robot_008] Round 54: tasks=1080 success=1.000 reward=+1.500 loss=-0.0886 entropy=0.590 time=29.7s
2026-05-12 18:40:45,099 - [robot_008] Round 55: tasks=1100 success=0.900 reward=+1.320 loss=-0.1122 entropy=0.560 time=45.9s
2026-05-12 18:41:29,866 - [robot_008] Round 56: tasks=1120 success=0.950 reward=+1.410 loss=-0.1232 entropy=0.541 time=37.0s
2026-05-12 18:42:19,335 - [robot_008] Round 57: tasks=1140 success=1.000 reward=+1.500 loss=-0.1232 entropy=0.566 time=32.3s
2026-05-12 18:43:18,035 - [robot_008] Round 58: tasks=1160 success=1.000 reward=+1.500 loss=-0.0965 entropy=0.523 time=35.5s
2026-05-12 18:44:03,905 - [robot_008] Round 59: tasks=1180 success=1.000 reward=+1.500 loss=-0.0965 entropy=0.542 time=27.4s
2026-05-12 18:45:00,980 - [robot_008] Round 60: tasks=1200 success=1.000 reward=+1.500 loss=-0.1298 entropy=0.567 time=38.5s
2026-05-12 18:45:52,606 - [robot_008] Round 61: tasks=1220 success=0.950 reward=+1.410 loss=-0.1427 entropy=0.518 time=32.2s
2026-05-12 18:46:35,173 - [robot_008] Round 62: tasks=1240 success=1.000 reward=+1.500 loss=-0.1427 entropy=0.520 time=24.7s
2026-05-12 18:47:39,130 - [robot_008] Round 63: tasks=1260 success=0.950 reward=+1.410 loss=-0.1422 entropy=0.529 time=37.4s
2026-05-12 18:48:31,287 - [robot_008] Round 64: tasks=1280 success=1.000 reward=+1.500 loss=-0.1616 entropy=0.473 time=32.2s
2026-05-12 18:49:18,247 - [robot_008] Round 65: tasks=1300 success=0.950 reward=+1.410 loss=-0.1616 entropy=0.497 time=31.4s
2026-05-12 18:50:10,351 - [robot_008] Round 66: tasks=1320 success=0.950 reward=+1.410 loss=-0.1001 entropy=0.450 time=34.8s
2026-05-12 18:51:05,010 - [robot_008] Round 67: tasks=1340 success=0.950 reward=+1.410 loss=-0.1001 entropy=0.463 time=35.6s
2026-05-12 18:51:52,986 - [robot_008] Round 68: tasks=1360 success=1.000 reward=+1.500 loss=-0.1451 entropy=0.459 time=30.9s
2026-05-12 18:52:48,575 - [robot_008] Round 69: tasks=1380 success=1.000 reward=+1.500 loss=-0.1256 entropy=0.440 time=32.5s
2026-05-12 18:53:44,590 - [robot_008] Round 70: tasks=1400 success=0.900 reward=+1.320 loss=-0.1256 entropy=0.435 time=36.6s
2026-05-12 18:54:29,739 - [robot_008] Round 71: tasks=1420 success=1.000 reward=+1.500 loss=-0.1611 entropy=0.399 time=31.2s
2026-05-12 18:55:31,249 - [robot_008] Round 72: tasks=1440 success=0.900 reward=+1.320 loss=-0.1860 entropy=0.408 time=43.1s
2026-05-12 18:56:13,073 - [robot_008] Round 73: tasks=1460 success=1.000 reward=+1.500 loss=-0.1860 entropy=0.445 time=31.1s
2026-05-12 18:57:06,138 - [robot_008] Round 74: tasks=1480 success=0.950 reward=+1.410 loss=-0.1753 entropy=0.441 time=36.4s
2026-05-12 18:57:58,868 - [robot_008] Round 75: tasks=1500 success=0.950 reward=+1.410 loss=-0.1753 entropy=0.409 time=38.0s
2026-05-12 18:58:50,496 - [robot_008] Round 76: tasks=1520 success=0.950 reward=+1.410 loss=-0.1664 entropy=0.392 time=37.3s
2026-05-12 18:59:50,118 - [robot_008] Round 77: tasks=1540 success=0.950 reward=+1.410 loss=-0.1222 entropy=0.399 time=40.7s
2026-05-12 19:00:38,269 - [robot_008] Round 78: tasks=1560 success=0.950 reward=+1.410 loss=-0.1222 entropy=0.402 time=31.7s
2026-05-12 19:01:45,844 - [robot_008] Round 79: tasks=1580 success=0.950 reward=+1.410 loss=-0.1369 entropy=0.352 time=45.2s
2026-05-12 19:02:36,885 - [robot_008] Round 80: tasks=1600 success=0.950 reward=+1.410 loss=-0.1741 entropy=0.332 time=36.6s
2026-05-12 19:03:31,908 - [robot_008] Round 81: tasks=1620 success=0.950 reward=+1.410 loss=-0.1741 entropy=0.363 time=36.2s
2026-05-12 19:04:24,384 - [robot_008] Round 82: tasks=1640 success=0.950 reward=+1.410 loss=-0.1805 entropy=0.329 time=33.9s
2026-05-12 19:05:31,082 - [robot_008] Round 83: tasks=1660 success=1.000 reward=+1.500 loss=-0.1805 entropy=0.367 time=44.6s
2026-05-12 19:06:20,661 - [robot_008] Round 84: tasks=1680 success=1.000 reward=+1.500 loss=-0.2111 entropy=0.325 time=36.7s
2026-05-12 19:07:18,637 - [robot_008] Round 85: tasks=1700 success=1.000 reward=+1.500 loss=-0.0930 entropy=0.367 time=35.4s
2026-05-12 19:08:10,621 - [robot_008] Round 86: tasks=1720 success=0.900 reward=+1.320 loss=-0.0930 entropy=0.302 time=33.0s
2026-05-12 19:09:07,575 - [robot_008] Round 87: tasks=1740 success=0.950 reward=+1.410 loss=-0.1807 entropy=0.329 time=40.5s
2026-05-12 19:09:53,892 - [robot_008] Round 88: tasks=1760 success=0.950 reward=+1.410 loss=-0.1716 entropy=0.287 time=33.1s
2026-05-12 19:10:42,567 - [robot_008] Round 89: tasks=1780 success=0.950 reward=+1.410 loss=-0.1716 entropy=0.324 time=28.0s
2026-05-12 19:11:46,101 - [robot_008] Round 90: tasks=1800 success=1.000 reward=+1.500 loss=-0.1928 entropy=0.326 time=43.0s
2026-05-12 19:12:28,571 - [robot_008] Round 91: tasks=1820 success=1.000 reward=+1.500 loss=-0.1928 entropy=0.274 time=28.0s
2026-05-12 19:13:18,116 - [robot_008] Round 92: tasks=1840 success=1.000 reward=+1.500 loss=-0.1166 entropy=0.294 time=30.3s
2026-05-12 19:14:09,947 - [robot_008] Round 93: tasks=1860 success=1.000 reward=+1.500 loss=-0.1789 entropy=0.254 time=33.3s
2026-05-12 19:15:08,745 - [robot_008] Round 94: tasks=1880 success=1.000 reward=+1.500 loss=-0.1789 entropy=0.244 time=37.8s
2026-05-12 19:16:03,525 - [robot_008] Round 95: tasks=1900 success=1.000 reward=+1.500 loss=-0.2560 entropy=0.242 time=35.3s
2026-05-12 19:16:59,793 - [robot_008] Round 96: tasks=1920 success=1.000 reward=+1.500 loss=-0.2627 entropy=0.257 time=37.8s
2026-05-12 19:17:53,341 - [robot_008] Round 97: tasks=1940 success=0.950 reward=+1.410 loss=-0.2627 entropy=0.284 time=39.0s
2026-05-12 19:18:41,636 - [robot_008] Round 98: tasks=1960 success=1.000 reward=+1.500 loss=-0.1561 entropy=0.223 time=33.0s
2026-05-12 19:19:31,378 - [robot_008] Round 99: tasks=1980 success=1.000 reward=+1.500 loss=-0.1561 entropy=0.269 time=28.5s
2026-05-12 19:20:30,530 - [robot_008] Round 100: tasks=2000 success=1.000 reward=+1.500 loss=-0.2156 entropy=0.246 time=34.3s
DEBUG flwr 2026-05-12 19:20:53,952 | connection.py:139 | gRPC channel closed
2026-05-12 19:20:53,952 - gRPC channel closed
INFO flwr 2026-05-12 19:20:53,952 | app.py:215 | Disconnect and shut down
2026-05-12 19:20:53,952 - Disconnect and shut down
2026-05-12 19:20:53,952 - [robot_008] All FL rounds complete
2026-05-12 19:20:54,096 - [robot_008] Shutdown complete
