2026-05-12 17:59:31,012 - [robot_012] Starting — server=n016.cluster.pssclabs.com:8470 type=gpu_specialist
INFO flwr 2026-05-12 17:59:33,480 | grpc.py:49 | Opened insecure gRPC connection (no certificates were passed)
2026-05-12 17:59:33,480 - Opened insecure gRPC connection (no certificates were passed)
DEBUG flwr 2026-05-12 17:59:33,481 | connection.py:42 | ChannelConnectivity.IDLE
2026-05-12 17:59:33,481 - ChannelConnectivity.IDLE
DEBUG flwr 2026-05-12 17:59:33,484 | connection.py:42 | ChannelConnectivity.CONNECTING
2026-05-12 17:59:33,484 - ChannelConnectivity.CONNECTING
DEBUG flwr 2026-05-12 17:59:33,496 | connection.py:42 | ChannelConnectivity.READY
2026-05-12 17:59:33,496 - ChannelConnectivity.READY
2026-05-12 17:59:35,571 - [robot_012] Round 1: tasks=20 success=0.000 reward=-0.400 loss=0.0000 entropy=0.691 time=2.1s
2026-05-12 17:59:37,717 - [robot_012] Round 2: tasks=40 success=0.000 reward=-0.400 loss=0.0000 entropy=0.691 time=2.1s
2026-05-12 17:59:39,887 - [robot_012] Round 3: tasks=60 success=0.000 reward=-0.400 loss=0.0000 entropy=0.691 time=2.1s
2026-05-12 17:59:43,564 - [robot_012] Round 4: tasks=80 success=0.000 reward=-0.400 loss=-0.3589 entropy=0.692 time=3.6s
2026-05-12 17:59:47,200 - [robot_012] Round 5: tasks=100 success=0.000 reward=-0.400 loss=-0.3625 entropy=0.692 time=3.6s
2026-05-12 17:59:49,382 - [robot_012] Round 6: tasks=120 success=0.000 reward=-0.400 loss=-0.3625 entropy=0.692 time=2.1s
2026-05-12 17:59:53,043 - [robot_012] Round 7: tasks=140 success=0.000 reward=-0.400 loss=-0.3659 entropy=0.693 time=3.6s
2026-05-12 17:59:56,715 - [robot_012] Round 8: tasks=160 success=0.000 reward=-0.400 loss=-0.3694 entropy=0.693 time=3.6s
2026-05-12 17:59:58,870 - [robot_012] Round 9: tasks=180 success=0.000 reward=-0.400 loss=-0.3694 entropy=0.693 time=2.1s
2026-05-12 18:00:06,492 - [robot_012] Round 10: tasks=200 success=0.250 reward=+0.075 loss=-0.3728 entropy=0.693 time=7.6s
2026-05-12 18:00:09,750 - [robot_012] Round 11: tasks=220 success=0.000 reward=-0.400 loss=-0.3728 entropy=0.693 time=2.1s
2026-05-12 18:00:49,882 - [robot_012] Round 12: tasks=240 success=0.800 reward=+1.120 loss=-0.0082 entropy=0.693 time=26.0s
2026-05-12 18:01:26,631 - [robot_012] Round 13: tasks=260 success=0.200 reward=-0.020 loss=-0.0094 entropy=0.693 time=11.2s
2026-05-12 18:02:24,884 - [robot_012] Round 14: tasks=280 success=0.650 reward=+0.845 loss=-0.0094 entropy=0.693 time=46.0s
2026-05-12 18:03:02,881 - [robot_012] Round 15: tasks=300 success=0.700 reward=+0.935 loss=-0.0111 entropy=0.693 time=33.3s
2026-05-12 18:03:46,529 - [robot_012] Round 16: tasks=320 success=0.850 reward=+1.220 loss=-0.0139 entropy=0.693 time=33.1s
2026-05-12 18:04:23,223 - [robot_012] Policy loaded from /checkpoints/robot_012
2026-05-12 18:05:01,386 - [robot_012] Round 17: tasks=340 success=0.650 reward=+0.845 loss=-0.0139 entropy=0.693 time=51.8s
2026-05-12 18:06:11,901 - [robot_012] Round 18: tasks=360 success=0.800 reward=+1.140 loss=-0.0127 entropy=0.693 time=59.7s
2026-05-12 18:07:00,223 - [robot_012] Round 19: tasks=380 success=0.850 reward=+1.225 loss=-0.0127 entropy=0.693 time=48.3s
2026-05-12 18:07:43,537 - [robot_012] Round 20: tasks=400 success=0.900 reward=+1.320 loss=-0.0162 entropy=0.693 time=39.7s
2026-05-12 18:08:30,001 - [robot_012] Round 21: tasks=420 success=1.000 reward=+1.500 loss=-0.0201 entropy=0.692 time=28.6s
2026-05-12 18:09:49,708 - [robot_012] Round 22: tasks=440 success=0.900 reward=+1.320 loss=-0.0201 entropy=0.692 time=50.1s
2026-05-12 18:10:42,057 - [robot_012] Round 23: tasks=460 success=0.950 reward=+1.410 loss=-0.0215 entropy=0.692 time=49.4s
2026-05-12 18:11:34,903 - [robot_012] Round 24: tasks=480 success=0.900 reward=+1.320 loss=-0.0241 entropy=0.691 time=47.5s
2026-05-12 18:12:31,634 - [robot_012] Round 25: tasks=500 success=0.900 reward=+1.320 loss=-0.0241 entropy=0.691 time=46.0s
2026-05-12 18:13:25,693 - [robot_012] Round 26: tasks=520 success=0.900 reward=+1.320 loss=-0.0269 entropy=0.690 time=44.4s
2026-05-12 18:13:47,320 - [robot_012] Policy loaded from /checkpoints/robot_012
2026-05-12 18:14:24,431 - [robot_012] Round 27: tasks=540 success=0.950 reward=+1.410 loss=-0.0269 entropy=0.689 time=51.3s
2026-05-12 18:15:17,108 - [robot_012] Round 28: tasks=560 success=0.900 reward=+1.320 loss=-0.0268 entropy=0.688 time=51.1s
2026-05-12 18:15:55,348 - [robot_012] Round 29: tasks=580 success=0.950 reward=+1.410 loss=-0.0300 entropy=0.688 time=35.6s
2026-05-12 18:17:05,057 - [robot_012] Round 30: tasks=600 success=0.900 reward=+1.320 loss=-0.0300 entropy=0.687 time=52.3s
2026-05-12 18:18:03,168 - [robot_012] Round 31: tasks=620 success=0.850 reward=+1.230 loss=-0.0327 entropy=0.685 time=53.4s
2026-05-12 18:18:46,908 - [robot_012] Round 32: tasks=640 success=0.850 reward=+1.230 loss=-0.0389 entropy=0.682 time=42.9s
2026-05-12 18:19:37,662 - [robot_012] Round 33: tasks=660 success=0.950 reward=+1.410 loss=-0.0389 entropy=0.684 time=43.2s
2026-05-12 18:20:09,563 - [robot_012] Round 34: tasks=680 success=1.000 reward=+1.500 loss=-0.0433 entropy=0.682 time=28.3s
2026-05-12 18:21:23,950 - [robot_012] Round 35: tasks=700 success=0.900 reward=+1.320 loss=-0.0433 entropy=0.680 time=41.4s
2026-05-12 18:22:09,856 - [robot_012] Round 36: tasks=720 success=0.950 reward=+1.410 loss=-0.0480 entropy=0.676 time=38.3s
2026-05-12 18:22:38,346 - [robot_012] Policy loaded from /checkpoints/robot_012
2026-05-12 18:23:13,644 - [robot_012] Round 37: tasks=740 success=1.000 reward=+1.500 loss=-0.0477 entropy=0.674 time=48.4s
2026-05-12 18:24:10,400 - [robot_012] Round 38: tasks=760 success=0.900 reward=+1.320 loss=-0.0477 entropy=0.673 time=45.2s
2026-05-12 18:25:06,700 - [robot_012] Round 39: tasks=780 success=0.850 reward=+1.230 loss=-0.0566 entropy=0.675 time=45.7s
2026-05-12 18:25:56,074 - [robot_012] Round 40: tasks=800 success=0.950 reward=+1.410 loss=-0.0512 entropy=0.672 time=37.1s
2026-05-12 18:26:44,295 - [robot_012] Round 41: tasks=820 success=1.000 reward=+1.500 loss=-0.0512 entropy=0.672 time=27.0s
2026-05-12 18:27:40,792 - [robot_012] Round 42: tasks=840 success=0.950 reward=+1.410 loss=-0.0526 entropy=0.652 time=31.4s
2026-05-12 18:28:41,374 - [robot_012] Round 43: tasks=860 success=0.950 reward=+1.410 loss=-0.0526 entropy=0.658 time=38.6s
2026-05-12 18:29:37,219 - [robot_012] Round 44: tasks=880 success=0.950 reward=+1.410 loss=-0.0616 entropy=0.651 time=38.4s
2026-05-12 18:30:42,812 - [robot_012] Round 45: tasks=900 success=0.900 reward=+1.320 loss=-0.0610 entropy=0.646 time=43.4s
2026-05-12 18:31:38,345 - [robot_012] Round 46: tasks=920 success=0.900 reward=+1.320 loss=-0.0610 entropy=0.649 time=40.2s
2026-05-12 18:32:07,172 - [robot_012] Policy loaded from /checkpoints/robot_012
2026-05-12 18:32:40,414 - [robot_012] Round 47: tasks=940 success=0.950 reward=+1.410 loss=-0.0699 entropy=0.641 time=46.9s
2026-05-12 18:33:36,344 - [robot_012] Round 48: tasks=960 success=0.850 reward=+1.230 loss=-0.0713 entropy=0.622 time=49.7s
2026-05-12 18:34:29,769 - [robot_012] Round 49: tasks=980 success=0.950 reward=+1.410 loss=-0.0713 entropy=0.634 time=42.2s
2026-05-12 18:35:47,491 - [robot_012] Round 50: tasks=1000 success=0.900 reward=+1.320 loss=-0.0702 entropy=0.606 time=48.6s
2026-05-12 18:36:47,528 - [robot_012] Round 51: tasks=1020 success=0.950 reward=+1.410 loss=-0.0702 entropy=0.620 time=40.4s
2026-05-12 18:37:42,651 - [robot_012] Round 52: tasks=1040 success=0.950 reward=+1.410 loss=-0.0734 entropy=0.614 time=42.2s
2026-05-12 18:38:46,897 - [robot_012] Round 53: tasks=1060 success=0.900 reward=+1.320 loss=-0.0909 entropy=0.605 time=44.6s
2026-05-12 18:39:57,112 - [robot_012] Policy loaded from /checkpoints/robot_012
2026-05-12 18:39:59,181 - [robot_012] Round 54: tasks=1080 success=0.950 reward=+1.410 loss=-0.0909 entropy=0.601 time=55.5s
2026-05-12 18:40:46,933 - [robot_012] Round 55: tasks=1100 success=0.850 reward=+1.230 loss=-0.1035 entropy=0.577 time=47.7s
2026-05-12 18:41:45,024 - [robot_012] Round 56: tasks=1120 success=0.900 reward=+1.320 loss=-0.0967 entropy=0.575 time=52.2s
2026-05-12 18:42:30,322 - [robot_012] Round 57: tasks=1140 success=0.900 reward=+1.320 loss=-0.0967 entropy=0.581 time=43.3s
2026-05-12 18:43:29,381 - [robot_012] Round 58: tasks=1160 success=0.950 reward=+1.410 loss=-0.1060 entropy=0.554 time=46.9s
2026-05-12 18:44:22,428 - [robot_012] Round 59: tasks=1180 success=0.900 reward=+1.320 loss=-0.1060 entropy=0.569 time=45.9s
2026-05-12 18:45:12,516 - [robot_012] Round 60: tasks=1200 success=0.900 reward=+1.320 loss=-0.1095 entropy=0.570 time=50.0s
2026-05-12 18:46:08,912 - [robot_012] Round 61: tasks=1220 success=0.850 reward=+1.230 loss=-0.1534 entropy=0.534 time=48.5s
2026-05-12 18:46:57,601 - [robot_012] Round 62: tasks=1240 success=0.850 reward=+1.230 loss=-0.1534 entropy=0.548 time=47.1s
2026-05-12 18:47:44,299 - [robot_012] Round 63: tasks=1260 success=0.900 reward=+1.320 loss=-0.0815 entropy=0.525 time=42.6s
2026-05-12 18:48:35,061 - [robot_012] Round 64: tasks=1280 success=0.950 reward=+1.410 loss=-0.1335 entropy=0.491 time=35.9s
2026-05-12 18:49:19,264 - [robot_012] Round 65: tasks=1300 success=0.950 reward=+1.410 loss=-0.1335 entropy=0.514 time=32.4s
2026-05-12 18:50:24,177 - [robot_012] Round 66: tasks=1320 success=0.850 reward=+1.230 loss=-0.1265 entropy=0.481 time=48.6s
2026-05-12 18:51:02,073 - [robot_012] Round 67: tasks=1340 success=0.950 reward=+1.410 loss=-0.1265 entropy=0.498 time=32.7s
2026-05-12 18:51:52,836 - [robot_012] Round 68: tasks=1360 success=1.000 reward=+1.500 loss=-0.1173 entropy=0.480 time=30.7s
2026-05-12 18:53:07,886 - [robot_012] Round 69: tasks=1380 success=0.850 reward=+1.230 loss=-0.1063 entropy=0.504 time=51.8s
2026-05-12 18:53:53,318 - [robot_012] Round 70: tasks=1400 success=0.900 reward=+1.320 loss=-0.1063 entropy=0.460 time=45.3s
2026-05-12 18:54:44,945 - [robot_012] Round 71: tasks=1420 success=0.900 reward=+1.320 loss=-0.1272 entropy=0.435 time=46.4s
2026-05-12 18:55:32,773 - [robot_012] Round 72: tasks=1440 success=0.900 reward=+1.320 loss=-0.0851 entropy=0.472 time=44.7s
2026-05-12 18:56:21,750 - [robot_012] Round 73: tasks=1460 success=0.950 reward=+1.410 loss=-0.0851 entropy=0.442 time=39.8s
2026-05-12 18:57:11,324 - [robot_012] Round 74: tasks=1480 success=0.950 reward=+1.410 loss=-0.1369 entropy=0.457 time=41.6s
2026-05-12 18:58:09,522 - [robot_012] Round 75: tasks=1500 success=0.800 reward=+1.140 loss=-0.1369 entropy=0.464 time=48.7s
2026-05-12 18:59:03,422 - [robot_012] Round 76: tasks=1520 success=0.900 reward=+1.320 loss=-0.1642 entropy=0.402 time=50.2s
2026-05-12 19:00:03,324 - [robot_012] Round 77: tasks=1540 success=0.900 reward=+1.320 loss=-0.1580 entropy=0.414 time=53.9s
2026-05-12 19:00:56,858 - [robot_012] Round 78: tasks=1560 success=0.850 reward=+1.230 loss=-0.1580 entropy=0.400 time=50.3s
2026-05-12 19:01:52,755 - [robot_012] Round 79: tasks=1580 success=0.900 reward=+1.320 loss=-0.1331 entropy=0.395 time=52.1s
2026-05-12 19:02:55,354 - [robot_012] Round 80: tasks=1600 success=0.900 reward=+1.320 loss=-0.1382 entropy=0.408 time=55.0s
2026-05-12 19:03:45,160 - [robot_012] Round 81: tasks=1620 success=0.850 reward=+1.230 loss=-0.1382 entropy=0.384 time=49.5s
2026-05-12 19:04:39,962 - [robot_012] Round 82: tasks=1640 success=0.850 reward=+1.230 loss=-0.1668 entropy=0.358 time=49.5s
2026-05-12 19:05:35,369 - [robot_012] Round 83: tasks=1660 success=0.950 reward=+1.410 loss=-0.1668 entropy=0.422 time=48.9s
2026-05-12 19:06:33,196 - [robot_012] Round 84: tasks=1680 success=0.900 reward=+1.320 loss=-0.1506 entropy=0.341 time=49.2s
2026-05-12 19:07:26,207 - [robot_012] Round 85: tasks=1700 success=0.900 reward=+1.320 loss=-0.1932 entropy=0.372 time=43.0s
2026-05-12 19:08:25,414 - [robot_012] Round 86: tasks=1720 success=0.900 reward=+1.320 loss=-0.1932 entropy=0.341 time=47.8s
2026-05-12 19:09:17,929 - [robot_012] Round 87: tasks=1740 success=0.900 reward=+1.320 loss=-0.1545 entropy=0.385 time=50.9s
2026-05-12 19:10:14,495 - [robot_012] Round 88: tasks=1760 success=0.900 reward=+1.320 loss=-0.1954 entropy=0.325 time=53.7s
2026-05-12 19:11:01,132 - [robot_012] Round 89: tasks=1780 success=0.900 reward=+1.320 loss=-0.1954 entropy=0.325 time=46.6s
2026-05-12 19:11:59,604 - [robot_012] Round 90: tasks=1800 success=0.900 reward=+1.320 loss=-0.1327 entropy=0.372 time=56.5s
2026-05-12 19:12:39,040 - [robot_012] Round 91: tasks=1820 success=0.900 reward=+1.320 loss=-0.1327 entropy=0.311 time=38.4s
2026-05-12 19:13:29,765 - [robot_012] Round 92: tasks=1840 success=0.950 reward=+1.410 loss=-0.2137 entropy=0.331 time=42.0s
2026-05-12 19:14:26,035 - [robot_012] Round 93: tasks=1860 success=0.800 reward=+1.140 loss=-0.2046 entropy=0.303 time=49.4s
2026-05-12 19:15:12,419 - [robot_012] Round 94: tasks=1880 success=0.950 reward=+1.410 loss=-0.2046 entropy=0.317 time=41.5s
2026-05-12 19:16:20,569 - [robot_012] Round 95: tasks=1900 success=0.900 reward=+1.320 loss=-0.1409 entropy=0.308 time=52.4s
2026-05-12 19:17:06,728 - [robot_012] Round 96: tasks=1920 success=0.900 reward=+1.320 loss=-0.1935 entropy=0.325 time=44.8s
2026-05-12 19:17:55,947 - [robot_012] Round 97: tasks=1940 success=0.900 reward=+1.320 loss=-0.1935 entropy=0.319 time=41.6s
2026-05-12 19:18:56,971 - [robot_012] Round 98: tasks=1960 success=0.900 reward=+1.320 loss=-0.1803 entropy=0.339 time=48.3s
2026-05-12 19:19:52,396 - [robot_012] Round 99: tasks=1980 success=0.900 reward=+1.320 loss=-0.1803 entropy=0.300 time=49.5s
2026-05-12 19:20:39,406 - [robot_012] Round 100: tasks=2000 success=0.900 reward=+1.320 loss=-0.1698 entropy=0.355 time=43.2s
DEBUG flwr 2026-05-12 19:20:53,951 | connection.py:139 | gRPC channel closed
2026-05-12 19:20:53,951 - gRPC channel closed
INFO flwr 2026-05-12 19:20:53,952 | app.py:215 | Disconnect and shut down
2026-05-12 19:20:53,952 - Disconnect and shut down
2026-05-12 19:20:53,952 - [robot_012] All FL rounds complete
2026-05-12 19:20:54,148 - [robot_012] Shutdown complete
