2026-05-12 17:59:00,480 - [robot_007] Starting — server=n016.cluster.pssclabs.com:8470 type=gpu_specialist
INFO flwr 2026-05-12 17:59:03,012 | grpc.py:49 | Opened insecure gRPC connection (no certificates were passed)
2026-05-12 17:59:03,012 - Opened insecure gRPC connection (no certificates were passed)
DEBUG flwr 2026-05-12 17:59:03,013 | connection.py:42 | ChannelConnectivity.IDLE
2026-05-12 17:59:03,013 - ChannelConnectivity.IDLE
DEBUG flwr 2026-05-12 17:59:03,016 | connection.py:42 | ChannelConnectivity.CONNECTING
2026-05-12 17:59:03,016 - ChannelConnectivity.CONNECTING
DEBUG flwr 2026-05-12 17:59:03,017 | connection.py:42 | ChannelConnectivity.READY
2026-05-12 17:59:03,017 - ChannelConnectivity.READY
2026-05-12 17:59:35,571 - [robot_007] Round 1: tasks=20 success=0.000 reward=-0.400 loss=0.0000 entropy=0.691 time=2.1s
2026-05-12 17:59:37,727 - [robot_007] Round 2: tasks=40 success=0.000 reward=-0.400 loss=0.0000 entropy=0.691 time=2.1s
2026-05-12 17:59:39,887 - [robot_007] Round 3: tasks=60 success=0.000 reward=-0.400 loss=0.0000 entropy=0.691 time=2.1s
2026-05-12 17:59:43,509 - [robot_007] Round 4: tasks=80 success=0.000 reward=-0.400 loss=-0.3587 entropy=0.692 time=3.6s
2026-05-12 17:59:47,237 - [robot_007] Round 5: tasks=100 success=0.000 reward=-0.400 loss=-0.3622 entropy=0.692 time=3.6s
2026-05-12 17:59:49,381 - [robot_007] Round 6: tasks=120 success=0.000 reward=-0.400 loss=-0.3622 entropy=0.692 time=2.1s
2026-05-12 17:59:53,061 - [robot_007] Round 7: tasks=140 success=0.000 reward=-0.400 loss=-0.3658 entropy=0.693 time=3.6s
2026-05-12 17:59:56,570 - [robot_007] Round 8: tasks=160 success=0.000 reward=-0.400 loss=-0.3692 entropy=0.693 time=3.5s
2026-05-12 17:59:58,869 - [robot_007] Round 9: tasks=180 success=0.000 reward=-0.400 loss=-0.3692 entropy=0.693 time=2.1s
2026-05-12 18:00:06,166 - [robot_007] Round 10: tasks=200 success=0.250 reward=+0.075 loss=-0.3727 entropy=0.693 time=7.2s
2026-05-12 18:00:09,747 - [robot_007] Round 11: tasks=220 success=0.000 reward=-0.400 loss=-0.3727 entropy=0.693 time=2.1s
2026-05-12 18:01:05,009 - [robot_007] Round 12: tasks=240 success=0.550 reward=+0.660 loss=-0.0083 entropy=0.693 time=41.2s
2026-05-12 18:01:22,113 - [robot_007] Round 13: tasks=260 success=0.200 reward=-0.020 loss=-0.0077 entropy=0.693 time=6.7s
2026-05-12 18:02:28,345 - [robot_007] Policy loaded from /checkpoints/robot_007
2026-05-12 18:02:29,500 - [robot_007] Round 14: tasks=280 success=0.500 reward=+0.555 loss=-0.0077 entropy=0.693 time=50.6s
2026-05-12 18:03:01,833 - [robot_007] Round 15: tasks=300 success=0.850 reward=+1.220 loss=-0.0102 entropy=0.693 time=32.3s
2026-05-12 18:03:55,964 - [robot_007] Round 16: tasks=320 success=0.850 reward=+1.220 loss=-0.0120 entropy=0.693 time=42.6s
2026-05-12 18:04:55,940 - [robot_007] Round 17: tasks=340 success=0.850 reward=+1.230 loss=-0.0120 entropy=0.693 time=46.4s
2026-05-12 18:05:52,263 - [robot_007] Round 18: tasks=360 success=0.850 reward=+1.225 loss=-0.0146 entropy=0.693 time=40.1s
2026-05-12 18:06:49,671 - [robot_007] Round 19: tasks=380 success=0.950 reward=+1.410 loss=-0.0146 entropy=0.693 time=37.7s
2026-05-12 18:08:01,403 - [robot_007] Round 20: tasks=400 success=0.900 reward=+1.320 loss=-0.0168 entropy=0.693 time=57.6s
2026-05-12 18:08:32,515 - [robot_007] Round 21: tasks=420 success=1.000 reward=+1.500 loss=-0.0185 entropy=0.692 time=31.1s
2026-05-12 18:09:34,705 - [robot_007] Round 22: tasks=440 success=0.950 reward=+1.410 loss=-0.0185 entropy=0.692 time=35.1s
2026-05-12 18:10:41,689 - [robot_007] Round 23: tasks=460 success=0.900 reward=+1.320 loss=-0.0220 entropy=0.692 time=49.0s
2026-05-12 18:11:43,471 - [robot_007] Policy loaded from /checkpoints/robot_007
2026-05-12 18:11:45,608 - [robot_007] Round 24: tasks=480 success=0.900 reward=+1.320 loss=-0.0232 entropy=0.691 time=58.2s
2026-05-12 18:12:36,028 - [robot_007] Round 25: tasks=500 success=0.900 reward=+1.320 loss=-0.0232 entropy=0.690 time=50.4s
2026-05-12 18:13:22,584 - [robot_007] Round 26: tasks=520 success=0.900 reward=+1.320 loss=-0.0289 entropy=0.689 time=41.3s
2026-05-12 18:14:12,349 - [robot_007] Round 27: tasks=540 success=0.950 reward=+1.410 loss=-0.0289 entropy=0.690 time=39.2s
2026-05-12 18:15:07,834 - [robot_007] Round 28: tasks=560 success=0.950 reward=+1.410 loss=-0.0310 entropy=0.689 time=41.9s
2026-05-12 18:16:07,587 - [robot_007] Round 29: tasks=580 success=0.850 reward=+1.230 loss=-0.0332 entropy=0.687 time=47.8s
2026-05-12 18:17:04,515 - [robot_007] Round 30: tasks=600 success=0.900 reward=+1.320 loss=-0.0332 entropy=0.687 time=51.8s
2026-05-12 18:17:49,309 - [robot_007] Round 31: tasks=620 success=0.950 reward=+1.410 loss=-0.0369 entropy=0.685 time=39.6s
2026-05-12 18:18:50,054 - [robot_007] Round 32: tasks=640 success=0.900 reward=+1.320 loss=-0.0360 entropy=0.683 time=46.1s
2026-05-12 18:19:26,100 - [robot_007] Round 33: tasks=660 success=0.950 reward=+1.410 loss=-0.0360 entropy=0.683 time=31.6s
2026-05-12 18:20:40,740 - [robot_007] Policy loaded from /checkpoints/robot_007
2026-05-12 18:20:42,462 - [robot_007] Round 34: tasks=680 success=0.900 reward=+1.320 loss=-0.0424 entropy=0.676 time=61.2s
2026-05-12 18:21:24,830 - [robot_007] Round 35: tasks=700 success=0.900 reward=+1.320 loss=-0.0424 entropy=0.678 time=42.3s
2026-05-12 18:22:18,453 - [robot_007] Round 36: tasks=720 success=0.900 reward=+1.320 loss=-0.0407 entropy=0.679 time=46.9s
2026-05-12 18:23:11,297 - [robot_007] Round 37: tasks=740 success=0.900 reward=+1.320 loss=-0.0413 entropy=0.678 time=46.1s
2026-05-12 18:24:20,918 - [robot_007] Round 38: tasks=760 success=0.900 reward=+1.320 loss=-0.0413 entropy=0.674 time=55.7s
2026-05-12 18:25:11,631 - [robot_007] Round 39: tasks=780 success=0.850 reward=+1.230 loss=-0.0487 entropy=0.673 time=50.7s
2026-05-12 18:26:10,764 - [robot_007] Round 40: tasks=800 success=0.950 reward=+1.410 loss=-0.0572 entropy=0.664 time=51.8s
2026-05-12 18:27:03,571 - [robot_007] Round 41: tasks=820 success=0.900 reward=+1.320 loss=-0.0572 entropy=0.661 time=46.3s
2026-05-12 18:27:53,235 - [robot_007] Round 42: tasks=840 success=0.850 reward=+1.230 loss=-0.0665 entropy=0.659 time=43.8s
2026-05-12 18:28:49,160 - [robot_007] Round 43: tasks=860 success=0.900 reward=+1.320 loss=-0.0665 entropy=0.659 time=46.4s
2026-05-12 18:29:55,424 - [robot_007] Policy loaded from /checkpoints/robot_007
2026-05-12 18:29:59,325 - [robot_007] Round 44: tasks=880 success=0.900 reward=+1.320 loss=-0.0685 entropy=0.648 time=60.5s
2026-05-12 18:30:55,537 - [robot_007] Round 45: tasks=900 success=0.900 reward=+1.320 loss=-0.0651 entropy=0.648 time=56.2s
2026-05-12 18:31:48,855 - [robot_007] Round 46: tasks=920 success=0.850 reward=+1.230 loss=-0.0651 entropy=0.639 time=50.7s
2026-05-12 18:32:43,228 - [robot_007] Round 47: tasks=940 success=0.900 reward=+1.320 loss=-0.0743 entropy=0.639 time=49.7s
2026-05-12 18:33:32,793 - [robot_007] Round 48: tasks=960 success=0.900 reward=+1.320 loss=-0.0574 entropy=0.640 time=46.1s
2026-05-12 18:34:33,588 - [robot_007] Round 49: tasks=980 success=0.900 reward=+1.320 loss=-0.0574 entropy=0.617 time=46.0s
2026-05-12 18:35:51,697 - [robot_007] Round 50: tasks=1000 success=0.900 reward=+1.320 loss=-0.0649 entropy=0.623 time=52.8s
2026-05-12 18:36:55,721 - [robot_007] Round 51: tasks=1020 success=0.900 reward=+1.320 loss=-0.0649 entropy=0.629 time=48.6s
2026-05-12 18:37:13,597 - [robot_007] Policy loaded from /checkpoints/robot_007
2026-05-12 18:37:51,576 - [robot_007] Round 52: tasks=1040 success=0.950 reward=+1.410 loss=-0.0932 entropy=0.622 time=51.2s
2026-05-12 18:38:48,894 - [robot_007] Round 53: tasks=1060 success=0.950 reward=+1.410 loss=-0.0930 entropy=0.594 time=46.6s
2026-05-12 18:39:41,257 - [robot_007] Round 54: tasks=1080 success=0.950 reward=+1.410 loss=-0.0930 entropy=0.606 time=37.5s
2026-05-12 18:40:51,667 - [robot_007] Round 55: tasks=1100 success=0.900 reward=+1.320 loss=-0.1000 entropy=0.596 time=52.4s
2026-05-12 18:41:44,332 - [robot_007] Round 56: tasks=1120 success=0.850 reward=+1.230 loss=-0.0883 entropy=0.607 time=51.5s
2026-05-12 18:42:39,159 - [robot_007] Round 57: tasks=1140 success=0.850 reward=+1.230 loss=-0.0883 entropy=0.572 time=52.1s
2026-05-12 18:43:29,891 - [robot_007] Round 58: tasks=1160 success=0.900 reward=+1.320 loss=-0.0808 entropy=0.577 time=47.4s
2026-05-12 18:44:16,192 - [robot_007] Round 59: tasks=1180 success=0.950 reward=+1.410 loss=-0.0808 entropy=0.553 time=39.7s
2026-05-12 18:45:16,290 - [robot_007] Round 60: tasks=1200 success=0.900 reward=+1.320 loss=-0.0909 entropy=0.567 time=53.8s
2026-05-12 18:46:09,064 - [robot_007] Round 61: tasks=1220 success=0.900 reward=+1.320 loss=-0.1137 entropy=0.531 time=48.7s
2026-05-12 18:46:54,514 - [robot_007] Round 62: tasks=1240 success=0.900 reward=+1.320 loss=-0.1137 entropy=0.579 time=44.0s
2026-05-12 18:47:56,503 - [robot_007] Round 63: tasks=1260 success=0.850 reward=+1.230 loss=-0.0859 entropy=0.537 time=54.8s
2026-05-12 18:48:34,717 - [robot_007] Round 64: tasks=1280 success=0.950 reward=+1.410 loss=-0.1309 entropy=0.506 time=35.6s
2026-05-12 18:49:28,973 - [robot_007] Round 65: tasks=1300 success=0.900 reward=+1.320 loss=-0.1309 entropy=0.525 time=42.1s
2026-05-12 18:50:22,974 - [robot_007] Round 66: tasks=1320 success=0.950 reward=+1.410 loss=-0.1178 entropy=0.528 time=47.4s
2026-05-12 18:51:19,746 - [robot_007] Round 67: tasks=1340 success=0.900 reward=+1.320 loss=-0.1178 entropy=0.505 time=50.4s
2026-05-12 18:51:53,798 - [robot_007] Round 68: tasks=1360 success=1.000 reward=+1.500 loss=-0.1087 entropy=0.487 time=31.7s
2026-05-12 18:53:01,330 - [robot_007] Round 69: tasks=1380 success=0.900 reward=+1.320 loss=-0.1561 entropy=0.492 time=45.2s
2026-05-12 18:53:53,263 - [robot_007] Round 70: tasks=1400 success=0.950 reward=+1.410 loss=-0.1561 entropy=0.448 time=45.3s
2026-05-12 18:54:45,499 - [robot_007] Round 71: tasks=1420 success=0.900 reward=+1.320 loss=-0.1421 entropy=0.494 time=46.9s
2026-05-12 18:55:36,289 - [robot_007] Round 72: tasks=1440 success=0.900 reward=+1.320 loss=-0.1548 entropy=0.492 time=48.2s
2026-05-12 18:56:17,181 - [robot_007] Round 73: tasks=1460 success=0.950 reward=+1.410 loss=-0.1548 entropy=0.440 time=35.2s
2026-05-12 18:57:17,987 - [robot_007] Round 74: tasks=1480 success=0.850 reward=+1.230 loss=-0.1434 entropy=0.447 time=48.3s
2026-05-12 18:58:03,390 - [robot_007] Round 75: tasks=1500 success=0.900 reward=+1.320 loss=-0.1434 entropy=0.482 time=42.5s
2026-05-12 18:59:09,368 - [robot_007] Round 76: tasks=1520 success=0.850 reward=+1.230 loss=-0.1525 entropy=0.412 time=56.1s
2026-05-12 18:59:52,586 - [robot_007] Round 77: tasks=1540 success=0.900 reward=+1.320 loss=-0.1534 entropy=0.448 time=43.2s
2026-05-12 19:00:46,136 - [robot_007] Round 78: tasks=1560 success=0.950 reward=+1.410 loss=-0.1534 entropy=0.411 time=39.6s
2026-05-12 19:01:55,799 - [robot_007] Round 79: tasks=1580 success=0.900 reward=+1.320 loss=-0.1371 entropy=0.411 time=55.2s
2026-05-12 19:02:55,009 - [robot_007] Round 80: tasks=1600 success=0.900 reward=+1.320 loss=-0.0701 entropy=0.378 time=54.7s
2026-05-12 19:03:46,632 - [robot_007] Round 81: tasks=1620 success=0.900 reward=+1.320 loss=-0.0701 entropy=0.431 time=50.9s
2026-05-12 19:04:41,305 - [robot_007] Round 82: tasks=1640 success=0.900 reward=+1.320 loss=-0.1667 entropy=0.353 time=50.8s
2026-05-12 19:05:42,830 - [robot_007] Round 83: tasks=1660 success=0.850 reward=+1.230 loss=-0.1667 entropy=0.390 time=56.4s
2026-05-12 19:06:36,573 - [robot_007] Round 84: tasks=1680 success=0.900 reward=+1.320 loss=-0.1747 entropy=0.413 time=52.6s
2026-05-12 19:07:34,209 - [robot_007] Round 85: tasks=1700 success=0.900 reward=+1.320 loss=-0.1806 entropy=0.336 time=51.0s
2026-05-12 19:08:24,170 - [robot_007] Round 86: tasks=1720 success=0.900 reward=+1.320 loss=-0.1806 entropy=0.374 time=46.6s
2026-05-12 19:09:19,459 - [robot_007] Round 87: tasks=1740 success=0.900 reward=+1.320 loss=-0.2337 entropy=0.328 time=52.4s
2026-05-12 19:10:05,870 - [robot_007] Round 88: tasks=1760 success=0.900 reward=+1.320 loss=-0.1661 entropy=0.373 time=45.1s
2026-05-12 19:11:00,429 - [robot_007] Round 89: tasks=1780 success=0.850 reward=+1.230 loss=-0.1661 entropy=0.353 time=45.9s
2026-05-12 19:12:00,366 - [robot_007] Round 90: tasks=1800 success=0.900 reward=+1.320 loss=-0.1426 entropy=0.346 time=57.3s
2026-05-12 19:12:25,522 - [robot_007] Round 91: tasks=1820 success=1.000 reward=+1.500 loss=-0.1426 entropy=0.353 time=24.9s
2026-05-12 19:13:33,654 - [robot_007] Round 92: tasks=1840 success=0.950 reward=+1.410 loss=-0.1598 entropy=0.311 time=45.8s
2026-05-12 19:14:23,027 - [robot_007] Round 93: tasks=1860 success=0.950 reward=+1.410 loss=-0.1650 entropy=0.316 time=46.4s
2026-05-12 19:15:26,612 - [robot_007] Round 94: tasks=1880 success=0.850 reward=+1.230 loss=-0.1650 entropy=0.333 time=55.7s
2026-05-12 19:16:21,445 - [robot_007] Round 95: tasks=1900 success=0.950 reward=+1.410 loss=-0.1402 entropy=0.355 time=53.3s
2026-05-12 19:17:10,702 - [robot_007] Round 96: tasks=1920 success=0.950 reward=+1.410 loss=-0.1650 entropy=0.328 time=48.7s
2026-05-12 19:17:52,859 - [robot_007] Round 97: tasks=1940 success=0.950 reward=+1.410 loss=-0.1650 entropy=0.336 time=38.5s
2026-05-12 19:19:02,558 - [robot_007] Round 98: tasks=1960 success=0.900 reward=+1.320 loss=-0.1053 entropy=0.359 time=53.9s
2026-05-12 19:19:56,167 - [robot_007] Round 99: tasks=1980 success=0.850 reward=+1.230 loss=-0.1053 entropy=0.295 time=53.2s
2026-05-12 19:20:52,145 - [robot_007] Round 100: tasks=2000 success=0.950 reward=+1.410 loss=-0.1604 entropy=0.323 time=55.9s
DEBUG flwr 2026-05-12 19:20:53,952 | connection.py:139 | gRPC channel closed
2026-05-12 19:20:53,952 - gRPC channel closed
INFO flwr 2026-05-12 19:20:53,952 | app.py:215 | Disconnect and shut down
2026-05-12 19:20:53,952 - Disconnect and shut down
2026-05-12 19:20:53,953 - [robot_007] All FL rounds complete
2026-05-12 19:20:54,091 - [robot_007] Shutdown complete
