2026-05-12 17:59:31,012 - [robot_014] Starting — server=n016.cluster.pssclabs.com:8470 type=gpu_specialist
INFO flwr 2026-05-12 17:59:33,480 | grpc.py:49 | Opened insecure gRPC connection (no certificates were passed)
2026-05-12 17:59:33,480 - Opened insecure gRPC connection (no certificates were passed)
DEBUG flwr 2026-05-12 17:59:33,482 | connection.py:42 | ChannelConnectivity.IDLE
2026-05-12 17:59:33,482 - ChannelConnectivity.IDLE
DEBUG flwr 2026-05-12 17:59:33,485 | connection.py:42 | ChannelConnectivity.CONNECTING
2026-05-12 17:59:33,485 - ChannelConnectivity.CONNECTING
DEBUG flwr 2026-05-12 17:59:33,487 | connection.py:42 | ChannelConnectivity.READY
2026-05-12 17:59:33,487 - ChannelConnectivity.READY
2026-05-12 17:59:35,573 - [robot_014] Round 1: tasks=20 success=0.000 reward=-0.400 loss=0.0000 entropy=0.691 time=2.1s
2026-05-12 17:59:37,717 - [robot_014] Round 2: tasks=40 success=0.000 reward=-0.400 loss=0.0000 entropy=0.691 time=2.1s
2026-05-12 17:59:39,878 - [robot_014] Round 3: tasks=60 success=0.000 reward=-0.400 loss=0.0000 entropy=0.691 time=2.1s
2026-05-12 17:59:43,395 - [robot_014] Round 4: tasks=80 success=0.000 reward=-0.400 loss=-0.3588 entropy=0.692 time=3.5s
2026-05-12 17:59:47,065 - [robot_014] Round 5: tasks=100 success=0.000 reward=-0.400 loss=-0.3626 entropy=0.692 time=3.4s
2026-05-12 17:59:49,392 - [robot_014] Round 6: tasks=120 success=0.000 reward=-0.400 loss=-0.3626 entropy=0.692 time=2.1s
2026-05-12 17:59:52,864 - [robot_014] Round 7: tasks=140 success=0.000 reward=-0.400 loss=-0.3661 entropy=0.693 time=3.4s
2026-05-12 17:59:56,459 - [robot_014] Round 8: tasks=160 success=0.000 reward=-0.400 loss=-0.3700 entropy=0.693 time=3.3s
2026-05-12 17:59:58,870 - [robot_014] Round 9: tasks=180 success=0.000 reward=-0.400 loss=-0.3700 entropy=0.693 time=2.1s
2026-05-12 18:00:07,492 - [robot_014] Round 10: tasks=200 success=0.400 reward=+0.360 loss=-0.3730 entropy=0.693 time=8.6s
2026-05-12 18:00:09,749 - [robot_014] Round 11: tasks=220 success=0.000 reward=-0.400 loss=-0.3730 entropy=0.693 time=2.1s
2026-05-12 18:01:02,397 - [robot_014] Round 12: tasks=240 success=0.700 reward=+0.940 loss=-0.0082 entropy=0.693 time=38.6s
2026-05-12 18:01:23,821 - [robot_014] Round 13: tasks=260 success=0.200 reward=-0.020 loss=-0.0103 entropy=0.693 time=8.3s
2026-05-12 18:02:09,209 - [robot_014] Round 14: tasks=280 success=1.000 reward=+1.500 loss=-0.0103 entropy=0.693 time=30.3s
2026-05-12 18:03:05,902 - [robot_014] Round 15: tasks=300 success=0.700 reward=+0.935 loss=-0.0118 entropy=0.693 time=36.4s
2026-05-12 18:03:58,411 - [robot_014] Round 16: tasks=320 success=0.600 reward=+0.750 loss=-0.0143 entropy=0.693 time=45.0s
2026-05-12 18:04:55,140 - [robot_014] Round 17: tasks=340 success=0.900 reward=+1.320 loss=-0.0143 entropy=0.693 time=45.6s
2026-05-12 18:05:25,855 - [robot_014] Policy loaded from /checkpoints/robot_014
2026-05-12 18:05:59,080 - [robot_014] Round 18: tasks=360 success=1.000 reward=+1.500 loss=-0.0152 entropy=0.693 time=46.9s
2026-05-12 18:06:53,575 - [robot_014] Round 19: tasks=380 success=0.950 reward=+1.410 loss=-0.0152 entropy=0.693 time=41.6s
2026-05-12 18:07:32,143 - [robot_014] Round 20: tasks=400 success=0.950 reward=+1.410 loss=-0.0162 entropy=0.692 time=28.3s
2026-05-12 18:08:36,366 - [robot_014] Round 21: tasks=420 success=0.900 reward=+1.320 loss=-0.0186 entropy=0.692 time=34.9s
2026-05-12 18:09:28,574 - [robot_014] Round 22: tasks=440 success=1.000 reward=+1.500 loss=-0.0186 entropy=0.692 time=28.9s
2026-05-12 18:10:22,756 - [robot_014] Round 23: tasks=460 success=1.000 reward=+1.500 loss=-0.0233 entropy=0.691 time=30.1s
2026-05-12 18:11:29,019 - [robot_014] Round 24: tasks=480 success=0.950 reward=+1.410 loss=-0.0266 entropy=0.691 time=41.6s
2026-05-12 18:12:27,127 - [robot_014] Round 25: tasks=500 success=0.900 reward=+1.320 loss=-0.0266 entropy=0.691 time=41.5s
2026-05-12 18:13:23,818 - [robot_014] Round 26: tasks=520 success=0.900 reward=+1.320 loss=-0.0277 entropy=0.691 time=42.5s
2026-05-12 18:14:16,439 - [robot_014] Round 27: tasks=540 success=0.950 reward=+1.410 loss=-0.0277 entropy=0.689 time=43.3s
2026-05-12 18:14:39,674 - [robot_014] Policy loaded from /checkpoints/robot_014
2026-05-12 18:15:06,306 - [robot_014] Round 28: tasks=560 success=1.000 reward=+1.500 loss=-0.0295 entropy=0.688 time=40.3s
2026-05-12 18:15:57,603 - [robot_014] Round 29: tasks=580 success=0.950 reward=+1.410 loss=-0.0336 entropy=0.686 time=37.8s
2026-05-12 18:16:42,192 - [robot_014] Round 30: tasks=600 success=1.000 reward=+1.500 loss=-0.0336 entropy=0.687 time=29.4s
2026-05-12 18:17:58,411 - [robot_014] Round 31: tasks=620 success=0.850 reward=+1.230 loss=-0.0388 entropy=0.685 time=48.7s
2026-05-12 18:18:44,505 - [robot_014] Round 32: tasks=640 success=0.950 reward=+1.410 loss=-0.0405 entropy=0.682 time=40.5s
2026-05-12 18:19:24,578 - [robot_014] Round 33: tasks=660 success=0.950 reward=+1.410 loss=-0.0405 entropy=0.684 time=30.1s
2026-05-12 18:20:19,719 - [robot_014] Round 34: tasks=680 success=0.950 reward=+1.410 loss=-0.0461 entropy=0.680 time=38.5s
2026-05-12 18:21:17,737 - [robot_014] Round 35: tasks=700 success=0.950 reward=+1.410 loss=-0.0461 entropy=0.681 time=35.2s
2026-05-12 18:22:09,079 - [robot_014] Round 36: tasks=720 success=0.950 reward=+1.410 loss=-0.0465 entropy=0.674 time=37.5s
2026-05-12 18:23:06,383 - [robot_014] Round 37: tasks=740 success=0.900 reward=+1.320 loss=-0.0556 entropy=0.672 time=41.1s
2026-05-12 18:23:31,448 - [robot_014] Policy loaded from /checkpoints/robot_014
2026-05-12 18:24:02,842 - [robot_014] Round 38: tasks=760 success=0.950 reward=+1.410 loss=-0.0556 entropy=0.672 time=37.6s
2026-05-12 18:25:03,465 - [robot_014] Round 39: tasks=780 success=0.900 reward=+1.320 loss=-0.0547 entropy=0.668 time=42.5s
2026-05-12 18:25:48,830 - [robot_014] Round 40: tasks=800 success=1.000 reward=+1.500 loss=-0.0620 entropy=0.657 time=29.9s
2026-05-12 18:26:53,186 - [robot_014] Round 41: tasks=820 success=0.900 reward=+1.320 loss=-0.0620 entropy=0.660 time=35.9s
2026-05-12 18:27:47,400 - [robot_014] Round 42: tasks=840 success=0.950 reward=+1.410 loss=-0.0624 entropy=0.659 time=38.0s
2026-05-12 18:28:29,274 - [robot_014] Round 43: tasks=860 success=1.000 reward=+1.500 loss=-0.0624 entropy=0.654 time=26.6s
2026-05-12 18:29:45,739 - [robot_014] Round 44: tasks=880 success=0.950 reward=+1.410 loss=-0.0750 entropy=0.648 time=46.9s
2026-05-12 18:30:31,424 - [robot_014] Round 45: tasks=900 success=1.000 reward=+1.500 loss=-0.0625 entropy=0.640 time=32.1s
2026-05-12 18:31:31,695 - [robot_014] Round 46: tasks=920 success=0.950 reward=+1.410 loss=-0.0625 entropy=0.641 time=33.6s
2026-05-12 18:32:31,086 - [robot_014] Round 47: tasks=940 success=0.900 reward=+1.320 loss=-0.0821 entropy=0.627 time=37.6s
2026-05-12 18:32:59,374 - [robot_014] Policy loaded from /checkpoints/robot_014
2026-05-12 18:33:27,395 - [robot_014] Round 48: tasks=960 success=1.000 reward=+1.500 loss=-0.0958 entropy=0.603 time=40.7s
2026-05-12 18:34:18,999 - [robot_014] Round 49: tasks=980 success=0.950 reward=+1.410 loss=-0.0958 entropy=0.611 time=31.4s
2026-05-12 18:35:28,996 - [robot_014] Round 50: tasks=1000 success=1.000 reward=+1.500 loss=-0.0860 entropy=0.618 time=30.1s
2026-05-12 18:36:44,550 - [robot_014] Round 51: tasks=1020 success=0.950 reward=+1.410 loss=-0.0860 entropy=0.605 time=37.4s
2026-05-12 18:37:43,759 - [robot_014] Round 52: tasks=1040 success=0.850 reward=+1.230 loss=-0.0880 entropy=0.603 time=43.3s
2026-05-12 18:38:40,287 - [robot_014] Round 53: tasks=1060 success=0.950 reward=+1.410 loss=-0.0883 entropy=0.585 time=38.0s
2026-05-12 18:39:36,737 - [robot_014] Round 54: tasks=1080 success=0.950 reward=+1.410 loss=-0.0883 entropy=0.570 time=33.0s
2026-05-12 18:40:45,711 - [robot_014] Policy loaded from /checkpoints/robot_014
2026-05-12 18:40:50,478 - [robot_014] Round 55: tasks=1100 success=1.000 reward=+1.500 loss=-0.1153 entropy=0.581 time=51.3s
2026-05-12 18:41:30,353 - [robot_014] Round 56: tasks=1120 success=0.950 reward=+1.410 loss=-0.1119 entropy=0.554 time=37.5s
2026-05-12 18:42:16,012 - [robot_014] Round 57: tasks=1140 success=0.950 reward=+1.410 loss=-0.1119 entropy=0.554 time=29.0s
2026-05-12 18:43:24,142 - [robot_014] Round 58: tasks=1160 success=0.950 reward=+1.410 loss=-0.1226 entropy=0.543 time=41.6s
2026-05-12 18:44:12,759 - [robot_014] Round 59: tasks=1180 success=0.950 reward=+1.410 loss=-0.1226 entropy=0.575 time=36.2s
2026-05-12 18:45:00,064 - [robot_014] Round 60: tasks=1200 success=0.950 reward=+1.410 loss=-0.1431 entropy=0.546 time=37.6s
2026-05-12 18:45:53,282 - [robot_014] Round 61: tasks=1220 success=1.000 reward=+1.500 loss=-0.1230 entropy=0.520 time=32.9s
2026-05-12 18:46:47,514 - [robot_014] Round 62: tasks=1240 success=1.000 reward=+1.500 loss=-0.1230 entropy=0.513 time=37.0s
2026-05-12 18:47:29,464 - [robot_014] Round 63: tasks=1260 success=1.000 reward=+1.500 loss=-0.1574 entropy=0.531 time=27.7s
2026-05-12 18:48:34,324 - [robot_014] Round 64: tasks=1280 success=0.950 reward=+1.410 loss=-0.1080 entropy=0.476 time=35.2s
2026-05-12 18:49:24,939 - [robot_014] Round 65: tasks=1300 success=0.950 reward=+1.410 loss=-0.1080 entropy=0.505 time=38.1s
2026-05-12 18:50:08,924 - [robot_014] Round 66: tasks=1320 success=1.000 reward=+1.500 loss=-0.1506 entropy=0.472 time=33.4s
2026-05-12 18:51:06,153 - [robot_014] Round 67: tasks=1340 success=1.000 reward=+1.500 loss=-0.1506 entropy=0.476 time=36.8s
2026-05-12 18:52:07,733 - [robot_014] Round 68: tasks=1360 success=0.900 reward=+1.320 loss=-0.1435 entropy=0.466 time=45.6s
2026-05-12 18:52:58,841 - [robot_014] Round 69: tasks=1380 success=0.950 reward=+1.410 loss=-0.1472 entropy=0.438 time=42.8s
2026-05-12 18:53:44,727 - [robot_014] Round 70: tasks=1400 success=1.000 reward=+1.500 loss=-0.1472 entropy=0.447 time=36.7s
2026-05-12 18:54:39,252 - [robot_014] Round 71: tasks=1420 success=0.950 reward=+1.410 loss=-0.1461 entropy=0.441 time=40.7s
2026-05-12 18:55:30,903 - [robot_014] Round 72: tasks=1440 success=0.950 reward=+1.410 loss=-0.1420 entropy=0.433 time=42.8s
2026-05-12 18:56:09,579 - [robot_014] Round 73: tasks=1460 success=1.000 reward=+1.500 loss=-0.1420 entropy=0.419 time=27.6s
2026-05-12 18:57:02,721 - [robot_014] Round 74: tasks=1480 success=1.000 reward=+1.500 loss=-0.1934 entropy=0.433 time=33.0s
2026-05-12 18:58:02,658 - [robot_014] Round 75: tasks=1500 success=1.000 reward=+1.500 loss=-0.1934 entropy=0.390 time=41.8s
2026-05-12 18:58:59,738 - [robot_014] Round 76: tasks=1520 success=0.950 reward=+1.410 loss=-0.1272 entropy=0.409 time=46.5s
2026-05-12 18:59:44,908 - [robot_014] Round 77: tasks=1540 success=1.000 reward=+1.500 loss=-0.1487 entropy=0.392 time=35.5s
2026-05-12 19:00:37,744 - [robot_014] Round 78: tasks=1560 success=0.900 reward=+1.320 loss=-0.1487 entropy=0.372 time=31.2s
2026-05-12 19:01:45,667 - [robot_014] Round 79: tasks=1580 success=0.950 reward=+1.410 loss=-0.1771 entropy=0.375 time=45.0s
2026-05-12 19:02:37,888 - [robot_014] Round 80: tasks=1600 success=1.000 reward=+1.500 loss=-0.2202 entropy=0.330 time=37.6s
2026-05-12 19:03:31,966 - [robot_014] Round 81: tasks=1620 success=0.950 reward=+1.410 loss=-0.2202 entropy=0.318 time=36.3s
2026-05-12 19:04:23,877 - [robot_014] Round 82: tasks=1640 success=1.000 reward=+1.500 loss=-0.2000 entropy=0.366 time=33.4s
2026-05-12 19:05:22,211 - [robot_014] Round 83: tasks=1660 success=1.000 reward=+1.500 loss=-0.2000 entropy=0.358 time=35.8s
2026-05-12 19:06:31,245 - [robot_014] Round 84: tasks=1680 success=0.950 reward=+1.410 loss=-0.1522 entropy=0.339 time=47.3s
2026-05-12 19:07:19,162 - [robot_014] Round 85: tasks=1700 success=0.950 reward=+1.410 loss=-0.0899 entropy=0.358 time=36.0s
2026-05-12 19:08:19,526 - [robot_014] Round 86: tasks=1720 success=0.850 reward=+1.230 loss=-0.0899 entropy=0.339 time=41.9s
2026-05-12 19:09:01,460 - [robot_014] Round 87: tasks=1740 success=0.900 reward=+1.320 loss=-0.1710 entropy=0.288 time=34.4s
2026-05-12 19:09:51,138 - [robot_014] Round 88: tasks=1760 success=1.000 reward=+1.500 loss=-0.1745 entropy=0.271 time=30.4s
2026-05-12 19:10:42,399 - [robot_014] Round 89: tasks=1780 success=1.000 reward=+1.500 loss=-0.1745 entropy=0.286 time=27.9s
2026-05-12 19:11:42,784 - [robot_014] Round 90: tasks=1800 success=0.950 reward=+1.410 loss=-0.2050 entropy=0.287 time=39.7s
2026-05-12 19:12:36,309 - [robot_014] Round 91: tasks=1820 success=0.900 reward=+1.320 loss=-0.2050 entropy=0.278 time=35.7s
2026-05-12 19:13:25,982 - [robot_014] Round 92: tasks=1840 success=1.000 reward=+1.500 loss=-0.2245 entropy=0.290 time=38.2s
2026-05-12 19:14:05,326 - [robot_014] Round 93: tasks=1860 success=1.000 reward=+1.500 loss=-0.1392 entropy=0.280 time=28.7s
2026-05-12 19:15:09,228 - [robot_014] Round 94: tasks=1880 success=0.950 reward=+1.410 loss=-0.1392 entropy=0.257 time=38.3s
2026-05-12 19:16:07,721 - [robot_014] Round 95: tasks=1900 success=0.950 reward=+1.410 loss=-0.1766 entropy=0.328 time=39.5s
2026-05-12 19:17:06,301 - [robot_014] Round 96: tasks=1920 success=0.800 reward=+1.140 loss=-0.2109 entropy=0.274 time=44.3s
2026-05-12 19:17:41,346 - [robot_014] Round 97: tasks=1940 success=1.000 reward=+1.500 loss=-0.2109 entropy=0.271 time=27.0s
2026-05-12 19:18:41,870 - [robot_014] Round 98: tasks=1960 success=1.000 reward=+1.500 loss=-0.2826 entropy=0.254 time=33.2s
2026-05-12 19:19:41,098 - [robot_014] Round 99: tasks=1980 success=0.950 reward=+1.410 loss=-0.2826 entropy=0.250 time=38.2s
2026-05-12 19:20:31,896 - [robot_014] Round 100: tasks=2000 success=0.950 reward=+1.410 loss=-0.1552 entropy=0.271 time=35.7s
DEBUG flwr 2026-05-12 19:20:53,951 | connection.py:139 | gRPC channel closed
2026-05-12 19:20:53,951 - gRPC channel closed
INFO flwr 2026-05-12 19:20:53,952 | app.py:215 | Disconnect and shut down
2026-05-12 19:20:53,952 - Disconnect and shut down
2026-05-12 19:20:53,952 - [robot_014] All FL rounds complete
2026-05-12 19:20:54,098 - [robot_014] Shutdown complete
