2026-05-12 17:59:00,480 - [robot_000] Starting — server=n016.cluster.pssclabs.com:8470 type=gpu_specialist
INFO flwr 2026-05-12 17:59:03,011 | grpc.py:49 | Opened insecure gRPC connection (no certificates were passed)
2026-05-12 17:59:03,011 - Opened insecure gRPC connection (no certificates were passed)
DEBUG flwr 2026-05-12 17:59:03,014 | connection.py:42 | ChannelConnectivity.IDLE
2026-05-12 17:59:03,014 - ChannelConnectivity.IDLE
DEBUG flwr 2026-05-12 17:59:03,016 | connection.py:42 | ChannelConnectivity.CONNECTING
2026-05-12 17:59:03,016 - ChannelConnectivity.CONNECTING
DEBUG flwr 2026-05-12 17:59:03,028 | connection.py:42 | ChannelConnectivity.READY
2026-05-12 17:59:03,028 - ChannelConnectivity.READY
2026-05-12 17:59:35,570 - [robot_000] Round 1: tasks=20 success=0.000 reward=-0.400 loss=0.0000 entropy=0.691 time=2.1s
2026-05-12 17:59:37,714 - [robot_000] Round 2: tasks=40 success=0.000 reward=-0.400 loss=0.0000 entropy=0.691 time=2.1s
2026-05-12 17:59:39,877 - [robot_000] Round 3: tasks=60 success=0.000 reward=-0.400 loss=0.0000 entropy=0.691 time=2.1s
2026-05-12 17:59:43,530 - [robot_000] Round 4: tasks=80 success=0.000 reward=-0.400 loss=-0.3588 entropy=0.692 time=3.6s
2026-05-12 17:59:47,135 - [robot_000] Round 5: tasks=100 success=0.000 reward=-0.400 loss=-0.3622 entropy=0.692 time=3.5s
2026-05-12 17:59:49,406 - [robot_000] Round 6: tasks=120 success=0.000 reward=-0.400 loss=-0.3622 entropy=0.692 time=2.1s
2026-05-12 17:59:53,027 - [robot_000] Round 7: tasks=140 success=0.000 reward=-0.400 loss=-0.3657 entropy=0.693 time=3.6s
2026-05-12 17:59:56,696 - [robot_000] Round 8: tasks=160 success=0.000 reward=-0.400 loss=-0.3694 entropy=0.693 time=3.6s
2026-05-12 17:59:58,869 - [robot_000] Round 9: tasks=180 success=0.000 reward=-0.400 loss=-0.3694 entropy=0.693 time=2.1s
2026-05-12 18:00:07,084 - [robot_000] Round 10: tasks=200 success=0.350 reward=+0.265 loss=-0.3732 entropy=0.693 time=8.1s
2026-05-12 18:00:11,230 - [robot_000] Policy loaded from /checkpoints/robot_000
2026-05-12 18:00:13,292 - [robot_000] Round 11: tasks=220 success=0.000 reward=-0.400 loss=-0.3732 entropy=0.693 time=5.6s
2026-05-12 18:00:50,387 - [robot_000] Round 12: tasks=240 success=0.750 reward=+1.030 loss=-0.0081 entropy=0.693 time=26.6s
2026-05-12 18:01:21,795 - [robot_000] Round 13: tasks=260 success=0.200 reward=-0.020 loss=-0.0093 entropy=0.693 time=6.4s
2026-05-12 18:02:14,705 - [robot_000] Round 14: tasks=280 success=0.850 reward=+1.225 loss=-0.0093 entropy=0.693 time=35.8s
2026-05-12 18:03:06,559 - [robot_000] Round 15: tasks=300 success=0.750 reward=+1.030 loss=-0.0108 entropy=0.693 time=37.0s
2026-05-12 18:03:56,302 - [robot_000] Round 16: tasks=320 success=0.900 reward=+1.315 loss=-0.0128 entropy=0.693 time=42.9s
2026-05-12 18:05:03,819 - [robot_000] Round 17: tasks=340 success=0.850 reward=+1.225 loss=-0.0128 entropy=0.693 time=54.2s
2026-05-12 18:06:07,619 - [robot_000] Round 18: tasks=360 success=0.700 reward=+0.945 loss=-0.0150 entropy=0.693 time=55.4s
2026-05-12 18:07:02,919 - [robot_000] Round 19: tasks=380 success=0.900 reward=+1.320 loss=-0.0150 entropy=0.693 time=51.0s
2026-05-12 18:07:51,554 - [robot_000] Round 20: tasks=400 success=0.900 reward=+1.320 loss=-0.0162 entropy=0.692 time=47.7s
2026-05-12 18:08:08,539 - [robot_000] Policy loaded from /checkpoints/robot_000
2026-05-12 18:08:53,939 - [robot_000] Round 21: tasks=420 success=0.900 reward=+1.320 loss=-0.0190 entropy=0.692 time=52.5s
2026-05-12 18:09:42,946 - [robot_000] Round 22: tasks=440 success=0.900 reward=+1.320 loss=-0.0190 entropy=0.692 time=43.3s
2026-05-12 18:10:42,152 - [robot_000] Round 23: tasks=460 success=0.900 reward=+1.320 loss=-0.0199 entropy=0.692 time=49.5s
2026-05-12 18:11:33,855 - [robot_000] Round 24: tasks=480 success=0.900 reward=+1.320 loss=-0.0255 entropy=0.691 time=46.4s
2026-05-12 18:12:38,266 - [robot_000] Round 25: tasks=500 success=0.850 reward=+1.230 loss=-0.0255 entropy=0.691 time=52.6s
2026-05-12 18:13:31,288 - [robot_000] Round 26: tasks=520 success=0.900 reward=+1.320 loss=-0.0248 entropy=0.691 time=50.0s
2026-05-12 18:14:18,700 - [robot_000] Round 27: tasks=540 success=0.900 reward=+1.320 loss=-0.0248 entropy=0.690 time=45.6s
2026-05-12 18:15:12,466 - [robot_000] Round 28: tasks=560 success=0.950 reward=+1.410 loss=-0.0286 entropy=0.689 time=46.5s
2026-05-12 18:16:12,712 - [robot_000] Round 29: tasks=580 success=0.900 reward=+1.320 loss=-0.0286 entropy=0.688 time=52.9s
2026-05-12 18:17:05,438 - [robot_000] Round 30: tasks=600 success=0.900 reward=+1.320 loss=-0.0286 entropy=0.687 time=52.7s
2026-05-12 18:17:23,423 - [robot_000] Policy loaded from /checkpoints/robot_000
2026-05-12 18:18:00,103 - [robot_000] Round 31: tasks=620 success=0.950 reward=+1.410 loss=-0.0327 entropy=0.686 time=50.3s
2026-05-12 18:18:48,728 - [robot_000] Round 32: tasks=640 success=0.900 reward=+1.320 loss=-0.0375 entropy=0.685 time=44.8s
2026-05-12 18:19:38,515 - [robot_000] Round 33: tasks=660 success=0.900 reward=+1.320 loss=-0.0375 entropy=0.683 time=44.0s
2026-05-12 18:20:24,027 - [robot_000] Round 34: tasks=680 success=0.900 reward=+1.320 loss=-0.0424 entropy=0.682 time=42.8s
2026-05-12 18:21:28,491 - [robot_000] Round 35: tasks=700 success=0.900 reward=+1.320 loss=-0.0424 entropy=0.680 time=46.0s
2026-05-12 18:22:20,264 - [robot_000] Round 36: tasks=720 success=0.900 reward=+1.320 loss=-0.0356 entropy=0.677 time=48.7s
2026-05-12 18:23:17,336 - [robot_000] Round 37: tasks=740 success=0.850 reward=+1.230 loss=-0.0464 entropy=0.673 time=52.1s
2026-05-12 18:24:14,557 - [robot_000] Round 38: tasks=760 success=0.850 reward=+1.230 loss=-0.0464 entropy=0.672 time=49.3s
2026-05-12 18:25:14,489 - [robot_000] Round 39: tasks=780 success=0.900 reward=+1.320 loss=-0.0511 entropy=0.667 time=53.5s
2026-05-12 18:26:17,156 - [robot_000] Round 40: tasks=800 success=0.800 reward=+1.140 loss=-0.0515 entropy=0.658 time=58.2s
2026-05-12 18:26:23,934 - [robot_000] Policy loaded from /checkpoints/robot_000
2026-05-12 18:27:04,065 - [robot_000] Round 41: tasks=820 success=0.950 reward=+1.410 loss=-0.0515 entropy=0.661 time=46.7s
2026-05-12 18:28:00,755 - [robot_000] Round 42: tasks=840 success=0.900 reward=+1.320 loss=-0.0558 entropy=0.657 time=51.4s
2026-05-12 18:28:51,076 - [robot_000] Round 43: tasks=860 success=0.950 reward=+1.410 loss=-0.0558 entropy=0.655 time=48.4s
2026-05-12 18:29:55,571 - [robot_000] Round 44: tasks=880 success=0.850 reward=+1.230 loss=-0.0667 entropy=0.657 time=56.8s
2026-05-12 18:30:58,068 - [robot_000] Round 45: tasks=900 success=0.850 reward=+1.230 loss=-0.0552 entropy=0.654 time=58.7s
2026-05-12 18:31:50,308 - [robot_000] Round 46: tasks=920 success=0.850 reward=+1.230 loss=-0.0552 entropy=0.650 time=52.2s
2026-05-12 18:32:46,043 - [robot_000] Round 47: tasks=940 success=0.850 reward=+1.230 loss=-0.0564 entropy=0.635 time=52.5s
2026-05-12 18:33:45,250 - [robot_000] Policy loaded from /checkpoints/robot_000
2026-05-12 18:33:47,518 - [robot_000] Round 48: tasks=960 success=0.900 reward=+1.320 loss=-0.0685 entropy=0.640 time=60.8s
2026-05-12 18:34:32,128 - [robot_000] Round 49: tasks=980 success=0.850 reward=+1.230 loss=-0.0685 entropy=0.621 time=44.6s
2026-05-12 18:35:52,062 - [robot_000] Round 50: tasks=1000 success=0.850 reward=+1.230 loss=-0.0816 entropy=0.622 time=53.2s
2026-05-12 18:36:52,488 - [robot_000] Round 51: tasks=1020 success=0.900 reward=+1.320 loss=-0.0816 entropy=0.634 time=45.4s
2026-05-12 18:37:46,953 - [robot_000] Round 52: tasks=1040 success=0.900 reward=+1.320 loss=-0.0761 entropy=0.634 time=46.5s
2026-05-12 18:38:49,017 - [robot_000] Round 53: tasks=1060 success=0.950 reward=+1.410 loss=-0.0769 entropy=0.609 time=46.7s
2026-05-12 18:39:52,193 - [robot_000] Round 54: tasks=1080 success=0.900 reward=+1.320 loss=-0.0769 entropy=0.625 time=48.5s
2026-05-12 18:40:28,722 - [robot_000] Round 55: tasks=1100 success=1.000 reward=+1.500 loss=-0.0969 entropy=0.598 time=29.5s
2026-05-12 18:41:46,647 - [robot_000] Round 56: tasks=1120 success=0.850 reward=+1.230 loss=-0.0830 entropy=0.584 time=53.8s
2026-05-12 18:42:32,858 - [robot_000] Round 57: tasks=1140 success=0.900 reward=+1.320 loss=-0.0830 entropy=0.592 time=45.8s
2026-05-12 18:43:20,338 - [robot_000] Round 58: tasks=1160 success=0.950 reward=+1.410 loss=-0.0937 entropy=0.568 time=37.8s
2026-05-12 18:44:09,212 - [robot_000] Round 59: tasks=1180 success=0.950 reward=+1.410 loss=-0.0937 entropy=0.559 time=32.7s
2026-05-12 18:45:18,807 - [robot_000] Round 60: tasks=1200 success=0.850 reward=+1.230 loss=-0.1176 entropy=0.559 time=56.3s
2026-05-12 18:46:08,583 - [robot_000] Round 61: tasks=1220 success=0.900 reward=+1.320 loss=-0.0991 entropy=0.529 time=48.2s
2026-05-12 18:46:53,898 - [robot_000] Round 62: tasks=1240 success=0.950 reward=+1.410 loss=-0.0991 entropy=0.589 time=43.4s
2026-05-12 18:47:55,803 - [robot_000] Round 63: tasks=1260 success=0.850 reward=+1.230 loss=-0.1149 entropy=0.531 time=54.1s
2026-05-12 18:48:44,166 - [robot_000] Round 64: tasks=1280 success=0.950 reward=+1.410 loss=-0.1245 entropy=0.527 time=45.0s
2026-05-12 18:49:35,056 - [robot_000] Round 65: tasks=1300 success=0.900 reward=+1.320 loss=-0.1245 entropy=0.510 time=48.2s
2026-05-12 18:50:20,733 - [robot_000] Round 66: tasks=1320 success=0.950 reward=+1.410 loss=-0.0885 entropy=0.499 time=45.2s
2026-05-12 18:51:22,091 - [robot_000] Round 67: tasks=1340 success=0.900 reward=+1.320 loss=-0.0885 entropy=0.555 time=52.7s
2026-05-12 18:52:07,407 - [robot_000] Round 68: tasks=1360 success=0.950 reward=+1.410 loss=-0.1387 entropy=0.470 time=45.3s
2026-05-12 18:52:55,966 - [robot_000] Round 69: tasks=1380 success=0.950 reward=+1.410 loss=-0.1514 entropy=0.491 time=39.9s
2026-05-12 18:53:35,899 - [robot_000] Round 70: tasks=1400 success=1.000 reward=+1.500 loss=-0.1514 entropy=0.500 time=27.9s
2026-05-12 18:54:46,407 - [robot_000] Round 71: tasks=1420 success=0.900 reward=+1.320 loss=-0.1515 entropy=0.433 time=47.8s
2026-05-12 18:55:35,377 - [robot_000] Round 72: tasks=1440 success=0.900 reward=+1.320 loss=-0.1161 entropy=0.445 time=47.3s
2026-05-12 18:56:26,095 - [robot_000] Round 73: tasks=1460 success=0.850 reward=+1.230 loss=-0.1161 entropy=0.469 time=44.1s
2026-05-12 18:57:15,665 - [robot_000] Round 74: tasks=1480 success=0.900 reward=+1.320 loss=-0.0909 entropy=0.452 time=45.9s
2026-05-12 18:57:58,229 - [robot_000] Round 75: tasks=1500 success=0.900 reward=+1.320 loss=-0.0909 entropy=0.444 time=37.4s
2026-05-12 18:59:08,967 - [robot_000] Round 76: tasks=1520 success=0.850 reward=+1.230 loss=-0.1402 entropy=0.433 time=55.7s
2026-05-12 19:00:06,499 - [robot_000] Round 77: tasks=1540 success=0.950 reward=+1.410 loss=-0.1634 entropy=0.422 time=57.1s
2026-05-12 19:00:47,916 - [robot_000] Round 78: tasks=1560 success=0.950 reward=+1.410 loss=-0.1634 entropy=0.370 time=41.4s
2026-05-12 19:01:48,261 - [robot_000] Round 79: tasks=1580 success=0.900 reward=+1.320 loss=-0.1377 entropy=0.391 time=47.6s
2026-05-12 19:02:31,430 - [robot_000] Round 80: tasks=1600 success=1.000 reward=+1.500 loss=-0.0966 entropy=0.376 time=31.1s
2026-05-12 19:03:49,625 - [robot_000] Round 81: tasks=1620 success=0.850 reward=+1.230 loss=-0.0966 entropy=0.412 time=53.9s
2026-05-12 19:04:36,161 - [robot_000] Round 82: tasks=1640 success=0.900 reward=+1.320 loss=-0.0975 entropy=0.388 time=45.7s
2026-05-12 19:05:43,909 - [robot_000] Round 83: tasks=1660 success=0.700 reward=+0.960 loss=-0.0975 entropy=0.382 time=57.5s
2026-05-12 19:06:36,444 - [robot_000] Round 84: tasks=1680 success=0.950 reward=+1.410 loss=-0.1482 entropy=0.391 time=52.5s
2026-05-12 19:07:35,050 - [robot_000] Round 85: tasks=1700 success=0.850 reward=+1.230 loss=-0.1522 entropy=0.362 time=51.9s
2026-05-12 19:08:24,297 - [robot_000] Round 86: tasks=1720 success=0.850 reward=+1.230 loss=-0.1522 entropy=0.360 time=46.7s
2026-05-12 19:09:10,055 - [robot_000] Round 87: tasks=1740 success=0.950 reward=+1.410 loss=-0.1210 entropy=0.368 time=43.0s
2026-05-12 19:10:09,562 - [robot_000] Round 88: tasks=1760 success=0.850 reward=+1.230 loss=-0.1826 entropy=0.343 time=48.8s
2026-05-12 19:10:58,924 - [robot_000] Round 89: tasks=1780 success=0.900 reward=+1.320 loss=-0.1826 entropy=0.356 time=44.4s
2026-05-12 19:11:58,250 - [robot_000] Round 90: tasks=1800 success=0.850 reward=+1.230 loss=-0.2134 entropy=0.366 time=55.2s
2026-05-12 19:12:32,132 - [robot_000] Round 91: tasks=1820 success=0.950 reward=+1.410 loss=-0.2134 entropy=0.318 time=31.5s
2026-05-12 19:13:18,214 - [robot_000] Round 92: tasks=1840 success=1.000 reward=+1.500 loss=-0.0879 entropy=0.348 time=30.4s
2026-05-12 19:14:30,786 - [robot_000] Round 93: tasks=1860 success=0.850 reward=+1.230 loss=-0.1725 entropy=0.288 time=54.1s
2026-05-12 19:15:26,210 - [robot_000] Round 94: tasks=1880 success=0.850 reward=+1.230 loss=-0.1725 entropy=0.326 time=55.3s
2026-05-12 19:16:13,252 - [robot_000] Round 95: tasks=1900 success=0.950 reward=+1.410 loss=-0.1573 entropy=0.321 time=45.1s
2026-05-12 19:16:54,557 - [robot_000] Round 96: tasks=1920 success=1.000 reward=+1.500 loss=-0.1886 entropy=0.314 time=32.6s
2026-05-12 19:18:08,170 - [robot_000] Round 97: tasks=1940 success=0.900 reward=+1.320 loss=-0.1886 entropy=0.287 time=53.8s
2026-05-12 19:18:46,961 - [robot_000] Round 98: tasks=1960 success=0.950 reward=+1.410 loss=-0.1033 entropy=0.314 time=38.3s
2026-05-12 19:19:50,004 - [robot_000] Round 99: tasks=1980 success=0.900 reward=+1.320 loss=-0.1033 entropy=0.328 time=47.1s
2026-05-12 19:20:53,911 - [robot_000] Round 100: tasks=2000 success=0.900 reward=+1.320 loss=-0.1854 entropy=0.283 time=57.7s
DEBUG flwr 2026-05-12 19:20:53,952 | connection.py:139 | gRPC channel closed
2026-05-12 19:20:53,952 - gRPC channel closed
INFO flwr 2026-05-12 19:20:53,952 | app.py:215 | Disconnect and shut down
2026-05-12 19:20:53,952 - Disconnect and shut down
2026-05-12 19:20:53,953 - [robot_000] All FL rounds complete
2026-05-12 19:20:54,170 - [robot_000] Shutdown complete
