2026-05-12 17:59:00,480 - [robot_001] Starting — server=n016.cluster.pssclabs.com:8470 type=gpu_specialist
INFO flwr 2026-05-12 17:59:03,011 | grpc.py:49 | Opened insecure gRPC connection (no certificates were passed)
2026-05-12 17:59:03,011 - Opened insecure gRPC connection (no certificates were passed)
DEBUG flwr 2026-05-12 17:59:03,013 | connection.py:42 | ChannelConnectivity.IDLE
2026-05-12 17:59:03,013 - ChannelConnectivity.IDLE
DEBUG flwr 2026-05-12 17:59:03,016 | connection.py:42 | ChannelConnectivity.CONNECTING
2026-05-12 17:59:03,016 - ChannelConnectivity.CONNECTING
DEBUG flwr 2026-05-12 17:59:03,021 | connection.py:42 | ChannelConnectivity.READY
2026-05-12 17:59:03,021 - ChannelConnectivity.READY
2026-05-12 17:59:35,578 - [robot_001] Round 1: tasks=20 success=0.000 reward=-0.400 loss=0.0000 entropy=0.691 time=2.1s
2026-05-12 17:59:37,739 - [robot_001] Round 2: tasks=40 success=0.000 reward=-0.400 loss=0.0000 entropy=0.691 time=2.1s
2026-05-12 17:59:39,879 - [robot_001] Round 3: tasks=60 success=0.000 reward=-0.400 loss=0.0000 entropy=0.691 time=2.1s
2026-05-12 17:59:43,583 - [robot_001] Round 4: tasks=80 success=0.000 reward=-0.400 loss=-0.3589 entropy=0.692 time=3.6s
2026-05-12 17:59:47,073 - [robot_001] Round 5: tasks=100 success=0.000 reward=-0.400 loss=-0.3623 entropy=0.692 time=3.4s
2026-05-12 17:59:49,392 - [robot_001] Round 6: tasks=120 success=0.000 reward=-0.400 loss=-0.3623 entropy=0.692 time=2.1s
2026-05-12 17:59:52,795 - [robot_001] Round 7: tasks=140 success=0.000 reward=-0.400 loss=-0.3659 entropy=0.693 time=3.3s
2026-05-12 17:59:56,708 - [robot_001] Round 8: tasks=160 success=0.000 reward=-0.400 loss=-0.3698 entropy=0.693 time=3.6s
2026-05-12 17:59:58,898 - [robot_001] Round 9: tasks=180 success=0.000 reward=-0.400 loss=-0.3698 entropy=0.693 time=2.1s
2026-05-12 18:00:07,608 - [robot_001] Round 10: tasks=200 success=0.350 reward=+0.265 loss=-0.3733 entropy=0.693 time=8.7s
2026-05-12 18:00:22,790 - [robot_001] Policy loaded from /checkpoints/robot_001
2026-05-12 18:00:23,797 - [robot_001] Round 11: tasks=220 success=0.000 reward=-0.400 loss=-0.3733 entropy=0.693 time=16.1s
2026-05-12 18:01:02,829 - [robot_001] Round 12: tasks=240 success=0.650 reward=+0.850 loss=-0.0091 entropy=0.693 time=39.0s
2026-05-12 18:01:21,796 - [robot_001] Round 13: tasks=260 success=0.200 reward=-0.020 loss=-0.0102 entropy=0.693 time=6.4s
2026-05-12 18:02:24,702 - [robot_001] Round 14: tasks=280 success=0.850 reward=+1.225 loss=-0.0102 entropy=0.693 time=45.8s
2026-05-12 18:03:00,702 - [robot_001] Round 15: tasks=300 success=0.750 reward=+1.030 loss=-0.0121 entropy=0.693 time=31.2s
2026-05-12 18:03:59,978 - [robot_001] Round 16: tasks=320 success=0.750 reward=+1.040 loss=-0.0138 entropy=0.693 time=46.6s
2026-05-12 18:04:54,038 - [robot_001] Round 17: tasks=340 success=0.850 reward=+1.225 loss=-0.0138 entropy=0.693 time=44.5s
2026-05-12 18:06:02,927 - [robot_001] Round 18: tasks=360 success=0.800 reward=+1.135 loss=-0.0151 entropy=0.693 time=50.7s
2026-05-12 18:06:57,311 - [robot_001] Round 19: tasks=380 success=0.900 reward=+1.320 loss=-0.0151 entropy=0.693 time=45.4s
2026-05-12 18:07:34,720 - [robot_001] Round 20: tasks=400 success=0.900 reward=+1.315 loss=-0.0158 entropy=0.693 time=30.9s
2026-05-12 18:08:57,712 - [robot_001] Policy loaded from /checkpoints/robot_001
2026-05-12 18:08:59,595 - [robot_001] Round 21: tasks=420 success=1.000 reward=+1.500 loss=-0.0166 entropy=0.692 time=58.2s
2026-05-12 18:09:31,194 - [robot_001] Round 22: tasks=440 success=1.000 reward=+1.500 loss=-0.0166 entropy=0.692 time=31.6s
2026-05-12 18:10:29,132 - [robot_001] Round 23: tasks=460 success=0.950 reward=+1.410 loss=-0.0211 entropy=0.692 time=36.4s
2026-05-12 18:11:25,645 - [robot_001] Round 24: tasks=480 success=1.000 reward=+1.500 loss=-0.0244 entropy=0.691 time=38.2s
2026-05-12 18:12:23,955 - [robot_001] Round 25: tasks=500 success=0.950 reward=+1.410 loss=-0.0244 entropy=0.690 time=38.3s
2026-05-12 18:13:11,269 - [robot_001] Round 26: tasks=520 success=1.000 reward=+1.500 loss=-0.0272 entropy=0.690 time=30.0s
2026-05-12 18:14:05,290 - [robot_001] Round 27: tasks=540 success=0.950 reward=+1.410 loss=-0.0272 entropy=0.690 time=32.2s
2026-05-12 18:15:04,115 - [robot_001] Round 28: tasks=560 success=0.950 reward=+1.410 loss=-0.0308 entropy=0.688 time=38.1s
2026-05-12 18:16:05,410 - [robot_001] Round 29: tasks=580 success=0.900 reward=+1.320 loss=-0.0329 entropy=0.687 time=45.6s
2026-05-12 18:16:56,925 - [robot_001] Round 30: tasks=600 success=0.950 reward=+1.410 loss=-0.0329 entropy=0.687 time=44.2s
2026-05-12 18:18:00,171 - [robot_001] Policy loaded from /checkpoints/robot_001
2026-05-12 18:18:03,579 - [robot_001] Round 31: tasks=620 success=1.000 reward=+1.500 loss=-0.0351 entropy=0.685 time=53.8s
2026-05-12 18:18:46,100 - [robot_001] Round 32: tasks=640 success=0.950 reward=+1.410 loss=-0.0354 entropy=0.681 time=42.1s
2026-05-12 18:19:18,865 - [robot_001] Round 33: tasks=660 success=1.000 reward=+1.500 loss=-0.0354 entropy=0.682 time=24.4s
2026-05-12 18:20:25,525 - [robot_001] Round 34: tasks=680 success=0.900 reward=+1.320 loss=-0.0414 entropy=0.680 time=44.3s
2026-05-12 18:21:06,839 - [robot_001] Round 35: tasks=700 success=1.000 reward=+1.500 loss=-0.0414 entropy=0.681 time=24.3s
2026-05-12 18:22:04,516 - [robot_001] Round 36: tasks=720 success=0.950 reward=+1.410 loss=-0.0414 entropy=0.671 time=33.0s
2026-05-12 18:23:08,477 - [robot_001] Round 37: tasks=740 success=0.950 reward=+1.410 loss=-0.0468 entropy=0.676 time=43.2s
2026-05-12 18:24:08,654 - [robot_001] Round 38: tasks=760 success=0.900 reward=+1.320 loss=-0.0468 entropy=0.672 time=43.4s
2026-05-12 18:24:57,263 - [robot_001] Round 39: tasks=780 success=1.000 reward=+1.500 loss=-0.0533 entropy=0.659 time=36.3s
2026-05-12 18:25:51,466 - [robot_001] Round 40: tasks=800 success=0.950 reward=+1.410 loss=-0.0677 entropy=0.657 time=32.5s
2026-05-12 18:27:07,362 - [robot_001] Policy loaded from /checkpoints/robot_001
2026-05-12 18:27:09,333 - [robot_001] Round 41: tasks=820 success=1.000 reward=+1.500 loss=-0.0677 entropy=0.666 time=52.0s
2026-05-12 18:27:42,535 - [robot_001] Round 42: tasks=840 success=0.950 reward=+1.410 loss=-0.0605 entropy=0.651 time=33.1s
2026-05-12 18:28:40,182 - [robot_001] Round 43: tasks=860 success=1.000 reward=+1.500 loss=-0.0605 entropy=0.656 time=37.5s
2026-05-12 18:29:30,709 - [robot_001] Round 44: tasks=880 success=1.000 reward=+1.500 loss=-0.0575 entropy=0.641 time=31.9s
2026-05-12 18:30:38,253 - [robot_001] Round 45: tasks=900 success=1.000 reward=+1.500 loss=-0.0689 entropy=0.643 time=38.9s
2026-05-12 18:31:31,701 - [robot_001] Round 46: tasks=920 success=0.950 reward=+1.410 loss=-0.0689 entropy=0.647 time=33.6s
2026-05-12 18:32:28,664 - [robot_001] Round 47: tasks=940 success=1.000 reward=+1.500 loss=-0.0759 entropy=0.636 time=35.1s
2026-05-12 18:33:20,396 - [robot_001] Round 48: tasks=960 success=1.000 reward=+1.500 loss=-0.0690 entropy=0.614 time=33.7s
2026-05-12 18:34:30,806 - [robot_001] Policy loaded from /checkpoints/robot_001
2026-05-12 18:34:36,930 - [robot_001] Round 49: tasks=980 success=1.000 reward=+1.500 loss=-0.0690 entropy=0.615 time=49.4s
2026-05-12 18:35:29,402 - [robot_001] Round 50: tasks=1000 success=1.000 reward=+1.500 loss=-0.0913 entropy=0.613 time=30.5s
2026-05-12 18:36:31,430 - [robot_001] Round 51: tasks=1020 success=1.000 reward=+1.500 loss=-0.0913 entropy=0.625 time=24.3s
2026-05-12 18:37:38,102 - [robot_001] Round 52: tasks=1040 success=0.900 reward=+1.320 loss=-0.0968 entropy=0.625 time=37.7s
2026-05-12 18:38:38,600 - [robot_001] Round 53: tasks=1060 success=1.000 reward=+1.500 loss=-0.1011 entropy=0.587 time=36.3s
2026-05-12 18:39:34,291 - [robot_001] Round 54: tasks=1080 success=1.000 reward=+1.500 loss=-0.1011 entropy=0.591 time=30.6s
2026-05-12 18:40:35,438 - [robot_001] Round 55: tasks=1100 success=0.950 reward=+1.410 loss=-0.0969 entropy=0.597 time=36.2s
2026-05-12 18:41:21,230 - [robot_001] Round 56: tasks=1120 success=1.000 reward=+1.500 loss=-0.1191 entropy=0.585 time=28.4s
2026-05-12 18:42:15,859 - [robot_001] Round 57: tasks=1140 success=1.000 reward=+1.500 loss=-0.1191 entropy=0.572 time=28.8s
2026-05-12 18:43:16,992 - [robot_001] Round 58: tasks=1160 success=0.950 reward=+1.410 loss=-0.1092 entropy=0.554 time=34.5s
2026-05-12 18:44:03,675 - [robot_001] Round 59: tasks=1180 success=1.000 reward=+1.500 loss=-0.1092 entropy=0.563 time=27.1s
2026-05-12 18:45:01,893 - [robot_001] Round 60: tasks=1200 success=0.950 reward=+1.410 loss=-0.1189 entropy=0.543 time=39.4s
2026-05-12 18:45:55,405 - [robot_001] Round 61: tasks=1220 success=1.000 reward=+1.500 loss=-0.1194 entropy=0.556 time=35.0s
2026-05-12 18:46:36,701 - [robot_001] Round 62: tasks=1240 success=1.000 reward=+1.500 loss=-0.1194 entropy=0.505 time=26.2s
2026-05-12 18:47:48,561 - [robot_001] Round 63: tasks=1260 success=0.900 reward=+1.320 loss=-0.1360 entropy=0.526 time=46.8s
2026-05-12 18:48:36,212 - [robot_001] Round 64: tasks=1280 success=0.950 reward=+1.410 loss=-0.1131 entropy=0.496 time=37.1s
2026-05-12 18:49:17,278 - [robot_001] Round 65: tasks=1300 success=0.950 reward=+1.410 loss=-0.1131 entropy=0.464 time=30.4s
2026-05-12 18:50:16,830 - [robot_001] Round 66: tasks=1320 success=0.950 reward=+1.410 loss=-0.1294 entropy=0.489 time=41.3s
2026-05-12 18:51:02,343 - [robot_001] Round 67: tasks=1340 success=1.000 reward=+1.500 loss=-0.1294 entropy=0.501 time=33.0s
2026-05-12 18:51:56,954 - [robot_001] Round 68: tasks=1360 success=0.950 reward=+1.410 loss=-0.1571 entropy=0.466 time=34.8s
2026-05-12 18:52:55,360 - [robot_001] Round 69: tasks=1380 success=1.000 reward=+1.500 loss=-0.1562 entropy=0.474 time=39.3s
2026-05-12 18:53:38,690 - [robot_001] Round 70: tasks=1400 success=1.000 reward=+1.500 loss=-0.1562 entropy=0.492 time=30.7s
2026-05-12 18:54:27,976 - [robot_001] Round 71: tasks=1420 success=1.000 reward=+1.500 loss=-0.1005 entropy=0.457 time=29.4s
2026-05-12 18:55:24,994 - [robot_001] Round 72: tasks=1440 success=0.950 reward=+1.410 loss=-0.1419 entropy=0.429 time=36.9s
2026-05-12 18:56:14,525 - [robot_001] Round 73: tasks=1460 success=0.950 reward=+1.410 loss=-0.1419 entropy=0.431 time=32.6s
2026-05-12 18:56:56,569 - [robot_001] Round 74: tasks=1480 success=1.000 reward=+1.500 loss=-0.1779 entropy=0.435 time=26.8s
2026-05-12 18:57:52,987 - [robot_001] Round 75: tasks=1500 success=0.950 reward=+1.410 loss=-0.1779 entropy=0.412 time=32.1s
2026-05-12 18:58:50,026 - [robot_001] Round 76: tasks=1520 success=1.000 reward=+1.500 loss=-0.1641 entropy=0.374 time=36.8s
2026-05-12 18:59:51,937 - [robot_001] Round 77: tasks=1540 success=0.900 reward=+1.320 loss=-0.1421 entropy=0.407 time=42.5s
2026-05-12 19:00:41,505 - [robot_001] Round 78: tasks=1560 success=1.000 reward=+1.500 loss=-0.1421 entropy=0.375 time=34.9s
2026-05-12 19:01:33,908 - [robot_001] Round 79: tasks=1580 success=1.000 reward=+1.500 loss=-0.1828 entropy=0.380 time=33.3s
2026-05-12 19:02:32,985 - [robot_001] Round 80: tasks=1600 success=1.000 reward=+1.500 loss=-0.1484 entropy=0.367 time=32.7s
2026-05-12 19:03:24,294 - [robot_001] Round 81: tasks=1620 success=0.950 reward=+1.410 loss=-0.1484 entropy=0.360 time=28.6s
2026-05-12 19:04:25,228 - [robot_001] Round 82: tasks=1640 success=1.000 reward=+1.500 loss=-0.1668 entropy=0.343 time=34.7s
2026-05-12 19:05:25,876 - [robot_001] Round 83: tasks=1660 success=1.000 reward=+1.500 loss=-0.1668 entropy=0.351 time=39.4s
2026-05-12 19:06:29,488 - [robot_001] Round 84: tasks=1680 success=0.950 reward=+1.410 loss=-0.1653 entropy=0.351 time=45.5s
2026-05-12 19:07:24,102 - [robot_001] Round 85: tasks=1700 success=0.950 reward=+1.410 loss=-0.1497 entropy=0.306 time=40.9s
2026-05-12 19:08:14,105 - [robot_001] Round 86: tasks=1720 success=0.900 reward=+1.320 loss=-0.1497 entropy=0.325 time=36.5s
2026-05-12 19:08:58,665 - [robot_001] Round 87: tasks=1740 success=1.000 reward=+1.500 loss=-0.2156 entropy=0.308 time=31.6s
2026-05-12 19:09:53,436 - [robot_001] Round 88: tasks=1760 success=0.950 reward=+1.410 loss=-0.1294 entropy=0.294 time=32.7s
2026-05-12 19:10:44,549 - [robot_001] Round 89: tasks=1780 success=1.000 reward=+1.500 loss=-0.1294 entropy=0.270 time=30.0s
2026-05-12 19:11:43,846 - [robot_001] Round 90: tasks=1800 success=1.000 reward=+1.500 loss=-0.2273 entropy=0.272 time=40.8s
2026-05-12 19:12:26,787 - [robot_001] Round 91: tasks=1820 success=0.950 reward=+1.410 loss=-0.2273 entropy=0.281 time=26.2s
2026-05-12 19:13:19,429 - [robot_001] Round 92: tasks=1840 success=1.000 reward=+1.500 loss=-0.1648 entropy=0.303 time=31.6s
2026-05-12 19:14:18,588 - [robot_001] Round 93: tasks=1860 success=0.950 reward=+1.410 loss=-0.2350 entropy=0.307 time=42.0s
2026-05-12 19:15:08,220 - [robot_001] Round 94: tasks=1880 success=0.950 reward=+1.410 loss=-0.2350 entropy=0.316 time=37.3s
2026-05-12 19:16:09,744 - [robot_001] Round 95: tasks=1900 success=0.900 reward=+1.320 loss=-0.1795 entropy=0.265 time=41.6s
2026-05-12 19:17:03,045 - [robot_001] Round 96: tasks=1920 success=0.950 reward=+1.410 loss=-0.2493 entropy=0.232 time=41.1s
2026-05-12 19:17:47,745 - [robot_001] Round 97: tasks=1940 success=1.000 reward=+1.500 loss=-0.2493 entropy=0.257 time=33.4s
2026-05-12 19:18:47,967 - [robot_001] Round 98: tasks=1960 success=0.900 reward=+1.320 loss=-0.1480 entropy=0.200 time=39.3s
2026-05-12 19:19:37,084 - [robot_001] Round 99: tasks=1980 success=1.000 reward=+1.500 loss=-0.1480 entropy=0.268 time=34.2s
2026-05-12 19:20:28,556 - [robot_001] Round 100: tasks=2000 success=1.000 reward=+1.500 loss=-0.1974 entropy=0.241 time=32.3s
DEBUG flwr 2026-05-12 19:20:53,952 | connection.py:139 | gRPC channel closed
2026-05-12 19:20:53,952 - gRPC channel closed
INFO flwr 2026-05-12 19:20:53,952 | app.py:215 | Disconnect and shut down
2026-05-12 19:20:53,952 - Disconnect and shut down
2026-05-12 19:20:53,952 - [robot_001] All FL rounds complete
2026-05-12 19:20:54,095 - [robot_001] Shutdown complete
