2026-05-12 17:59:31,013 - [robot_015] Starting — server=n016.cluster.pssclabs.com:8470 type=gpu_specialist
INFO flwr 2026-05-12 17:59:33,480 | grpc.py:49 | Opened insecure gRPC connection (no certificates were passed)
2026-05-12 17:59:33,480 - Opened insecure gRPC connection (no certificates were passed)
DEBUG flwr 2026-05-12 17:59:33,481 | connection.py:42 | ChannelConnectivity.IDLE
2026-05-12 17:59:33,481 - ChannelConnectivity.IDLE
DEBUG flwr 2026-05-12 17:59:33,483 | connection.py:42 | ChannelConnectivity.CONNECTING
2026-05-12 17:59:33,483 - ChannelConnectivity.CONNECTING
DEBUG flwr 2026-05-12 17:59:33,486 | connection.py:42 | ChannelConnectivity.READY
2026-05-12 17:59:33,486 - ChannelConnectivity.READY
2026-05-12 17:59:35,579 - [robot_015] Round 1: tasks=20 success=0.000 reward=-0.400 loss=0.0000 entropy=0.691 time=2.1s
2026-05-12 17:59:37,717 - [robot_015] Round 2: tasks=40 success=0.000 reward=-0.400 loss=0.0000 entropy=0.691 time=2.1s
2026-05-12 17:59:39,877 - [robot_015] Round 3: tasks=60 success=0.000 reward=-0.400 loss=0.0000 entropy=0.691 time=2.1s
2026-05-12 17:59:43,582 - [robot_015] Round 4: tasks=80 success=0.000 reward=-0.400 loss=-0.3588 entropy=0.692 time=3.6s
2026-05-12 17:59:47,224 - [robot_015] Round 5: tasks=100 success=0.000 reward=-0.400 loss=-0.3624 entropy=0.692 time=3.6s
2026-05-12 17:59:49,382 - [robot_015] Round 6: tasks=120 success=0.000 reward=-0.400 loss=-0.3624 entropy=0.692 time=2.1s
2026-05-12 17:59:53,044 - [robot_015] Round 7: tasks=140 success=0.000 reward=-0.400 loss=-0.3659 entropy=0.693 time=3.6s
2026-05-12 17:59:56,695 - [robot_015] Round 8: tasks=160 success=0.000 reward=-0.400 loss=-0.3695 entropy=0.693 time=3.6s
2026-05-12 17:59:58,870 - [robot_015] Round 9: tasks=180 success=0.000 reward=-0.400 loss=-0.3695 entropy=0.693 time=2.1s
2026-05-12 18:00:06,814 - [robot_015] Round 10: tasks=200 success=0.300 reward=+0.170 loss=-0.3728 entropy=0.693 time=7.9s
2026-05-12 18:00:09,749 - [robot_015] Round 11: tasks=220 success=0.000 reward=-0.400 loss=-0.3728 entropy=0.693 time=2.1s
2026-05-12 18:00:44,271 - [robot_015] Round 12: tasks=240 success=0.800 reward=+1.120 loss=-0.0094 entropy=0.693 time=20.4s
2026-05-12 18:01:24,231 - [robot_015] Round 13: tasks=260 success=0.200 reward=-0.020 loss=-0.0094 entropy=0.693 time=8.8s
2026-05-12 18:02:22,716 - [robot_015] Round 14: tasks=280 success=0.900 reward=+1.315 loss=-0.0094 entropy=0.693 time=43.8s
2026-05-12 18:03:13,280 - [robot_015] Round 15: tasks=300 success=0.500 reward=+0.555 loss=-0.0119 entropy=0.693 time=43.7s
2026-05-12 18:03:52,871 - [robot_015] Round 16: tasks=320 success=0.850 reward=+1.220 loss=-0.0138 entropy=0.693 time=39.5s
2026-05-12 18:04:59,878 - [robot_015] Round 17: tasks=340 success=0.950 reward=+1.410 loss=-0.0138 entropy=0.693 time=50.3s
2026-05-12 18:05:59,915 - [robot_015] Policy loaded from /checkpoints/robot_015
2026-05-12 18:06:09,162 - [robot_015] Round 18: tasks=360 success=0.950 reward=+1.410 loss=-0.0163 entropy=0.693 time=56.9s
2026-05-12 18:07:03,792 - [robot_015] Round 19: tasks=380 success=0.800 reward=+1.140 loss=-0.0163 entropy=0.693 time=51.8s
2026-05-12 18:07:48,469 - [robot_015] Round 20: tasks=400 success=0.950 reward=+1.410 loss=-0.0176 entropy=0.692 time=44.6s
2026-05-12 18:08:46,552 - [robot_015] Round 21: tasks=420 success=0.950 reward=+1.410 loss=-0.0189 entropy=0.692 time=45.1s
2026-05-12 18:09:48,991 - [robot_015] Round 22: tasks=440 success=0.900 reward=+1.320 loss=-0.0189 entropy=0.692 time=49.4s
2026-05-12 18:10:39,568 - [robot_015] Round 23: tasks=460 success=0.950 reward=+1.410 loss=-0.0228 entropy=0.692 time=46.9s
2026-05-12 18:11:35,505 - [robot_015] Round 24: tasks=480 success=0.900 reward=+1.320 loss=-0.0245 entropy=0.691 time=48.1s
2026-05-12 18:12:32,142 - [robot_015] Round 25: tasks=500 success=0.900 reward=+1.320 loss=-0.0245 entropy=0.691 time=46.5s
2026-05-12 18:13:29,150 - [robot_015] Round 26: tasks=520 success=0.900 reward=+1.320 loss=-0.0270 entropy=0.691 time=47.8s
2026-05-12 18:14:23,026 - [robot_015] Round 27: tasks=540 success=0.850 reward=+1.230 loss=-0.0270 entropy=0.690 time=49.9s
2026-05-12 18:15:10,284 - [robot_015] Policy loaded from /checkpoints/robot_015
2026-05-12 18:15:16,950 - [robot_015] Round 28: tasks=560 success=1.000 reward=+1.500 loss=-0.0312 entropy=0.687 time=51.0s
2026-05-12 18:15:56,326 - [robot_015] Round 29: tasks=580 success=0.950 reward=+1.410 loss=-0.0345 entropy=0.685 time=36.5s
2026-05-12 18:17:08,046 - [robot_015] Round 30: tasks=600 success=0.850 reward=+1.230 loss=-0.0345 entropy=0.687 time=55.3s
2026-05-12 18:17:53,962 - [robot_015] Round 31: tasks=620 success=0.900 reward=+1.320 loss=-0.0368 entropy=0.685 time=44.2s
2026-05-12 18:18:54,404 - [robot_015] Round 32: tasks=640 success=0.800 reward=+1.140 loss=-0.0345 entropy=0.680 time=50.4s
2026-05-12 18:19:38,036 - [robot_015] Round 33: tasks=660 success=0.900 reward=+1.320 loss=-0.0345 entropy=0.681 time=43.6s
2026-05-12 18:20:22,384 - [robot_015] Round 34: tasks=680 success=0.950 reward=+1.410 loss=-0.0417 entropy=0.677 time=41.1s
2026-05-12 18:21:28,543 - [robot_015] Round 35: tasks=700 success=0.950 reward=+1.410 loss=-0.0417 entropy=0.684 time=46.0s
2026-05-12 18:22:23,170 - [robot_015] Round 36: tasks=720 success=0.900 reward=+1.320 loss=-0.0439 entropy=0.679 time=51.6s
2026-05-12 18:23:18,213 - [robot_015] Round 37: tasks=740 success=0.850 reward=+1.230 loss=-0.0483 entropy=0.673 time=53.0s
2026-05-12 18:24:03,935 - [robot_015] Policy loaded from /checkpoints/robot_015
2026-05-12 18:24:12,493 - [robot_015] Round 38: tasks=760 success=1.000 reward=+1.500 loss=-0.0483 entropy=0.677 time=47.2s
2026-05-12 18:25:09,512 - [robot_015] Round 39: tasks=780 success=0.850 reward=+1.230 loss=-0.0538 entropy=0.670 time=48.5s
2026-05-12 18:26:11,146 - [robot_015] Round 40: tasks=800 success=0.900 reward=+1.320 loss=-0.0509 entropy=0.665 time=52.2s
2026-05-12 18:26:53,177 - [robot_015] Round 41: tasks=820 success=0.950 reward=+1.410 loss=-0.0509 entropy=0.667 time=35.9s
2026-05-12 18:27:58,597 - [robot_015] Round 42: tasks=840 success=0.900 reward=+1.320 loss=-0.0519 entropy=0.659 time=49.2s
2026-05-12 18:28:53,401 - [robot_015] Round 43: tasks=860 success=0.900 reward=+1.320 loss=-0.0519 entropy=0.659 time=50.7s
2026-05-12 18:29:52,710 - [robot_015] Round 44: tasks=880 success=0.900 reward=+1.320 loss=-0.0584 entropy=0.650 time=53.9s
2026-05-12 18:30:45,026 - [robot_015] Round 45: tasks=900 success=0.900 reward=+1.320 loss=-0.0669 entropy=0.644 time=45.7s
2026-05-12 18:31:22,337 - [robot_015] Round 46: tasks=920 success=1.000 reward=+1.500 loss=-0.0669 entropy=0.650 time=24.2s
2026-05-12 18:32:31,142 - [robot_015] Round 47: tasks=940 success=0.950 reward=+1.410 loss=-0.0607 entropy=0.645 time=37.6s
2026-05-12 18:33:27,164 - [robot_015] Policy loaded from /checkpoints/robot_015
2026-05-12 18:33:34,237 - [robot_015] Round 48: tasks=960 success=1.000 reward=+1.500 loss=-0.0798 entropy=0.632 time=47.6s
2026-05-12 18:34:22,168 - [robot_015] Round 49: tasks=980 success=0.900 reward=+1.320 loss=-0.0798 entropy=0.640 time=34.6s
2026-05-12 18:35:26,516 - [robot_015] Round 50: tasks=1000 success=1.000 reward=+1.500 loss=-0.0912 entropy=0.631 time=27.6s
2026-05-12 18:36:49,039 - [robot_015] Round 51: tasks=1020 success=0.900 reward=+1.320 loss=-0.0912 entropy=0.627 time=41.9s
2026-05-12 18:37:34,602 - [robot_015] Round 52: tasks=1040 success=1.000 reward=+1.500 loss=-0.0872 entropy=0.593 time=34.2s
2026-05-12 18:38:48,255 - [robot_015] Round 53: tasks=1060 success=0.900 reward=+1.320 loss=-0.0925 entropy=0.599 time=45.9s
2026-05-12 18:39:42,144 - [robot_015] Round 54: tasks=1080 success=1.000 reward=+1.500 loss=-0.0925 entropy=0.599 time=38.4s
2026-05-12 18:40:43,572 - [robot_015] Round 55: tasks=1100 success=0.850 reward=+1.230 loss=-0.0779 entropy=0.598 time=44.3s
2026-05-12 18:41:05,100 - [robot_015] Policy loaded from /checkpoints/robot_015
2026-05-12 18:41:42,066 - [robot_015] Round 56: tasks=1120 success=0.900 reward=+1.320 loss=-0.1031 entropy=0.578 time=49.2s
2026-05-12 18:42:24,150 - [robot_015] Round 57: tasks=1140 success=0.950 reward=+1.410 loss=-0.1031 entropy=0.574 time=37.1s
2026-05-12 18:43:35,570 - [robot_015] Round 58: tasks=1160 success=0.850 reward=+1.230 loss=-0.0977 entropy=0.564 time=53.0s
2026-05-12 18:44:16,807 - [robot_015] Round 59: tasks=1180 success=0.950 reward=+1.410 loss=-0.0977 entropy=0.560 time=40.3s
2026-05-12 18:45:12,400 - [robot_015] Round 60: tasks=1200 success=0.850 reward=+1.230 loss=-0.0930 entropy=0.545 time=49.9s
2026-05-12 18:46:06,551 - [robot_015] Round 61: tasks=1220 success=0.900 reward=+1.320 loss=-0.0878 entropy=0.535 time=46.2s
2026-05-12 18:47:01,662 - [robot_015] Round 62: tasks=1240 success=0.900 reward=+1.320 loss=-0.0878 entropy=0.539 time=51.2s
2026-05-12 18:47:52,502 - [robot_015] Round 63: tasks=1260 success=0.950 reward=+1.410 loss=-0.0757 entropy=0.516 time=50.8s
2026-05-12 18:48:39,892 - [robot_015] Round 64: tasks=1280 success=0.950 reward=+1.410 loss=-0.1331 entropy=0.503 time=40.8s
2026-05-12 18:49:32,669 - [robot_015] Round 65: tasks=1300 success=0.900 reward=+1.320 loss=-0.1331 entropy=0.515 time=45.8s
2026-05-12 18:50:27,847 - [robot_015] Round 66: tasks=1320 success=0.850 reward=+1.230 loss=-0.1507 entropy=0.521 time=52.3s
2026-05-12 18:51:17,567 - [robot_015] Round 67: tasks=1340 success=0.900 reward=+1.320 loss=-0.1507 entropy=0.493 time=48.2s
2026-05-12 18:52:14,557 - [robot_015] Round 68: tasks=1360 success=0.900 reward=+1.320 loss=-0.1151 entropy=0.498 time=52.4s
2026-05-12 18:53:06,581 - [robot_015] Round 69: tasks=1380 success=0.900 reward=+1.320 loss=-0.1236 entropy=0.477 time=50.5s
2026-05-12 18:53:57,854 - [robot_015] Round 70: tasks=1400 success=0.900 reward=+1.320 loss=-0.1236 entropy=0.503 time=49.9s
2026-05-12 18:54:46,131 - [robot_015] Round 71: tasks=1420 success=0.900 reward=+1.320 loss=-0.1127 entropy=0.449 time=47.5s
2026-05-12 18:55:35,025 - [robot_015] Round 72: tasks=1440 success=0.850 reward=+1.230 loss=-0.1708 entropy=0.438 time=46.9s
2026-05-12 18:56:24,663 - [robot_015] Round 73: tasks=1460 success=0.900 reward=+1.320 loss=-0.1708 entropy=0.469 time=42.7s
2026-05-12 18:57:05,675 - [robot_015] Round 74: tasks=1480 success=0.950 reward=+1.410 loss=-0.1479 entropy=0.436 time=35.9s
2026-05-12 18:58:11,834 - [robot_015] Round 75: tasks=1500 success=0.850 reward=+1.230 loss=-0.1479 entropy=0.433 time=51.0s
2026-05-12 18:59:05,579 - [robot_015] Round 76: tasks=1520 success=0.900 reward=+1.320 loss=-0.1713 entropy=0.436 time=52.3s
2026-05-12 19:00:02,908 - [robot_015] Round 77: tasks=1540 success=0.900 reward=+1.320 loss=-0.1641 entropy=0.435 time=53.5s
2026-05-12 19:01:00,577 - [robot_015] Round 78: tasks=1560 success=0.800 reward=+1.140 loss=-0.1641 entropy=0.388 time=54.0s
2026-05-12 19:01:58,443 - [robot_015] Round 79: tasks=1580 success=0.900 reward=+1.320 loss=-0.1120 entropy=0.425 time=57.8s
2026-05-12 19:02:54,695 - [robot_015] Round 80: tasks=1600 success=0.900 reward=+1.320 loss=-0.1630 entropy=0.408 time=54.4s
2026-05-12 19:03:47,763 - [robot_015] Round 81: tasks=1620 success=0.850 reward=+1.230 loss=-0.1630 entropy=0.435 time=52.1s
2026-05-12 19:04:44,728 - [robot_015] Round 82: tasks=1640 success=0.900 reward=+1.320 loss=-0.1243 entropy=0.385 time=54.2s
2026-05-12 19:05:35,788 - [robot_015] Round 83: tasks=1660 success=0.850 reward=+1.230 loss=-0.1243 entropy=0.366 time=49.4s
2026-05-12 19:06:21,901 - [robot_015] Round 84: tasks=1680 success=0.950 reward=+1.410 loss=-0.1810 entropy=0.388 time=37.9s
2026-05-12 19:07:27,129 - [robot_015] Round 85: tasks=1700 success=0.900 reward=+1.320 loss=-0.1720 entropy=0.333 time=43.9s
2026-05-12 19:08:21,248 - [robot_015] Round 86: tasks=1720 success=0.900 reward=+1.320 loss=-0.1720 entropy=0.343 time=43.7s
2026-05-12 19:09:15,844 - [robot_015] Round 87: tasks=1740 success=0.950 reward=+1.410 loss=-0.1653 entropy=0.327 time=48.8s
2026-05-12 19:10:14,303 - [robot_015] Round 88: tasks=1760 success=0.850 reward=+1.230 loss=-0.1739 entropy=0.370 time=53.5s
2026-05-12 19:11:02,492 - [robot_015] Round 89: tasks=1780 success=0.900 reward=+1.320 loss=-0.1739 entropy=0.349 time=48.0s
2026-05-12 19:11:56,132 - [robot_015] Round 90: tasks=1800 success=0.850 reward=+1.230 loss=-0.1203 entropy=0.326 time=53.0s
2026-05-12 19:12:42,066 - [robot_015] Round 91: tasks=1820 success=0.950 reward=+1.410 loss=-0.1203 entropy=0.308 time=41.5s
2026-05-12 19:13:36,592 - [robot_015] Round 92: tasks=1840 success=0.850 reward=+1.230 loss=-0.1263 entropy=0.362 time=48.8s
2026-05-12 19:14:23,785 - [robot_015] Round 93: tasks=1860 success=0.850 reward=+1.230 loss=-0.1231 entropy=0.354 time=47.2s
2026-05-12 19:15:17,886 - [robot_015] Round 94: tasks=1880 success=0.900 reward=+1.320 loss=-0.1231 entropy=0.308 time=46.9s
2026-05-12 19:16:09,815 - [robot_015] Round 95: tasks=1900 success=0.950 reward=+1.410 loss=-0.1320 entropy=0.326 time=41.6s
2026-05-12 19:17:14,144 - [robot_015] Round 96: tasks=1920 success=0.850 reward=+1.230 loss=-0.1344 entropy=0.316 time=52.2s
2026-05-12 19:17:56,731 - [robot_015] Round 97: tasks=1940 success=0.900 reward=+1.320 loss=-0.1344 entropy=0.306 time=42.4s
2026-05-12 19:18:53,665 - [robot_015] Round 98: tasks=1960 success=0.850 reward=+1.230 loss=-0.1867 entropy=0.296 time=45.0s
2026-05-12 19:19:48,129 - [robot_015] Round 99: tasks=1980 success=0.900 reward=+1.320 loss=-0.1867 entropy=0.323 time=45.2s
2026-05-12 19:20:38,949 - [robot_015] Round 100: tasks=2000 success=0.950 reward=+1.410 loss=-0.1483 entropy=0.348 time=42.7s
DEBUG flwr 2026-05-12 19:20:53,951 | connection.py:139 | gRPC channel closed
2026-05-12 19:20:53,951 - gRPC channel closed
INFO flwr 2026-05-12 19:20:53,952 | app.py:215 | Disconnect and shut down
2026-05-12 19:20:53,952 - Disconnect and shut down
2026-05-12 19:20:53,952 - [robot_015] All FL rounds complete
2026-05-12 19:20:54,091 - [robot_015] Shutdown complete
