2026-05-12 17:59:31,012 - [robot_017] Starting — server=n016.cluster.pssclabs.com:8470 type=gpu_specialist
INFO flwr 2026-05-12 17:59:33,480 | grpc.py:49 | Opened insecure gRPC connection (no certificates were passed)
2026-05-12 17:59:33,480 - Opened insecure gRPC connection (no certificates were passed)
DEBUG flwr 2026-05-12 17:59:33,481 | connection.py:42 | ChannelConnectivity.IDLE
2026-05-12 17:59:33,481 - ChannelConnectivity.IDLE
DEBUG flwr 2026-05-12 17:59:33,485 | connection.py:42 | ChannelConnectivity.CONNECTING
2026-05-12 17:59:33,485 - ChannelConnectivity.CONNECTING
DEBUG flwr 2026-05-12 17:59:33,486 | connection.py:42 | ChannelConnectivity.READY
2026-05-12 17:59:33,486 - ChannelConnectivity.READY
2026-05-12 17:59:35,570 - [robot_017] Round 1: tasks=20 success=0.000 reward=-0.400 loss=0.0000 entropy=0.691 time=2.1s
2026-05-12 17:59:37,717 - [robot_017] Round 2: tasks=40 success=0.000 reward=-0.400 loss=0.0000 entropy=0.691 time=2.1s
2026-05-12 17:59:39,877 - [robot_017] Round 3: tasks=60 success=0.000 reward=-0.400 loss=0.0000 entropy=0.691 time=2.1s
2026-05-12 17:59:43,564 - [robot_017] Round 4: tasks=80 success=0.000 reward=-0.400 loss=-0.3589 entropy=0.692 time=3.6s
2026-05-12 17:59:47,197 - [robot_017] Round 5: tasks=100 success=0.000 reward=-0.400 loss=-0.3624 entropy=0.692 time=3.6s
2026-05-12 17:59:49,382 - [robot_017] Round 6: tasks=120 success=0.000 reward=-0.400 loss=-0.3624 entropy=0.692 time=2.1s
2026-05-12 17:59:53,053 - [robot_017] Round 7: tasks=140 success=0.000 reward=-0.400 loss=-0.3659 entropy=0.693 time=3.6s
2026-05-12 17:59:56,715 - [robot_017] Round 8: tasks=160 success=0.000 reward=-0.400 loss=-0.3694 entropy=0.693 time=3.6s
2026-05-12 17:59:58,870 - [robot_017] Round 9: tasks=180 success=0.000 reward=-0.400 loss=-0.3694 entropy=0.693 time=2.1s
2026-05-12 18:00:07,555 - [robot_017] Round 10: tasks=200 success=0.350 reward=+0.265 loss=-0.3730 entropy=0.693 time=8.6s
2026-05-12 18:00:09,750 - [robot_017] Round 11: tasks=220 success=0.000 reward=-0.400 loss=-0.3730 entropy=0.693 time=2.1s
2026-05-12 18:00:58,460 - [robot_017] Round 12: tasks=240 success=0.750 reward=+1.030 loss=-0.0090 entropy=0.693 time=34.6s
2026-05-12 18:01:29,843 - [robot_017] Round 13: tasks=260 success=0.150 reward=-0.110 loss=-0.0101 entropy=0.693 time=14.4s
2026-05-12 18:02:25,121 - [robot_017] Round 14: tasks=280 success=0.550 reward=+0.655 loss=-0.0101 entropy=0.693 time=46.2s
2026-05-12 18:02:52,562 - [robot_017] Round 15: tasks=300 success=0.850 reward=+1.215 loss=-0.0120 entropy=0.693 time=23.0s
2026-05-12 18:03:56,246 - [robot_017] Round 16: tasks=320 success=0.800 reward=+1.130 loss=-0.0138 entropy=0.693 time=42.9s
2026-05-12 18:04:58,467 - [robot_017] Round 17: tasks=340 success=0.900 reward=+1.320 loss=-0.0138 entropy=0.693 time=48.9s
2026-05-12 18:06:11,402 - [robot_017] Round 18: tasks=360 success=0.800 reward=+1.140 loss=-0.0154 entropy=0.693 time=59.2s
2026-05-12 18:06:45,658 - [robot_017] Policy loaded from /checkpoints/robot_017
2026-05-12 18:07:02,922 - [robot_017] Round 19: tasks=380 success=0.950 reward=+1.410 loss=-0.0154 entropy=0.693 time=51.0s
2026-05-12 18:07:37,767 - [robot_017] Round 20: tasks=400 success=0.900 reward=+1.315 loss=-0.0173 entropy=0.692 time=33.9s
2026-05-12 18:08:52,680 - [robot_017] Round 21: tasks=420 success=0.900 reward=+1.320 loss=-0.0195 entropy=0.692 time=51.2s
2026-05-12 18:09:52,636 - [robot_017] Round 22: tasks=440 success=0.850 reward=+1.230 loss=-0.0195 entropy=0.692 time=53.0s
2026-05-12 18:10:42,796 - [robot_017] Round 23: tasks=460 success=0.900 reward=+1.320 loss=-0.0189 entropy=0.691 time=50.1s
2026-05-12 18:11:35,717 - [robot_017] Round 24: tasks=480 success=0.900 reward=+1.320 loss=-0.0237 entropy=0.692 time=48.3s
2026-05-12 18:12:34,581 - [robot_017] Round 25: tasks=500 success=0.900 reward=+1.320 loss=-0.0237 entropy=0.690 time=48.9s
2026-05-12 18:13:32,090 - [robot_017] Round 26: tasks=520 success=0.900 reward=+1.320 loss=-0.0256 entropy=0.690 time=50.8s
2026-05-12 18:14:21,531 - [robot_017] Round 27: tasks=540 success=0.850 reward=+1.230 loss=-0.0256 entropy=0.691 time=48.4s
2026-05-12 18:15:17,086 - [robot_017] Round 28: tasks=560 success=0.900 reward=+1.320 loss=-0.0269 entropy=0.688 time=51.1s
2026-05-12 18:16:08,895 - [robot_017] Policy loaded from /checkpoints/robot_017
2026-05-12 18:16:10,906 - [robot_017] Round 29: tasks=580 success=0.850 reward=+1.230 loss=-0.0297 entropy=0.687 time=51.1s
2026-05-12 18:17:08,119 - [robot_017] Round 30: tasks=600 success=0.850 reward=+1.230 loss=-0.0297 entropy=0.688 time=55.4s
2026-05-12 18:18:03,937 - [robot_017] Round 31: tasks=620 success=0.900 reward=+1.320 loss=-0.0257 entropy=0.685 time=54.2s
2026-05-12 18:18:53,405 - [robot_017] Round 32: tasks=640 success=0.900 reward=+1.320 loss=-0.0351 entropy=0.685 time=49.4s
2026-05-12 18:19:41,206 - [robot_017] Round 33: tasks=660 success=0.900 reward=+1.320 loss=-0.0351 entropy=0.685 time=46.7s
2026-05-12 18:20:23,069 - [robot_017] Round 34: tasks=680 success=0.950 reward=+1.410 loss=-0.0371 entropy=0.681 time=41.8s
2026-05-12 18:21:28,582 - [robot_017] Round 35: tasks=700 success=0.900 reward=+1.320 loss=-0.0371 entropy=0.683 time=46.1s
2026-05-12 18:22:15,373 - [robot_017] Round 36: tasks=720 success=0.900 reward=+1.320 loss=-0.0392 entropy=0.678 time=43.8s
2026-05-12 18:23:12,311 - [robot_017] Round 37: tasks=740 success=0.900 reward=+1.320 loss=-0.0467 entropy=0.674 time=47.1s
2026-05-12 18:23:58,144 - [robot_017] Round 38: tasks=760 success=0.950 reward=+1.410 loss=-0.0467 entropy=0.676 time=32.9s
2026-05-12 18:25:17,378 - [robot_017] Policy loaded from /checkpoints/robot_017
2026-05-12 18:25:18,895 - [robot_017] Round 39: tasks=780 success=1.000 reward=+1.500 loss=-0.0510 entropy=0.675 time=57.9s
2026-05-12 18:26:06,123 - [robot_017] Round 40: tasks=800 success=0.950 reward=+1.410 loss=-0.0491 entropy=0.665 time=47.2s
2026-05-12 18:27:03,264 - [robot_017] Round 41: tasks=820 success=0.900 reward=+1.320 loss=-0.0491 entropy=0.666 time=46.0s
2026-05-12 18:28:01,559 - [robot_017] Round 42: tasks=840 success=0.950 reward=+1.410 loss=-0.0543 entropy=0.659 time=52.2s
2026-05-12 18:28:39,649 - [robot_017] Round 43: tasks=860 success=0.950 reward=+1.410 loss=-0.0543 entropy=0.662 time=36.9s
2026-05-12 18:29:54,322 - [robot_017] Round 44: tasks=880 success=0.900 reward=+1.320 loss=-0.0512 entropy=0.651 time=55.5s
2026-05-12 18:30:46,781 - [robot_017] Round 45: tasks=900 success=0.900 reward=+1.320 loss=-0.0678 entropy=0.650 time=47.4s
2026-05-12 18:31:39,384 - [robot_017] Round 46: tasks=920 success=0.950 reward=+1.410 loss=-0.0678 entropy=0.648 time=41.3s
2026-05-12 18:32:29,154 - [robot_017] Round 47: tasks=940 success=0.950 reward=+1.410 loss=-0.0841 entropy=0.648 time=35.6s
2026-05-12 18:33:32,499 - [robot_017] Round 48: tasks=960 success=0.900 reward=+1.320 loss=-0.0671 entropy=0.636 time=45.8s
2026-05-12 18:34:45,067 - [robot_017] Policy loaded from /checkpoints/robot_017
2026-05-12 18:34:47,235 - [robot_017] Round 49: tasks=980 success=1.000 reward=+1.500 loss=-0.0671 entropy=0.631 time=59.7s
2026-05-12 18:35:48,181 - [robot_017] Round 50: tasks=1000 success=0.900 reward=+1.320 loss=-0.0682 entropy=0.617 time=49.3s
2026-05-12 18:36:54,836 - [robot_017] Round 51: tasks=1020 success=0.900 reward=+1.320 loss=-0.0682 entropy=0.630 time=47.7s
2026-05-12 18:37:48,522 - [robot_017] Round 52: tasks=1040 success=0.950 reward=+1.410 loss=-0.0690 entropy=0.615 time=48.1s
2026-05-12 18:38:49,075 - [robot_017] Round 53: tasks=1060 success=0.900 reward=+1.320 loss=-0.0518 entropy=0.590 time=46.8s
2026-05-12 18:39:40,084 - [robot_017] Round 54: tasks=1080 success=0.950 reward=+1.410 loss=-0.0518 entropy=0.606 time=36.4s
2026-05-12 18:40:48,179 - [robot_017] Round 55: tasks=1100 success=0.850 reward=+1.230 loss=-0.0751 entropy=0.601 time=49.0s
2026-05-12 18:41:38,892 - [robot_017] Round 56: tasks=1120 success=0.950 reward=+1.410 loss=-0.0994 entropy=0.590 time=46.1s
2026-05-12 18:42:00,734 - [robot_017] Policy loaded from /checkpoints/robot_017
2026-05-12 18:42:31,763 - [robot_017] Round 57: tasks=1140 success=0.900 reward=+1.320 loss=-0.0994 entropy=0.596 time=44.7s
2026-05-12 18:43:30,331 - [robot_017] Round 58: tasks=1160 success=0.900 reward=+1.320 loss=-0.1073 entropy=0.563 time=47.8s
2026-05-12 18:44:19,961 - [robot_017] Round 59: tasks=1180 success=0.950 reward=+1.410 loss=-0.1073 entropy=0.595 time=43.4s
2026-05-12 18:45:11,899 - [robot_017] Round 60: tasks=1200 success=0.950 reward=+1.410 loss=-0.1015 entropy=0.554 time=49.4s
2026-05-12 18:46:09,176 - [robot_017] Round 61: tasks=1220 success=0.900 reward=+1.320 loss=-0.0968 entropy=0.550 time=48.8s
2026-05-12 18:47:01,337 - [robot_017] Round 62: tasks=1240 success=0.900 reward=+1.320 loss=-0.0968 entropy=0.556 time=50.8s
2026-05-12 18:47:53,177 - [robot_017] Round 63: tasks=1260 success=0.950 reward=+1.410 loss=-0.1104 entropy=0.544 time=51.5s
2026-05-12 18:48:46,751 - [robot_017] Round 64: tasks=1280 success=0.950 reward=+1.410 loss=-0.1406 entropy=0.534 time=47.6s
2026-05-12 18:49:32,288 - [robot_017] Round 65: tasks=1300 success=0.950 reward=+1.410 loss=-0.1406 entropy=0.514 time=45.4s
2026-05-12 18:50:16,103 - [robot_017] Round 66: tasks=1320 success=0.900 reward=+1.320 loss=-0.1093 entropy=0.491 time=40.5s
2026-05-12 18:51:13,635 - [robot_017] Round 67: tasks=1340 success=0.900 reward=+1.320 loss=-0.1093 entropy=0.536 time=44.3s
2026-05-12 18:52:02,719 - [robot_017] Round 68: tasks=1360 success=0.950 reward=+1.410 loss=-0.1457 entropy=0.511 time=40.6s
2026-05-12 18:53:07,681 - [robot_017] Round 69: tasks=1380 success=0.950 reward=+1.410 loss=-0.1098 entropy=0.477 time=51.6s
2026-05-12 18:53:58,543 - [robot_017] Round 70: tasks=1400 success=0.900 reward=+1.320 loss=-0.1098 entropy=0.468 time=50.5s
2026-05-12 18:54:39,788 - [robot_017] Round 71: tasks=1420 success=0.950 reward=+1.410 loss=-0.0905 entropy=0.489 time=41.2s
2026-05-12 18:55:39,756 - [robot_017] Round 72: tasks=1440 success=0.900 reward=+1.320 loss=-0.1505 entropy=0.482 time=51.6s
2026-05-12 18:56:07,355 - [robot_017] Round 73: tasks=1460 success=1.000 reward=+1.500 loss=-0.1505 entropy=0.454 time=25.4s
2026-05-12 18:57:18,617 - [robot_017] Round 74: tasks=1480 success=0.900 reward=+1.320 loss=-0.1344 entropy=0.421 time=48.9s
2026-05-12 18:58:11,300 - [robot_017] Round 75: tasks=1500 success=0.900 reward=+1.320 loss=-0.1344 entropy=0.431 time=50.4s
2026-05-12 18:58:56,710 - [robot_017] Round 76: tasks=1520 success=0.950 reward=+1.410 loss=-0.1552 entropy=0.433 time=43.5s
2026-05-12 19:00:03,325 - [robot_017] Round 77: tasks=1540 success=0.900 reward=+1.320 loss=-0.1835 entropy=0.445 time=53.9s
2026-05-12 19:00:56,783 - [robot_017] Round 78: tasks=1560 success=0.900 reward=+1.320 loss=-0.1835 entropy=0.409 time=50.2s
2026-05-12 19:01:56,295 - [robot_017] Round 79: tasks=1580 success=0.900 reward=+1.320 loss=-0.1458 entropy=0.409 time=55.7s
2026-05-12 19:02:54,519 - [robot_017] Round 80: tasks=1600 success=0.900 reward=+1.320 loss=-0.2148 entropy=0.362 time=54.2s
2026-05-12 19:03:46,350 - [robot_017] Round 81: tasks=1620 success=0.850 reward=+1.230 loss=-0.2148 entropy=0.434 time=50.7s
2026-05-12 19:04:44,246 - [robot_017] Round 82: tasks=1640 success=0.850 reward=+1.230 loss=-0.1713 entropy=0.339 time=53.8s
2026-05-12 19:05:37,032 - [robot_017] Round 83: tasks=1660 success=0.900 reward=+1.320 loss=-0.1713 entropy=0.397 time=50.6s
2026-05-12 19:06:31,040 - [robot_017] Round 84: tasks=1680 success=0.950 reward=+1.410 loss=-0.1171 entropy=0.340 time=47.1s
2026-05-12 19:07:14,345 - [robot_017] Round 85: tasks=1700 success=1.000 reward=+1.500 loss=-0.1416 entropy=0.404 time=31.2s
2026-05-12 19:08:24,411 - [robot_017] Round 86: tasks=1720 success=0.850 reward=+1.230 loss=-0.1416 entropy=0.382 time=46.8s
2026-05-12 19:09:13,730 - [robot_017] Round 87: tasks=1740 success=0.850 reward=+1.230 loss=-0.1474 entropy=0.323 time=46.7s
2026-05-12 19:10:13,765 - [robot_017] Round 88: tasks=1760 success=0.850 reward=+1.230 loss=-0.1365 entropy=0.358 time=53.0s
2026-05-12 19:10:59,689 - [robot_017] Round 89: tasks=1780 success=0.900 reward=+1.320 loss=-0.1365 entropy=0.341 time=45.2s
2026-05-12 19:11:58,724 - [robot_017] Round 90: tasks=1800 success=0.850 reward=+1.230 loss=-0.1411 entropy=0.351 time=55.6s
2026-05-12 19:12:36,706 - [robot_017] Round 91: tasks=1820 success=0.950 reward=+1.410 loss=-0.1411 entropy=0.364 time=36.1s
2026-05-12 19:13:33,822 - [robot_017] Round 92: tasks=1840 success=0.850 reward=+1.230 loss=-0.1752 entropy=0.362 time=46.0s
2026-05-12 19:14:10,645 - [robot_017] Round 93: tasks=1860 success=1.000 reward=+1.500 loss=-0.2019 entropy=0.333 time=34.0s
2026-05-12 19:15:19,980 - [robot_017] Round 94: tasks=1880 success=0.900 reward=+1.320 loss=-0.2019 entropy=0.365 time=49.0s
2026-05-12 19:16:19,675 - [robot_017] Round 95: tasks=1900 success=0.850 reward=+1.230 loss=-0.1576 entropy=0.322 time=51.5s
2026-05-12 19:17:13,777 - [robot_017] Round 96: tasks=1920 success=0.850 reward=+1.230 loss=-0.1921 entropy=0.287 time=51.8s
2026-05-12 19:17:56,187 - [robot_017] Round 97: tasks=1940 success=0.950 reward=+1.410 loss=-0.1921 entropy=0.342 time=41.8s
2026-05-12 19:18:55,742 - [robot_017] Round 98: tasks=1960 success=0.850 reward=+1.230 loss=-0.2123 entropy=0.356 time=47.1s
2026-05-12 19:19:46,549 - [robot_017] Round 99: tasks=1980 success=0.900 reward=+1.320 loss=-0.2123 entropy=0.341 time=43.6s
2026-05-12 19:20:40,310 - [robot_017] Round 100: tasks=2000 success=0.950 reward=+1.410 loss=-0.2168 entropy=0.272 time=44.1s
DEBUG flwr 2026-05-12 19:20:53,951 | connection.py:139 | gRPC channel closed
2026-05-12 19:20:53,951 - gRPC channel closed
INFO flwr 2026-05-12 19:20:53,952 | app.py:215 | Disconnect and shut down
2026-05-12 19:20:53,952 - Disconnect and shut down
2026-05-12 19:20:53,952 - [robot_017] All FL rounds complete
2026-05-12 19:20:54,093 - [robot_017] Shutdown complete
