2026-05-12 17:59:00,480 - [robot_009] Starting — server=n016.cluster.pssclabs.com:8470 type=gpu_specialist
INFO flwr 2026-05-12 17:59:03,012 | grpc.py:49 | Opened insecure gRPC connection (no certificates were passed)
2026-05-12 17:59:03,012 - Opened insecure gRPC connection (no certificates were passed)
DEBUG flwr 2026-05-12 17:59:03,014 | connection.py:42 | ChannelConnectivity.IDLE
2026-05-12 17:59:03,014 - ChannelConnectivity.IDLE
DEBUG flwr 2026-05-12 17:59:03,016 | connection.py:42 | ChannelConnectivity.CONNECTING
2026-05-12 17:59:03,016 - ChannelConnectivity.CONNECTING
DEBUG flwr 2026-05-12 17:59:03,020 | connection.py:42 | ChannelConnectivity.READY
2026-05-12 17:59:03,020 - ChannelConnectivity.READY
2026-05-12 17:59:35,571 - [robot_009] Round 1: tasks=20 success=0.000 reward=-0.400 loss=0.0000 entropy=0.691 time=2.1s
2026-05-12 17:59:37,717 - [robot_009] Round 2: tasks=40 success=0.000 reward=-0.400 loss=0.0000 entropy=0.691 time=2.1s
2026-05-12 17:59:39,879 - [robot_009] Round 3: tasks=60 success=0.000 reward=-0.400 loss=0.0000 entropy=0.691 time=2.1s
2026-05-12 17:59:43,531 - [robot_009] Round 4: tasks=80 success=0.000 reward=-0.400 loss=-0.3588 entropy=0.692 time=3.6s
2026-05-12 17:59:47,237 - [robot_009] Round 5: tasks=100 success=0.000 reward=-0.400 loss=-0.3624 entropy=0.692 time=3.6s
2026-05-12 17:59:49,381 - [robot_009] Round 6: tasks=120 success=0.000 reward=-0.400 loss=-0.3624 entropy=0.692 time=2.1s
2026-05-12 17:59:53,055 - [robot_009] Round 7: tasks=140 success=0.000 reward=-0.400 loss=-0.3658 entropy=0.693 time=3.6s
2026-05-12 17:59:56,707 - [robot_009] Round 8: tasks=160 success=0.000 reward=-0.400 loss=-0.3694 entropy=0.693 time=3.6s
2026-05-12 17:59:58,869 - [robot_009] Round 9: tasks=180 success=0.000 reward=-0.400 loss=-0.3694 entropy=0.693 time=2.1s
2026-05-12 18:00:06,756 - [robot_009] Round 10: tasks=200 success=0.300 reward=+0.170 loss=-0.3727 entropy=0.693 time=7.8s
2026-05-12 18:00:09,747 - [robot_009] Round 11: tasks=220 success=0.000 reward=-0.400 loss=-0.3727 entropy=0.693 time=2.1s
2026-05-12 18:00:57,884 - [robot_009] Round 12: tasks=240 success=0.750 reward=+1.030 loss=-0.3766 entropy=0.693 time=34.0s
2026-05-12 18:01:20,844 - [robot_009] Round 13: tasks=260 success=0.200 reward=-0.020 loss=-0.0098 entropy=0.693 time=5.4s
2026-05-12 18:02:20,092 - [robot_009] Round 14: tasks=280 success=0.900 reward=+1.315 loss=-0.0098 entropy=0.693 time=41.2s
2026-05-12 18:03:11,286 - [robot_009] Policy loaded from /checkpoints/robot_009
2026-05-12 18:03:12,567 - [robot_009] Round 15: tasks=300 success=0.550 reward=+0.645 loss=-0.0117 entropy=0.693 time=43.0s
2026-05-12 18:04:05,568 - [robot_009] Round 16: tasks=320 success=0.500 reward=+0.560 loss=-0.0137 entropy=0.693 time=52.2s
2026-05-12 18:04:51,669 - [robot_009] Round 17: tasks=340 success=0.950 reward=+1.410 loss=-0.0137 entropy=0.693 time=42.1s
2026-05-12 18:06:05,548 - [robot_009] Round 18: tasks=360 success=0.850 reward=+1.225 loss=-0.0151 entropy=0.693 time=53.3s
2026-05-12 18:07:02,797 - [robot_009] Round 19: tasks=380 success=0.900 reward=+1.320 loss=-0.0151 entropy=0.693 time=50.9s
2026-05-12 18:08:00,706 - [robot_009] Round 20: tasks=400 success=0.900 reward=+1.320 loss=-0.0158 entropy=0.692 time=56.9s
2026-05-12 18:08:49,626 - [robot_009] Round 21: tasks=420 success=0.900 reward=+1.320 loss=-0.0181 entropy=0.692 time=48.2s
2026-05-12 18:09:41,613 - [robot_009] Round 22: tasks=440 success=0.900 reward=+1.320 loss=-0.0181 entropy=0.692 time=42.0s
2026-05-12 18:10:40,261 - [robot_009] Round 23: tasks=460 success=0.900 reward=+1.320 loss=-0.0214 entropy=0.692 time=47.6s
2026-05-12 18:11:33,237 - [robot_009] Round 24: tasks=480 success=0.900 reward=+1.320 loss=-0.0240 entropy=0.691 time=45.8s
2026-05-12 18:12:30,626 - [robot_009] Policy loaded from /checkpoints/robot_009
2026-05-12 18:12:41,262 - [robot_009] Round 25: tasks=500 success=0.900 reward=+1.320 loss=-0.0240 entropy=0.691 time=55.6s
2026-05-12 18:13:30,424 - [robot_009] Round 26: tasks=520 success=0.900 reward=+1.320 loss=-0.0232 entropy=0.690 time=49.1s
2026-05-12 18:14:08,806 - [robot_009] Round 27: tasks=540 success=0.950 reward=+1.410 loss=-0.0232 entropy=0.690 time=35.7s
2026-05-12 18:15:03,954 - [robot_009] Round 28: tasks=560 success=0.950 reward=+1.410 loss=-0.0290 entropy=0.688 time=38.0s
2026-05-12 18:16:05,368 - [robot_009] Round 29: tasks=580 success=0.950 reward=+1.410 loss=-0.0316 entropy=0.687 time=45.6s
2026-05-12 18:16:58,511 - [robot_009] Round 30: tasks=600 success=0.950 reward=+1.410 loss=-0.0316 entropy=0.687 time=45.8s
2026-05-12 18:17:51,082 - [robot_009] Round 31: tasks=620 success=0.950 reward=+1.410 loss=-0.0324 entropy=0.686 time=41.3s
2026-05-12 18:18:33,892 - [robot_009] Round 32: tasks=640 success=0.950 reward=+1.410 loss=-0.0386 entropy=0.685 time=29.9s
2026-05-12 18:19:39,029 - [robot_009] Round 33: tasks=660 success=0.850 reward=+1.230 loss=-0.0386 entropy=0.684 time=44.6s
2026-05-12 18:20:29,015 - [robot_009] Round 34: tasks=680 success=0.900 reward=+1.320 loss=-0.0411 entropy=0.678 time=47.8s
2026-05-12 18:21:28,973 - [robot_009] Policy loaded from /checkpoints/robot_009
2026-05-12 18:21:31,504 - [robot_009] Round 35: tasks=700 success=0.900 reward=+1.320 loss=-0.0411 entropy=0.682 time=49.0s
2026-05-12 18:22:02,388 - [robot_009] Round 36: tasks=720 success=1.000 reward=+1.500 loss=-0.0397 entropy=0.681 time=30.8s
2026-05-12 18:23:24,628 - [robot_009] Round 37: tasks=740 success=0.850 reward=+1.230 loss=-0.0502 entropy=0.678 time=59.4s
2026-05-12 18:24:19,813 - [robot_009] Round 38: tasks=760 success=0.900 reward=+1.320 loss=-0.0502 entropy=0.673 time=54.6s
2026-05-12 18:25:07,959 - [robot_009] Round 39: tasks=780 success=0.900 reward=+1.320 loss=-0.0558 entropy=0.677 time=47.0s
2026-05-12 18:26:00,894 - [robot_009] Round 40: tasks=800 success=0.950 reward=+1.410 loss=-0.0445 entropy=0.662 time=42.0s
2026-05-12 18:26:44,750 - [robot_009] Round 41: tasks=820 success=1.000 reward=+1.500 loss=-0.0445 entropy=0.668 time=27.4s
2026-05-12 18:27:52,625 - [robot_009] Round 42: tasks=840 success=0.950 reward=+1.410 loss=-0.0572 entropy=0.664 time=43.2s
2026-05-12 18:28:44,668 - [robot_009] Round 43: tasks=860 success=0.900 reward=+1.320 loss=-0.0572 entropy=0.657 time=41.9s
2026-05-12 18:29:51,424 - [robot_009] Round 44: tasks=880 success=0.850 reward=+1.230 loss=-0.0615 entropy=0.662 time=52.6s
2026-05-12 18:30:49,644 - [robot_009] Policy loaded from /checkpoints/robot_009
2026-05-12 18:30:56,775 - [robot_009] Round 45: tasks=900 success=0.850 reward=+1.230 loss=-0.0655 entropy=0.649 time=57.4s
2026-05-12 18:31:48,328 - [robot_009] Round 46: tasks=920 success=0.850 reward=+1.230 loss=-0.0655 entropy=0.642 time=50.2s
2026-05-12 18:32:33,452 - [robot_009] Round 47: tasks=940 success=0.950 reward=+1.410 loss=-0.0601 entropy=0.633 time=39.9s
2026-05-12 18:33:26,419 - [robot_009] Round 48: tasks=960 success=0.950 reward=+1.410 loss=-0.0677 entropy=0.634 time=39.7s
2026-05-12 18:34:29,263 - [robot_009] Round 49: tasks=980 success=0.850 reward=+1.230 loss=-0.0677 entropy=0.620 time=41.7s
2026-05-12 18:35:48,444 - [robot_009] Round 50: tasks=1000 success=0.850 reward=+1.230 loss=-0.0776 entropy=0.618 time=49.6s
2026-05-12 18:36:44,191 - [robot_009] Round 51: tasks=1020 success=0.900 reward=+1.320 loss=-0.0776 entropy=0.617 time=37.1s
2026-05-12 18:37:45,979 - [robot_009] Round 52: tasks=1040 success=0.850 reward=+1.230 loss=-0.0932 entropy=0.619 time=45.6s
2026-05-12 18:38:15,553 - [robot_009] Policy loaded from /checkpoints/robot_009
2026-05-12 18:38:54,358 - [robot_009] Round 53: tasks=1060 success=0.950 reward=+1.410 loss=-0.0672 entropy=0.606 time=52.0s
2026-05-12 18:39:45,071 - [robot_009] Round 54: tasks=1080 success=0.900 reward=+1.320 loss=-0.0672 entropy=0.615 time=41.3s
2026-05-12 18:40:31,160 - [robot_009] Round 55: tasks=1100 success=1.000 reward=+1.500 loss=-0.0824 entropy=0.594 time=31.9s
2026-05-12 18:41:40,385 - [robot_009] Round 56: tasks=1120 success=0.900 reward=+1.320 loss=-0.0899 entropy=0.591 time=47.6s
2026-05-12 18:42:34,488 - [robot_009] Round 57: tasks=1140 success=0.850 reward=+1.230 loss=-0.0899 entropy=0.589 time=47.4s
2026-05-12 18:43:26,669 - [robot_009] Round 58: tasks=1160 success=0.950 reward=+1.410 loss=-0.0863 entropy=0.571 time=44.1s
2026-05-12 18:44:03,222 - [robot_009] Round 59: tasks=1180 success=1.000 reward=+1.500 loss=-0.0863 entropy=0.581 time=26.7s
2026-05-12 18:45:19,035 - [robot_009] Round 60: tasks=1200 success=0.800 reward=+1.140 loss=-0.0828 entropy=0.563 time=56.6s
2026-05-12 18:46:10,448 - [robot_009] Round 61: tasks=1220 success=0.850 reward=+1.230 loss=-0.1130 entropy=0.538 time=50.0s
2026-05-12 18:46:48,095 - [robot_009] Round 62: tasks=1240 success=0.950 reward=+1.410 loss=-0.1130 entropy=0.518 time=37.6s
2026-05-12 18:47:58,925 - [robot_009] Round 63: tasks=1260 success=0.850 reward=+1.230 loss=-0.1027 entropy=0.537 time=57.2s
2026-05-12 18:48:45,781 - [robot_009] Round 64: tasks=1280 success=0.850 reward=+1.230 loss=-0.1084 entropy=0.515 time=46.7s
2026-05-12 18:49:27,512 - [robot_009] Round 65: tasks=1300 success=0.950 reward=+1.410 loss=-0.1084 entropy=0.508 time=40.7s
2026-05-12 18:50:12,439 - [robot_009] Round 66: tasks=1320 success=0.900 reward=+1.320 loss=-0.1283 entropy=0.506 time=36.9s
2026-05-12 18:51:20,334 - [robot_009] Round 67: tasks=1340 success=0.850 reward=+1.230 loss=-0.1283 entropy=0.532 time=51.0s
2026-05-12 18:52:09,189 - [robot_009] Round 68: tasks=1360 success=0.950 reward=+1.410 loss=-0.1130 entropy=0.511 time=47.1s
2026-05-12 18:53:07,956 - [robot_009] Round 69: tasks=1380 success=0.900 reward=+1.320 loss=-0.1182 entropy=0.482 time=51.9s
2026-05-12 18:53:54,084 - [robot_009] Round 70: tasks=1400 success=0.900 reward=+1.320 loss=-0.1182 entropy=0.448 time=46.1s
2026-05-12 18:54:44,201 - [robot_009] Round 71: tasks=1420 success=0.950 reward=+1.410 loss=-0.1238 entropy=0.480 time=45.6s
2026-05-12 18:55:35,051 - [robot_009] Round 72: tasks=1440 success=0.950 reward=+1.410 loss=-0.0918 entropy=0.460 time=46.9s
2026-05-12 18:56:26,803 - [robot_009] Round 73: tasks=1460 success=0.850 reward=+1.230 loss=-0.0918 entropy=0.469 time=44.9s
2026-05-12 18:57:12,237 - [robot_009] Round 74: tasks=1480 success=0.900 reward=+1.320 loss=-0.1497 entropy=0.442 time=42.5s
2026-05-12 18:57:57,151 - [robot_009] Round 75: tasks=1500 success=0.950 reward=+1.410 loss=-0.1497 entropy=0.463 time=36.3s
2026-05-12 18:59:09,253 - [robot_009] Round 76: tasks=1520 success=0.850 reward=+1.230 loss=-0.1184 entropy=0.406 time=56.0s
2026-05-12 18:59:57,721 - [robot_009] Round 77: tasks=1540 success=0.850 reward=+1.230 loss=-0.1389 entropy=0.384 time=48.3s
2026-05-12 19:00:47,186 - [robot_009] Round 78: tasks=1560 success=0.900 reward=+1.320 loss=-0.1389 entropy=0.424 time=40.6s
2026-05-12 19:02:00,191 - [robot_009] Round 79: tasks=1580 success=0.900 reward=+1.320 loss=-0.1383 entropy=0.436 time=59.6s
2026-05-12 19:02:49,725 - [robot_009] Round 80: tasks=1600 success=0.900 reward=+1.320 loss=-0.1296 entropy=0.403 time=49.4s
2026-05-12 19:03:43,366 - [robot_009] Round 81: tasks=1620 success=0.850 reward=+1.230 loss=-0.1296 entropy=0.372 time=47.7s
2026-05-12 19:04:46,138 - [robot_009] Round 82: tasks=1640 success=0.850 reward=+1.230 loss=-0.1616 entropy=0.401 time=55.6s
2026-05-12 19:05:25,673 - [robot_009] Round 83: tasks=1660 success=0.900 reward=+1.320 loss=-0.1616 entropy=0.408 time=39.2s
2026-05-12 19:06:43,148 - [robot_009] Round 84: tasks=1680 success=0.850 reward=+1.230 loss=-0.1646 entropy=0.369 time=59.2s
2026-05-12 19:07:26,184 - [robot_009] Round 85: tasks=1700 success=0.950 reward=+1.410 loss=-0.1540 entropy=0.393 time=43.0s
2026-05-12 19:08:23,908 - [robot_009] Round 86: tasks=1720 success=0.850 reward=+1.230 loss=-0.1540 entropy=0.385 time=46.3s
2026-05-12 19:09:08,584 - [robot_009] Round 87: tasks=1740 success=0.950 reward=+1.410 loss=-0.1042 entropy=0.370 time=41.5s
2026-05-12 19:10:06,722 - [robot_009] Round 88: tasks=1760 success=0.850 reward=+1.230 loss=-0.1452 entropy=0.335 time=45.9s
2026-05-12 19:10:59,197 - [robot_009] Round 89: tasks=1780 success=0.900 reward=+1.320 loss=-0.1452 entropy=0.338 time=44.7s
2026-05-12 19:11:58,281 - [robot_009] Round 90: tasks=1800 success=0.900 reward=+1.320 loss=-0.1177 entropy=0.369 time=55.2s
2026-05-12 19:12:26,609 - [robot_009] Round 91: tasks=1820 success=1.000 reward=+1.500 loss=-0.1177 entropy=0.336 time=26.0s
2026-05-12 19:13:35,675 - [robot_009] Round 92: tasks=1840 success=0.900 reward=+1.320 loss=-0.1496 entropy=0.294 time=47.9s
2026-05-12 19:14:29,391 - [robot_009] Round 93: tasks=1860 success=0.850 reward=+1.230 loss=-0.2149 entropy=0.347 time=52.8s
2026-05-12 19:15:24,762 - [robot_009] Round 94: tasks=1880 success=0.850 reward=+1.230 loss=-0.2149 entropy=0.356 time=53.8s
2026-05-12 19:16:19,650 - [robot_009] Round 95: tasks=1900 success=0.900 reward=+1.320 loss=-0.2200 entropy=0.308 time=51.5s
2026-05-12 19:17:03,949 - [robot_009] Round 96: tasks=1920 success=0.900 reward=+1.320 loss=-0.1290 entropy=0.323 time=42.0s
2026-05-12 19:18:07,756 - [robot_009] Round 97: tasks=1940 success=0.850 reward=+1.230 loss=-0.1290 entropy=0.328 time=53.4s
2026-05-12 19:19:02,879 - [robot_009] Round 98: tasks=1960 success=0.850 reward=+1.230 loss=-0.1619 entropy=0.309 time=54.2s
2026-05-12 19:19:53,477 - [robot_009] Round 99: tasks=1980 success=0.900 reward=+1.320 loss=-0.1619 entropy=0.306 time=50.6s
2026-05-12 19:20:38,765 - [robot_009] Round 100: tasks=2000 success=0.900 reward=+1.320 loss=-0.1932 entropy=0.269 time=42.6s
DEBUG flwr 2026-05-12 19:20:53,952 | connection.py:139 | gRPC channel closed
2026-05-12 19:20:53,952 - gRPC channel closed
INFO flwr 2026-05-12 19:20:53,952 | app.py:215 | Disconnect and shut down
2026-05-12 19:20:53,952 - Disconnect and shut down
2026-05-12 19:20:53,952 - [robot_009] All FL rounds complete
2026-05-12 19:20:54,089 - [robot_009] Shutdown complete
