226236:C 12 May 2026 14:27:02.133 # WARNING Memory overcommit must be enabled! Without it, a background save or replication may fail under low memory condition. Being disabled, it can also cause failures without low memory condition, see https://github.com/jemalloc/jemalloc/issues/1328. To fix this issue add 'vm.overcommit_memory = 1' to /etc/sysctl.conf and then reboot or run the command 'sysctl vm.overcommit_memory=1' for this to take effect.
226236:C 12 May 2026 14:27:02.133 * oO0OoO0OoO0Oo Redis is starting oO0OoO0OoO0Oo
226236:C 12 May 2026 14:27:02.133 * Redis version=8.6.2, bits=64, commit=f312bec6, modified=0, pid=226236, just started
226236:C 12 May 2026 14:27:02.133 * Configuration loaded
226236:M 12 May 2026 14:27:02.133 * monotonic clock: POSIX clock_gettime
226236:M 12 May 2026 14:27:02.133 * Running mode=standalone, port=6379.
226236:M 12 May 2026 14:27:02.134 * Server initialized
226236:M 12 May 2026 14:27:02.134 * Ready to accept connections tcp
226236:M 12 May 2026 14:27:02.134 # WARNING: Redis does not require authentication and is not protected by network restrictions. Redis will accept connections from any IP address on any network interface.
226236:M 12 May 2026 14:27:05.722 * BGSAVE done, 0 keys saved, 0 keys skipped, 88 bytes written.
226236:M 12 May 2026 14:27:05.724 * DB saved on disk
226236:M 12 May 2026 14:32:06.016 * 100 changes in 300 seconds. Saving...
226236:M 12 May 2026 14:32:06.017 * Background saving started by pid 226425
226425:C 12 May 2026 14:32:06.022 * BGSAVE done, 21 keys saved, 0 keys skipped, 157079 bytes written.
226425:C 12 May 2026 14:32:06.027 * DB saved on disk
226425:C 12 May 2026 14:32:06.028 * Fork CoW for RDB: current 0 MB, peak 0 MB, average 0 MB
226236:M 12 May 2026 14:32:06.117 * Background saving terminated with success
226236:M 12 May 2026 14:37:07.063 * 100 changes in 300 seconds. Saving...
226236:M 12 May 2026 14:37:07.063 * Background saving started by pid 226527
226527:C 12 May 2026 14:37:07.071 * BGSAVE done, 35 keys saved, 0 keys skipped, 387566 bytes written.
226527:C 12 May 2026 14:37:07.079 * DB saved on disk
226527:C 12 May 2026 14:37:07.080 * Fork CoW for RDB: current 0 MB, peak 0 MB, average 0 MB
226236:M 12 May 2026 14:37:07.164 * Background saving terminated with success
226236:M 12 May 2026 14:42:08.041 * 100 changes in 300 seconds. Saving...
226236:M 12 May 2026 14:42:08.042 * Background saving started by pid 226617
226617:C 12 May 2026 14:42:08.050 * BGSAVE done, 38 keys saved, 0 keys skipped, 563332 bytes written.
226617:C 12 May 2026 14:42:08.059 * DB saved on disk
226617:C 12 May 2026 14:42:08.061 * Fork CoW for RDB: current 0 MB, peak 0 MB, average 0 MB
226236:M 12 May 2026 14:42:08.143 * Background saving terminated with success
226236:M 12 May 2026 14:47:09.097 * 100 changes in 300 seconds. Saving...
226236:M 12 May 2026 14:47:09.098 * Background saving started by pid 226732
226732:C 12 May 2026 14:47:09.109 * BGSAVE done, 42 keys saved, 0 keys skipped, 782942 bytes written.
226732:C 12 May 2026 14:47:09.121 * DB saved on disk
226732:C 12 May 2026 14:47:09.122 * Fork CoW for RDB: current 0 MB, peak 0 MB, average 0 MB
226236:M 12 May 2026 14:47:09.198 * Background saving terminated with success
226236:M 12 May 2026 14:52:10.089 * 100 changes in 300 seconds. Saving...
226236:M 12 May 2026 14:52:10.090 * Background saving started by pid 226838
226838:C 12 May 2026 14:52:10.102 * BGSAVE done, 44 keys saved, 0 keys skipped, 1018044 bytes written.
226838:C 12 May 2026 14:52:10.117 * DB saved on disk
226838:C 12 May 2026 14:52:10.118 * Fork CoW for RDB: current 0 MB, peak 0 MB, average 0 MB
226236:M 12 May 2026 14:52:10.190 * Background saving terminated with success
226236:M 12 May 2026 14:57:11.074 * 100 changes in 300 seconds. Saving...
226236:M 12 May 2026 14:57:11.075 * Background saving started by pid 226940
226940:C 12 May 2026 14:57:11.090 * BGSAVE done, 42 keys saved, 0 keys skipped, 1246771 bytes written.
226940:C 12 May 2026 14:57:11.107 * DB saved on disk
226940:C 12 May 2026 14:57:11.108 * Fork CoW for RDB: current 0 MB, peak 0 MB, average 0 MB
226236:M 12 May 2026 14:57:11.176 * Background saving terminated with success
226236:signal-handler (1778623267) Received SIGTERM scheduling shutdown...
226236:M 12 May 2026 15:01:07.921 * User requested shutdown...
226236:M 12 May 2026 15:01:07.921 * Saving the final RDB snapshot before exiting.
226236:M 12 May 2026 15:01:07.938 * BGSAVE done, 45 keys saved, 0 keys skipped, 1366844 bytes written.
226236:M 12 May 2026 15:01:07.957 * DB saved on disk
226236:M 12 May 2026 15:01:07.957 # Redis is now ready to exit, bye bye...
