2026-05-12 14:29:16,961 - [robot_009] Random policy worker started (Cold Restart baseline)
2026-05-12 14:29:16,962 - [robot_009] Tasks: 0/1200 success_rate=0.000
2026-05-12 14:30:53,865 - [robot_009] Tasks: 100/1200 success_rate=0.300
2026-05-12 14:32:04,764 - [robot_009] Tasks: 200/1200 success_rate=0.700
2026-05-12 14:33:50,179 - [robot_009] migration requested at task 290, sleeping until runner kills me
2026-05-12 14:34:34,907 - [robot_009] Resuming after cold restart at task 291 (NO state preserved — random policy fresh)
2026-05-12 14:34:40,843 - [robot_009] Tasks: 300/1200 success_rate=0.400
2026-05-12 14:40:14,527 - [robot_009] Tasks: 400/1200 success_rate=0.300
2026-05-12 14:41:38,382 - [robot_009] migration requested at task 490, sleeping until runner kills me
2026-05-12 14:41:59,358 - [robot_009] Resuming after cold restart at task 491 (NO state preserved — random policy fresh)
2026-05-12 14:41:59,516 - [robot_009] Tasks: 500/1200 success_rate=0.200
2026-05-12 14:42:05,869 - [robot_009] Tasks: 600/1200 success_rate=0.400
2026-05-12 14:42:08,117 - [robot_009] migration requested at task 690, sleeping until runner kills me
2026-05-12 14:42:35,457 - [robot_009] Resuming after cold restart at task 691 (NO state preserved — random policy fresh)
2026-05-12 14:44:03,226 - [robot_009] Tasks: 700/1200 success_rate=0.400
2026-05-12 14:47:56,276 - [robot_009] Tasks: 800/1200 success_rate=0.300
2026-05-12 14:49:52,972 - [robot_009] migration requested at task 890, sleeping until runner kills me
2026-05-12 14:50:09,060 - [robot_009] Resuming after cold restart at task 891 (NO state preserved — random policy fresh)
2026-05-12 14:50:21,975 - [robot_009] Tasks: 900/1200 success_rate=0.300
2026-05-12 14:52:34,632 - [robot_009] Tasks: 1000/1200 success_rate=0.500
2026-05-12 14:53:08,479 - [robot_009] migration requested at task 1040, sleeping until runner kills me
2026-05-12 14:53:28,550 - [robot_009] Resuming after cold restart at task 1041 (NO state preserved — random policy fresh)
2026-05-12 14:54:05,759 - [robot_009] Tasks: 1100/1200 success_rate=0.500
2026-05-12 14:55:45,442 - [robot_009] Complete.
