2026-05-12 14:29:16,962 - [robot_005] Random policy worker started (Cold Restart baseline)
2026-05-12 14:29:17,868 - [robot_005] Tasks: 0/1200 success_rate=1.000
2026-05-12 14:33:00,506 - [robot_005] Tasks: 100/1200 success_rate=0.700
2026-05-12 14:34:10,350 - [robot_005] Tasks: 200/1200 success_rate=0.500
2026-05-12 14:34:47,336 - [robot_005] migration requested at task 250, sleeping until runner kills me
2026-05-12 14:35:12,644 - [robot_005] Resuming after cold restart at task 251 (NO state preserved — random policy fresh)
2026-05-12 14:38:02,210 - [robot_005] Tasks: 300/1200 success_rate=0.200
2026-05-12 14:43:51,102 - [robot_005] Tasks: 400/1200 success_rate=0.300
2026-05-12 14:46:20,497 - [robot_005] migration requested at task 450, sleeping until runner kills me
2026-05-12 14:46:40,444 - [robot_005] Resuming after cold restart at task 451 (NO state preserved — random policy fresh)
2026-05-12 14:49:26,537 - [robot_005] Tasks: 500/1200 success_rate=0.400
2026-05-12 14:51:25,252 - [robot_005] Tasks: 600/1200 success_rate=0.500
2026-05-12 14:52:28,878 - [robot_005] migration requested at task 650, sleeping until runner kills me
2026-05-12 14:52:58,973 - [robot_005] Resuming after cold restart at task 651 (NO state preserved — random policy fresh)
2026-05-12 14:54:41,764 - [robot_005] Tasks: 700/1200 success_rate=0.100
2026-05-12 14:57:20,292 - [robot_005] Tasks: 800/1200 success_rate=0.600
2026-05-12 14:59:18,063 - [robot_005] migration requested at task 850, sleeping until runner kills me
2026-05-12 14:59:24,326 - [robot_005] Resuming after cold restart at task 851 (NO state preserved — random policy fresh)
2026-05-12 14:59:27,955 - [robot_005] Tasks: 900/1200 success_rate=0.700
2026-05-12 14:59:31,875 - [robot_005] migration requested at task 1000, sleeping until runner kills me
2026-05-12 15:00:09,327 - [robot_005] Resuming after cold restart at task 1001 (NO state preserved — random policy fresh)
2026-05-12 15:00:52,297 - [robot_005] Tasks: 1100/1200 success_rate=0.400
2026-05-12 15:01:02,543 - [robot_005] Complete.
