2026-05-12 14:28:49,499 - [robot_013] Random policy worker started (Cold Restart baseline)
2026-05-12 14:28:49,501 - [robot_013] Tasks: 0/1200 success_rate=0.000
2026-05-12 14:31:22,622 - [robot_013] Tasks: 100/1200 success_rate=0.400
2026-05-12 14:33:09,645 - [robot_013] Tasks: 200/1200 success_rate=0.500
2026-05-12 14:35:44,880 - [robot_013] Tasks: 300/1200 success_rate=0.100
2026-05-12 14:36:57,363 - [robot_013] migration requested at task 330, sleeping until runner kills me
2026-05-12 14:37:04,839 - [robot_013] Resuming after cold restart at task 331 (NO state preserved — random policy fresh)
2026-05-12 14:37:09,523 - [robot_013] Tasks: 400/1200 success_rate=0.400
2026-05-12 14:37:14,601 - [robot_013] Tasks: 500/1200 success_rate=0.600
2026-05-12 14:37:16,929 - [robot_013] migration requested at task 530, sleeping until runner kills me
2026-05-12 14:37:39,553 - [robot_013] Resuming after cold restart at task 531 (NO state preserved — random policy fresh)
2026-05-12 14:41:14,470 - [robot_013] Tasks: 600/1200 success_rate=0.600
2026-05-12 14:44:20,055 - [robot_013] Tasks: 700/1200 success_rate=0.500
2026-05-12 14:45:04,420 - [robot_013] migration requested at task 730, sleeping until runner kills me
2026-05-12 14:45:27,955 - [robot_013] Resuming after cold restart at task 731 (NO state preserved — random policy fresh)
2026-05-12 14:47:32,341 - [robot_013] Tasks: 800/1200 success_rate=0.400
2026-05-12 14:49:23,972 - [robot_013] Tasks: 900/1200 success_rate=0.700
2026-05-12 14:50:02,216 - [robot_013] migration requested at task 930, sleeping until runner kills me
2026-05-12 14:50:26,015 - [robot_013] Resuming after cold restart at task 931 (NO state preserved — random policy fresh)
2026-05-12 14:52:59,107 - [robot_013] Tasks: 1000/1200 success_rate=0.500
2026-05-12 14:55:42,917 - [robot_013] migration requested at task 1080, sleeping until runner kills me
2026-05-12 14:56:01,917 - [robot_013] Resuming after cold restart at task 1081 (NO state preserved — random policy fresh)
2026-05-12 14:56:06,316 - [robot_013] Tasks: 1100/1200 success_rate=0.500
2026-05-12 14:56:20,261 - [robot_013] Complete.
