2026-05-12 14:29:16,960 - [robot_008] Random policy worker started (Cold Restart baseline)
2026-05-12 14:29:16,962 - [robot_008] Tasks: 0/1200 success_rate=0.000
2026-05-12 14:31:44,395 - [robot_008] Tasks: 100/1200 success_rate=0.600
2026-05-12 14:33:34,995 - [robot_008] Tasks: 200/1200 success_rate=0.200
2026-05-12 14:34:51,971 - [robot_008] migration requested at task 280, sleeping until runner kills me
2026-05-12 14:35:28,644 - [robot_008] Resuming after cold restart at task 281 (NO state preserved — random policy fresh)
2026-05-12 14:37:27,612 - [robot_008] Tasks: 300/1200 success_rate=0.500
2026-05-12 14:40:58,720 - [robot_008] Tasks: 400/1200 success_rate=0.200
2026-05-12 14:43:24,775 - [robot_008] migration requested at task 480, sleeping until runner kills me
2026-05-12 14:43:32,546 - [robot_008] Resuming after cold restart at task 481 (NO state preserved — random policy fresh)
2026-05-12 14:43:36,928 - [robot_008] Tasks: 500/1200 success_rate=0.400
2026-05-12 14:43:42,431 - [robot_008] Tasks: 600/1200 success_rate=0.700
2026-05-12 14:43:54,371 - [robot_008] migration requested at task 680, sleeping until runner kills me
2026-05-12 14:44:48,431 - [robot_008] Resuming after cold restart at task 681 (NO state preserved — random policy fresh)
2026-05-12 14:45:33,983 - [robot_008] Tasks: 700/1200 success_rate=0.500
2026-05-12 14:47:52,575 - [robot_008] Tasks: 800/1200 success_rate=0.600
2026-05-12 14:50:01,028 - [robot_008] migration requested at task 880, sleeping until runner kills me
2026-05-12 14:50:34,122 - [robot_008] Resuming after cold restart at task 881 (NO state preserved — random policy fresh)
2026-05-12 14:51:23,344 - [robot_008] Tasks: 900/1200 success_rate=0.300
2026-05-12 14:53:47,274 - [robot_008] Tasks: 1000/1200 success_rate=0.800
2026-05-12 14:54:29,195 - [robot_008] migration requested at task 1030, sleeping until runner kills me
2026-05-12 14:54:49,072 - [robot_008] Resuming after cold restart at task 1031 (NO state preserved — random policy fresh)
2026-05-12 14:57:09,084 - [robot_008] Tasks: 1100/1200 success_rate=0.500
2026-05-12 14:59:22,652 - [robot_008] Complete.
