2026-05-12 14:28:49,500 - [robot_011] Random policy worker started (Cold Restart baseline)
2026-05-12 14:28:59,531 - [robot_011] Tasks: 0/1200 success_rate=0.000
2026-05-12 14:30:12,198 - [robot_011] Tasks: 100/1200 success_rate=0.400
2026-05-12 14:31:52,900 - [robot_011] Tasks: 200/1200 success_rate=0.600
2026-05-12 14:33:30,867 - [robot_011] Tasks: 300/1200 success_rate=0.600
2026-05-12 14:33:38,031 - [robot_011] migration requested at task 310, sleeping until runner kills me
2026-05-12 14:34:21,623 - [robot_011] Resuming after cold restart at task 311 (NO state preserved — random policy fresh)
2026-05-12 14:34:56,436 - [robot_011] Tasks: 400/1200 success_rate=0.300
2026-05-12 14:35:21,337 - [robot_011] Tasks: 500/1200 success_rate=0.500
2026-05-12 14:35:23,755 - [robot_011] migration requested at task 510, sleeping until runner kills me
2026-05-12 14:35:47,749 - [robot_011] Resuming after cold restart at task 511 (NO state preserved — random policy fresh)
2026-05-12 14:40:02,603 - [robot_011] Tasks: 600/1200 success_rate=0.100
2026-05-12 14:43:25,644 - [robot_011] Tasks: 700/1200 success_rate=0.300
2026-05-12 14:43:36,166 - [robot_011] migration requested at task 710, sleeping until runner kills me
2026-05-12 14:43:52,982 - [robot_011] Resuming after cold restart at task 711 (NO state preserved — random policy fresh)
2026-05-12 14:44:20,485 - [robot_011] Tasks: 800/1200 success_rate=0.400
2026-05-12 14:45:16,582 - [robot_011] Tasks: 900/1200 success_rate=0.500
2026-05-12 14:45:25,568 - [robot_011] migration requested at task 910, sleeping until runner kills me
2026-05-12 14:45:41,158 - [robot_011] Resuming after cold restart at task 911 (NO state preserved — random policy fresh)
2026-05-12 14:47:41,903 - [robot_011] Tasks: 1000/1200 success_rate=0.300
2026-05-12 14:49:19,752 - [robot_011] migration requested at task 1060, sleeping until runner kills me
2026-05-12 14:49:35,140 - [robot_011] Resuming after cold restart at task 1061 (NO state preserved — random policy fresh)
2026-05-12 14:50:40,856 - [robot_011] Tasks: 1100/1200 success_rate=0.400
2026-05-12 14:51:58,869 - [robot_011] Complete.
