2026-05-12 14:29:16,962 - [robot_007] Random policy worker started (Cold Restart baseline)
2026-05-12 14:29:16,964 - [robot_007] Tasks: 0/1200 success_rate=0.000
2026-05-12 14:32:12,007 - [robot_007] Tasks: 100/1200 success_rate=0.400
2026-05-12 14:34:06,698 - [robot_007] Tasks: 200/1200 success_rate=0.500
2026-05-12 14:34:53,661 - [robot_007] migration requested at task 270, sleeping until runner kills me
2026-05-12 14:35:20,961 - [robot_007] Resuming after cold restart at task 271 (NO state preserved — random policy fresh)
2026-05-12 14:36:17,700 - [robot_007] Tasks: 300/1200 success_rate=0.500
2026-05-12 14:42:04,985 - [robot_007] Tasks: 400/1200 success_rate=0.100
2026-05-12 14:44:06,635 - [robot_007] migration requested at task 470, sleeping until runner kills me
2026-05-12 14:44:30,389 - [robot_007] Resuming after cold restart at task 471 (NO state preserved — random policy fresh)
2026-05-12 14:44:36,424 - [robot_007] Tasks: 500/1200 success_rate=0.400
2026-05-12 14:46:24,463 - [robot_007] Tasks: 600/1200 success_rate=0.600
2026-05-12 14:47:14,327 - [robot_007] migration requested at task 670, sleeping until runner kills me
2026-05-12 14:47:32,044 - [robot_007] Resuming after cold restart at task 671 (NO state preserved — random policy fresh)
2026-05-12 14:48:23,751 - [robot_007] Tasks: 700/1200 success_rate=0.500
2026-05-12 14:51:48,851 - [robot_007] Tasks: 800/1200 success_rate=0.500
2026-05-12 14:53:25,420 - [robot_007] migration requested at task 870, sleeping until runner kills me
2026-05-12 14:53:38,700 - [robot_007] Resuming after cold restart at task 871 (NO state preserved — random policy fresh)
2026-05-12 14:53:54,527 - [robot_007] Tasks: 900/1200 success_rate=0.300
2026-05-12 14:55:12,927 - [robot_007] Tasks: 1000/1200 success_rate=0.000
2026-05-12 14:55:29,037 - [robot_007] migration requested at task 1020, sleeping until runner kills me
2026-05-12 14:55:52,720 - [robot_007] Resuming after cold restart at task 1021 (NO state preserved — random policy fresh)
2026-05-12 14:57:50,643 - [robot_007] Tasks: 1100/1200 success_rate=0.500
2026-05-12 15:00:02,750 - [robot_007] Complete.
