2026-05-12 14:28:51,179 - [robot_012] Random policy worker started (Cold Restart baseline)
2026-05-12 14:29:01,737 - [robot_012] Tasks: 0/1200 success_rate=0.000
2026-05-12 14:32:37,589 - [robot_012] Tasks: 100/1200 success_rate=0.500
2026-05-12 14:36:17,623 - [robot_012] Tasks: 200/1200 success_rate=0.300
2026-05-12 14:43:17,996 - [robot_012] Tasks: 300/1200 success_rate=0.200
2026-05-12 14:43:29,393 - [robot_012] migration requested at task 320, sleeping until runner kills me
2026-05-12 14:43:44,173 - [robot_012] Resuming after cold restart at task 321 (NO state preserved — random policy fresh)
2026-05-12 14:43:57,657 - [robot_012] Tasks: 400/1200 success_rate=0.600
2026-05-12 14:44:45,342 - [robot_012] Tasks: 500/1200 success_rate=0.500
2026-05-12 14:44:56,280 - [robot_012] migration requested at task 520, sleeping until runner kills me
2026-05-12 14:45:14,905 - [robot_012] Resuming after cold restart at task 521 (NO state preserved — random policy fresh)
2026-05-12 14:47:36,647 - [robot_012] Tasks: 600/1200 success_rate=0.400
2026-05-12 14:50:20,420 - [robot_012] Tasks: 700/1200 success_rate=0.200
2026-05-12 14:50:42,502 - [robot_012] migration requested at task 720, sleeping until runner kills me
2026-05-12 14:51:03,624 - [robot_012] Resuming after cold restart at task 721 (NO state preserved — random policy fresh)
2026-05-12 14:53:03,864 - [robot_012] Tasks: 800/1200 success_rate=0.400
2026-05-12 14:55:08,273 - [robot_012] Tasks: 900/1200 success_rate=0.400
2026-05-12 14:55:15,906 - [robot_012] migration requested at task 920, sleeping until runner kills me
2026-05-12 14:55:41,329 - [robot_012] Resuming after cold restart at task 921 (NO state preserved — random policy fresh)
2026-05-12 14:59:31,028 - [robot_012] Tasks: 1000/1200 success_rate=0.500
2026-05-12 15:00:34,593 - [robot_012] migration requested at task 1070, sleeping until runner kills me
2026-05-12 15:00:43,289 - [robot_012] Resuming after cold restart at task 1071 (NO state preserved — random policy fresh)
2026-05-12 15:00:45,178 - [robot_012] Tasks: 1100/1200 success_rate=0.500
2026-05-12 15:00:50,631 - [robot_012] Complete.
