2026-05-12 14:28:49,501 - [robot_010] Random policy worker started (Cold Restart baseline)
2026-05-12 14:28:50,058 - [robot_010] Tasks: 0/1200 success_rate=1.000
2026-05-12 14:30:40,678 - [robot_010] Tasks: 100/1200 success_rate=0.500
2026-05-12 14:32:00,940 - [robot_010] Tasks: 200/1200 success_rate=0.400
2026-05-12 14:34:27,494 - [robot_010] migration requested at task 300, sleeping until runner kills me
2026-05-12 14:34:53,175 - [robot_010] Resuming after cold restart at task 301 (NO state preserved — random policy fresh)
2026-05-12 14:35:17,925 - [robot_010] Tasks: 400/1200 success_rate=0.200
2026-05-12 14:35:29,648 - [robot_010] migration requested at task 500, sleeping until runner kills me
2026-05-12 14:36:08,815 - [robot_010] Resuming after cold restart at task 501 (NO state preserved — random policy fresh)
2026-05-12 14:41:24,113 - [robot_010] Tasks: 600/1200 success_rate=0.100
2026-05-12 14:44:19,877 - [robot_010] migration requested at task 700, sleeping until runner kills me
2026-05-12 14:44:49,294 - [robot_010] Resuming after cold restart at task 701 (NO state preserved — random policy fresh)
2026-05-12 14:47:20,734 - [robot_010] Tasks: 800/1200 success_rate=0.200
2026-05-12 14:49:22,464 - [robot_010] migration requested at task 900, sleeping until runner kills me
2026-05-12 14:49:44,859 - [robot_010] Resuming after cold restart at task 901 (NO state preserved — random policy fresh)
2026-05-12 14:52:11,062 - [robot_010] Tasks: 1000/1200 success_rate=0.500
2026-05-12 14:53:03,429 - [robot_010] migration requested at task 1050, sleeping until runner kills me
2026-05-12 14:53:16,902 - [robot_010] Resuming after cold restart at task 1051 (NO state preserved — random policy fresh)
2026-05-12 14:55:17,980 - [robot_010] Tasks: 1100/1200 success_rate=0.300
2026-05-12 14:56:07,000 - [robot_010] Complete.
