2026-05-12 14:29:16,962 - [robot_006] Random policy worker started (Cold Restart baseline)
2026-05-12 14:29:16,964 - [robot_006] Tasks: 0/1200 success_rate=0.000
2026-05-12 14:31:00,422 - [robot_006] Tasks: 100/1200 success_rate=0.400
2026-05-12 14:32:53,551 - [robot_006] Tasks: 200/1200 success_rate=0.300
2026-05-12 14:34:04,026 - [robot_006] migration requested at task 260, sleeping until runner kills me
2026-05-12 14:34:35,207 - [robot_006] Resuming after cold restart at task 261 (NO state preserved — random policy fresh)
2026-05-12 14:35:21,247 - [robot_006] Tasks: 300/1200 success_rate=0.300
2026-05-12 14:41:40,687 - [robot_006] Tasks: 400/1200 success_rate=0.400
2026-05-12 14:43:43,368 - [robot_006] migration requested at task 460, sleeping until runner kills me
2026-05-12 14:44:02,032 - [robot_006] Resuming after cold restart at task 461 (NO state preserved — random policy fresh)
2026-05-12 14:44:12,850 - [robot_006] Tasks: 500/1200 success_rate=0.400
2026-05-12 14:45:35,756 - [robot_006] Tasks: 600/1200 success_rate=0.600
2026-05-12 14:46:18,168 - [robot_006] migration requested at task 660, sleeping until runner kills me
2026-05-12 14:46:36,270 - [robot_006] Resuming after cold restart at task 661 (NO state preserved — random policy fresh)
2026-05-12 14:48:13,564 - [robot_006] Tasks: 700/1200 success_rate=0.600
2026-05-12 14:50:13,432 - [robot_006] Tasks: 800/1200 success_rate=0.500
2026-05-12 14:51:28,386 - [robot_006] migration requested at task 860, sleeping until runner kills me
2026-05-12 14:52:11,632 - [robot_006] Resuming after cold restart at task 861 (NO state preserved — random policy fresh)
2026-05-12 14:52:57,780 - [robot_006] Tasks: 900/1200 success_rate=0.600
2026-05-12 14:54:53,669 - [robot_006] Tasks: 1000/1200 success_rate=0.300
2026-05-12 14:55:02,880 - [robot_006] migration requested at task 1010, sleeping until runner kills me
2026-05-12 14:55:33,440 - [robot_006] Resuming after cold restart at task 1011 (NO state preserved — random policy fresh)
2026-05-12 14:58:32,722 - [robot_006] Tasks: 1100/1200 success_rate=0.600
2026-05-12 15:00:12,799 - [robot_006] Complete.
