2026-05-12 14:29:16,962 - [robot_000] Random policy worker started (Cold Restart baseline)
2026-05-12 14:29:16,963 - [robot_000] Tasks: 0/1200 success_rate=0.000
2026-05-12 14:32:56,169 - [robot_000] Tasks: 100/1200 success_rate=0.200
2026-05-12 14:34:22,244 - [robot_000] migration requested at task 200, sleeping until runner kills me
2026-05-12 14:34:37,789 - [robot_000] Resuming after cold restart at task 201 (NO state preserved — random policy fresh)
2026-05-12 14:38:53,725 - [robot_000] Tasks: 300/1200 success_rate=0.600
2026-05-12 14:43:13,982 - [robot_000] migration requested at task 400, sleeping until runner kills me
2026-05-12 14:43:21,866 - [robot_000] Resuming after cold restart at task 401 (NO state preserved — random policy fresh)
2026-05-12 14:43:27,254 - [robot_000] Tasks: 500/1200 success_rate=0.300
2026-05-12 14:43:36,702 - [robot_000] migration requested at task 600, sleeping until runner kills me
2026-05-12 14:44:21,833 - [robot_000] Resuming after cold restart at task 601 (NO state preserved — random policy fresh)
2026-05-12 14:46:47,372 - [robot_000] Tasks: 700/1200 success_rate=0.600
2026-05-12 14:49:40,840 - [robot_000] migration requested at task 800, sleeping until runner kills me
2026-05-12 14:49:55,228 - [robot_000] Resuming after cold restart at task 801 (NO state preserved — random policy fresh)
2026-05-12 14:51:50,117 - [robot_000] Tasks: 900/1200 success_rate=0.700
2026-05-12 14:53:50,064 - [robot_000] migration requested at task 950, sleeping until runner kills me
2026-05-12 14:54:06,114 - [robot_000] Resuming after cold restart at task 951 (NO state preserved — random policy fresh)
2026-05-12 14:55:21,047 - [robot_000] Tasks: 1000/1200 success_rate=0.200
2026-05-12 14:58:07,871 - [robot_000] Tasks: 1100/1200 success_rate=0.500
2026-05-12 14:59:54,616 - [robot_000] Complete.
