2026-05-12 14:28:49,500 - [robot_019] Random policy worker started (Cold Restart baseline)
2026-05-12 14:28:49,750 - [robot_019] Tasks: 0/1200 success_rate=1.000
2026-05-12 14:31:13,229 - [robot_019] Tasks: 100/1200 success_rate=0.500
2026-05-12 14:34:33,722 - [robot_019] Tasks: 200/1200 success_rate=0.400
2026-05-12 14:38:28,221 - [robot_019] Tasks: 300/1200 success_rate=0.400
2026-05-12 14:44:01,819 - [robot_019] migration requested at task 390, sleeping until runner kills me
2026-05-12 14:44:21,768 - [robot_019] Resuming after cold restart at task 391 (NO state preserved — random policy fresh)
2026-05-12 14:44:23,919 - [robot_019] Tasks: 400/1200 success_rate=0.300
2026-05-12 14:45:09,559 - [robot_019] Tasks: 500/1200 success_rate=0.300
2026-05-12 14:46:28,773 - [robot_019] migration requested at task 590, sleeping until runner kills me
2026-05-12 14:47:17,075 - [robot_019] Resuming after cold restart at task 591 (NO state preserved — random policy fresh)
2026-05-12 14:47:51,336 - [robot_019] Tasks: 600/1200 success_rate=0.400
2026-05-12 14:49:50,934 - [robot_019] Tasks: 700/1200 success_rate=0.300
2026-05-12 14:51:25,837 - [robot_019] migration requested at task 790, sleeping until runner kills me
2026-05-12 14:51:55,224 - [robot_019] Resuming after cold restart at task 791 (NO state preserved — random policy fresh)
2026-05-12 14:52:03,959 - [robot_019] Tasks: 800/1200 success_rate=0.500
2026-05-12 14:53:18,450 - [robot_019] Tasks: 900/1200 success_rate=0.400
2026-05-12 14:54:58,541 - [robot_019] migration requested at task 990, sleeping until runner kills me
2026-05-12 14:55:13,074 - [robot_019] Resuming after cold restart at task 991 (NO state preserved — random policy fresh)
2026-05-12 14:55:40,969 - [robot_019] Tasks: 1000/1200 success_rate=0.400
2026-05-12 14:57:50,968 - [robot_019] Tasks: 1100/1200 success_rate=0.800
2026-05-12 14:58:35,881 - [robot_019] migration requested at task 1140, sleeping until runner kills me
2026-05-12 14:59:11,246 - [robot_019] Resuming after cold restart at task 1141 (NO state preserved — random policy fresh)
2026-05-12 14:59:13,913 - [robot_019] Complete.
