2026-05-12 14:28:49,501 - [robot_018] Random policy worker started (Cold Restart baseline)
2026-05-12 14:28:49,804 - [robot_018] Tasks: 0/1200 success_rate=1.000
2026-05-12 14:31:28,023 - [robot_018] Tasks: 100/1200 success_rate=0.200
2026-05-12 14:34:02,183 - [robot_018] Tasks: 200/1200 success_rate=0.500
2026-05-12 14:37:35,468 - [robot_018] Tasks: 300/1200 success_rate=0.300
2026-05-12 14:40:07,497 - [robot_018] migration requested at task 380, sleeping until runner kills me
2026-05-12 14:40:38,656 - [robot_018] Resuming after cold restart at task 381 (NO state preserved — random policy fresh)
2026-05-12 14:40:39,542 - [robot_018] Tasks: 400/1200 success_rate=0.600
2026-05-12 14:40:45,575 - [robot_018] Tasks: 500/1200 success_rate=0.700
2026-05-12 14:40:49,633 - [robot_018] migration requested at task 580, sleeping until runner kills me
2026-05-12 14:41:39,629 - [robot_018] Resuming after cold restart at task 581 (NO state preserved — random policy fresh)
2026-05-12 14:41:56,256 - [robot_018] Tasks: 600/1200 success_rate=0.400
2026-05-12 14:48:31,362 - [robot_018] Tasks: 700/1200 success_rate=0.300
2026-05-12 14:51:16,813 - [robot_018] migration requested at task 780, sleeping until runner kills me
2026-05-12 14:51:54,539 - [robot_018] Resuming after cold restart at task 781 (NO state preserved — random policy fresh)
2026-05-12 14:52:10,393 - [robot_018] Tasks: 800/1200 success_rate=0.400
2026-05-12 14:54:08,051 - [robot_018] Tasks: 900/1200 success_rate=0.400
2026-05-12 14:55:48,387 - [robot_018] migration requested at task 980, sleeping until runner kills me
2026-05-12 14:56:23,819 - [robot_018] Resuming after cold restart at task 981 (NO state preserved — random policy fresh)
2026-05-12 14:56:35,558 - [robot_018] Tasks: 1000/1200 success_rate=0.400
2026-05-12 15:00:05,085 - [robot_018] Tasks: 1100/1200 success_rate=0.400
2026-05-12 15:00:38,972 - [robot_018] migration requested at task 1130, sleeping until runner kills me
2026-05-12 15:00:52,642 - [robot_018] Resuming after cold restart at task 1131 (NO state preserved — random policy fresh)
2026-05-12 15:00:55,474 - [robot_018] Complete.
