2026-05-12 14:28:49,501 - [robot_015] Random policy worker started (Cold Restart baseline)
2026-05-12 14:28:49,502 - [robot_015] Tasks: 0/1200 success_rate=0.000
2026-05-12 14:30:39,657 - [robot_015] Tasks: 100/1200 success_rate=0.600
2026-05-12 14:32:06,055 - [robot_015] Tasks: 200/1200 success_rate=0.400
2026-05-12 14:33:20,611 - [robot_015] Tasks: 300/1200 success_rate=0.100
2026-05-12 14:34:11,984 - [robot_015] migration requested at task 350, sleeping until runner kills me
2026-05-12 14:34:24,597 - [robot_015] Resuming after cold restart at task 351 (NO state preserved — random policy fresh)
2026-05-12 14:35:03,391 - [robot_015] Tasks: 400/1200 success_rate=0.800
2026-05-12 14:35:27,325 - [robot_015] Tasks: 500/1200 success_rate=0.700
2026-05-12 14:35:30,835 - [robot_015] migration requested at task 550, sleeping until runner kills me
2026-05-12 14:35:59,831 - [robot_015] Resuming after cold restart at task 551 (NO state preserved — random policy fresh)
2026-05-12 14:40:23,661 - [robot_015] Tasks: 600/1200 success_rate=0.500
2026-05-12 14:45:35,879 - [robot_015] Tasks: 700/1200 success_rate=0.300
2026-05-12 14:46:48,180 - [robot_015] migration requested at task 750, sleeping until runner kills me
2026-05-12 14:47:08,491 - [robot_015] Resuming after cold restart at task 751 (NO state preserved — random policy fresh)
2026-05-12 14:47:50,054 - [robot_015] Tasks: 800/1200 success_rate=0.600
2026-05-12 14:50:16,172 - [robot_015] Tasks: 900/1200 success_rate=0.600
2026-05-12 14:51:39,828 - [robot_015] migration requested at task 950, sleeping until runner kills me
2026-05-12 14:52:06,319 - [robot_015] Resuming after cold restart at task 951 (NO state preserved — random policy fresh)
2026-05-12 14:52:40,679 - [robot_015] Tasks: 1000/1200 success_rate=0.600
2026-05-12 14:55:02,101 - [robot_015] migration requested at task 1100, sleeping until runner kills me
2026-05-12 14:55:17,599 - [robot_015] Resuming after cold restart at task 1101 (NO state preserved — random policy fresh)
2026-05-12 14:55:52,211 - [robot_015] Complete.
