2026-05-12 14:29:16,962 - [robot_003] Random policy worker started (Cold Restart baseline)
2026-05-12 14:29:17,721 - [robot_003] Tasks: 0/1200 success_rate=1.000
2026-05-12 14:31:06,372 - [robot_003] Tasks: 100/1200 success_rate=0.500
2026-05-12 14:32:40,959 - [robot_003] Tasks: 200/1200 success_rate=0.400
2026-05-12 14:32:59,843 - [robot_003] migration requested at task 230, sleeping until runner kills me
2026-05-12 14:33:13,331 - [robot_003] Resuming after cold restart at task 231 (NO state preserved — random policy fresh)
2026-05-12 14:35:03,048 - [robot_003] Tasks: 300/1200 success_rate=0.300
2026-05-12 14:39:40,766 - [robot_003] Tasks: 400/1200 success_rate=0.200
2026-05-12 14:41:06,918 - [robot_003] migration requested at task 430, sleeping until runner kills me
2026-05-12 14:41:13,700 - [robot_003] Resuming after cold restart at task 431 (NO state preserved — random policy fresh)
2026-05-12 14:41:15,833 - [robot_003] Tasks: 500/1200 success_rate=0.300
2026-05-12 14:41:22,116 - [robot_003] Tasks: 600/1200 success_rate=0.400
2026-05-12 14:41:25,582 - [robot_003] migration requested at task 630, sleeping until runner kills me
2026-05-12 14:41:53,835 - [robot_003] Resuming after cold restart at task 631 (NO state preserved — random policy fresh)
2026-05-12 14:44:38,266 - [robot_003] Tasks: 700/1200 success_rate=0.600
2026-05-12 14:47:11,968 - [robot_003] Tasks: 800/1200 success_rate=0.300
2026-05-12 14:47:37,990 - [robot_003] migration requested at task 830, sleeping until runner kills me
2026-05-12 14:48:00,172 - [robot_003] Resuming after cold restart at task 831 (NO state preserved — random policy fresh)
2026-05-12 14:49:20,643 - [robot_003] Tasks: 900/1200 success_rate=0.500
2026-05-12 14:50:39,009 - [robot_003] migration requested at task 980, sleeping until runner kills me
2026-05-12 14:50:54,023 - [robot_003] Resuming after cold restart at task 981 (NO state preserved — random policy fresh)
2026-05-12 14:51:18,409 - [robot_003] Tasks: 1000/1200 success_rate=0.400
2026-05-12 14:53:45,938 - [robot_003] Tasks: 1100/1200 success_rate=0.500
2026-05-12 14:56:55,519 - [robot_003] Complete.
