2026-05-12 14:28:49,500 - [robot_016] Random policy worker started (Cold Restart baseline)
2026-05-12 14:28:49,501 - [robot_016] Tasks: 0/1200 success_rate=0.000
2026-05-12 14:32:14,779 - [robot_016] Tasks: 100/1200 success_rate=0.600
2026-05-12 14:34:50,806 - [robot_016] Tasks: 200/1200 success_rate=0.600
2026-05-12 14:39:04,191 - [robot_016] Tasks: 300/1200 success_rate=0.300
2026-05-12 14:41:11,653 - [robot_016] migration requested at task 360, sleeping until runner kills me
2026-05-12 14:41:26,057 - [robot_016] Resuming after cold restart at task 361 (NO state preserved — random policy fresh)
2026-05-12 14:41:27,783 - [robot_016] Tasks: 400/1200 success_rate=0.800
2026-05-12 14:41:34,924 - [robot_016] Tasks: 500/1200 success_rate=0.700
2026-05-12 14:41:40,406 - [robot_016] migration requested at task 560, sleeping until runner kills me
2026-05-12 14:42:08,530 - [robot_016] Resuming after cold restart at task 561 (NO state preserved — random policy fresh)
2026-05-12 14:43:20,458 - [robot_016] Tasks: 600/1200 success_rate=0.500
2026-05-12 14:46:22,609 - [robot_016] Tasks: 700/1200 success_rate=0.400
2026-05-12 14:47:03,968 - [robot_016] migration requested at task 760, sleeping until runner kills me
2026-05-12 14:47:20,132 - [robot_016] Resuming after cold restart at task 761 (NO state preserved — random policy fresh)
2026-05-12 14:47:57,136 - [robot_016] Tasks: 800/1200 success_rate=0.100
2026-05-12 14:51:06,265 - [robot_016] Tasks: 900/1200 success_rate=0.600
2026-05-12 14:51:52,301 - [robot_016] migration requested at task 960, sleeping until runner kills me
2026-05-12 14:52:59,361 - [robot_016] Resuming after cold restart at task 961 (NO state preserved — random policy fresh)
2026-05-12 14:53:29,354 - [robot_016] Tasks: 1000/1200 success_rate=0.500
2026-05-12 14:55:35,454 - [robot_016] Tasks: 1100/1200 success_rate=0.400
2026-05-12 14:55:39,331 - [robot_016] migration requested at task 1110, sleeping until runner kills me
2026-05-12 14:55:55,311 - [robot_016] Resuming after cold restart at task 1111 (NO state preserved — random policy fresh)
2026-05-12 14:56:17,357 - [robot_016] Complete.
