510594:C 15 May 2026 16:41:18.065 # WARNING Memory overcommit must be enabled! Without it, a background save or replication may fail under low memory condition. Being disabled, it can also cause failures without low memory condition, see https://github.com/jemalloc/jemalloc/issues/1328. To fix this issue add 'vm.overcommit_memory = 1' to /etc/sysctl.conf and then reboot or run the command 'sysctl vm.overcommit_memory=1' for this to take effect.
510594:C 15 May 2026 16:41:18.065 * oO0OoO0OoO0Oo Redis is starting oO0OoO0OoO0Oo
510594:C 15 May 2026 16:41:18.065 * Redis version=8.6.2, bits=64, commit=f312bec6, modified=0, pid=510594, just started
510594:C 15 May 2026 16:41:18.065 * Configuration loaded
510594:M 15 May 2026 16:41:18.065 * monotonic clock: POSIX clock_gettime
510594:M 15 May 2026 16:41:18.066 * Running mode=standalone, port=6379.
510594:M 15 May 2026 16:41:18.066 * Server initialized
510594:M 15 May 2026 16:41:18.067 * Ready to accept connections tcp
510594:M 15 May 2026 16:41:18.067 # WARNING: Redis does not require authentication and is not protected by network restrictions. Redis will accept connections from any IP address on any network interface.
510594:M 15 May 2026 16:41:21.885 * BGSAVE done, 0 keys saved, 0 keys skipped, 88 bytes written.
510594:M 15 May 2026 16:41:21.888 * DB saved on disk
510594:M 15 May 2026 16:46:22.089 * 100 changes in 300 seconds. Saving...
510594:M 15 May 2026 16:46:22.090 * Background saving started by pid 510783
510783:C 15 May 2026 16:46:22.096 * BGSAVE done, 19 keys saved, 0 keys skipped, 48817 bytes written.
510783:C 15 May 2026 16:46:22.100 * DB saved on disk
510783:C 15 May 2026 16:46:22.101 * Fork CoW for RDB: current 0 MB, peak 0 MB, average 0 MB
510594:M 15 May 2026 16:46:22.192 * Background saving terminated with success
510594:M 15 May 2026 16:51:23.066 * 100 changes in 300 seconds. Saving...
510594:M 15 May 2026 16:51:23.066 * Background saving started by pid 510862
510862:C 15 May 2026 16:51:23.073 * BGSAVE done, 32 keys saved, 0 keys skipped, 188294 bytes written.
510862:C 15 May 2026 16:51:23.080 * DB saved on disk
510862:C 15 May 2026 16:51:23.080 * Fork CoW for RDB: current 0 MB, peak 0 MB, average 0 MB
510594:M 15 May 2026 16:51:23.168 * Background saving terminated with success
510594:M 15 May 2026 16:56:24.015 * 100 changes in 300 seconds. Saving...
510594:M 15 May 2026 16:56:24.016 * Background saving started by pid 510938
510938:C 15 May 2026 16:56:24.023 * BGSAVE done, 30 keys saved, 0 keys skipped, 221170 bytes written.
510938:C 15 May 2026 16:56:24.029 * DB saved on disk
510938:C 15 May 2026 16:56:24.030 * Fork CoW for RDB: current 0 MB, peak 0 MB, average 0 MB
510594:M 15 May 2026 16:56:24.117 * Background saving terminated with success
510594:M 15 May 2026 17:01:25.060 * 100 changes in 300 seconds. Saving...
510594:M 15 May 2026 17:01:25.061 * Background saving started by pid 511189
511189:C 15 May 2026 17:01:25.068 * BGSAVE done, 17 keys saved, 0 keys skipped, 255807 bytes written.
511189:C 15 May 2026 17:01:25.077 * DB saved on disk
511189:C 15 May 2026 17:01:25.078 * Fork CoW for RDB: current 0 MB, peak 0 MB, average 0 MB
510594:M 15 May 2026 17:01:25.162 * Background saving terminated with success
510594:M 15 May 2026 17:06:26.065 * 100 changes in 300 seconds. Saving...
510594:M 15 May 2026 17:06:26.065 * Background saving started by pid 511258
511258:C 15 May 2026 17:06:26.074 * BGSAVE done, 16 keys saved, 0 keys skipped, 296100 bytes written.
511258:C 15 May 2026 17:06:26.081 * DB saved on disk
511258:C 15 May 2026 17:06:26.082 * Fork CoW for RDB: current 0 MB, peak 0 MB, average 0 MB
510594:M 15 May 2026 17:06:26.166 * Background saving terminated with success
510594:M 15 May 2026 17:11:27.085 * 100 changes in 300 seconds. Saving...
510594:M 15 May 2026 17:11:27.086 * Background saving started by pid 511330
511330:C 15 May 2026 17:11:27.094 * BGSAVE done, 17 keys saved, 0 keys skipped, 360449 bytes written.
511330:C 15 May 2026 17:11:27.102 * DB saved on disk
511330:C 15 May 2026 17:11:27.102 * Fork CoW for RDB: current 0 MB, peak 0 MB, average 0 MB
510594:M 15 May 2026 17:11:27.187 * Background saving terminated with success
510594:M 15 May 2026 17:16:28.095 * 100 changes in 300 seconds. Saving...
510594:M 15 May 2026 17:16:28.095 * Background saving started by pid 511411
511411:C 15 May 2026 17:16:28.104 * BGSAVE done, 25 keys saved, 0 keys skipped, 427449 bytes written.
511411:C 15 May 2026 17:16:28.113 * DB saved on disk
511411:C 15 May 2026 17:16:28.114 * Fork CoW for RDB: current 0 MB, peak 0 MB, average 0 MB
510594:M 15 May 2026 17:16:28.196 * Background saving terminated with success
510594:M 15 May 2026 17:21:29.080 * 100 changes in 300 seconds. Saving...
510594:M 15 May 2026 17:21:29.080 * Background saving started by pid 511509
511509:C 15 May 2026 17:21:29.090 * BGSAVE done, 29 keys saved, 0 keys skipped, 518951 bytes written.
511509:C 15 May 2026 17:21:29.100 * DB saved on disk
511509:C 15 May 2026 17:21:29.100 * Fork CoW for RDB: current 0 MB, peak 0 MB, average 0 MB
510594:M 15 May 2026 17:21:29.181 * Background saving terminated with success
510594:M 15 May 2026 17:26:30.079 * 100 changes in 300 seconds. Saving...
510594:M 15 May 2026 17:26:30.080 * Background saving started by pid 511595
511595:C 15 May 2026 17:26:30.090 * BGSAVE done, 35 keys saved, 0 keys skipped, 600853 bytes written.
511595:C 15 May 2026 17:26:30.101 * DB saved on disk
511595:C 15 May 2026 17:26:30.101 * Fork CoW for RDB: current 0 MB, peak 0 MB, average 0 MB
510594:M 15 May 2026 17:26:30.181 * Background saving terminated with success
510594:M 15 May 2026 17:31:31.042 * 100 changes in 300 seconds. Saving...
510594:M 15 May 2026 17:31:31.043 * Background saving started by pid 511683
511683:C 15 May 2026 17:31:31.053 * BGSAVE done, 45 keys saved, 0 keys skipped, 697055 bytes written.
511683:C 15 May 2026 17:31:31.064 * DB saved on disk
511683:C 15 May 2026 17:31:31.065 * Fork CoW for RDB: current 0 MB, peak 0 MB, average 0 MB
510594:M 15 May 2026 17:31:31.144 * Background saving terminated with success
510594:M 15 May 2026 17:36:32.007 * 100 changes in 300 seconds. Saving...
510594:M 15 May 2026 17:36:32.007 * Background saving started by pid 511768
511768:C 15 May 2026 17:36:32.018 * BGSAVE done, 51 keys saved, 0 keys skipped, 793071 bytes written.
511768:C 15 May 2026 17:36:32.031 * DB saved on disk
511768:C 15 May 2026 17:36:32.032 * Fork CoW for RDB: current 0 MB, peak 0 MB, average 0 MB
510594:M 15 May 2026 17:36:32.108 * Background saving terminated with success
510594:M 15 May 2026 17:41:33.030 * 100 changes in 300 seconds. Saving...
510594:M 15 May 2026 17:41:33.031 * Background saving started by pid 511847
511847:C 15 May 2026 17:41:33.044 * BGSAVE done, 55 keys saved, 0 keys skipped, 847120 bytes written.
511847:C 15 May 2026 17:41:33.056 * DB saved on disk
511847:C 15 May 2026 17:41:33.057 * Fork CoW for RDB: current 0 MB, peak 0 MB, average 0 MB
510594:M 15 May 2026 17:41:33.132 * Background saving terminated with success
510594:M 15 May 2026 17:46:34.039 * 100 changes in 300 seconds. Saving...
510594:M 15 May 2026 17:46:34.040 * Background saving started by pid 511946
511946:C 15 May 2026 17:46:34.052 * BGSAVE done, 56 keys saved, 0 keys skipped, 936319 bytes written.
511946:C 15 May 2026 17:46:34.067 * DB saved on disk
511946:C 15 May 2026 17:46:34.068 * Fork CoW for RDB: current 0 MB, peak 0 MB, average 0 MB
510594:M 15 May 2026 17:46:34.141 * Background saving terminated with success
510594:M 15 May 2026 17:51:35.079 * 100 changes in 300 seconds. Saving...
510594:M 15 May 2026 17:51:35.079 * Background saving started by pid 512022
512022:C 15 May 2026 17:51:35.093 * BGSAVE done, 40 keys saved, 0 keys skipped, 1007030 bytes written.
512022:C 15 May 2026 17:51:35.109 * DB saved on disk
512022:C 15 May 2026 17:51:35.109 * Fork CoW for RDB: current 0 MB, peak 0 MB, average 0 MB
510594:M 15 May 2026 17:51:35.180 * Background saving terminated with success
510594:M 15 May 2026 17:56:36.071 * 100 changes in 300 seconds. Saving...
510594:M 15 May 2026 17:56:36.072 * Background saving started by pid 512120
512120:C 15 May 2026 17:56:36.086 * BGSAVE done, 35 keys saved, 0 keys skipped, 1075419 bytes written.
512120:C 15 May 2026 17:56:36.101 * DB saved on disk
512120:C 15 May 2026 17:56:36.102 * Fork CoW for RDB: current 0 MB, peak 0 MB, average 0 MB
510594:M 15 May 2026 17:56:36.173 * Background saving terminated with success
510594:M 15 May 2026 18:01:37.089 * 100 changes in 300 seconds. Saving...
510594:M 15 May 2026 18:01:37.090 * Background saving started by pid 512212
512212:C 15 May 2026 18:01:37.106 * BGSAVE done, 44 keys saved, 0 keys skipped, 1124139 bytes written.
512212:C 15 May 2026 18:01:37.123 * DB saved on disk
512212:C 15 May 2026 18:01:37.124 * Fork CoW for RDB: current 0 MB, peak 0 MB, average 0 MB
510594:M 15 May 2026 18:01:37.191 * Background saving terminated with success
510594:M 15 May 2026 18:06:38.055 * 100 changes in 300 seconds. Saving...
510594:M 15 May 2026 18:06:38.055 * Background saving started by pid 512287
512287:C 15 May 2026 18:06:38.071 * BGSAVE done, 38 keys saved, 0 keys skipped, 1197097 bytes written.
512287:C 15 May 2026 18:06:38.087 * DB saved on disk
512287:C 15 May 2026 18:06:38.088 * Fork CoW for RDB: current 0 MB, peak 0 MB, average 0 MB
510594:M 15 May 2026 18:06:38.156 * Background saving terminated with success
510594:M 15 May 2026 18:11:39.041 * 100 changes in 300 seconds. Saving...
510594:M 15 May 2026 18:11:39.042 * Background saving started by pid 512367
512367:C 15 May 2026 18:11:39.059 * BGSAVE done, 30 keys saved, 0 keys skipped, 1382275 bytes written.
512367:C 15 May 2026 18:11:39.077 * DB saved on disk
512367:C 15 May 2026 18:11:39.077 * Fork CoW for RDB: current 0 MB, peak 0 MB, average 0 MB
510594:M 15 May 2026 18:11:39.143 * Background saving terminated with success
510594:M 15 May 2026 18:16:40.042 * 100 changes in 300 seconds. Saving...
510594:M 15 May 2026 18:16:40.043 * Background saving started by pid 512438
512438:C 15 May 2026 18:16:40.061 * BGSAVE done, 24 keys saved, 0 keys skipped, 1497446 bytes written.
512438:C 15 May 2026 18:16:40.081 * DB saved on disk
512438:C 15 May 2026 18:16:40.082 * Fork CoW for RDB: current 0 MB, peak 0 MB, average 0 MB
510594:M 15 May 2026 18:16:40.144 * Background saving terminated with success
510594:M 15 May 2026 18:21:41.032 * 100 changes in 300 seconds. Saving...
510594:M 15 May 2026 18:21:41.033 * Background saving started by pid 512504
512504:C 15 May 2026 18:21:41.052 * BGSAVE done, 19 keys saved, 0 keys skipped, 1548039 bytes written.
512504:C 15 May 2026 18:21:41.072 * DB saved on disk
512504:C 15 May 2026 18:21:41.073 * Fork CoW for RDB: current 0 MB, peak 0 MB, average 0 MB
510594:M 15 May 2026 18:21:41.134 * Background saving terminated with success
510594:M 15 May 2026 18:26:42.098 * 100 changes in 300 seconds. Saving...
510594:M 15 May 2026 18:26:42.099 * Background saving started by pid 512573
512573:C 15 May 2026 18:26:42.118 * BGSAVE done, 18 keys saved, 0 keys skipped, 1681924 bytes written.
512573:C 15 May 2026 18:26:42.139 * DB saved on disk
512573:C 15 May 2026 18:26:42.140 * Fork CoW for RDB: current 0 MB, peak 0 MB, average 0 MB
510594:M 15 May 2026 18:26:42.200 * Background saving terminated with success
510594:M 15 May 2026 18:31:43.027 * 100 changes in 300 seconds. Saving...
510594:M 15 May 2026 18:31:43.028 * Background saving started by pid 512637
512637:C 15 May 2026 18:31:43.048 * BGSAVE done, 16 keys saved, 0 keys skipped, 1705463 bytes written.
512637:C 15 May 2026 18:31:43.070 * DB saved on disk
512637:C 15 May 2026 18:31:43.071 * Fork CoW for RDB: current 0 MB, peak 0 MB, average 0 MB
510594:M 15 May 2026 18:31:43.129 * Background saving terminated with success
510594:M 15 May 2026 18:36:44.019 * 100 changes in 300 seconds. Saving...
510594:M 15 May 2026 18:36:44.020 * Background saving started by pid 512705
512705:C 15 May 2026 18:36:44.040 * BGSAVE done, 17 keys saved, 0 keys skipped, 1782672 bytes written.
512705:C 15 May 2026 18:36:44.062 * DB saved on disk
512705:C 15 May 2026 18:36:44.062 * Fork CoW for RDB: current 0 MB, peak 0 MB, average 0 MB
510594:M 15 May 2026 18:36:44.121 * Background saving terminated with success
510594:M 15 May 2026 18:41:45.068 * 100 changes in 300 seconds. Saving...
510594:M 15 May 2026 18:41:45.069 * Background saving started by pid 512776
512776:C 15 May 2026 18:41:45.091 * BGSAVE done, 17 keys saved, 0 keys skipped, 1816696 bytes written.
512776:C 15 May 2026 18:41:45.114 * DB saved on disk
512776:C 15 May 2026 18:41:45.115 * Fork CoW for RDB: current 0 MB, peak 0 MB, average 0 MB
510594:M 15 May 2026 18:41:45.171 * Background saving terminated with success
510594:M 15 May 2026 18:46:46.062 * 100 changes in 300 seconds. Saving...
510594:M 15 May 2026 18:46:46.063 * Background saving started by pid 512837
512837:C 15 May 2026 18:46:46.085 * BGSAVE done, 20 keys saved, 0 keys skipped, 1880714 bytes written.
512837:C 15 May 2026 18:46:46.107 * DB saved on disk
512837:C 15 May 2026 18:46:46.107 * Fork CoW for RDB: current 0 MB, peak 0 MB, average 0 MB
510594:M 15 May 2026 18:46:46.164 * Background saving terminated with success
510594:M 15 May 2026 18:51:47.088 * 100 changes in 300 seconds. Saving...
510594:M 15 May 2026 18:51:47.089 * Background saving started by pid 512897
512897:C 15 May 2026 18:51:47.112 * BGSAVE done, 18 keys saved, 0 keys skipped, 1906594 bytes written.
512897:C 15 May 2026 18:51:47.135 * DB saved on disk
512897:C 15 May 2026 18:51:47.135 * Fork CoW for RDB: current 0 MB, peak 0 MB, average 0 MB
510594:M 15 May 2026 18:51:47.190 * Background saving terminated with success
510594:M 15 May 2026 18:56:48.027 * 100 changes in 300 seconds. Saving...
510594:M 15 May 2026 18:56:48.028 * Background saving started by pid 512955
512955:C 15 May 2026 18:56:48.050 * BGSAVE done, 17 keys saved, 0 keys skipped, 1938468 bytes written.
512955:C 15 May 2026 18:56:48.072 * DB saved on disk
512955:C 15 May 2026 18:56:48.073 * Fork CoW for RDB: current 0 MB, peak 0 MB, average 0 MB
510594:M 15 May 2026 18:56:48.129 * Background saving terminated with success
510594:M 15 May 2026 19:01:49.045 * 100 changes in 300 seconds. Saving...
510594:M 15 May 2026 19:01:49.045 * Background saving started by pid 513029
513029:C 15 May 2026 19:01:49.069 * BGSAVE done, 17 keys saved, 0 keys skipped, 1966140 bytes written.
513029:C 15 May 2026 19:01:49.092 * DB saved on disk
513029:C 15 May 2026 19:01:49.093 * Fork CoW for RDB: current 0 MB, peak 0 MB, average 0 MB
510594:M 15 May 2026 19:01:49.147 * Background saving terminated with success
510594:M 15 May 2026 19:06:50.088 * 100 changes in 300 seconds. Saving...
510594:M 15 May 2026 19:06:50.089 * Background saving started by pid 513086
513086:C 15 May 2026 19:06:50.111 * BGSAVE done, 17 keys saved, 0 keys skipped, 1997747 bytes written.
513086:C 15 May 2026 19:06:50.134 * DB saved on disk
513086:C 15 May 2026 19:06:50.135 * Fork CoW for RDB: current 0 MB, peak 0 MB, average 0 MB
510594:M 15 May 2026 19:06:50.190 * Background saving terminated with success
510594:M 15 May 2026 19:11:51.002 * 100 changes in 300 seconds. Saving...
510594:M 15 May 2026 19:11:51.003 * Background saving started by pid 513146
513146:C 15 May 2026 19:11:51.026 * BGSAVE done, 17 keys saved, 0 keys skipped, 2022906 bytes written.
513146:C 15 May 2026 19:11:51.048 * DB saved on disk
513146:C 15 May 2026 19:11:51.049 * Fork CoW for RDB: current 0 MB, peak 0 MB, average 0 MB
510594:M 15 May 2026 19:11:51.104 * Background saving terminated with success
510594:M 15 May 2026 19:16:52.021 * 100 changes in 300 seconds. Saving...
510594:M 15 May 2026 19:16:52.022 * Background saving started by pid 513205
513205:C 15 May 2026 19:16:52.046 * BGSAVE done, 18 keys saved, 0 keys skipped, 2046383 bytes written.
513205:C 15 May 2026 19:16:52.069 * DB saved on disk
513205:C 15 May 2026 19:16:52.070 * Fork CoW for RDB: current 0 MB, peak 0 MB, average 0 MB
510594:M 15 May 2026 19:16:52.123 * Background saving terminated with success
510594:M 15 May 2026 19:21:53.051 * 100 changes in 300 seconds. Saving...
510594:M 15 May 2026 19:21:53.052 * Background saving started by pid 513264
513264:C 15 May 2026 19:21:53.075 * BGSAVE done, 17 keys saved, 0 keys skipped, 2072797 bytes written.
513264:C 15 May 2026 19:21:53.099 * DB saved on disk
513264:C 15 May 2026 19:21:53.100 * Fork CoW for RDB: current 0 MB, peak 0 MB, average 0 MB
510594:M 15 May 2026 19:21:53.152 * Background saving terminated with success
510594:M 15 May 2026 19:26:54.070 * 100 changes in 300 seconds. Saving...
510594:M 15 May 2026 19:26:54.071 * Background saving started by pid 513343
513343:C 15 May 2026 19:26:54.094 * BGSAVE done, 19 keys saved, 0 keys skipped, 2103084 bytes written.
513343:C 15 May 2026 19:26:54.118 * DB saved on disk
513343:C 15 May 2026 19:26:54.118 * Fork CoW for RDB: current 0 MB, peak 0 MB, average 0 MB
510594:M 15 May 2026 19:26:54.171 * Background saving terminated with success
510594:M 15 May 2026 19:31:55.074 * 100 changes in 300 seconds. Saving...
510594:M 15 May 2026 19:31:55.075 * Background saving started by pid 513403
513403:C 15 May 2026 19:31:55.099 * BGSAVE done, 18 keys saved, 0 keys skipped, 2125982 bytes written.
513403:C 15 May 2026 19:31:55.124 * DB saved on disk
513403:C 15 May 2026 19:31:55.125 * Fork CoW for RDB: current 0 MB, peak 0 MB, average 0 MB
510594:M 15 May 2026 19:31:55.176 * Background saving terminated with success
510594:M 15 May 2026 19:36:56.080 * 100 changes in 300 seconds. Saving...
510594:M 15 May 2026 19:36:56.081 * Background saving started by pid 513462
513462:C 15 May 2026 19:36:56.105 * BGSAVE done, 20 keys saved, 0 keys skipped, 2152113 bytes written.
513462:C 15 May 2026 19:36:56.130 * DB saved on disk
513462:C 15 May 2026 19:36:56.131 * Fork CoW for RDB: current 0 MB, peak 0 MB, average 0 MB
510594:M 15 May 2026 19:36:56.181 * Background saving terminated with success
510594:M 15 May 2026 19:41:57.096 * 100 changes in 300 seconds. Saving...
510594:M 15 May 2026 19:41:57.097 * Background saving started by pid 513522
513522:C 15 May 2026 19:41:57.121 * BGSAVE done, 22 keys saved, 0 keys skipped, 2179421 bytes written.
513522:C 15 May 2026 19:41:57.145 * DB saved on disk
513522:C 15 May 2026 19:41:57.146 * Fork CoW for RDB: current 0 MB, peak 0 MB, average 0 MB
510594:M 15 May 2026 19:41:57.198 * Background saving terminated with success
510594:M 15 May 2026 19:46:58.052 * 100 changes in 300 seconds. Saving...
510594:M 15 May 2026 19:46:58.053 * Background saving started by pid 513581
513581:C 15 May 2026 19:46:58.077 * BGSAVE done, 21 keys saved, 0 keys skipped, 2194726 bytes written.
513581:C 15 May 2026 19:46:58.101 * DB saved on disk
513581:C 15 May 2026 19:46:58.102 * Fork CoW for RDB: current 0 MB, peak 0 MB, average 0 MB
510594:M 15 May 2026 19:46:58.154 * Background saving terminated with success
510594:signal-handler (1778899755) Received SIGTERM scheduling shutdown...
510594:M 15 May 2026 19:49:16.016 * User requested shutdown...
510594:M 15 May 2026 19:49:16.016 * Saving the final RDB snapshot before exiting.
510594:M 15 May 2026 19:49:16.038 * BGSAVE done, 22 keys saved, 0 keys skipped, 2202072 bytes written.
510594:M 15 May 2026 19:49:16.063 * DB saved on disk
510594:M 15 May 2026 19:49:16.063 # Redis is now ready to exit, bye bye...
