2026-05-15 16:45:02,119 - [robot_007] Started fresh (app_ckpt=/checkpoints/state.pt, warm=off/0)
2026-05-15 16:45:02,778 - [robot_007] Tasks: 0/2000 success_rate=1.000
2026-05-15 16:47:10,049 - [robot_007] Tasks: 100/2000 success_rate=0.400
2026-05-15 16:49:37,770 - [robot_007] Tasks: 200/2000 success_rate=0.400
2026-05-15 16:50:11,966 - [robot_007] App-checkpoint saved (30.8ms, 17.17MB)
2026-05-15 16:50:11,966 - [robot_007] migration requested at task 270, sleeping until runner kills me
2026-05-15 17:04:16,133 - [robot_007] Restored from /checkpoints/state.pt (1192.3ms, 17.17MB) → resuming at task 271
2026-05-15 17:08:26,150 - [robot_007] Tasks: 300/2000 success_rate=0.100
2026-05-15 17:25:38,553 - [robot_007] Tasks: 400/2000 success_rate=0.500
2026-05-15 17:29:09,559 - [robot_007] App-checkpoint saved (143.6ms, 17.18MB)
2026-05-15 17:29:09,559 - [robot_007] migration requested at task 470, sleeping until runner kills me
2026-05-15 17:33:59,042 - [robot_007] Restored from /checkpoints/state.pt (34.1ms, 17.18MB) → resuming at task 471
2026-05-15 17:34:01,577 - [robot_007] Tasks: 500/2000 success_rate=0.500
2026-05-15 17:34:08,487 - [robot_007] Tasks: 600/2000 success_rate=0.500
2026-05-15 17:34:11,998 - [robot_007] App-checkpoint saved (49.2ms, 17.18MB)
2026-05-15 17:34:11,999 - [robot_007] migration requested at task 670, sleeping until runner kills me
2026-05-15 17:47:32,572 - [robot_007] Restored from /checkpoints/state.pt (497.8ms, 17.18MB) → resuming at task 671
2026-05-15 17:49:17,045 - [robot_007] Tasks: 700/2000 success_rate=0.200
2026-05-15 17:58:08,739 - [robot_007] Tasks: 800/2000 success_rate=0.400
2026-05-15 18:03:40,138 - [robot_007] App-checkpoint saved (341.3ms, 17.18MB)
2026-05-15 18:03:40,139 - [robot_007] migration requested at task 870, sleeping until runner kills me
2026-05-15 18:10:15,404 - [robot_007] Restored from /checkpoints/state.pt (122.7ms, 17.18MB) → resuming at task 871
2026-05-15 18:10:23,483 - [robot_007] Tasks: 900/2000 success_rate=0.700
2026-05-15 18:10:58,261 - [robot_007] Tasks: 1000/2000 success_rate=0.700
2026-05-15 18:11:02,306 - [robot_007] App-checkpoint saved (81.6ms, 17.18MB)
2026-05-15 18:11:02,307 - [robot_007] migration requested at task 1020, sleeping until runner kills me
2026-05-15 18:13:26,906 - [robot_007] Restored from /checkpoints/state.pt (947.1ms, 17.18MB) → resuming at task 1021
2026-05-15 18:19:25,356 - [robot_007] Tasks: 1100/2000 success_rate=0.700
2026-05-15 18:32:20,260 - [robot_007] Tasks: 1200/2000 success_rate=0.500
2026-05-15 18:51:06,968 - [robot_007] Tasks: 1300/2000 success_rate=0.400
2026-05-15 18:56:24,639 - [robot_007] Tasks: 1400/2000 success_rate=0.500
2026-05-15 18:58:47,531 - [robot_007] Tasks: 1500/2000 success_rate=0.500
2026-05-15 19:02:12,191 - [robot_007] Tasks: 1600/2000 success_rate=0.500
2026-05-15 19:04:30,860 - [robot_007] Tasks: 1700/2000 success_rate=0.500
2026-05-15 19:08:40,075 - [robot_007] Tasks: 1800/2000 success_rate=0.400
2026-05-15 19:12:22,478 - [robot_007] Tasks: 1900/2000 success_rate=0.500
2026-05-15 19:16:32,815 - [robot_007] Complete.
