2026-05-15 16:44:19,490 - [robot_018] Started fresh (app_ckpt=/checkpoints/state.pt, warm=off/0)
2026-05-15 16:44:20,789 - [robot_018] Tasks: 0/2000 success_rate=1.000
2026-05-15 16:57:09,974 - [robot_018] Tasks: 100/2000 success_rate=0.400
2026-05-15 17:08:59,657 - [robot_018] Tasks: 200/2000 success_rate=0.300
2026-05-15 17:17:29,545 - [robot_018] Tasks: 300/2000 success_rate=0.200
2026-05-15 17:22:18,233 - [robot_018] App-checkpoint saved (897.6ms, 17.17MB)
2026-05-15 17:22:18,242 - [robot_018] migration requested at task 380, sleeping until runner kills me
2026-05-15 17:24:19,828 - [robot_018] Restored from /checkpoints/state.pt (17.5ms, 17.17MB) → resuming at task 381
2026-05-15 17:24:20,738 - [robot_018] Tasks: 400/2000 success_rate=0.700
2026-05-15 17:24:26,726 - [robot_018] Tasks: 500/2000 success_rate=0.600
2026-05-15 17:24:31,307 - [robot_018] App-checkpoint saved (67.6ms, 17.18MB)
2026-05-15 17:24:31,308 - [robot_018] migration requested at task 580, sleeping until runner kills me
2026-05-15 17:26:58,915 - [robot_018] Restored from /checkpoints/state.pt (958.4ms, 17.18MB) → resuming at task 581
2026-05-15 17:28:51,661 - [robot_018] Tasks: 600/2000 success_rate=0.400
2026-05-15 17:34:30,425 - [robot_018] Tasks: 700/2000 success_rate=0.300
2026-05-15 17:37:18,350 - [robot_018] App-checkpoint saved (125.5ms, 17.18MB)
2026-05-15 17:37:18,350 - [robot_018] migration requested at task 780, sleeping until runner kills me
2026-05-15 17:43:12,001 - [robot_018] Restored from /checkpoints/state.pt (17.0ms, 17.18MB) → resuming at task 781
2026-05-15 17:43:12,280 - [robot_018] Tasks: 800/2000 success_rate=0.200
2026-05-15 17:43:16,800 - [robot_018] Tasks: 900/2000 success_rate=0.400
2026-05-15 17:43:22,214 - [robot_018] App-checkpoint saved (56.4ms, 17.18MB)
2026-05-15 17:43:22,215 - [robot_018] migration requested at task 980, sleeping until runner kills me
2026-05-15 17:49:43,337 - [robot_018] Restored from /checkpoints/state.pt (689.3ms, 17.18MB) → resuming at task 981
2026-05-15 17:51:14,835 - [robot_018] Tasks: 1000/2000 success_rate=0.400
2026-05-15 17:58:41,234 - [robot_018] Tasks: 1100/2000 success_rate=0.500
2026-05-15 18:01:17,096 - [robot_018] App-checkpoint saved (453.7ms, 17.18MB)
2026-05-15 18:01:17,100 - [robot_018] migration requested at task 1130, sleeping until runner kills me
2026-05-15 18:07:37,370 - [robot_018] Restored from /checkpoints/state.pt (19.2ms, 17.18MB) → resuming at task 1131
2026-05-15 18:07:40,647 - [robot_018] Tasks: 1200/2000 success_rate=0.700
2026-05-15 18:07:45,271 - [robot_018] Tasks: 1300/2000 success_rate=0.500
2026-05-15 18:07:52,321 - [robot_018] Tasks: 1400/2000 success_rate=0.400
2026-05-15 18:07:55,916 - [robot_018] Tasks: 1500/2000 success_rate=0.300
2026-05-15 18:08:01,351 - [robot_018] Tasks: 1600/2000 success_rate=0.700
2026-05-15 18:08:04,956 - [robot_018] Tasks: 1700/2000 success_rate=0.600
2026-05-15 18:08:09,822 - [robot_018] Tasks: 1800/2000 success_rate=0.500
2026-05-15 18:08:16,094 - [robot_018] Tasks: 1900/2000 success_rate=0.600
2026-05-15 18:08:21,946 - [robot_018] Complete.
