2026-05-15 16:45:02,894 - [robot_009] Started fresh (app_ckpt=/checkpoints/state.pt, warm=off/0)
2026-05-15 16:45:11,264 - [robot_009] Tasks: 0/2000 success_rate=0.000
2026-05-15 16:46:33,339 - [robot_009] Tasks: 100/2000 success_rate=0.600
2026-05-15 16:47:50,822 - [robot_009] Tasks: 200/2000 success_rate=0.300
2026-05-15 16:49:20,867 - [robot_009] App-checkpoint saved (175.7ms, 17.17MB)
2026-05-15 16:49:20,869 - [robot_009] migration requested at task 290, sleeping until runner kills me
2026-05-15 16:50:56,704 - [robot_009] Restored from /checkpoints/state.pt (474.2ms, 17.17MB) → resuming at task 291
2026-05-15 16:51:09,826 - [robot_009] Tasks: 300/2000 success_rate=0.400
2026-05-15 17:05:00,642 - [robot_009] Tasks: 400/2000 success_rate=0.100
2026-05-15 17:12:39,815 - [robot_009] App-checkpoint saved (747.2ms, 17.18MB)
2026-05-15 17:12:39,820 - [robot_009] migration requested at task 490, sleeping until runner kills me
2026-05-15 17:13:41,960 - [robot_009] Restored from /checkpoints/state.pt (17.5ms, 17.18MB) → resuming at task 491
2026-05-15 17:13:42,656 - [robot_009] Tasks: 500/2000 success_rate=0.600
2026-05-15 17:13:48,304 - [robot_009] Tasks: 600/2000 success_rate=0.300
2026-05-15 17:13:51,428 - [robot_009] App-checkpoint saved (64.6ms, 17.18MB)
2026-05-15 17:13:51,428 - [robot_009] migration requested at task 690, sleeping until runner kills me
2026-05-15 17:15:54,797 - [robot_009] Restored from /checkpoints/state.pt (1402.9ms, 17.18MB) → resuming at task 691
2026-05-15 17:16:53,336 - [robot_009] Tasks: 700/2000 success_rate=0.600
2026-05-15 17:26:02,666 - [robot_009] Tasks: 800/2000 success_rate=0.300
2026-05-15 17:33:30,237 - [robot_009] App-checkpoint saved (275.7ms, 17.18MB)
2026-05-15 17:33:30,247 - [robot_009] migration requested at task 890, sleeping until runner kills me
2026-05-15 17:34:34,267 - [robot_009] Restored from /checkpoints/state.pt (17.0ms, 17.18MB) → resuming at task 891
2026-05-15 17:34:34,622 - [robot_009] Tasks: 900/2000 success_rate=0.500
2026-05-15 17:34:40,177 - [robot_009] Tasks: 1000/2000 success_rate=0.300
2026-05-15 17:34:41,847 - [robot_009] App-checkpoint saved (57.0ms, 17.18MB)
2026-05-15 17:34:41,847 - [robot_009] migration requested at task 1040, sleeping until runner kills me
2026-05-15 17:41:03,959 - [robot_009] Restored from /checkpoints/state.pt (509.9ms, 17.18MB) → resuming at task 1041
2026-05-15 17:43:58,765 - [robot_009] Tasks: 1100/2000 success_rate=0.600
2026-05-15 17:47:24,203 - [robot_009] Tasks: 1200/2000 success_rate=0.400
2026-05-15 17:49:59,045 - [robot_009] Tasks: 1300/2000 success_rate=0.600
2026-05-15 17:57:20,896 - [robot_009] Tasks: 1400/2000 success_rate=0.300
2026-05-15 18:04:16,620 - [robot_009] Tasks: 1500/2000 success_rate=0.500
2026-05-15 18:09:45,302 - [robot_009] Tasks: 1600/2000 success_rate=0.400
2026-05-15 18:15:46,607 - [robot_009] Tasks: 1700/2000 success_rate=0.200
2026-05-15 18:29:12,462 - [robot_009] Tasks: 1800/2000 success_rate=0.400
2026-05-15 18:37:57,398 - [robot_009] Tasks: 1900/2000 success_rate=0.600
2026-05-15 18:50:30,952 - [robot_009] Complete.
