2026-05-15 16:44:19,465 - [robot_015] Started fresh (app_ckpt=/checkpoints/state.pt, warm=off/0)
2026-05-15 16:44:19,469 - [robot_015] Tasks: 0/2000 success_rate=0.000
2026-05-15 16:50:04,250 - [robot_015] Tasks: 100/2000 success_rate=0.400
2026-05-15 17:06:28,841 - [robot_015] Tasks: 200/2000 success_rate=0.200
2026-05-15 17:20:58,645 - [robot_015] Tasks: 300/2000 success_rate=0.600
2026-05-15 17:24:16,025 - [robot_015] App-checkpoint saved (58.3ms, 17.17MB)
2026-05-15 17:24:16,183 - [robot_015] migration requested at task 350, sleeping until runner kills me
2026-05-15 17:29:20,390 - [robot_015] Restored from /checkpoints/state.pt (28.1ms, 17.17MB) → resuming at task 351
2026-05-15 17:29:22,848 - [robot_015] Tasks: 400/2000 success_rate=0.400
2026-05-15 17:29:28,866 - [robot_015] Tasks: 500/2000 success_rate=0.600
2026-05-15 17:29:31,897 - [robot_015] App-checkpoint saved (57.5ms, 17.18MB)
2026-05-15 17:29:31,898 - [robot_015] migration requested at task 550, sleeping until runner kills me
2026-05-15 17:33:41,742 - [robot_015] Restored from /checkpoints/state.pt (573.7ms, 17.18MB) → resuming at task 551
2026-05-15 17:37:42,646 - [robot_015] Tasks: 600/2000 success_rate=0.000
2026-05-15 17:42:36,501 - [robot_015] Tasks: 700/2000 success_rate=0.000
2026-05-15 17:46:01,929 - [robot_015] App-checkpoint saved (131.6ms, 17.18MB)
2026-05-15 17:46:01,930 - [robot_015] migration requested at task 750, sleeping until runner kills me
2026-05-15 17:56:00,009 - [robot_015] Restored from /checkpoints/state.pt (17.5ms, 17.18MB) → resuming at task 751
2026-05-15 17:56:01,730 - [robot_015] Tasks: 800/2000 success_rate=0.500
2026-05-15 17:56:06,238 - [robot_015] Tasks: 900/2000 success_rate=0.200
2026-05-15 17:56:08,396 - [robot_015] App-checkpoint saved (63.4ms, 17.18MB)
2026-05-15 17:56:08,396 - [robot_015] migration requested at task 950, sleeping until runner kills me
2026-05-15 18:05:16,459 - [robot_015] Restored from /checkpoints/state.pt (532.3ms, 17.18MB) → resuming at task 951
2026-05-15 18:09:00,161 - [robot_015] Tasks: 1000/2000 success_rate=0.500
2026-05-15 18:22:52,309 - [robot_015] App-checkpoint saved (325.2ms, 17.18MB)
2026-05-15 18:22:52,310 - [robot_015] migration requested at task 1100, sleeping until runner kills me
2026-05-15 18:23:06,733 - [robot_015] Restored from /checkpoints/state.pt (23.4ms, 17.18MB) → resuming at task 1101
2026-05-15 18:23:12,109 - [robot_015] Tasks: 1200/2000 success_rate=0.500
2026-05-15 18:23:19,251 - [robot_015] Tasks: 1300/2000 success_rate=0.300
2026-05-15 18:23:24,481 - [robot_015] Tasks: 1400/2000 success_rate=0.600
2026-05-15 18:23:29,145 - [robot_015] Tasks: 1500/2000 success_rate=0.700
2026-05-15 18:23:38,173 - [robot_015] Tasks: 1600/2000 success_rate=0.500
2026-05-15 18:23:43,080 - [robot_015] Tasks: 1700/2000 success_rate=0.500
2026-05-15 18:23:47,950 - [robot_015] Tasks: 1800/2000 success_rate=0.400
2026-05-15 18:23:53,717 - [robot_015] Tasks: 1900/2000 success_rate=0.700
2026-05-15 18:23:59,934 - [robot_015] Complete.
