2026-05-15 16:44:19,399 - [robot_012] Started fresh (app_ckpt=/checkpoints/state.pt, warm=off/0)
2026-05-15 16:45:19,943 - [robot_012] Tasks: 0/2000 success_rate=0.000
2026-05-15 16:54:55,331 - [robot_012] Tasks: 100/2000 success_rate=0.400
2026-05-15 17:08:57,436 - [robot_012] Tasks: 200/2000 success_rate=0.400
2026-05-15 17:18:17,613 - [robot_012] Tasks: 300/2000 success_rate=0.400
2026-05-15 17:20:21,411 - [robot_012] App-checkpoint saved (475.7ms, 17.17MB)
2026-05-15 17:20:21,413 - [robot_012] migration requested at task 320, sleeping until runner kills me
2026-05-15 17:24:01,368 - [robot_012] Restored from /checkpoints/state.pt (19.0ms, 17.17MB) → resuming at task 321
2026-05-15 17:24:05,108 - [robot_012] Tasks: 400/2000 success_rate=0.400
2026-05-15 17:24:10,838 - [robot_012] Tasks: 500/2000 success_rate=0.700
2026-05-15 17:24:11,324 - [robot_012] App-checkpoint saved (56.7ms, 17.18MB)
2026-05-15 17:24:11,325 - [robot_012] migration requested at task 520, sleeping until runner kills me
2026-05-15 17:30:28,000 - [robot_012] Restored from /checkpoints/state.pt (735.2ms, 17.18MB) → resuming at task 521
2026-05-15 17:34:02,564 - [robot_012] Tasks: 600/2000 success_rate=0.400
2026-05-15 17:38:38,773 - [robot_012] Tasks: 700/2000 success_rate=0.300
2026-05-15 17:39:12,625 - [robot_012] App-checkpoint saved (263.8ms, 17.18MB)
2026-05-15 17:39:12,626 - [robot_012] migration requested at task 720, sleeping until runner kills me
2026-05-15 17:45:46,178 - [robot_012] Restored from /checkpoints/state.pt (15.4ms, 17.18MB) → resuming at task 721
2026-05-15 17:45:50,786 - [robot_012] Tasks: 800/2000 success_rate=0.500
2026-05-15 17:45:56,812 - [robot_012] Tasks: 900/2000 success_rate=0.500
2026-05-15 17:45:57,923 - [robot_012] App-checkpoint saved (66.6ms, 17.18MB)
2026-05-15 17:45:57,924 - [robot_012] migration requested at task 920, sleeping until runner kills me
2026-05-15 17:59:14,992 - [robot_012] Restored from /checkpoints/state.pt (638.4ms, 17.18MB) → resuming at task 921
2026-05-15 18:14:22,915 - [robot_012] Tasks: 1000/2000 success_rate=0.500
2026-05-15 18:24:02,184 - [robot_012] App-checkpoint saved (319.3ms, 17.18MB)
2026-05-15 18:24:02,185 - [robot_012] migration requested at task 1070, sleeping until runner kills me
2026-05-15 18:24:13,710 - [robot_012] Restored from /checkpoints/state.pt (18.4ms, 17.18MB) → resuming at task 1071
2026-05-15 18:24:15,731 - [robot_012] Tasks: 1100/2000 success_rate=0.400
2026-05-15 18:24:20,119 - [robot_012] Tasks: 1200/2000 success_rate=0.500
2026-05-15 18:24:25,659 - [robot_012] Tasks: 1300/2000 success_rate=0.300
2026-05-15 18:24:31,090 - [robot_012] Tasks: 1400/2000 success_rate=0.400
2026-05-15 18:24:36,882 - [robot_012] Tasks: 1500/2000 success_rate=0.400
2026-05-15 18:24:46,757 - [robot_012] Tasks: 1600/2000 success_rate=0.400
2026-05-15 18:24:56,060 - [robot_012] Tasks: 1700/2000 success_rate=0.400
2026-05-15 18:25:03,733 - [robot_012] Tasks: 1800/2000 success_rate=0.700
2026-05-15 18:25:09,223 - [robot_012] Tasks: 1900/2000 success_rate=0.400
2026-05-15 18:25:16,001 - [robot_012] Complete.
