2026-05-15 16:45:02,576 - [robot_001] Started fresh (app_ckpt=/checkpoints/state.pt, warm=off/0)
2026-05-15 16:45:02,600 - [robot_001] Tasks: 0/2000 success_rate=0.000
2026-05-15 16:47:21,160 - [robot_001] Tasks: 100/2000 success_rate=0.300
2026-05-15 16:49:44,744 - [robot_001] Tasks: 200/2000 success_rate=0.600
2026-05-15 16:49:51,127 - [robot_001] App-checkpoint saved (154.7ms, 17.17MB)
2026-05-15 16:49:51,158 - [robot_001] migration requested at task 210, sleeping until runner kills me
2026-05-15 16:58:20,011 - [robot_001] Restored from /checkpoints/state.pt (613.1ms, 17.17MB) → resuming at task 211
2026-05-15 17:09:35,837 - [robot_001] Tasks: 300/2000 success_rate=0.200
2026-05-15 17:18:29,187 - [robot_001] Tasks: 400/2000 success_rate=0.800
2026-05-15 17:18:42,738 - [robot_001] App-checkpoint saved (91.1ms, 17.18MB)
2026-05-15 17:18:42,759 - [robot_001] migration requested at task 410, sleeping until runner kills me
2026-05-15 17:20:27,310 - [robot_001] Restored from /checkpoints/state.pt (26.8ms, 17.18MB) → resuming at task 411
2026-05-15 17:20:33,265 - [robot_001] Tasks: 500/2000 success_rate=0.600
2026-05-15 17:20:38,959 - [robot_001] Tasks: 600/2000 success_rate=0.300
2026-05-15 17:20:39,287 - [robot_001] App-checkpoint saved (56.5ms, 17.18MB)
2026-05-15 17:20:39,287 - [robot_001] migration requested at task 610, sleeping until runner kills me
2026-05-15 17:25:48,668 - [robot_001] Restored from /checkpoints/state.pt (635.2ms, 17.18MB) → resuming at task 611
2026-05-15 17:29:38,785 - [robot_001] Tasks: 700/2000 success_rate=0.100
2026-05-15 17:33:25,689 - [robot_001] Tasks: 800/2000 success_rate=0.400
2026-05-15 17:33:39,753 - [robot_001] App-checkpoint saved (379.8ms, 17.18MB)
2026-05-15 17:33:39,754 - [robot_001] migration requested at task 810, sleeping until runner kills me
2026-05-15 17:38:05,270 - [robot_001] Restored from /checkpoints/state.pt (19.1ms, 17.18MB) → resuming at task 811
2026-05-15 17:38:09,223 - [robot_001] Tasks: 900/2000 success_rate=0.600
2026-05-15 17:38:14,697 - [robot_001] App-checkpoint saved (47.5ms, 17.18MB)
2026-05-15 17:38:14,698 - [robot_001] migration requested at task 960, sleeping until runner kills me
2026-05-15 17:44:38,157 - [robot_001] Restored from /checkpoints/state.pt (349.2ms, 17.18MB) → resuming at task 961
2026-05-15 17:49:21,422 - [robot_001] Tasks: 1000/2000 success_rate=0.200
2026-05-15 18:03:45,411 - [robot_001] Tasks: 1100/2000 success_rate=0.700
2026-05-15 18:07:54,404 - [robot_001] Tasks: 1200/2000 success_rate=0.400
2026-05-15 18:14:09,980 - [robot_001] Tasks: 1300/2000 success_rate=0.400
2026-05-15 18:30:15,085 - [robot_001] Tasks: 1400/2000 success_rate=0.400
2026-05-15 18:39:10,787 - [robot_001] Tasks: 1500/2000 success_rate=0.700
2026-05-15 18:52:41,526 - [robot_001] Tasks: 1600/2000 success_rate=0.500
2026-05-15 18:59:49,458 - [robot_001] Tasks: 1700/2000 success_rate=0.400
2026-05-15 19:04:13,874 - [robot_001] Tasks: 1800/2000 success_rate=0.200
2026-05-15 19:15:12,186 - [robot_001] Tasks: 1900/2000 success_rate=0.200
2026-05-15 19:23:06,055 - [robot_001] Complete.
