2026-05-15 16:45:03,068 - [robot_002] Started fresh (app_ckpt=/checkpoints/state.pt, warm=off/0)
2026-05-15 16:45:04,436 - [robot_002] Tasks: 0/2000 success_rate=1.000
2026-05-15 16:47:03,373 - [robot_002] Tasks: 100/2000 success_rate=0.400
2026-05-15 16:49:05,048 - [robot_002] Tasks: 200/2000 success_rate=0.400
2026-05-15 16:49:41,259 - [robot_002] App-checkpoint saved (75.4ms, 17.17MB)
2026-05-15 16:49:41,262 - [robot_002] migration requested at task 220, sleeping until runner kills me
2026-05-15 17:06:30,726 - [robot_002] Restored from /checkpoints/state.pt (1273.3ms, 17.17MB) → resuming at task 221
2026-05-15 17:19:07,733 - [robot_002] Tasks: 300/2000 success_rate=0.300
2026-05-15 17:24:36,500 - [robot_002] Tasks: 400/2000 success_rate=0.500
2026-05-15 17:25:42,234 - [robot_002] App-checkpoint saved (73.3ms, 17.18MB)
2026-05-15 17:25:42,235 - [robot_002] migration requested at task 420, sleeping until runner kills me
2026-05-15 17:30:45,796 - [robot_002] Restored from /checkpoints/state.pt (27.5ms, 17.18MB) → resuming at task 421
2026-05-15 17:30:49,401 - [robot_002] Tasks: 500/2000 success_rate=0.400
2026-05-15 17:30:54,001 - [robot_002] Tasks: 600/2000 success_rate=0.600
2026-05-15 17:30:55,139 - [robot_002] App-checkpoint saved (110.7ms, 17.18MB)
2026-05-15 17:30:55,139 - [robot_002] migration requested at task 620, sleeping until runner kills me
2026-05-15 17:39:35,914 - [robot_002] Restored from /checkpoints/state.pt (308.6ms, 17.18MB) → resuming at task 621
2026-05-15 17:45:42,073 - [robot_002] Tasks: 700/2000 success_rate=0.300
2026-05-15 17:56:23,906 - [robot_002] Tasks: 800/2000 success_rate=0.500
2026-05-15 17:57:18,789 - [robot_002] App-checkpoint saved (240.0ms, 17.18MB)
2026-05-15 17:57:18,791 - [robot_002] migration requested at task 820, sleeping until runner kills me
2026-05-15 18:05:50,381 - [robot_002] Restored from /checkpoints/state.pt (19.0ms, 17.18MB) → resuming at task 821
2026-05-15 18:05:53,264 - [robot_002] Tasks: 900/2000 success_rate=0.500
2026-05-15 18:05:56,819 - [robot_002] App-checkpoint saved (52.9ms, 17.18MB)
2026-05-15 18:05:56,820 - [robot_002] migration requested at task 970, sleeping until runner kills me
2026-05-15 18:11:28,742 - [robot_002] Restored from /checkpoints/state.pt (629.3ms, 17.18MB) → resuming at task 971
2026-05-15 18:12:17,425 - [robot_002] Tasks: 1000/2000 success_rate=0.600
2026-05-15 18:29:15,223 - [robot_002] Tasks: 1100/2000 success_rate=0.300
2026-05-15 18:44:10,748 - [robot_002] Tasks: 1200/2000 success_rate=0.600
2026-05-15 18:56:08,960 - [robot_002] Tasks: 1300/2000 success_rate=0.400
2026-05-15 19:08:37,912 - [robot_002] Tasks: 1400/2000 success_rate=0.400
2026-05-15 19:21:43,670 - [robot_002] Tasks: 1500/2000 success_rate=0.700
2026-05-15 19:31:15,962 - [robot_002] Tasks: 1600/2000 success_rate=0.700
2026-05-15 19:41:39,683 - [robot_002] Tasks: 1700/2000 success_rate=0.500
2026-05-15 19:45:08,773 - [robot_002] Tasks: 1800/2000 success_rate=0.200
2026-05-15 19:47:20,975 - [robot_002] Tasks: 1900/2000 success_rate=0.500
2026-05-15 19:49:11,511 - [robot_002] Complete.
