2026-05-15 16:44:18,988 - [robot_014] Started fresh (app_ckpt=/checkpoints/state.pt, warm=off/0)
2026-05-15 16:44:21,941 - [robot_014] Tasks: 0/2000 success_rate=1.000
2026-05-15 16:58:12,491 - [robot_014] Tasks: 100/2000 success_rate=0.800
2026-05-15 17:07:19,667 - [robot_014] Tasks: 200/2000 success_rate=0.700
2026-05-15 17:23:30,157 - [robot_014] Tasks: 300/2000 success_rate=0.700
2026-05-15 17:35:41,863 - [robot_014] App-checkpoint saved (379.6ms, 17.17MB)
2026-05-15 17:35:41,877 - [robot_014] migration requested at task 340, sleeping until runner kills me
2026-05-15 17:45:14,057 - [robot_014] Restored from /checkpoints/state.pt (23.6ms, 17.17MB) → resuming at task 341
2026-05-15 17:45:16,218 - [robot_014] Tasks: 400/2000 success_rate=0.300
2026-05-15 17:45:21,498 - [robot_014] Tasks: 500/2000 success_rate=0.400
2026-05-15 17:45:24,278 - [robot_014] App-checkpoint saved (49.4ms, 17.18MB)
2026-05-15 17:45:24,279 - [robot_014] migration requested at task 540, sleeping until runner kills me
2026-05-15 17:57:35,010 - [robot_014] Restored from /checkpoints/state.pt (523.1ms, 17.18MB) → resuming at task 541
2026-05-15 18:06:18,656 - [robot_014] Tasks: 600/2000 success_rate=0.300
2026-05-15 18:17:45,647 - [robot_014] Tasks: 700/2000 success_rate=0.400
2026-05-15 18:20:01,399 - [robot_014] App-checkpoint saved (327.4ms, 17.18MB)
2026-05-15 18:20:01,400 - [robot_014] migration requested at task 740, sleeping until runner kills me
2026-05-15 18:20:52,217 - [robot_014] Restored from /checkpoints/state.pt (17.6ms, 17.18MB) → resuming at task 741
2026-05-15 18:20:55,711 - [robot_014] Tasks: 800/2000 success_rate=0.500
2026-05-15 18:21:00,512 - [robot_014] Tasks: 900/2000 success_rate=0.400
2026-05-15 18:21:02,101 - [robot_014] App-checkpoint saved (53.0ms, 17.18MB)
2026-05-15 18:21:02,102 - [robot_014] migration requested at task 940, sleeping until runner kills me
2026-05-15 18:22:22,429 - [robot_014] Restored from /checkpoints/state.pt (900.2ms, 17.18MB) → resuming at task 941
2026-05-15 18:30:56,172 - [robot_014] Tasks: 1000/2000 success_rate=0.500
2026-05-15 18:41:01,496 - [robot_014] App-checkpoint saved (176.6ms, 17.18MB)
2026-05-15 18:41:01,497 - [robot_014] migration requested at task 1090, sleeping until runner kills me
2026-05-15 18:41:34,307 - [robot_014] Restored from /checkpoints/state.pt (33.3ms, 17.18MB) → resuming at task 1091
2026-05-15 18:41:34,977 - [robot_014] Tasks: 1100/2000 success_rate=0.400
2026-05-15 18:41:40,040 - [robot_014] Tasks: 1200/2000 success_rate=0.700
2026-05-15 18:41:45,624 - [robot_014] Tasks: 1300/2000 success_rate=0.600
2026-05-15 18:41:49,952 - [robot_014] Tasks: 1400/2000 success_rate=0.600
2026-05-15 18:41:57,661 - [robot_014] Tasks: 1500/2000 success_rate=0.400
2026-05-15 18:42:02,261 - [robot_014] Tasks: 1600/2000 success_rate=0.400
2026-05-15 18:42:06,627 - [robot_014] Tasks: 1700/2000 success_rate=0.400
2026-05-15 18:42:12,098 - [robot_014] Tasks: 1800/2000 success_rate=0.400
2026-05-15 18:42:18,214 - [robot_014] Tasks: 1900/2000 success_rate=0.700
2026-05-15 18:42:22,542 - [robot_014] Complete.
