2026-05-15 16:44:19,467 - [robot_017] Started fresh (app_ckpt=/checkpoints/state.pt, warm=off/0)
2026-05-15 16:44:21,621 - [robot_017] Tasks: 0/2000 success_rate=1.000
2026-05-15 16:49:54,869 - [robot_017] Tasks: 100/2000 success_rate=0.300
2026-05-15 16:55:56,386 - [robot_017] Tasks: 200/2000 success_rate=0.300
2026-05-15 17:09:53,194 - [robot_017] Tasks: 300/2000 success_rate=0.300
2026-05-15 17:16:18,677 - [robot_017] App-checkpoint saved (143.0ms, 17.17MB)
2026-05-15 17:16:18,688 - [robot_017] migration requested at task 370, sleeping until runner kills me
2026-05-15 17:16:32,854 - [robot_017] Restored from /checkpoints/state.pt (29.3ms, 17.17MB) → resuming at task 371
2026-05-15 17:16:33,844 - [robot_017] Tasks: 400/2000 success_rate=0.500
2026-05-15 17:16:38,861 - [robot_017] Tasks: 500/2000 success_rate=0.500
2026-05-15 17:16:42,195 - [robot_017] App-checkpoint saved (55.6ms, 17.18MB)
2026-05-15 17:16:42,195 - [robot_017] migration requested at task 570, sleeping until runner kills me
2026-05-15 17:19:18,279 - [robot_017] Restored from /checkpoints/state.pt (1376.6ms, 17.18MB) → resuming at task 571
2026-05-15 17:21:41,976 - [robot_017] Tasks: 600/2000 success_rate=0.300
2026-05-15 17:27:51,158 - [robot_017] Tasks: 700/2000 success_rate=0.300
2026-05-15 17:32:00,821 - [robot_017] App-checkpoint saved (676.7ms, 17.18MB)
2026-05-15 17:32:00,831 - [robot_017] migration requested at task 770, sleeping until runner kills me
2026-05-15 17:34:49,496 - [robot_017] Restored from /checkpoints/state.pt (14.1ms, 17.18MB) → resuming at task 771
2026-05-15 17:34:51,512 - [robot_017] Tasks: 800/2000 success_rate=0.700
2026-05-15 17:34:58,729 - [robot_017] Tasks: 900/2000 success_rate=0.600
2026-05-15 17:35:03,486 - [robot_017] App-checkpoint saved (66.7ms, 17.18MB)
2026-05-15 17:35:03,486 - [robot_017] migration requested at task 970, sleeping until runner kills me
2026-05-15 17:42:05,217 - [robot_017] Restored from /checkpoints/state.pt (513.9ms, 17.18MB) → resuming at task 971
2026-05-15 17:43:44,064 - [robot_017] Tasks: 1000/2000 success_rate=0.700
2026-05-15 18:00:36,087 - [robot_017] Tasks: 1100/2000 success_rate=0.300
2026-05-15 18:03:28,580 - [robot_017] App-checkpoint saved (133.1ms, 17.18MB)
2026-05-15 18:03:28,581 - [robot_017] migration requested at task 1120, sleeping until runner kills me
2026-05-15 18:06:06,521 - [robot_017] Restored from /checkpoints/state.pt (29.3ms, 17.18MB) → resuming at task 1121
2026-05-15 18:06:09,975 - [robot_017] Tasks: 1200/2000 success_rate=0.500
2026-05-15 18:06:15,612 - [robot_017] Tasks: 1300/2000 success_rate=0.700
2026-05-15 18:06:20,196 - [robot_017] Tasks: 1400/2000 success_rate=0.500
2026-05-15 18:06:26,250 - [robot_017] Tasks: 1500/2000 success_rate=0.500
2026-05-15 18:06:33,066 - [robot_017] Tasks: 1600/2000 success_rate=0.400
2026-05-15 18:06:39,842 - [robot_017] Tasks: 1700/2000 success_rate=0.600
2026-05-15 18:06:44,436 - [robot_017] Tasks: 1800/2000 success_rate=0.400
2026-05-15 18:06:49,289 - [robot_017] Tasks: 1900/2000 success_rate=0.700
2026-05-15 18:06:55,823 - [robot_017] Complete.
