2026-05-15 16:45:02,172 - [robot_005] Started fresh (app_ckpt=/checkpoints/state.pt, warm=off/0)
2026-05-15 16:45:03,227 - [robot_005] Tasks: 0/2000 success_rate=1.000
2026-05-15 16:47:08,331 - [robot_005] Tasks: 100/2000 success_rate=0.600
2026-05-15 16:49:12,272 - [robot_005] Tasks: 200/2000 success_rate=0.600
2026-05-15 16:50:15,531 - [robot_005] App-checkpoint saved (41.9ms, 17.17MB)
2026-05-15 16:50:15,531 - [robot_005] migration requested at task 250, sleeping until runner kills me
2026-05-15 17:00:06,444 - [robot_005] Restored from /checkpoints/state.pt (1761.7ms, 17.17MB) → resuming at task 251
2026-05-15 17:16:11,105 - [robot_005] Tasks: 300/2000 success_rate=0.300
2026-05-15 17:27:54,881 - [robot_005] Tasks: 400/2000 success_rate=0.400
2026-05-15 17:42:24,620 - [robot_005] App-checkpoint saved (173.6ms, 17.18MB)
2026-05-15 17:42:24,621 - [robot_005] migration requested at task 450, sleeping until runner kills me
2026-05-15 17:52:28,052 - [robot_005] Restored from /checkpoints/state.pt (18.9ms, 17.18MB) → resuming at task 451
2026-05-15 17:52:31,729 - [robot_005] Tasks: 500/2000 success_rate=0.700
2026-05-15 17:52:36,773 - [robot_005] Tasks: 600/2000 success_rate=0.500
2026-05-15 17:52:40,864 - [robot_005] App-checkpoint saved (64.4ms, 17.18MB)
2026-05-15 17:52:40,865 - [robot_005] migration requested at task 650, sleeping until runner kills me
2026-05-15 18:02:16,140 - [robot_005] Restored from /checkpoints/state.pt (704.9ms, 17.18MB) → resuming at task 651
2026-05-15 18:09:59,171 - [robot_005] Tasks: 700/2000 success_rate=0.300
2026-05-15 18:16:20,635 - [robot_005] Tasks: 800/2000 success_rate=0.500
2026-05-15 18:24:28,046 - [robot_005] App-checkpoint saved (61.9ms, 17.18MB)
2026-05-15 18:24:28,046 - [robot_005] migration requested at task 850, sleeping until runner kills me
2026-05-15 18:24:40,517 - [robot_005] Restored from /checkpoints/state.pt (37.2ms, 17.18MB) → resuming at task 851
2026-05-15 18:24:47,115 - [robot_005] Tasks: 900/2000 success_rate=0.500
2026-05-15 18:25:00,349 - [robot_005] App-checkpoint saved (59.9ms, 17.18MB)
2026-05-15 18:25:00,350 - [robot_005] migration requested at task 1000, sleeping until runner kills me
2026-05-15 18:26:08,299 - [robot_005] Restored from /checkpoints/state.pt (970.6ms, 17.18MB) → resuming at task 1001
2026-05-15 18:46:55,635 - [robot_005] Tasks: 1100/2000 success_rate=0.600
2026-05-15 18:57:24,905 - [robot_005] Tasks: 1200/2000 success_rate=0.600
2026-05-15 19:09:05,927 - [robot_005] Tasks: 1300/2000 success_rate=0.500
2026-05-15 19:18:59,071 - [robot_005] Tasks: 1400/2000 success_rate=0.400
2026-05-15 19:24:58,222 - [robot_005] Tasks: 1500/2000 success_rate=0.600
2026-05-15 19:30:08,770 - [robot_005] Tasks: 1600/2000 success_rate=0.400
2026-05-15 19:33:39,237 - [robot_005] Tasks: 1700/2000 success_rate=0.200
2026-05-15 19:37:22,732 - [robot_005] Tasks: 1800/2000 success_rate=0.400
2026-05-15 19:38:58,762 - [robot_005] Tasks: 1900/2000 success_rate=0.700
2026-05-15 19:40:38,706 - [robot_005] Complete.
