2026-05-15 16:44:19,483 - [robot_011] Started fresh (app_ckpt=/checkpoints/state.pt, warm=off/0)
2026-05-15 16:45:11,227 - [robot_011] Tasks: 0/2000 success_rate=0.000
2026-05-15 16:53:18,062 - [robot_011] Tasks: 100/2000 success_rate=0.400
2026-05-15 17:00:27,098 - [robot_011] Tasks: 200/2000 success_rate=0.400
2026-05-15 17:06:20,828 - [robot_011] Tasks: 300/2000 success_rate=0.300
2026-05-15 17:07:14,390 - [robot_011] App-checkpoint saved (595.8ms, 17.17MB)
2026-05-15 17:07:14,399 - [robot_011] migration requested at task 310, sleeping until runner kills me
2026-05-15 17:07:51,832 - [robot_011] Restored from /checkpoints/state.pt (34.9ms, 17.17MB) → resuming at task 311
2026-05-15 17:07:57,063 - [robot_011] Tasks: 400/2000 success_rate=0.500
2026-05-15 17:08:03,245 - [robot_011] Tasks: 500/2000 success_rate=0.600
2026-05-15 17:08:03,891 - [robot_011] App-checkpoint saved (58.9ms, 17.18MB)
2026-05-15 17:08:03,891 - [robot_011] migration requested at task 510, sleeping until runner kills me
2026-05-15 17:10:16,999 - [robot_011] Restored from /checkpoints/state.pt (866.7ms, 17.18MB) → resuming at task 511
2026-05-15 17:24:32,612 - [robot_011] Tasks: 600/2000 success_rate=0.300
2026-05-15 17:39:49,779 - [robot_011] Tasks: 700/2000 success_rate=0.400
2026-05-15 17:41:19,131 - [robot_011] App-checkpoint saved (124.6ms, 17.18MB)
2026-05-15 17:41:19,136 - [robot_011] migration requested at task 710, sleeping until runner kills me
2026-05-15 17:53:15,872 - [robot_011] Restored from /checkpoints/state.pt (25.3ms, 17.18MB) → resuming at task 711
2026-05-15 17:53:21,385 - [robot_011] Tasks: 800/2000 success_rate=0.400
2026-05-15 17:53:24,889 - [robot_011] Tasks: 900/2000 success_rate=0.400
2026-05-15 17:53:25,487 - [robot_011] App-checkpoint saved (63.9ms, 17.18MB)
2026-05-15 17:53:25,488 - [robot_011] migration requested at task 910, sleeping until runner kills me
2026-05-15 18:03:22,197 - [robot_011] Restored from /checkpoints/state.pt (953.8ms, 17.18MB) → resuming at task 911
2026-05-15 18:09:21,695 - [robot_011] Tasks: 1000/2000 success_rate=0.600
2026-05-15 18:15:35,525 - [robot_011] App-checkpoint saved (289.6ms, 17.18MB)
2026-05-15 18:15:35,529 - [robot_011] migration requested at task 1060, sleeping until runner kills me
2026-05-15 18:15:47,986 - [robot_011] Restored from /checkpoints/state.pt (15.5ms, 17.18MB) → resuming at task 1061
2026-05-15 18:15:50,763 - [robot_011] Tasks: 1100/2000 success_rate=0.700
2026-05-15 18:15:56,738 - [robot_011] Tasks: 1200/2000 success_rate=0.800
2026-05-15 18:16:02,509 - [robot_011] Tasks: 1300/2000 success_rate=0.500
2026-05-15 18:16:08,778 - [robot_011] Tasks: 1400/2000 success_rate=0.300
2026-05-15 18:16:15,218 - [robot_011] Tasks: 1500/2000 success_rate=0.600
2026-05-15 18:16:20,337 - [robot_011] Tasks: 1600/2000 success_rate=0.500
2026-05-15 18:16:29,271 - [robot_011] Tasks: 1700/2000 success_rate=0.300
2026-05-15 18:16:35,334 - [robot_011] Tasks: 1800/2000 success_rate=0.500
2026-05-15 18:16:40,907 - [robot_011] Tasks: 1900/2000 success_rate=0.500
2026-05-15 18:16:50,543 - [robot_011] Complete.
