2026-05-15 16:45:02,173 - [robot_006] Started fresh (app_ckpt=/checkpoints/state.pt, warm=off/0)
2026-05-15 16:45:02,174 - [robot_006] Tasks: 0/2000 success_rate=0.000
2026-05-15 16:47:57,936 - [robot_006] Tasks: 100/2000 success_rate=0.300
2026-05-15 16:49:53,145 - [robot_006] Tasks: 200/2000 success_rate=0.600
2026-05-15 16:50:15,621 - [robot_006] App-checkpoint saved (28.1ms, 17.17MB)
2026-05-15 16:50:15,622 - [robot_006] migration requested at task 260, sleeping until runner kills me
2026-05-15 17:01:44,976 - [robot_006] Restored from /checkpoints/state.pt (745.6ms, 17.17MB) → resuming at task 261
2026-05-15 17:08:53,937 - [robot_006] Tasks: 300/2000 success_rate=0.300
2026-05-15 17:20:49,516 - [robot_006] Tasks: 400/2000 success_rate=0.200
2026-05-15 17:24:36,740 - [robot_006] App-checkpoint saved (590.0ms, 17.18MB)
2026-05-15 17:24:36,741 - [robot_006] migration requested at task 460, sleeping until runner kills me
2026-05-15 17:29:04,006 - [robot_006] Restored from /checkpoints/state.pt (27.9ms, 17.18MB) → resuming at task 461
2026-05-15 17:29:06,074 - [robot_006] Tasks: 500/2000 success_rate=0.400
2026-05-15 17:29:11,299 - [robot_006] Tasks: 600/2000 success_rate=0.500
2026-05-15 17:29:13,992 - [robot_006] App-checkpoint saved (50.6ms, 17.18MB)
2026-05-15 17:29:13,992 - [robot_006] migration requested at task 660, sleeping until runner kills me
2026-05-15 17:32:28,520 - [robot_006] Restored from /checkpoints/state.pt (502.9ms, 17.18MB) → resuming at task 661
2026-05-15 17:35:15,699 - [robot_006] Tasks: 700/2000 success_rate=0.700
2026-05-15 17:38:19,702 - [robot_006] Tasks: 800/2000 success_rate=0.300
2026-05-15 17:40:49,989 - [robot_006] App-checkpoint saved (266.6ms, 17.18MB)
2026-05-15 17:40:49,991 - [robot_006] migration requested at task 860, sleeping until runner kills me
2026-05-15 17:54:02,226 - [robot_006] Restored from /checkpoints/state.pt (28.5ms, 17.18MB) → resuming at task 861
2026-05-15 17:54:03,706 - [robot_006] Tasks: 900/2000 success_rate=0.500
2026-05-15 17:54:09,195 - [robot_006] Tasks: 1000/2000 success_rate=0.100
2026-05-15 17:54:10,020 - [robot_006] App-checkpoint saved (61.9ms, 17.18MB)
2026-05-15 17:54:10,021 - [robot_006] migration requested at task 1010, sleeping until runner kills me
2026-05-15 18:04:09,036 - [robot_006] Restored from /checkpoints/state.pt (587.9ms, 17.18MB) → resuming at task 1011
2026-05-15 18:24:14,935 - [robot_006] Tasks: 1100/2000 success_rate=0.400
2026-05-15 18:31:25,208 - [robot_006] Tasks: 1200/2000 success_rate=0.300
2026-05-15 18:43:25,928 - [robot_006] Tasks: 1300/2000 success_rate=0.400
2026-05-15 18:50:05,351 - [robot_006] Tasks: 1400/2000 success_rate=0.300
2026-05-15 18:57:02,956 - [robot_006] Tasks: 1500/2000 success_rate=0.400
2026-05-15 19:08:53,134 - [robot_006] Tasks: 1600/2000 success_rate=0.400
2026-05-15 19:19:01,549 - [robot_006] Tasks: 1700/2000 success_rate=0.400
2026-05-15 19:27:40,167 - [robot_006] Tasks: 1800/2000 success_rate=0.300
2026-05-15 19:30:56,953 - [robot_006] Tasks: 1900/2000 success_rate=0.300
2026-05-15 19:36:10,271 - [robot_006] Complete.
