2026-05-15 16:44:18,650 - [robot_013] Started fresh (app_ckpt=/checkpoints/state.pt, warm=off/0)
2026-05-15 16:44:18,744 - [robot_013] Tasks: 0/2000 success_rate=0.000
2026-05-15 16:54:57,200 - [robot_013] Tasks: 100/2000 success_rate=0.300
2026-05-15 17:06:58,685 - [robot_013] Tasks: 200/2000 success_rate=0.300
2026-05-15 17:15:42,074 - [robot_013] Tasks: 300/2000 success_rate=0.500
2026-05-15 17:18:57,671 - [robot_013] App-checkpoint saved (434.0ms, 17.17MB)
2026-05-15 17:18:57,675 - [robot_013] migration requested at task 330, sleeping until runner kills me
2026-05-15 17:20:11,253 - [robot_013] Restored from /checkpoints/state.pt (32.5ms, 17.17MB) → resuming at task 331
2026-05-15 17:20:13,916 - [robot_013] Tasks: 400/2000 success_rate=0.500
2026-05-15 17:20:18,711 - [robot_013] Tasks: 500/2000 success_rate=0.500
2026-05-15 17:20:20,783 - [robot_013] App-checkpoint saved (55.6ms, 17.18MB)
2026-05-15 17:20:20,783 - [robot_013] migration requested at task 530, sleeping until runner kills me
2026-05-15 17:23:43,823 - [robot_013] Restored from /checkpoints/state.pt (568.7ms, 17.18MB) → resuming at task 531
2026-05-15 17:29:53,151 - [robot_013] Tasks: 600/2000 success_rate=0.400
2026-05-15 17:33:30,425 - [robot_013] Tasks: 700/2000 success_rate=0.400
2026-05-15 17:35:23,704 - [robot_013] App-checkpoint saved (108.8ms, 17.18MB)
2026-05-15 17:35:23,705 - [robot_013] migration requested at task 730, sleeping until runner kills me
2026-05-15 17:43:26,830 - [robot_013] Restored from /checkpoints/state.pt (26.4ms, 17.18MB) → resuming at task 731
2026-05-15 17:43:28,978 - [robot_013] Tasks: 800/2000 success_rate=0.500
2026-05-15 17:43:33,508 - [robot_013] Tasks: 900/2000 success_rate=0.300
2026-05-15 17:43:35,307 - [robot_013] App-checkpoint saved (64.8ms, 17.18MB)
2026-05-15 17:43:35,307 - [robot_013] migration requested at task 930, sleeping until runner kills me
2026-05-15 17:50:48,187 - [robot_013] Restored from /checkpoints/state.pt (779.8ms, 17.18MB) → resuming at task 931
2026-05-15 17:55:39,929 - [robot_013] Tasks: 1000/2000 success_rate=0.200
2026-05-15 17:59:56,287 - [robot_013] App-checkpoint saved (386.9ms, 17.18MB)
2026-05-15 17:59:56,294 - [robot_013] migration requested at task 1080, sleeping until runner kills me
2026-05-15 18:09:35,911 - [robot_013] Restored from /checkpoints/state.pt (29.7ms, 17.18MB) → resuming at task 1081
2026-05-15 18:09:37,388 - [robot_013] Tasks: 1100/2000 success_rate=0.600
2026-05-15 18:09:43,755 - [robot_013] Tasks: 1200/2000 success_rate=0.400
2026-05-15 18:09:49,959 - [robot_013] Tasks: 1300/2000 success_rate=0.600
2026-05-15 18:09:57,001 - [robot_013] Tasks: 1400/2000 success_rate=0.600
2026-05-15 18:10:11,459 - [robot_013] Tasks: 1500/2000 success_rate=0.400
2026-05-15 18:10:49,212 - [robot_013] Tasks: 1600/2000 success_rate=0.400
2026-05-15 18:11:15,480 - [robot_013] Tasks: 1700/2000 success_rate=0.500
2026-05-15 18:11:28,753 - [robot_013] Tasks: 1800/2000 success_rate=0.500
2026-05-15 18:11:40,809 - [robot_013] Tasks: 1900/2000 success_rate=0.400
2026-05-15 18:11:58,280 - [robot_013] Complete.
