2026-05-15 16:44:16,684 - [robot_010] Started fresh (app_ckpt=/checkpoints/state.pt, warm=off/0)
2026-05-15 16:44:17,637 - [robot_010] Tasks: 0/2000 success_rate=1.000
2026-05-15 16:55:47,560 - [robot_010] Tasks: 100/2000 success_rate=0.400
2026-05-15 17:15:48,759 - [robot_010] Tasks: 200/2000 success_rate=0.300
2026-05-15 17:37:25,422 - [robot_010] App-checkpoint saved (215.2ms, 17.17MB)
2026-05-15 17:37:25,436 - [robot_010] migration requested at task 300, sleeping until runner kills me
2026-05-15 17:44:56,255 - [robot_010] Restored from /checkpoints/state.pt (18.0ms, 17.17MB) → resuming at task 301
2026-05-15 17:45:02,195 - [robot_010] Tasks: 400/2000 success_rate=0.400
2026-05-15 17:45:09,120 - [robot_010] App-checkpoint saved (56.8ms, 17.18MB)
2026-05-15 17:45:09,121 - [robot_010] migration requested at task 500, sleeping until runner kills me
2026-05-15 17:55:41,790 - [robot_010] Restored from /checkpoints/state.pt (658.8ms, 17.18MB) → resuming at task 501
2026-05-15 18:03:34,454 - [robot_010] Tasks: 600/2000 success_rate=0.500
2026-05-15 18:08:13,666 - [robot_010] App-checkpoint saved (720.1ms, 17.18MB)
2026-05-15 18:08:13,679 - [robot_010] migration requested at task 700, sleeping until runner kills me
2026-05-15 18:12:03,491 - [robot_010] Restored from /checkpoints/state.pt (53.4ms, 17.18MB) → resuming at task 701
2026-05-15 18:12:15,790 - [robot_010] Tasks: 800/2000 success_rate=0.500
2026-05-15 18:12:24,305 - [robot_010] App-checkpoint saved (58.9ms, 17.18MB)
2026-05-15 18:12:24,306 - [robot_010] migration requested at task 900, sleeping until runner kills me
2026-05-15 18:15:22,136 - [robot_010] Restored from /checkpoints/state.pt (908.7ms, 17.18MB) → resuming at task 901
2026-05-15 18:26:55,889 - [robot_010] Tasks: 1000/2000 success_rate=0.200
2026-05-15 18:32:54,971 - [robot_010] App-checkpoint saved (835.0ms, 17.18MB)
2026-05-15 18:32:54,984 - [robot_010] migration requested at task 1050, sleeping until runner kills me
2026-05-15 18:33:33,183 - [robot_010] Restored from /checkpoints/state.pt (17.6ms, 17.18MB) → resuming at task 1051
2026-05-15 18:33:35,712 - [robot_010] Tasks: 1100/2000 success_rate=0.900
2026-05-15 18:33:41,121 - [robot_010] Tasks: 1200/2000 success_rate=0.700
2026-05-15 18:33:46,624 - [robot_010] Tasks: 1300/2000 success_rate=0.700
2026-05-15 18:33:51,513 - [robot_010] Tasks: 1400/2000 success_rate=0.500
2026-05-15 18:33:58,454 - [robot_010] Tasks: 1500/2000 success_rate=0.400
2026-05-15 18:34:04,217 - [robot_010] Tasks: 1600/2000 success_rate=0.300
2026-05-15 18:34:10,510 - [robot_010] Tasks: 1700/2000 success_rate=0.400
2026-05-15 18:34:16,419 - [robot_010] Tasks: 1800/2000 success_rate=0.500
2026-05-15 18:34:20,936 - [robot_010] Tasks: 1900/2000 success_rate=0.600
2026-05-15 18:34:25,580 - [robot_010] Complete.
