2026-05-15 16:45:02,772 - [robot_003] Started fresh (app_ckpt=/checkpoints/state.pt, warm=off/0)
2026-05-15 16:45:02,785 - [robot_003] Tasks: 0/2000 success_rate=0.000
2026-05-15 16:48:05,850 - [robot_003] Tasks: 100/2000 success_rate=0.200
2026-05-15 16:50:14,243 - [robot_003] Tasks: 200/2000 success_rate=0.500
2026-05-15 16:50:19,012 - [robot_003] App-checkpoint saved (41.3ms, 17.17MB)
2026-05-15 16:50:19,013 - [robot_003] migration requested at task 230, sleeping until runner kills me
2026-05-15 16:56:38,773 - [robot_003] Restored from /checkpoints/state.pt (673.0ms, 17.17MB) → resuming at task 231
2026-05-15 17:05:47,270 - [robot_003] Tasks: 300/2000 success_rate=0.300
2026-05-15 17:25:54,515 - [robot_003] Tasks: 400/2000 success_rate=0.400
2026-05-15 17:29:59,408 - [robot_003] App-checkpoint saved (463.4ms, 17.18MB)
2026-05-15 17:29:59,424 - [robot_003] migration requested at task 430, sleeping until runner kills me
2026-05-15 17:31:33,979 - [robot_003] Restored from /checkpoints/state.pt (20.6ms, 17.18MB) → resuming at task 431
2026-05-15 17:31:36,697 - [robot_003] Tasks: 500/2000 success_rate=0.400
2026-05-15 17:31:40,703 - [robot_003] Tasks: 600/2000 success_rate=0.400
2026-05-15 17:31:42,301 - [robot_003] App-checkpoint saved (64.4ms, 17.18MB)
2026-05-15 17:31:42,301 - [robot_003] migration requested at task 630, sleeping until runner kills me
2026-05-15 17:37:49,145 - [robot_003] Restored from /checkpoints/state.pt (462.8ms, 17.18MB) → resuming at task 631
2026-05-15 17:43:05,615 - [robot_003] Tasks: 700/2000 success_rate=0.400
2026-05-15 17:46:51,069 - [robot_003] Tasks: 800/2000 success_rate=0.500
2026-05-15 17:49:08,720 - [robot_003] App-checkpoint saved (290.2ms, 17.18MB)
2026-05-15 17:49:08,728 - [robot_003] migration requested at task 830, sleeping until runner kills me
2026-05-15 18:00:36,340 - [robot_003] Restored from /checkpoints/state.pt (14.7ms, 17.18MB) → resuming at task 831
2026-05-15 18:00:38,830 - [robot_003] Tasks: 900/2000 success_rate=0.600
2026-05-15 18:00:44,369 - [robot_003] App-checkpoint saved (64.6ms, 17.18MB)
2026-05-15 18:00:44,370 - [robot_003] migration requested at task 980, sleeping until runner kills me
2026-05-15 18:09:19,967 - [robot_003] Restored from /checkpoints/state.pt (585.8ms, 17.18MB) → resuming at task 981
2026-05-15 18:12:29,527 - [robot_003] Tasks: 1000/2000 success_rate=0.200
2026-05-15 18:18:56,721 - [robot_003] Tasks: 1100/2000 success_rate=0.300
2026-05-15 18:23:05,840 - [robot_003] Tasks: 1200/2000 success_rate=0.500
2026-05-15 18:35:19,670 - [robot_003] Tasks: 1300/2000 success_rate=0.500
2026-05-15 18:41:28,915 - [robot_003] Tasks: 1400/2000 success_rate=0.200
2026-05-15 18:47:31,638 - [robot_003] Tasks: 1500/2000 success_rate=0.300
2026-05-15 19:00:21,756 - [robot_003] Tasks: 1600/2000 success_rate=0.400
2026-05-15 19:15:58,519 - [robot_003] Tasks: 1700/2000 success_rate=0.300
2026-05-15 19:28:25,168 - [robot_003] Tasks: 1800/2000 success_rate=0.500
2026-05-15 19:32:24,895 - [robot_003] Tasks: 1900/2000 success_rate=0.800
2026-05-15 19:41:36,792 - [robot_003] Complete.
