2026-05-15 16:44:19,375 - [robot_019] Started fresh (app_ckpt=/checkpoints/state.pt, warm=off/0)
2026-05-15 16:44:21,209 - [robot_019] Tasks: 0/2000 success_rate=1.000
2026-05-15 16:50:48,056 - [robot_019] Tasks: 100/2000 success_rate=0.600
2026-05-15 17:01:38,127 - [robot_019] Tasks: 200/2000 success_rate=0.300
2026-05-15 17:09:46,779 - [robot_019] Tasks: 300/2000 success_rate=0.400
2026-05-15 17:15:10,460 - [robot_019] App-checkpoint saved (404.3ms, 17.17MB)
2026-05-15 17:15:10,469 - [robot_019] migration requested at task 390, sleeping until runner kills me
2026-05-15 17:16:14,481 - [robot_019] Restored from /checkpoints/state.pt (17.3ms, 17.17MB) → resuming at task 391
2026-05-15 17:16:14,652 - [robot_019] Tasks: 400/2000 success_rate=0.200
2026-05-15 17:16:18,744 - [robot_019] Tasks: 500/2000 success_rate=0.100
2026-05-15 17:16:25,198 - [robot_019] App-checkpoint saved (70.0ms, 17.18MB)
2026-05-15 17:16:25,199 - [robot_019] migration requested at task 590, sleeping until runner kills me
2026-05-15 17:17:56,041 - [robot_019] Restored from /checkpoints/state.pt (982.3ms, 17.18MB) → resuming at task 591
2026-05-15 17:18:16,602 - [robot_019] Tasks: 600/2000 success_rate=0.200
2026-05-15 17:23:06,363 - [robot_019] Tasks: 700/2000 success_rate=0.300
2026-05-15 17:29:15,722 - [robot_019] App-checkpoint saved (497.9ms, 17.18MB)
2026-05-15 17:29:15,727 - [robot_019] migration requested at task 790, sleeping until runner kills me
2026-05-15 17:31:02,092 - [robot_019] Restored from /checkpoints/state.pt (22.5ms, 17.18MB) → resuming at task 791
2026-05-15 17:31:02,235 - [robot_019] Tasks: 800/2000 success_rate=0.200
2026-05-15 17:31:05,821 - [robot_019] Tasks: 900/2000 success_rate=0.500
2026-05-15 17:31:10,636 - [robot_019] App-checkpoint saved (64.6ms, 17.18MB)
2026-05-15 17:31:10,637 - [robot_019] migration requested at task 990, sleeping until runner kills me
2026-05-15 17:35:54,344 - [robot_019] Restored from /checkpoints/state.pt (651.3ms, 17.18MB) → resuming at task 991
2026-05-15 17:36:00,574 - [robot_019] Tasks: 1000/2000 success_rate=0.300
2026-05-15 17:40:34,695 - [robot_019] Tasks: 1100/2000 success_rate=0.300
2026-05-15 17:43:13,489 - [robot_019] App-checkpoint saved (98.2ms, 17.18MB)
2026-05-15 17:43:13,490 - [robot_019] migration requested at task 1140, sleeping until runner kills me
2026-05-15 17:48:43,546 - [robot_019] Restored from /checkpoints/state.pt (28.3ms, 17.18MB) → resuming at task 1141
2026-05-15 17:48:46,460 - [robot_019] Tasks: 1200/2000 success_rate=0.400
2026-05-15 17:48:50,866 - [robot_019] Tasks: 1300/2000 success_rate=0.200
2026-05-15 17:48:56,633 - [robot_019] Tasks: 1400/2000 success_rate=0.600
2026-05-15 17:49:03,292 - [robot_019] Tasks: 1500/2000 success_rate=0.300
2026-05-15 17:49:10,554 - [robot_019] Tasks: 1600/2000 success_rate=0.700
2026-05-15 17:49:14,640 - [robot_019] Tasks: 1700/2000 success_rate=0.400
2026-05-15 17:49:19,525 - [robot_019] Tasks: 1800/2000 success_rate=0.500
2026-05-15 17:49:23,541 - [robot_019] Tasks: 1900/2000 success_rate=0.600
2026-05-15 17:49:30,081 - [robot_019] Complete.
