2026-05-15 16:44:19,272 - [robot_016] Started fresh (app_ckpt=/checkpoints/state.pt, warm=off/0)
2026-05-15 16:44:21,846 - [robot_016] Tasks: 0/2000 success_rate=1.000
2026-05-15 16:53:52,631 - [robot_016] Tasks: 100/2000 success_rate=0.100
2026-05-15 17:04:57,489 - [robot_016] Tasks: 200/2000 success_rate=0.200
2026-05-15 17:17:13,727 - [robot_016] Tasks: 300/2000 success_rate=0.500
2026-05-15 17:21:42,405 - [robot_016] App-checkpoint saved (359.8ms, 17.17MB)
2026-05-15 17:21:42,410 - [robot_016] migration requested at task 360, sleeping until runner kills me
2026-05-15 17:24:36,956 - [robot_016] Restored from /checkpoints/state.pt (20.5ms, 17.17MB) → resuming at task 361
2026-05-15 17:24:38,207 - [robot_016] Tasks: 400/2000 success_rate=0.300
2026-05-15 17:24:43,929 - [robot_016] Tasks: 500/2000 success_rate=0.700
2026-05-15 17:24:46,163 - [robot_016] App-checkpoint saved (114.1ms, 17.18MB)
2026-05-15 17:24:46,163 - [robot_016] migration requested at task 560, sleeping until runner kills me
2026-05-15 17:28:29,776 - [robot_016] Restored from /checkpoints/state.pt (941.1ms, 17.18MB) → resuming at task 561
2026-05-15 17:29:45,117 - [robot_016] Tasks: 600/2000 success_rate=0.100
2026-05-15 17:35:19,193 - [robot_016] Tasks: 700/2000 success_rate=0.800
2026-05-15 17:37:25,531 - [robot_016] App-checkpoint saved (163.2ms, 17.18MB)
2026-05-15 17:37:25,542 - [robot_016] migration requested at task 760, sleeping until runner kills me
2026-05-15 17:43:43,333 - [robot_016] Restored from /checkpoints/state.pt (17.4ms, 17.18MB) → resuming at task 761
2026-05-15 17:43:44,802 - [robot_016] Tasks: 800/2000 success_rate=0.600
2026-05-15 17:43:49,330 - [robot_016] Tasks: 900/2000 success_rate=0.400
2026-05-15 17:43:51,419 - [robot_016] App-checkpoint saved (64.9ms, 17.18MB)
2026-05-15 17:43:51,419 - [robot_016] migration requested at task 960, sleeping until runner kills me
2026-05-15 17:51:55,560 - [robot_016] Restored from /checkpoints/state.pt (607.6ms, 17.18MB) → resuming at task 961
2026-05-15 17:53:40,709 - [robot_016] Tasks: 1000/2000 success_rate=0.300
2026-05-15 18:02:25,539 - [robot_016] Tasks: 1100/2000 success_rate=0.500
2026-05-15 18:02:39,488 - [robot_016] App-checkpoint saved (142.6ms, 17.18MB)
2026-05-15 18:02:39,499 - [robot_016] migration requested at task 1110, sleeping until runner kills me
2026-05-15 18:09:54,743 - [robot_016] Restored from /checkpoints/state.pt (64.4ms, 17.18MB) → resuming at task 1111
2026-05-15 18:10:09,322 - [robot_016] Tasks: 1200/2000 success_rate=0.400
2026-05-15 18:10:27,409 - [robot_016] Tasks: 1300/2000 success_rate=0.500
2026-05-15 18:10:53,225 - [robot_016] Tasks: 1400/2000 success_rate=0.500
2026-05-15 18:11:09,912 - [robot_016] Tasks: 1500/2000 success_rate=0.200
2026-05-15 18:11:24,933 - [robot_016] Tasks: 1600/2000 success_rate=0.700
2026-05-15 18:11:42,118 - [robot_016] Tasks: 1700/2000 success_rate=0.400
2026-05-15 18:11:58,806 - [robot_016] Tasks: 1800/2000 success_rate=0.700
2026-05-15 18:12:07,196 - [robot_016] Tasks: 1900/2000 success_rate=0.600
2026-05-15 18:12:19,656 - [robot_016] Complete.
