2169460:C 10 Jul 2026 13:07:57.434 # WARNING Memory overcommit must be enabled! Without it, a background save or replication may fail under low memory condition. Being disabled, it can also cause failures without low memory condition, see https://github.com/jemalloc/jemalloc/issues/1328. To fix this issue add 'vm.overcommit_memory = 1' to /etc/sysctl.conf and then reboot or run the command 'sysctl vm.overcommit_memory=1' for this to take effect.
2169460:C 10 Jul 2026 13:07:57.437 * oO0OoO0OoO0Oo Redis is starting oO0OoO0OoO0Oo
2169460:C 10 Jul 2026 13:07:57.437 * Redis version=8.6.2, bits=64, commit=f312bec6, modified=0, pid=2169460, just started
2169460:C 10 Jul 2026 13:07:57.437 * Configuration loaded
2169460:M 10 Jul 2026 13:07:57.437 * monotonic clock: POSIX clock_gettime
2169460:M 10 Jul 2026 13:07:57.438 * Running mode=standalone, port=6579.
2169460:M 10 Jul 2026 13:07:57.438 * Server initialized
2169460:M 10 Jul 2026 13:07:57.462 * Loading RDB produced by version 8.6.2
2169460:M 10 Jul 2026 13:07:57.462 * RDB age 3687759 seconds
2169460:M 10 Jul 2026 13:07:57.462 * RDB memory usage when created 13.88 Mb
2169460:M 10 Jul 2026 13:07:57.689 * Done loading RDB, keys loaded: 21, keys expired: 5.
2169460:M 10 Jul 2026 13:07:57.690 * DB loaded from disk: 0.251 seconds
2169460:M 10 Jul 2026 13:07:57.690 * Ready to accept connections tcp
2169460:M 10 Jul 2026 13:07:57.690 # WARNING: Redis does not require authentication and is not protected by network restrictions. Redis will accept connections from any IP address on any network interface.
2169460:signal-handler (1783714088) Received SIGTERM scheduling shutdown...
2169460:M 10 Jul 2026 13:08:08.428 * User requested shutdown...
2169460:M 10 Jul 2026 13:08:08.428 * Saving the final RDB snapshot before exiting.
2169460:M 10 Jul 2026 13:08:08.454 * BGSAVE done, 21 keys saved, 0 keys skipped, 2302203 bytes written.
2169460:M 10 Jul 2026 13:08:08.535 * DB saved on disk
2169460:M 10 Jul 2026 13:08:08.535 # Redis is now ready to exit, bye bye...
