2026-05-12 16:26:42,438 - INFO - Flower server starting — FedAvg only — 20 clients — 60 rounds
2026-05-12 16:26:42,438 - INFO - Waiting 15s for containers to start...
2026-05-12 16:26:57,466 - INFO - Waiting for 20 robot clients to connect...
2026-05-12 16:26:57,486 - INFO - >>> Starting FL round 1/60 — dispatching to 20 clients...
2026-05-12 16:28:42,517 - INFO - [ROUND  1/60 | FIT ] clients=20/20  success=0.000  reward=-0.400  loss=0.0000  entropy=0.693  cpu=36.7%  gpu=0.0%  net=5.90MB  latency=105.0s
2026-05-12 16:28:42,529 - INFO - [ROUND  1/60 | EVAL] clients=20/20  success=0.000  reward=+0.000  loss=0.0000  entropy=0.693  cpu=4.2%  gpu=0.0%  net=3.48MB  latency=105.0s
2026-05-12 16:28:42,529 - INFO - >>> Starting FL round 2/60 — dispatching to 20 clients...
2026-05-12 16:28:44,674 - INFO - [ROUND  2/60 | FIT ] clients=20/20  success=0.000  reward=-0.400  loss=0.0000  entropy=0.693  cpu=5.0%  gpu=0.0%  net=1.45MB  latency=2.1s
2026-05-12 16:28:44,687 - INFO - [ROUND  2/60 | EVAL] clients=20/20  success=0.000  reward=+0.000  loss=0.0000  entropy=0.693  cpu=5.3%  gpu=0.0%  net=1.90MB  latency=2.2s
2026-05-12 16:28:44,687 - INFO - >>> Starting FL round 3/60 — dispatching to 20 clients...
2026-05-12 16:28:46,836 - INFO - [ROUND  3/60 | FIT ] clients=20/20  success=0.000  reward=-0.400  loss=0.0000  entropy=0.693  cpu=6.7%  gpu=0.0%  net=1.36MB  latency=2.1s
2026-05-12 16:28:46,848 - INFO - [ROUND  3/60 | EVAL] clients=20/20  success=0.000  reward=+0.000  loss=0.0000  entropy=0.693  cpu=5.1%  gpu=0.0%  net=1.81MB  latency=2.2s
2026-05-12 16:28:46,849 - INFO - >>> Starting FL round 4/60 — dispatching to 20 clients...
2026-05-12 16:28:50,773 - INFO - [ROUND  4/60 | FIT ] clients=20/20  success=0.000  reward=-0.400  loss=-0.3726  entropy=0.693  cpu=2.5%  gpu=0.0%  net=3.85MB  latency=3.9s
2026-05-12 16:28:50,786 - INFO - [ROUND  4/60 | EVAL] clients=20/20  success=0.000  reward=+0.000  loss=0.0000  entropy=0.693  cpu=3.1%  gpu=0.0%  net=1.77MB  latency=3.9s
2026-05-12 16:28:50,786 - INFO - >>> Starting FL round 5/60 — dispatching to 20 clients...
2026-05-12 16:28:55,459 - INFO - [ROUND  5/60 | FIT ] clients=20/20  success=0.068  reward=-0.272  loss=-0.3770  entropy=0.693  cpu=53.0%  gpu=0.0%  net=2.28MB  latency=4.7s
2026-05-12 16:28:55,472 - INFO - [ROUND  5/60 | EVAL] clients=20/20  success=0.068  reward=+0.000  loss=0.0000  entropy=0.693  cpu=42.4%  gpu=0.0%  net=2.73MB  latency=4.7s
2026-05-12 16:28:55,472 - INFO - >>> Starting FL round 6/60 — dispatching to 20 clients...
2026-05-12 16:29:08,314 - INFO - [ROUND  6/60 | FIT ] clients=20/20  success=0.685  reward=+0.902  loss=-0.3770  entropy=0.693  cpu=51.2%  gpu=0.0%  net=1.39MB  latency=12.8s
2026-05-12 16:29:08,329 - INFO - [ROUND  6/60 | EVAL] clients=20/20  success=0.685  reward=+0.000  loss=0.0000  entropy=0.693  cpu=44.5%  gpu=0.0%  net=1.85MB  latency=12.9s
2026-05-12 16:29:08,329 - INFO - >>> Starting FL round 7/60 — dispatching to 20 clients...
2026-05-12 16:29:39,988 - INFO - [ROUND  7/60 | FIT ] clients=20/20  success=0.858  reward=+1.230  loss=-0.0095  entropy=0.693  cpu=58.8%  gpu=0.0%  net=4.17MB  latency=31.7s
2026-05-12 16:29:40,002 - INFO - [ROUND  7/60 | EVAL] clients=20/20  success=0.858  reward=+0.000  loss=0.0000  entropy=0.693  cpu=40.2%  gpu=0.0%  net=4.63MB  latency=31.7s
2026-05-12 16:29:40,002 - INFO - >>> Starting FL round 8/60 — dispatching to 20 clients...
2026-05-12 16:30:18,119 - INFO - [ROUND  8/60 | FIT ] clients=20/20  success=0.848  reward=+1.214  loss=-0.0120  entropy=0.693  cpu=28.9%  gpu=0.0%  net=3.25MB  latency=38.1s
2026-05-12 16:30:18,133 - INFO - [ROUND  8/60 | EVAL] clients=20/20  success=0.848  reward=+0.000  loss=0.0000  entropy=0.693  cpu=50.8%  gpu=0.0%  net=3.71MB  latency=38.1s
2026-05-12 16:30:18,134 - INFO - >>> Starting FL round 9/60 — dispatching to 20 clients...
2026-05-12 16:31:10,308 - INFO - [ROUND  9/60 | FIT ] clients=20/20  success=0.907  reward=+1.333  loss=-0.0120  entropy=0.693  cpu=60.0%  gpu=0.0%  net=5.31MB  latency=52.2s
2026-05-12 16:31:10,324 - INFO - [ROUND  9/60 | EVAL] clients=20/20  success=0.907  reward=+0.000  loss=0.0000  entropy=0.693  cpu=66.9%  gpu=0.0%  net=5.76MB  latency=52.2s
2026-05-12 16:31:10,324 - INFO - >>> Starting FL round 10/60 — dispatching to 20 clients...
2026-05-12 16:32:07,990 - INFO - [ROUND 10/60 | FIT ] clients=20/20  success=0.910  reward=+1.337  loss=-0.0146  entropy=0.692  cpu=35.0%  gpu=0.0%  net=4.28MB  latency=57.7s
2026-05-12 16:32:08,014 - INFO - [ROUND 10/60 | EVAL] clients=20/20  success=0.910  reward=+0.000  loss=0.0000  entropy=0.693  cpu=77.8%  gpu=0.0%  net=4.74MB  latency=57.7s
2026-05-12 16:32:08,014 - INFO - >>> Starting FL round 11/60 — dispatching to 20 clients...
2026-05-12 16:33:01,363 - INFO - [ROUND 11/60 | FIT ] clients=20/20  success=0.892  reward=+1.306  loss=-0.0146  entropy=0.692  cpu=44.0%  gpu=0.0%  net=31.44MB  latency=53.3s
2026-05-12 16:33:01,380 - INFO - [ROUND 11/60 | EVAL] clients=20/20  success=0.892  reward=+0.000  loss=0.0000  entropy=0.692  cpu=72.0%  gpu=0.0%  net=31.89MB  latency=53.4s
2026-05-12 16:33:01,380 - INFO - >>> Starting FL round 12/60 — dispatching to 20 clients...
2026-05-12 16:34:03,193 - INFO - [ROUND 12/60 | FIT ] clients=20/20  success=0.920  reward=+1.356  loss=-0.0168  entropy=0.692  cpu=35.0%  gpu=0.0%  net=33.71MB  latency=61.8s
2026-05-12 16:34:03,207 - INFO - [ROUND 12/60 | EVAL] clients=20/20  success=0.920  reward=+0.000  loss=0.0000  entropy=0.692  cpu=39.2%  gpu=0.0%  net=34.16MB  latency=61.8s
2026-05-12 16:34:03,207 - INFO - >>> Starting FL round 13/60 — dispatching to 20 clients...
2026-05-12 16:35:02,276 - INFO - [ROUND 13/60 | FIT ] clients=20/20  success=0.912  reward=+1.343  loss=-0.0191  entropy=0.691  cpu=57.5%  gpu=0.0%  net=22.99MB  latency=59.1s
2026-05-12 16:35:02,289 - INFO - [ROUND 13/60 | EVAL] clients=20/20  success=0.912  reward=+0.000  loss=0.0000  entropy=0.691  cpu=51.1%  gpu=0.0%  net=23.44MB  latency=59.1s
2026-05-12 16:35:02,290 - INFO - >>> Starting FL round 14/60 — dispatching to 20 clients...
2026-05-12 16:35:58,973 - INFO - [ROUND 14/60 | FIT ] clients=20/20  success=0.932  reward=+1.379  loss=-0.0191  entropy=0.691  cpu=30.0%  gpu=0.0%  net=34.07MB  latency=56.7s
2026-05-12 16:35:58,988 - INFO - [ROUND 14/60 | EVAL] clients=20/20  success=0.932  reward=+0.000  loss=0.0000  entropy=0.691  cpu=28.6%  gpu=0.0%  net=34.53MB  latency=56.7s
2026-05-12 16:35:58,988 - INFO - >>> Starting FL round 15/60 — dispatching to 20 clients...
2026-05-12 16:36:57,357 - INFO - [ROUND 15/60 | FIT ] clients=20/20  success=0.922  reward=+1.361  loss=-0.0213  entropy=0.691  cpu=29.5%  gpu=0.0%  net=23.00MB  latency=58.4s
2026-05-12 16:36:57,370 - INFO - [ROUND 15/60 | EVAL] clients=20/20  success=0.922  reward=+0.000  loss=0.0000  entropy=0.691  cpu=44.3%  gpu=0.0%  net=23.46MB  latency=58.4s
2026-05-12 16:36:57,371 - INFO - >>> Starting FL round 16/60 — dispatching to 20 clients...
2026-05-12 16:37:58,619 - INFO - [ROUND 16/60 | FIT ] clients=20/20  success=0.920  reward=+1.356  loss=-0.0232  entropy=0.690  cpu=49.5%  gpu=0.0%  net=37.40MB  latency=61.2s
2026-05-12 16:37:58,632 - INFO - [ROUND 16/60 | EVAL] clients=20/20  success=0.920  reward=+0.000  loss=0.0000  entropy=0.690  cpu=52.3%  gpu=0.0%  net=37.85MB  latency=61.3s
2026-05-12 16:37:58,633 - INFO - >>> Starting FL round 17/60 — dispatching to 20 clients...
2026-05-12 16:38:54,654 - INFO - [ROUND 17/60 | FIT ] clients=20/20  success=0.917  reward=+1.351  loss=-0.0232  entropy=0.690  cpu=40.0%  gpu=0.0%  net=30.03MB  latency=56.0s
2026-05-12 16:38:54,668 - INFO - [ROUND 17/60 | EVAL] clients=20/20  success=0.917  reward=+0.000  loss=0.0000  entropy=0.690  cpu=43.3%  gpu=0.0%  net=30.48MB  latency=56.0s
2026-05-12 16:38:54,668 - INFO - >>> Starting FL round 18/60 — dispatching to 20 clients...
2026-05-12 16:39:53,181 - INFO - [ROUND 18/60 | FIT ] clients=20/20  success=0.885  reward=+1.293  loss=-0.0247  entropy=0.689  cpu=35.0%  gpu=0.0%  net=26.90MB  latency=58.5s
2026-05-12 16:39:53,195 - INFO - [ROUND 18/60 | EVAL] clients=20/20  success=0.885  reward=+0.000  loss=0.0000  entropy=0.689  cpu=65.9%  gpu=0.0%  net=27.36MB  latency=58.5s
2026-05-12 16:39:53,195 - INFO - >>> Starting FL round 19/60 — dispatching to 20 clients...
2026-05-12 16:40:46,533 - INFO - [ROUND 19/60 | FIT ] clients=20/20  success=0.907  reward=+1.333  loss=-0.0247  entropy=0.689  cpu=35.0%  gpu=0.0%  net=24.15MB  latency=53.3s
2026-05-12 16:40:46,547 - INFO - [ROUND 19/60 | EVAL] clients=20/20  success=0.907  reward=+0.000  loss=0.0000  entropy=0.689  cpu=59.2%  gpu=0.0%  net=24.60MB  latency=53.4s
2026-05-12 16:40:46,547 - INFO - >>> Starting FL round 20/60 — dispatching to 20 clients...
2026-05-12 16:41:43,600 - INFO - [ROUND 20/60 | FIT ] clients=20/20  success=0.902  reward=+1.325  loss=-0.0262  entropy=0.688  cpu=29.2%  gpu=0.0%  net=26.19MB  latency=57.1s
2026-05-12 16:41:43,613 - INFO - [ROUND 20/60 | EVAL] clients=20/20  success=0.902  reward=+0.000  loss=0.0000  entropy=0.688  cpu=54.2%  gpu=0.0%  net=26.64MB  latency=57.1s
2026-05-12 16:41:43,614 - INFO - >>> Starting FL round 21/60 — dispatching to 20 clients...
2026-05-12 16:42:40,652 - INFO - [ROUND 21/60 | FIT ] clients=20/20  success=0.917  reward=+1.352  loss=-0.0284  entropy=0.686  cpu=30.0%  gpu=0.0%  net=34.19MB  latency=57.0s
2026-05-12 16:42:40,667 - INFO - [ROUND 21/60 | EVAL] clients=20/20  success=0.917  reward=+0.000  loss=0.0000  entropy=0.687  cpu=60.3%  gpu=0.0%  net=34.65MB  latency=57.1s
2026-05-12 16:42:40,667 - INFO - >>> Starting FL round 22/60 — dispatching to 20 clients...
2026-05-12 16:43:33,641 - INFO - [ROUND 22/60 | FIT ] clients=20/20  success=0.905  reward=+1.329  loss=-0.0284  entropy=0.687  cpu=39.2%  gpu=0.0%  net=26.64MB  latency=53.0s
2026-05-12 16:43:33,655 - INFO - [ROUND 22/60 | EVAL] clients=20/20  success=0.905  reward=+0.000  loss=0.0000  entropy=0.686  cpu=45.5%  gpu=0.0%  net=27.09MB  latency=53.0s
2026-05-12 16:43:33,655 - INFO - >>> Starting FL round 23/60 — dispatching to 20 clients...
2026-05-12 16:44:27,759 - INFO - [ROUND 23/60 | FIT ] clients=20/20  success=0.925  reward=+1.365  loss=-0.0304  entropy=0.685  cpu=45.6%  gpu=0.0%  net=19.00MB  latency=54.1s
2026-05-12 16:44:27,772 - INFO - [ROUND 23/60 | EVAL] clients=20/20  success=0.925  reward=+0.000  loss=0.0000  entropy=0.685  cpu=51.6%  gpu=0.0%  net=19.45MB  latency=54.1s
2026-05-12 16:44:27,772 - INFO - >>> Starting FL round 24/60 — dispatching to 20 clients...
2026-05-12 16:45:25,782 - INFO - [ROUND 24/60 | FIT ] clients=20/20  success=0.907  reward=+1.334  loss=-0.0318  entropy=0.684  cpu=30.0%  gpu=0.0%  net=31.64MB  latency=58.0s
2026-05-12 16:45:25,796 - INFO - [ROUND 24/60 | EVAL] clients=20/20  success=0.907  reward=+0.000  loss=0.0000  entropy=0.683  cpu=51.3%  gpu=0.0%  net=32.10MB  latency=58.0s
2026-05-12 16:45:25,796 - INFO - >>> Starting FL round 25/60 — dispatching to 20 clients...
2026-05-12 16:46:18,297 - INFO - [ROUND 25/60 | FIT ] clients=20/20  success=0.912  reward=+1.343  loss=-0.0318  entropy=0.683  cpu=58.9%  gpu=0.0%  net=26.09MB  latency=52.5s
2026-05-12 16:46:18,311 - INFO - [ROUND 25/60 | EVAL] clients=20/20  success=0.912  reward=+0.000  loss=0.0000  entropy=0.683  cpu=54.4%  gpu=0.0%  net=26.55MB  latency=52.5s
2026-05-12 16:46:18,312 - INFO - >>> Starting FL round 26/60 — dispatching to 20 clients...
2026-05-12 16:47:11,217 - INFO - [ROUND 26/60 | FIT ] clients=20/20  success=0.927  reward=+1.369  loss=-0.0334  entropy=0.682  cpu=20.0%  gpu=0.0%  net=23.85MB  latency=52.9s
2026-05-12 16:47:11,231 - INFO - [ROUND 26/60 | EVAL] clients=20/20  success=0.927  reward=+0.000  loss=0.0000  entropy=0.682  cpu=62.9%  gpu=0.0%  net=24.30MB  latency=52.9s
2026-05-12 16:47:11,231 - INFO - >>> Starting FL round 27/60 — dispatching to 20 clients...
2026-05-12 16:48:05,309 - INFO - [ROUND 27/60 | FIT ] clients=20/20  success=0.930  reward=+1.374  loss=-0.0334  entropy=0.682  cpu=45.0%  gpu=0.0%  net=26.96MB  latency=54.1s
2026-05-12 16:48:05,332 - INFO - [ROUND 27/60 | EVAL] clients=20/20  success=0.930  reward=+0.000  loss=0.0000  entropy=0.681  cpu=50.6%  gpu=0.0%  net=27.42MB  latency=54.1s
2026-05-12 16:48:05,332 - INFO - >>> Starting FL round 28/60 — dispatching to 20 clients...
2026-05-12 16:49:00,004 - INFO - [ROUND 28/60 | FIT ] clients=20/20  success=0.930  reward=+1.374  loss=-0.0347  entropy=0.679  cpu=37.5%  gpu=0.0%  net=28.60MB  latency=54.7s
2026-05-12 16:49:00,018 - INFO - [ROUND 28/60 | EVAL] clients=20/20  success=0.930  reward=+0.000  loss=0.0000  entropy=0.680  cpu=52.0%  gpu=0.0%  net=29.05MB  latency=54.7s
2026-05-12 16:49:00,018 - INFO - >>> Starting FL round 29/60 — dispatching to 20 clients...
2026-05-12 16:49:52,093 - INFO - [ROUND 29/60 | FIT ] clients=20/20  success=0.917  reward=+1.351  loss=-0.0355  entropy=0.676  cpu=65.0%  gpu=0.0%  net=25.78MB  latency=52.1s
2026-05-12 16:49:52,106 - INFO - [ROUND 29/60 | EVAL] clients=20/20  success=0.917  reward=+0.000  loss=0.0000  entropy=0.677  cpu=56.5%  gpu=0.0%  net=26.23MB  latency=52.1s
2026-05-12 16:49:52,106 - INFO - >>> Starting FL round 30/60 — dispatching to 20 clients...
2026-05-12 16:50:46,216 - INFO - [ROUND 30/60 | FIT ] clients=20/20  success=0.915  reward=+1.347  loss=-0.0355  entropy=0.677  cpu=32.5%  gpu=0.0%  net=22.65MB  latency=54.1s
2026-05-12 16:50:46,229 - INFO - [ROUND 30/60 | EVAL] clients=20/20  success=0.915  reward=+0.000  loss=0.0000  entropy=0.677  cpu=67.2%  gpu=0.0%  net=23.10MB  latency=54.1s
2026-05-12 16:50:46,230 - INFO - >>> Starting FL round 31/60 — dispatching to 20 clients...
2026-05-12 16:51:41,137 - INFO - [ROUND 31/60 | FIT ] clients=20/20  success=0.925  reward=+1.365  loss=-0.0375  entropy=0.675  cpu=46.1%  gpu=0.0%  net=29.36MB  latency=54.9s
2026-05-12 16:51:41,152 - INFO - [ROUND 31/60 | EVAL] clients=20/20  success=0.925  reward=+0.000  loss=0.0000  entropy=0.675  cpu=59.7%  gpu=0.0%  net=29.82MB  latency=54.9s
2026-05-12 16:51:41,152 - INFO - >>> Starting FL round 32/60 — dispatching to 20 clients...
2026-05-12 16:52:35,477 - INFO - [ROUND 32/60 | FIT ] clients=20/20  success=0.897  reward=+1.315  loss=-0.0394  entropy=0.672  cpu=49.2%  gpu=0.0%  net=29.16MB  latency=54.3s
2026-05-12 16:52:35,491 - INFO - [ROUND 32/60 | EVAL] clients=20/20  success=0.897  reward=+0.000  loss=0.0000  entropy=0.672  cpu=46.9%  gpu=0.0%  net=29.61MB  latency=54.3s
2026-05-12 16:52:35,491 - INFO - >>> Starting FL round 33/60 — dispatching to 20 clients...
2026-05-12 16:53:24,391 - INFO - [ROUND 33/60 | FIT ] clients=20/20  success=0.948  reward=+1.405  loss=-0.0394  entropy=0.672  cpu=20.0%  gpu=0.0%  net=18.40MB  latency=48.9s
2026-05-12 16:53:24,405 - INFO - [ROUND 33/60 | EVAL] clients=20/20  success=0.948  reward=+0.000  loss=0.0000  entropy=0.672  cpu=61.1%  gpu=0.0%  net=18.86MB  latency=48.9s
2026-05-12 16:53:24,405 - INFO - >>> Starting FL round 34/60 — dispatching to 20 clients...
2026-05-12 16:54:22,736 - INFO - [ROUND 34/60 | FIT ] clients=20/20  success=0.930  reward=+1.374  loss=-0.0413  entropy=0.668  cpu=29.6%  gpu=0.0%  net=34.52MB  latency=58.3s
2026-05-12 16:54:22,750 - INFO - [ROUND 34/60 | EVAL] clients=20/20  success=0.930  reward=+0.000  loss=0.0000  entropy=0.670  cpu=32.8%  gpu=0.0%  net=34.97MB  latency=58.3s
2026-05-12 16:54:22,750 - INFO - >>> Starting FL round 35/60 — dispatching to 20 clients...
2026-05-12 16:55:08,932 - INFO - [ROUND 35/60 | FIT ] clients=20/20  success=0.950  reward=+1.410  loss=-0.0413  entropy=0.669  cpu=25.0%  gpu=0.0%  net=18.41MB  latency=46.2s
2026-05-12 16:55:08,947 - INFO - [ROUND 35/60 | EVAL] clients=20/20  success=0.950  reward=+0.000  loss=0.0000  entropy=0.670  cpu=54.0%  gpu=0.0%  net=18.86MB  latency=46.2s
2026-05-12 16:55:08,947 - INFO - >>> Starting FL round 36/60 — dispatching to 20 clients...
2026-05-12 16:56:05,829 - INFO - [ROUND 36/60 | FIT ] clients=20/20  success=0.930  reward=+1.374  loss=-0.0416  entropy=0.667  cpu=29.7%  gpu=0.0%  net=30.45MB  latency=56.9s
2026-05-12 16:56:05,844 - INFO - [ROUND 36/60 | EVAL] clients=20/20  success=0.930  reward=+0.000  loss=0.0000  entropy=0.666  cpu=46.7%  gpu=0.0%  net=30.91MB  latency=56.9s
2026-05-12 16:56:05,844 - INFO - >>> Starting FL round 37/60 — dispatching to 20 clients...
2026-05-12 16:57:07,605 - INFO - [ROUND 37/60 | FIT ] clients=20/20  success=0.900  reward=+1.320  loss=-0.0431  entropy=0.663  cpu=50.0%  gpu=0.0%  net=34.07MB  latency=61.8s
2026-05-12 16:57:07,619 - INFO - [ROUND 37/60 | EVAL] clients=20/20  success=0.900  reward=+0.000  loss=0.0000  entropy=0.664  cpu=38.7%  gpu=0.0%  net=34.52MB  latency=61.8s
2026-05-12 16:57:07,620 - INFO - >>> Starting FL round 38/60 — dispatching to 20 clients...
2026-05-12 16:58:00,515 - INFO - [ROUND 38/60 | FIT ] clients=20/20  success=0.917  reward=+1.352  loss=-0.0431  entropy=0.663  cpu=49.0%  gpu=0.0%  net=26.00MB  latency=52.9s
2026-05-12 16:58:00,529 - INFO - [ROUND 38/60 | EVAL] clients=20/20  success=0.917  reward=+0.000  loss=0.0000  entropy=0.662  cpu=56.5%  gpu=0.0%  net=26.45MB  latency=52.9s
2026-05-12 16:58:00,529 - INFO - >>> Starting FL round 39/60 — dispatching to 20 clients...
2026-05-12 16:59:01,514 - INFO - [ROUND 39/60 | FIT ] clients=20/20  success=0.922  reward=+1.361  loss=-0.0449  entropy=0.658  cpu=35.0%  gpu=0.0%  net=34.15MB  latency=61.0s
2026-05-12 16:59:01,527 - INFO - [ROUND 39/60 | EVAL] clients=20/20  success=0.922  reward=+0.000  loss=0.0000  entropy=0.660  cpu=43.4%  gpu=0.0%  net=34.61MB  latency=61.0s
2026-05-12 16:59:01,527 - INFO - >>> Starting FL round 40/60 — dispatching to 20 clients...
2026-05-12 16:59:58,861 - INFO - [ROUND 40/60 | FIT ] clients=20/20  success=0.907  reward=+1.333  loss=-0.0475  entropy=0.656  cpu=41.7%  gpu=0.0%  net=25.63MB  latency=57.3s
2026-05-12 16:59:58,874 - INFO - [ROUND 40/60 | EVAL] clients=20/20  success=0.907  reward=+0.000  loss=0.0000  entropy=0.657  cpu=63.8%  gpu=0.0%  net=26.08MB  latency=57.3s
2026-05-12 16:59:58,874 - INFO - >>> Starting FL round 41/60 — dispatching to 20 clients...
2026-05-12 17:00:48,094 - INFO - [ROUND 41/60 | FIT ] clients=20/20  success=0.940  reward=+1.392  loss=-0.0475  entropy=0.655  cpu=43.4%  gpu=0.0%  net=28.04MB  latency=49.2s
2026-05-12 17:00:48,120 - INFO - [ROUND 41/60 | EVAL] clients=20/20  success=0.940  reward=+0.000  loss=0.0000  entropy=0.654  cpu=54.4%  gpu=0.0%  net=28.49MB  latency=49.2s
2026-05-12 17:00:48,120 - INFO - >>> Starting FL round 42/60 — dispatching to 20 clients...
2026-05-12 17:01:39,302 - INFO - [ROUND 42/60 | FIT ] clients=20/20  success=0.930  reward=+1.374  loss=-0.0490  entropy=0.652  cpu=45.0%  gpu=0.0%  net=23.99MB  latency=51.2s
2026-05-12 17:01:39,316 - INFO - [ROUND 42/60 | EVAL] clients=20/20  success=0.930  reward=+0.000  loss=0.0000  entropy=0.651  cpu=70.1%  gpu=0.0%  net=24.45MB  latency=51.2s
2026-05-12 17:01:39,317 - INFO - >>> Starting FL round 43/60 — dispatching to 20 clients...
2026-05-12 17:02:30,395 - INFO - [ROUND 43/60 | FIT ] clients=20/20  success=0.938  reward=+1.387  loss=-0.0490  entropy=0.652  cpu=20.0%  gpu=0.0%  net=24.18MB  latency=51.1s
2026-05-12 17:02:30,419 - INFO - [ROUND 43/60 | EVAL] clients=20/20  success=0.938  reward=+0.000  loss=0.0000  entropy=0.650  cpu=78.0%  gpu=0.0%  net=24.63MB  latency=51.1s
2026-05-12 17:02:30,419 - INFO - >>> Starting FL round 44/60 — dispatching to 20 clients...
2026-05-12 17:03:29,873 - INFO - [ROUND 44/60 | FIT ] clients=20/20  success=0.902  reward=+1.325  loss=-0.0507  entropy=0.645  cpu=25.0%  gpu=0.0%  net=30.82MB  latency=59.5s
2026-05-12 17:03:29,892 - INFO - [ROUND 44/60 | EVAL] clients=20/20  success=0.902  reward=+0.000  loss=0.0000  entropy=0.647  cpu=54.8%  gpu=0.0%  net=31.27MB  latency=59.5s
2026-05-12 17:03:29,892 - INFO - >>> Starting FL round 45/60 — dispatching to 20 clients...
2026-05-12 17:04:25,276 - INFO - [ROUND 45/60 | FIT ] clients=20/20  success=0.927  reward=+1.369  loss=-0.0515  entropy=0.642  cpu=39.2%  gpu=0.0%  net=18.62MB  latency=55.4s
2026-05-12 17:04:25,290 - INFO - [ROUND 45/60 | EVAL] clients=20/20  success=0.927  reward=+0.000  loss=0.0000  entropy=0.642  cpu=51.0%  gpu=0.0%  net=19.08MB  latency=55.4s
2026-05-12 17:04:25,290 - INFO - >>> Starting FL round 46/60 — dispatching to 20 clients...
2026-05-12 17:05:19,718 - INFO - [ROUND 46/60 | FIT ] clients=20/20  success=0.922  reward=+1.361  loss=-0.0515  entropy=0.642  cpu=29.8%  gpu=0.0%  net=27.32MB  latency=54.4s
2026-05-12 17:05:19,732 - INFO - [ROUND 46/60 | EVAL] clients=20/20  success=0.922  reward=+0.000  loss=0.0000  entropy=0.641  cpu=59.6%  gpu=0.0%  net=27.77MB  latency=54.4s
2026-05-12 17:05:19,733 - INFO - >>> Starting FL round 47/60 — dispatching to 20 clients...
2026-05-12 17:06:16,588 - INFO - [ROUND 47/60 | FIT ] clients=20/20  success=0.925  reward=+1.365  loss=-0.0553  entropy=0.635  cpu=52.5%  gpu=0.0%  net=31.79MB  latency=56.9s
2026-05-12 17:06:16,604 - INFO - [ROUND 47/60 | EVAL] clients=20/20  success=0.925  reward=+0.000  loss=0.0000  entropy=0.635  cpu=41.4%  gpu=0.0%  net=32.25MB  latency=56.9s
2026-05-12 17:06:16,604 - INFO - >>> Starting FL round 48/60 — dispatching to 20 clients...
2026-05-12 17:07:22,596 - INFO - [ROUND 48/60 | FIT ] clients=20/20  success=0.920  reward=+1.356  loss=-0.0570  entropy=0.632  cpu=53.7%  gpu=0.0%  net=30.58MB  latency=66.0s
2026-05-12 17:07:22,610 - INFO - [ROUND 48/60 | EVAL] clients=20/20  success=0.920  reward=+0.000  loss=0.0000  entropy=0.634  cpu=29.5%  gpu=0.0%  net=31.03MB  latency=66.0s
2026-05-12 17:07:22,610 - INFO - >>> Starting FL round 49/60 — dispatching to 20 clients...
2026-05-12 17:08:33,945 - INFO - [ROUND 49/60 | FIT ] clients=20/20  success=0.932  reward=+1.378  loss=-0.0570  entropy=0.632  cpu=49.8%  gpu=0.0%  net=29.43MB  latency=71.3s
2026-05-12 17:08:33,961 - INFO - [ROUND 49/60 | EVAL] clients=20/20  success=0.932  reward=+0.000  loss=0.0000  entropy=0.632  cpu=15.1%  gpu=0.0%  net=29.88MB  latency=71.4s
2026-05-12 17:08:33,961 - INFO - >>> Starting FL round 50/60 — dispatching to 20 clients...
2026-05-12 17:09:45,169 - INFO - [ROUND 50/60 | FIT ] clients=20/20  success=0.922  reward=+1.361  loss=-0.0573  entropy=0.625  cpu=24.8%  gpu=0.0%  net=27.93MB  latency=71.2s
2026-05-12 17:09:45,190 - INFO - [ROUND 50/60 | EVAL] clients=20/20  success=0.922  reward=+0.000  loss=0.0000  entropy=0.627  cpu=23.0%  gpu=0.0%  net=28.39MB  latency=71.2s
2026-05-12 17:09:45,190 - INFO - >>> Starting FL round 51/60 — dispatching to 20 clients...
2026-05-12 17:10:37,236 - INFO - [ROUND 51/60 | FIT ] clients=20/20  success=0.905  reward=+1.329  loss=-0.0573  entropy=0.628  cpu=40.0%  gpu=0.0%  net=23.28MB  latency=52.0s
2026-05-12 17:10:37,250 - INFO - [ROUND 51/60 | EVAL] clients=20/20  success=0.905  reward=+0.000  loss=0.0000  entropy=0.626  cpu=62.4%  gpu=0.0%  net=23.73MB  latency=52.1s
2026-05-12 17:10:37,251 - INFO - >>> Starting FL round 52/60 — dispatching to 20 clients...
2026-05-12 17:11:33,349 - INFO - [ROUND 52/60 | FIT ] clients=20/20  success=0.920  reward=+1.356  loss=-0.0625  entropy=0.621  cpu=57.5%  gpu=0.0%  net=31.62MB  latency=56.1s
2026-05-12 17:11:33,363 - INFO - [ROUND 52/60 | EVAL] clients=20/20  success=0.920  reward=+0.000  loss=0.0000  entropy=0.621  cpu=65.4%  gpu=0.0%  net=32.07MB  latency=56.1s
2026-05-12 17:11:33,363 - INFO - >>> Starting FL round 53/60 — dispatching to 20 clients...
2026-05-12 17:12:30,550 - INFO - [ROUND 53/60 | FIT ] clients=20/20  success=0.927  reward=+1.369  loss=-0.0677  entropy=0.611  cpu=30.0%  gpu=0.0%  net=30.26MB  latency=57.2s
2026-05-12 17:12:30,563 - INFO - [ROUND 53/60 | EVAL] clients=20/20  success=0.927  reward=+0.000  loss=0.0000  entropy=0.613  cpu=45.2%  gpu=0.0%  net=30.72MB  latency=57.2s
2026-05-12 17:12:30,563 - INFO - >>> Starting FL round 54/60 — dispatching to 20 clients...
2026-05-12 17:13:31,484 - INFO - [ROUND 54/60 | FIT ] clients=20/20  success=0.907  reward=+1.333  loss=-0.0677  entropy=0.615  cpu=45.0%  gpu=0.0%  net=34.30MB  latency=60.9s
2026-05-12 17:13:31,497 - INFO - [ROUND 54/60 | EVAL] clients=20/20  success=0.907  reward=+0.000  loss=0.0000  entropy=0.614  cpu=35.0%  gpu=0.0%  net=34.75MB  latency=60.9s
2026-05-12 17:13:31,497 - INFO - >>> Starting FL round 55/60 — dispatching to 20 clients...
2026-05-12 17:14:27,540 - INFO - [ROUND 55/60 | FIT ] clients=20/20  success=0.915  reward=+1.347  loss=-0.0652  entropy=0.610  cpu=44.9%  gpu=0.0%  net=29.47MB  latency=56.0s
2026-05-12 17:14:27,554 - INFO - [ROUND 55/60 | EVAL] clients=20/20  success=0.915  reward=+0.000  loss=0.0000  entropy=0.607  cpu=52.2%  gpu=0.0%  net=29.92MB  latency=56.1s
2026-05-12 17:14:27,554 - INFO - >>> Starting FL round 56/60 — dispatching to 20 clients...
2026-05-12 17:15:23,080 - INFO - [ROUND 56/60 | FIT ] clients=20/20  success=0.912  reward=+1.342  loss=-0.0682  entropy=0.603  cpu=67.3%  gpu=0.0%  net=27.00MB  latency=55.5s
2026-05-12 17:15:23,094 - INFO - [ROUND 56/60 | EVAL] clients=20/20  success=0.912  reward=+0.000  loss=0.0000  entropy=0.604  cpu=66.0%  gpu=0.0%  net=27.46MB  latency=55.5s
2026-05-12 17:15:23,094 - INFO - >>> Starting FL round 57/60 — dispatching to 20 clients...
2026-05-12 17:16:15,925 - INFO - [ROUND 57/60 | FIT ] clients=20/20  success=0.912  reward=+1.342  loss=-0.0682  entropy=0.604  cpu=45.0%  gpu=0.0%  net=23.85MB  latency=52.8s
2026-05-12 17:16:15,939 - INFO - [ROUND 57/60 | EVAL] clients=20/20  success=0.912  reward=+0.000  loss=0.0000  entropy=0.603  cpu=65.1%  gpu=0.0%  net=24.30MB  latency=52.8s
2026-05-12 17:16:15,939 - INFO - >>> Starting FL round 58/60 — dispatching to 20 clients...
2026-05-12 17:17:11,385 - INFO - [ROUND 58/60 | FIT ] clients=20/20  success=0.920  reward=+1.356  loss=-0.0696  entropy=0.594  cpu=60.0%  gpu=0.0%  net=21.99MB  latency=55.4s
2026-05-12 17:17:11,406 - INFO - [ROUND 58/60 | EVAL] clients=20/20  success=0.920  reward=+0.000  loss=0.0000  entropy=0.595  cpu=61.1%  gpu=0.0%  net=22.45MB  latency=55.5s
2026-05-12 17:17:11,406 - INFO - >>> Starting FL round 59/60 — dispatching to 20 clients...
2026-05-12 17:17:59,249 - INFO - [ROUND 59/60 | FIT ] clients=20/20  success=0.945  reward=+1.401  loss=-0.0696  entropy=0.595  cpu=36.2%  gpu=0.0%  net=4.19MB  latency=47.8s
2026-05-12 17:17:59,263 - INFO - [ROUND 59/60 | EVAL] clients=20/20  success=0.945  reward=+0.000  loss=0.0000  entropy=0.595  cpu=48.7%  gpu=0.0%  net=4.65MB  latency=47.9s
2026-05-12 17:17:59,263 - INFO - >>> Starting FL round 60/60 — dispatching to 20 clients...
2026-05-12 17:18:53,555 - INFO - [ROUND 60/60 | FIT ] clients=20/20  success=0.915  reward=+1.347  loss=-0.0734  entropy=0.593  cpu=46.7%  gpu=0.0%  net=4.20MB  latency=54.3s
2026-05-12 17:18:53,569 - INFO - [ROUND 60/60 | EVAL] clients=20/20  success=0.915  reward=+0.000  loss=0.0000  entropy=0.590  cpu=64.4%  gpu=0.0%  net=4.65MB  latency=54.3s
2026-05-12 17:18:53,930 - INFO - CSVs saved to /app/dht_frl/results/
2026-05-12 17:18:55,294 - INFO - Graphs saved to /app/dht_frl/results/
2026-05-12 17:18:55,297 - INFO - FedAvg complete. Results saved.
2026-05-12 17:18:55,297 - INFO - Server shutdown complete
