229488:C 12 May 2026 16:26:04.694 # WARNING Memory overcommit must be enabled! Without it, a background save or replication may fail under low memory condition. Being disabled, it can also cause failures without low memory condition, see https://github.com/jemalloc/jemalloc/issues/1328. To fix this issue add 'vm.overcommit_memory = 1' to /etc/sysctl.conf and then reboot or run the command 'sysctl vm.overcommit_memory=1' for this to take effect.
229488:C 12 May 2026 16:26:04.694 * oO0OoO0OoO0Oo Redis is starting oO0OoO0OoO0Oo
229488:C 12 May 2026 16:26:04.694 * Redis version=8.6.2, bits=64, commit=f312bec6, modified=0, pid=229488, just started
229488:C 12 May 2026 16:26:04.694 * Configuration loaded
229488:M 12 May 2026 16:26:04.694 * monotonic clock: POSIX clock_gettime
229488:M 12 May 2026 16:26:04.694 * Running mode=standalone, port=6379.
229488:M 12 May 2026 16:26:04.695 * Server initialized
229488:M 12 May 2026 16:26:04.696 * Loading RDB produced by version 8.6.2
229488:M 12 May 2026 16:26:04.696 * RDB age 274 seconds
229488:M 12 May 2026 16:26:04.696 * RDB memory usage when created 0.84 Mb
229488:M 12 May 2026 16:26:04.696 * Done loading RDB, keys loaded: 0, keys expired: 0.
229488:M 12 May 2026 16:26:04.697 * DB loaded from disk: 0.002 seconds
229488:M 12 May 2026 16:26:04.697 * Ready to accept connections tcp
229488:M 12 May 2026 16:26:04.697 # WARNING: Redis does not require authentication and is not protected by network restrictions. Redis will accept connections from any IP address on any network interface.
229488:M 12 May 2026 16:26:07.988 * BGSAVE done, 0 keys saved, 0 keys skipped, 88 bytes written.
229488:M 12 May 2026 16:26:07.991 * DB saved on disk
229488:M 12 May 2026 16:31:08.061 * 100 changes in 300 seconds. Saving...
229488:M 12 May 2026 16:31:08.061 * Background saving started by pid 230145
230145:C 12 May 2026 16:31:08.069 * BGSAVE done, 21 keys saved, 0 keys skipped, 203292 bytes written.
230145:C 12 May 2026 16:31:08.075 * DB saved on disk
230145:C 12 May 2026 16:31:08.076 * Fork CoW for RDB: current 0 MB, peak 0 MB, average 0 MB
229488:M 12 May 2026 16:31:08.163 * Background saving terminated with success
229488:M 12 May 2026 16:36:09.036 * 100 changes in 300 seconds. Saving...
229488:M 12 May 2026 16:36:09.037 * Background saving started by pid 230503
230503:C 12 May 2026 16:36:09.043 * BGSAVE done, 29 keys saved, 0 keys skipped, 348384 bytes written.
230503:C 12 May 2026 16:36:09.051 * DB saved on disk
230503:C 12 May 2026 16:36:09.051 * Fork CoW for RDB: current 0 MB, peak 0 MB, average 0 MB
229488:M 12 May 2026 16:36:09.137 * Background saving terminated with success
229488:M 12 May 2026 16:41:10.047 * 100 changes in 300 seconds. Saving...
229488:M 12 May 2026 16:41:10.048 * Background saving started by pid 230815
230815:C 12 May 2026 16:41:10.056 * BGSAVE done, 42 keys saved, 0 keys skipped, 494638 bytes written.
230815:C 12 May 2026 16:41:10.065 * DB saved on disk
230815:C 12 May 2026 16:41:10.066 * Fork CoW for RDB: current 0 MB, peak 0 MB, average 0 MB
229488:M 12 May 2026 16:41:10.148 * Background saving terminated with success
229488:M 12 May 2026 16:46:11.023 * 100 changes in 300 seconds. Saving...
229488:M 12 May 2026 16:46:11.024 * Background saving started by pid 231132
231132:C 12 May 2026 16:46:11.034 * BGSAVE done, 41 keys saved, 0 keys skipped, 648379 bytes written.
231132:C 12 May 2026 16:46:11.044 * DB saved on disk
231132:C 12 May 2026 16:46:11.045 * Fork CoW for RDB: current 0 MB, peak 0 MB, average 0 MB
229488:M 12 May 2026 16:46:11.124 * Background saving terminated with success
229488:M 12 May 2026 16:51:12.016 * 100 changes in 300 seconds. Saving...
229488:M 12 May 2026 16:51:12.017 * Background saving started by pid 231490
231490:C 12 May 2026 16:51:12.028 * BGSAVE done, 42 keys saved, 0 keys skipped, 808290 bytes written.
231490:C 12 May 2026 16:51:12.040 * DB saved on disk
231490:C 12 May 2026 16:51:12.042 * Fork CoW for RDB: current 0 MB, peak 0 MB, average 0 MB
229488:M 12 May 2026 16:51:12.118 * Background saving terminated with success
229488:M 12 May 2026 16:56:13.092 * 100 changes in 300 seconds. Saving...
229488:M 12 May 2026 16:56:13.092 * Background saving started by pid 231842
231842:C 12 May 2026 16:56:13.105 * BGSAVE done, 42 keys saved, 0 keys skipped, 968486 bytes written.
231842:C 12 May 2026 16:56:13.119 * DB saved on disk
231842:C 12 May 2026 16:56:13.120 * Fork CoW for RDB: current 0 MB, peak 0 MB, average 0 MB
229488:M 12 May 2026 16:56:13.193 * Background saving terminated with success
229488:M 12 May 2026 17:01:14.091 * 100 changes in 300 seconds. Saving...
229488:M 12 May 2026 17:01:14.091 * Background saving started by pid 232169
232169:C 12 May 2026 17:01:14.106 * BGSAVE done, 41 keys saved, 0 keys skipped, 1122445 bytes written.
232169:C 12 May 2026 17:01:14.122 * DB saved on disk
232169:C 12 May 2026 17:01:14.122 * Fork CoW for RDB: current 0 MB, peak 0 MB, average 0 MB
229488:M 12 May 2026 17:01:14.192 * Background saving terminated with success
229488:M 12 May 2026 17:06:15.050 * 100 changes in 300 seconds. Saving...
229488:M 12 May 2026 17:06:15.050 * Background saving started by pid 232483
232483:C 12 May 2026 17:06:15.065 * BGSAVE done, 41 keys saved, 0 keys skipped, 1279797 bytes written.
232483:C 12 May 2026 17:06:15.082 * DB saved on disk
232483:C 12 May 2026 17:06:15.083 * Fork CoW for RDB: current 1 MB, peak 1 MB, average 0 MB
229488:M 12 May 2026 17:06:15.152 * Background saving terminated with success
229488:M 12 May 2026 17:11:16.000 * 100 changes in 300 seconds. Saving...
229488:M 12 May 2026 17:11:16.001 * Background saving started by pid 232812
232812:C 12 May 2026 17:11:16.017 * BGSAVE done, 41 keys saved, 0 keys skipped, 1414977 bytes written.
232812:C 12 May 2026 17:11:16.036 * DB saved on disk
232812:C 12 May 2026 17:11:16.037 * Fork CoW for RDB: current 0 MB, peak 0 MB, average 0 MB
229488:M 12 May 2026 17:11:16.102 * Background saving terminated with success
229488:M 12 May 2026 17:16:17.088 * 100 changes in 300 seconds. Saving...
229488:M 12 May 2026 17:16:17.088 * Background saving started by pid 233169
233169:C 12 May 2026 17:16:17.107 * BGSAVE done, 42 keys saved, 0 keys skipped, 1571788 bytes written.
233169:C 12 May 2026 17:16:17.127 * DB saved on disk
233169:C 12 May 2026 17:16:17.128 * Fork CoW for RDB: current 0 MB, peak 0 MB, average 0 MB
229488:M 12 May 2026 17:16:17.189 * Background saving terminated with success
229488:M 12 May 2026 17:21:18.090 * 100 changes in 300 seconds. Saving...
229488:M 12 May 2026 17:21:18.091 * Background saving started by pid 233364
233364:C 12 May 2026 17:21:18.110 * BGSAVE done, 12 keys saved, 0 keys skipped, 1655623 bytes written.
233364:C 12 May 2026 17:21:18.132 * DB saved on disk
233364:C 12 May 2026 17:21:18.132 * Fork CoW for RDB: current 0 MB, peak 0 MB, average 0 MB
229488:M 12 May 2026 17:21:18.191 * Background saving terminated with success
