2026-05-12 16:28:10,200 - [robot_016] Starting — server=n016.cluster.pssclabs.com:8470 type=gpu_specialist
INFO flwr 2026-05-12 16:28:12,317 | grpc.py:49 | Opened insecure gRPC connection (no certificates were passed)
2026-05-12 16:28:12,317 - Opened insecure gRPC connection (no certificates were passed)
DEBUG flwr 2026-05-12 16:28:12,330 | connection.py:42 | ChannelConnectivity.CONNECTING
2026-05-12 16:28:12,330 - ChannelConnectivity.CONNECTING
DEBUG flwr 2026-05-12 16:28:12,395 | connection.py:42 | ChannelConnectivity.READY
2026-05-12 16:28:12,395 - ChannelConnectivity.READY
2026-05-12 16:28:42,484 - [robot_016] Round 1: tasks=20 success=0.000 reward=-0.400 loss=0.0000 entropy=0.693 time=2.2s
2026-05-12 16:28:44,632 - [robot_016] Round 2: tasks=40 success=0.000 reward=-0.400 loss=0.0000 entropy=0.693 time=2.1s
2026-05-12 16:28:46,797 - [robot_016] Round 3: tasks=60 success=0.000 reward=-0.400 loss=0.0000 entropy=0.693 time=2.1s
2026-05-12 16:28:50,737 - [robot_016] Round 4: tasks=80 success=0.000 reward=-0.400 loss=-0.3728 entropy=0.693 time=3.9s
2026-05-12 16:28:54,486 - [robot_016] Round 5: tasks=100 success=0.000 reward=-0.400 loss=-0.3771 entropy=0.693 time=3.7s
2026-05-12 16:29:03,943 - [robot_016] Round 6: tasks=120 success=0.400 reward=+0.360 loss=-0.3771 entropy=0.693 time=8.5s
2026-05-12 16:29:39,968 - [robot_016] Round 7: tasks=140 success=0.750 reward=+1.030 loss=-0.0084 entropy=0.693 time=31.6s
2026-05-12 16:30:05,764 - [robot_016] Round 8: tasks=160 success=0.800 reward=+1.125 loss=-0.0116 entropy=0.693 time=25.8s
2026-05-12 16:31:09,698 - [robot_016] Round 9: tasks=180 success=0.850 reward=+1.230 loss=-0.0116 entropy=0.693 time=51.6s
2026-05-12 16:31:58,978 - [robot_016] Round 10: tasks=200 success=0.900 reward=+1.320 loss=-0.0143 entropy=0.693 time=48.6s
2026-05-12 16:32:50,329 - [robot_016] Round 11: tasks=220 success=0.900 reward=+1.320 loss=-0.0143 entropy=0.693 time=42.3s
2026-05-12 16:33:39,593 - [robot_016] Round 12: tasks=240 success=0.950 reward=+1.410 loss=-0.0158 entropy=0.692 time=38.2s
2026-05-12 16:34:55,791 - [robot_016] Round 13: tasks=260 success=0.900 reward=+1.320 loss=-0.0183 entropy=0.692 time=52.6s
2026-05-12 16:35:47,690 - [robot_016] Round 14: tasks=280 success=0.850 reward=+1.230 loss=-0.0183 entropy=0.691 time=45.4s
2026-05-12 16:36:57,337 - [robot_016] Round 15: tasks=300 success=0.850 reward=+1.230 loss=-0.0198 entropy=0.691 time=58.3s
2026-05-12 16:37:43,487 - [robot_016] Round 16: tasks=320 success=0.900 reward=+1.320 loss=-0.0201 entropy=0.690 time=46.1s
2026-05-12 16:38:44,870 - [robot_016] Round 17: tasks=340 success=0.900 reward=+1.320 loss=-0.0201 entropy=0.690 time=46.2s
2026-05-12 16:39:47,122 - [robot_016] Round 18: tasks=360 success=0.850 reward=+1.230 loss=-0.0238 entropy=0.689 time=52.4s
2026-05-12 16:40:05,159 - [robot_016] POLICY LOAD FAILED — /checkpoints/policy_weights.pt not visible in container (load_dir from redis = /checkpoints)
2026-05-12 16:40:36,901 - [robot_016] Round 19: tasks=380 success=0.950 reward=+1.410 loss=-0.0238 entropy=0.689 time=43.7s
2026-05-12 16:41:39,813 - [robot_016] Round 20: tasks=400 success=0.850 reward=+1.230 loss=-0.0234 entropy=0.687 time=53.3s
2026-05-12 16:42:34,881 - [robot_016] Round 21: tasks=420 success=0.900 reward=+1.320 loss=-0.0278 entropy=0.689 time=51.3s
2026-05-12 16:43:30,499 - [robot_016] Round 22: tasks=440 success=0.900 reward=+1.320 loss=-0.0278 entropy=0.687 time=49.8s
2026-05-12 16:44:24,812 - [robot_016] Round 23: tasks=460 success=0.900 reward=+1.320 loss=-0.0273 entropy=0.686 time=51.1s
2026-05-12 16:45:15,243 - [robot_016] Round 24: tasks=480 success=0.900 reward=+1.320 loss=-0.0302 entropy=0.685 time=47.5s
2026-05-12 16:46:12,542 - [robot_016] Round 25: tasks=500 success=0.900 reward=+1.320 loss=-0.0302 entropy=0.682 time=46.7s
2026-05-12 16:46:48,419 - [robot_016] Round 26: tasks=520 success=1.000 reward=+1.500 loss=-0.0348 entropy=0.680 time=30.1s
2026-05-12 16:48:02,340 - [robot_016] Round 27: tasks=540 success=0.850 reward=+1.230 loss=-0.0348 entropy=0.681 time=51.1s
2026-05-12 16:48:46,271 - [robot_016] Round 28: tasks=560 success=0.950 reward=+1.410 loss=-0.0354 entropy=0.679 time=40.9s
2026-05-12 16:49:12,684 - [robot_016] POLICY LOAD FAILED — /checkpoints/policy_weights.pt not visible in container (load_dir from redis = /checkpoints)
2026-05-12 16:49:48,037 - [robot_016] Round 29: tasks=580 success=0.950 reward=+1.410 loss=-0.0385 entropy=0.678 time=48.0s
2026-05-12 16:50:45,688 - [robot_016] Round 30: tasks=600 success=0.850 reward=+1.230 loss=-0.0385 entropy=0.679 time=53.6s
2026-05-12 16:51:40,622 - [robot_016] Round 31: tasks=620 success=0.900 reward=+1.320 loss=-0.0360 entropy=0.677 time=54.4s
2026-05-12 16:52:28,809 - [robot_016] Round 32: tasks=640 success=0.950 reward=+1.410 loss=-0.0365 entropy=0.677 time=47.6s
2026-05-12 16:53:23,460 - [robot_016] Round 33: tasks=660 success=0.950 reward=+1.410 loss=-0.0365 entropy=0.670 time=48.0s
2026-05-12 16:54:07,962 - [robot_016] Round 34: tasks=680 success=0.950 reward=+1.410 loss=-0.0395 entropy=0.672 time=43.5s
2026-05-12 16:55:01,173 - [robot_016] Round 35: tasks=700 success=0.950 reward=+1.410 loss=-0.0395 entropy=0.670 time=38.4s
2026-05-12 16:56:02,609 - [robot_016] Round 36: tasks=720 success=0.800 reward=+1.140 loss=-0.0444 entropy=0.668 time=53.7s
2026-05-12 16:56:55,229 - [robot_016] Round 37: tasks=740 success=0.900 reward=+1.320 loss=-0.0492 entropy=0.663 time=49.4s
2026-05-12 16:57:54,423 - [robot_016] Round 38: tasks=760 success=0.900 reward=+1.320 loss=-0.0492 entropy=0.662 time=46.8s
2026-05-12 16:58:12,710 - [robot_016] POLICY LOAD FAILED — /checkpoints/policy_weights.pt not visible in container (load_dir from redis = /checkpoints)
2026-05-12 16:58:55,472 - [robot_016] Round 39: tasks=780 success=0.900 reward=+1.320 loss=-0.0463 entropy=0.663 time=54.9s
2026-05-12 16:59:56,320 - [robot_016] Round 40: tasks=800 success=0.900 reward=+1.320 loss=-0.0533 entropy=0.662 time=54.8s
2026-05-12 17:00:45,177 - [robot_016] Round 41: tasks=820 success=0.950 reward=+1.410 loss=-0.0533 entropy=0.655 time=46.3s
2026-05-12 17:01:38,726 - [robot_016] Round 42: tasks=840 success=0.900 reward=+1.320 loss=-0.0418 entropy=0.652 time=50.6s
2026-05-12 17:02:27,645 - [robot_016] Round 43: tasks=860 success=0.950 reward=+1.410 loss=-0.0418 entropy=0.659 time=48.3s
2026-05-12 17:03:25,428 - [robot_016] Round 44: tasks=880 success=0.900 reward=+1.320 loss=-0.0496 entropy=0.650 time=55.0s
2026-05-12 17:04:00,233 - [robot_016] Round 45: tasks=900 success=1.000 reward=+1.500 loss=-0.0522 entropy=0.650 time=30.3s
2026-05-12 17:05:12,957 - [robot_016] Round 46: tasks=920 success=0.950 reward=+1.410 loss=-0.0522 entropy=0.648 time=47.7s
2026-05-12 17:06:11,639 - [robot_016] Round 47: tasks=940 success=0.800 reward=+1.140 loss=-0.0587 entropy=0.642 time=51.9s
2026-05-12 17:07:04,590 - [robot_016] Round 48: tasks=960 success=0.850 reward=+1.230 loss=-0.0688 entropy=0.632 time=48.0s
2026-05-12 17:07:35,327 - [robot_016] POLICY LOAD FAILED — /checkpoints/policy_weights.pt not visible in container (load_dir from redis = /checkpoints)
2026-05-12 17:08:04,078 - [robot_016] Round 49: tasks=980 success=0.950 reward=+1.410 loss=-0.0688 entropy=0.635 time=41.5s
2026-05-12 17:09:25,353 - [robot_016] Round 50: tasks=1000 success=0.850 reward=+1.230 loss=-0.0433 entropy=0.628 time=51.4s
2026-05-12 17:10:34,389 - [robot_016] Round 51: tasks=1020 success=0.900 reward=+1.320 loss=-0.0433 entropy=0.621 time=49.2s
2026-05-12 17:11:26,672 - [robot_016] Round 52: tasks=1040 success=0.900 reward=+1.320 loss=-0.0635 entropy=0.634 time=49.4s
2026-05-12 17:12:22,876 - [robot_016] Round 53: tasks=1060 success=0.900 reward=+1.320 loss=-0.0638 entropy=0.619 time=49.5s
2026-05-12 17:13:21,918 - [robot_016] Round 54: tasks=1080 success=0.900 reward=+1.320 loss=-0.0638 entropy=0.637 time=51.3s
2026-05-12 17:14:13,417 - [robot_016] Round 55: tasks=1100 success=0.950 reward=+1.410 loss=-0.0589 entropy=0.613 time=41.9s
2026-05-12 17:15:08,114 - [robot_016] POLICY LOAD FAILED — /checkpoints/policy_weights.pt not visible in container (load_dir from redis = /checkpoints)
2026-05-12 17:15:21,916 - [robot_016] Round 56: tasks=1120 success=0.900 reward=+1.320 loss=-0.0754 entropy=0.617 time=54.4s
2026-05-12 17:16:08,611 - [robot_016] Round 57: tasks=1140 success=0.900 reward=+1.320 loss=-0.0754 entropy=0.591 time=45.5s
2026-05-12 17:17:11,364 - [robot_016] Round 58: tasks=1160 success=0.850 reward=+1.230 loss=-0.0591 entropy=0.593 time=55.4s
2026-05-12 17:17:47,108 - [robot_016] Round 59: tasks=1180 success=0.950 reward=+1.410 loss=-0.0591 entropy=0.603 time=35.7s
2026-05-12 17:18:53,536 - [robot_016] Round 60: tasks=1200 success=0.850 reward=+1.230 loss=-0.0802 entropy=0.597 time=54.3s
DEBUG flwr 2026-05-12 17:18:53,617 | connection.py:139 | gRPC channel closed
2026-05-12 17:18:53,617 - gRPC channel closed
INFO flwr 2026-05-12 17:18:53,617 | app.py:215 | Disconnect and shut down
2026-05-12 17:18:53,617 - Disconnect and shut down
2026-05-12 17:18:53,617 - [robot_016] All FL rounds complete
2026-05-12 17:18:53,759 - [robot_016] Shutdown complete
