2026-05-12 16:28:10,201 - [robot_017] Starting — server=n016.cluster.pssclabs.com:8470 type=gpu_specialist
INFO flwr 2026-05-12 16:28:12,317 | grpc.py:49 | Opened insecure gRPC connection (no certificates were passed)
2026-05-12 16:28:12,317 - Opened insecure gRPC connection (no certificates were passed)
DEBUG flwr 2026-05-12 16:28:12,331 | connection.py:42 | ChannelConnectivity.CONNECTING
2026-05-12 16:28:12,331 - ChannelConnectivity.CONNECTING
DEBUG flwr 2026-05-12 16:28:12,395 | connection.py:42 | ChannelConnectivity.READY
2026-05-12 16:28:12,395 - ChannelConnectivity.READY
2026-05-12 16:28:42,483 - [robot_017] Round 1: tasks=20 success=0.000 reward=-0.400 loss=0.0000 entropy=0.693 time=2.2s
2026-05-12 16:28:44,654 - [robot_017] Round 2: tasks=40 success=0.000 reward=-0.400 loss=0.0000 entropy=0.693 time=2.1s
2026-05-12 16:28:46,808 - [robot_017] Round 3: tasks=60 success=0.000 reward=-0.400 loss=0.0000 entropy=0.693 time=2.1s
2026-05-12 16:28:50,671 - [robot_017] Round 4: tasks=80 success=0.000 reward=-0.400 loss=-0.3725 entropy=0.693 time=3.8s
2026-05-12 16:28:55,111 - [robot_017] Round 5: tasks=100 success=0.100 reward=-0.210 loss=-0.3769 entropy=0.693 time=4.3s
2026-05-12 16:29:06,989 - [robot_017] Round 6: tasks=120 success=0.800 reward=+1.120 loss=-0.3769 entropy=0.693 time=11.5s
2026-05-12 16:29:26,615 - [robot_017] Round 7: tasks=140 success=0.850 reward=+1.215 loss=-0.0103 entropy=0.693 time=18.3s
2026-05-12 16:30:06,591 - [robot_017] Round 8: tasks=160 success=0.850 reward=+1.215 loss=-0.0126 entropy=0.693 time=26.6s
2026-05-12 16:31:08,410 - [robot_017] Round 9: tasks=180 success=0.850 reward=+1.230 loss=-0.0126 entropy=0.693 time=50.3s
2026-05-12 16:31:53,829 - [robot_017] Round 10: tasks=200 success=0.950 reward=+1.410 loss=-0.0151 entropy=0.693 time=43.5s
2026-05-12 16:32:49,771 - [robot_017] Round 11: tasks=220 success=0.950 reward=+1.410 loss=-0.0151 entropy=0.692 time=41.7s
2026-05-12 16:33:46,143 - [robot_017] Round 12: tasks=240 success=0.900 reward=+1.320 loss=-0.0165 entropy=0.692 time=44.8s
2026-05-12 16:34:47,815 - [robot_017] Round 13: tasks=260 success=0.950 reward=+1.410 loss=-0.0191 entropy=0.691 time=44.6s
2026-05-12 16:35:42,758 - [robot_017] Round 14: tasks=280 success=0.900 reward=+1.320 loss=-0.0191 entropy=0.691 time=40.5s
2026-05-12 16:36:29,568 - [robot_017] Round 15: tasks=300 success=1.000 reward=+1.500 loss=-0.0220 entropy=0.690 time=30.6s
2026-05-12 16:37:33,164 - [robot_017] Round 16: tasks=320 success=0.950 reward=+1.410 loss=-0.0225 entropy=0.690 time=35.8s
2026-05-12 16:38:35,940 - [robot_017] Round 17: tasks=340 success=0.950 reward=+1.410 loss=-0.0225 entropy=0.689 time=37.3s
2026-05-12 16:39:39,076 - [robot_017] Round 18: tasks=360 success=0.950 reward=+1.410 loss=-0.0229 entropy=0.689 time=44.4s
2026-05-12 16:40:30,641 - [robot_017] POLICY LOAD FAILED — /checkpoints/policy_weights.pt not visible in container (load_dir from redis = /checkpoints)
2026-05-12 16:40:43,041 - [robot_017] Round 19: tasks=380 success=1.000 reward=+1.500 loss=-0.0229 entropy=0.689 time=49.8s
2026-05-12 16:41:12,243 - [robot_017] Round 20: tasks=400 success=1.000 reward=+1.500 loss=-0.0283 entropy=0.687 time=25.7s
2026-05-12 16:42:16,570 - [robot_017] Round 21: tasks=420 success=1.000 reward=+1.500 loss=-0.0302 entropy=0.685 time=32.9s
2026-05-12 16:43:24,087 - [robot_017] Round 22: tasks=440 success=0.900 reward=+1.320 loss=-0.0302 entropy=0.685 time=43.4s
2026-05-12 16:44:23,612 - [robot_017] Round 23: tasks=460 success=0.900 reward=+1.320 loss=-0.0306 entropy=0.684 time=49.9s
2026-05-12 16:45:00,449 - [robot_017] Round 24: tasks=480 success=1.000 reward=+1.500 loss=-0.0338 entropy=0.686 time=32.7s
2026-05-12 16:46:07,870 - [robot_017] Round 25: tasks=500 success=0.900 reward=+1.320 loss=-0.0338 entropy=0.681 time=42.1s
2026-05-12 16:46:58,451 - [robot_017] Round 26: tasks=520 success=1.000 reward=+1.500 loss=-0.0361 entropy=0.681 time=40.1s
2026-05-12 16:47:48,727 - [robot_017] Round 27: tasks=540 success=0.950 reward=+1.410 loss=-0.0361 entropy=0.683 time=37.5s
2026-05-12 16:48:46,636 - [robot_017] Round 28: tasks=560 success=0.900 reward=+1.320 loss=-0.0327 entropy=0.677 time=41.3s
2026-05-12 16:49:49,734 - [robot_017] POLICY LOAD FAILED — /checkpoints/policy_weights.pt not visible in container (load_dir from redis = /checkpoints)
2026-05-12 16:49:52,072 - [robot_017] Round 29: tasks=580 success=0.950 reward=+1.410 loss=-0.0333 entropy=0.675 time=52.0s
2026-05-12 16:50:32,932 - [robot_017] Round 30: tasks=600 success=0.900 reward=+1.320 loss=-0.0333 entropy=0.675 time=40.8s
2026-05-12 16:51:21,072 - [robot_017] Round 31: tasks=620 success=1.000 reward=+1.500 loss=-0.0283 entropy=0.675 time=34.8s
2026-05-12 16:52:20,579 - [robot_017] Round 32: tasks=640 success=0.900 reward=+1.320 loss=-0.0428 entropy=0.674 time=39.4s
2026-05-12 16:53:15,809 - [robot_017] Round 33: tasks=660 success=0.850 reward=+1.230 loss=-0.0428 entropy=0.672 time=40.3s
2026-05-12 16:53:56,316 - [robot_017] Round 34: tasks=680 success=1.000 reward=+1.500 loss=-0.0412 entropy=0.668 time=31.9s
2026-05-12 16:54:54,995 - [robot_017] Round 35: tasks=700 success=0.950 reward=+1.410 loss=-0.0412 entropy=0.671 time=32.2s
2026-05-12 16:55:40,375 - [robot_017] Round 36: tasks=720 success=1.000 reward=+1.500 loss=-0.0435 entropy=0.667 time=31.4s
2026-05-12 16:56:40,877 - [robot_017] Round 37: tasks=740 success=1.000 reward=+1.500 loss=-0.0398 entropy=0.659 time=35.0s
2026-05-12 16:57:32,068 - [robot_017] Round 38: tasks=760 success=1.000 reward=+1.500 loss=-0.0398 entropy=0.668 time=24.4s
2026-05-12 16:58:59,952 - [robot_017] POLICY LOAD FAILED — /checkpoints/policy_weights.pt not visible in container (load_dir from redis = /checkpoints)
2026-05-12 16:59:01,493 - [robot_017] Round 39: tasks=780 success=1.000 reward=+1.500 loss=-0.0514 entropy=0.659 time=61.0s
2026-05-12 16:59:32,532 - [robot_017] Round 40: tasks=800 success=1.000 reward=+1.500 loss=-0.0466 entropy=0.651 time=31.0s
2026-05-12 17:00:32,321 - [robot_017] Round 41: tasks=820 success=0.950 reward=+1.410 loss=-0.0466 entropy=0.658 time=33.4s
2026-05-12 17:01:26,654 - [robot_017] Round 42: tasks=840 success=1.000 reward=+1.500 loss=-0.0485 entropy=0.646 time=38.5s
2026-05-12 17:02:09,866 - [robot_017] Round 43: tasks=860 success=1.000 reward=+1.500 loss=-0.0485 entropy=0.655 time=30.5s
2026-05-12 17:03:14,678 - [robot_017] Round 44: tasks=880 success=0.950 reward=+1.410 loss=-0.0530 entropy=0.644 time=44.2s
2026-05-12 17:04:09,268 - [robot_017] Round 45: tasks=900 success=0.950 reward=+1.410 loss=-0.0531 entropy=0.640 time=39.4s
2026-05-12 17:04:53,173 - [robot_017] Round 46: tasks=920 success=1.000 reward=+1.500 loss=-0.0531 entropy=0.641 time=27.9s
2026-05-12 17:05:50,208 - [robot_017] Round 47: tasks=940 success=1.000 reward=+1.500 loss=-0.0593 entropy=0.637 time=30.5s
2026-05-12 17:06:48,339 - [robot_017] Round 48: tasks=960 success=1.000 reward=+1.500 loss=-0.0549 entropy=0.631 time=31.7s
2026-05-12 17:08:31,817 - [robot_017] POLICY LOAD FAILED — /checkpoints/policy_weights.pt not visible in container (load_dir from redis = /checkpoints)
2026-05-12 17:08:33,925 - [robot_017] Round 49: tasks=980 success=1.000 reward=+1.500 loss=-0.0549 entropy=0.627 time=71.3s
2026-05-12 17:09:18,740 - [robot_017] Round 50: tasks=1000 success=0.900 reward=+1.320 loss=-0.0643 entropy=0.618 time=44.8s
2026-05-12 17:10:24,394 - [robot_017] Round 51: tasks=1020 success=0.900 reward=+1.320 loss=-0.0643 entropy=0.623 time=39.2s
2026-05-12 17:11:27,940 - [robot_017] Round 52: tasks=1040 success=0.950 reward=+1.410 loss=-0.0513 entropy=0.608 time=50.7s
2026-05-12 17:12:07,090 - [robot_017] Round 53: tasks=1060 success=1.000 reward=+1.500 loss=-0.0437 entropy=0.598 time=33.7s
2026-05-12 17:13:00,639 - [robot_017] Round 54: tasks=1080 success=0.950 reward=+1.410 loss=-0.0437 entropy=0.607 time=30.1s
2026-05-12 17:14:05,141 - [robot_017] Round 55: tasks=1100 success=1.000 reward=+1.500 loss=-0.0648 entropy=0.609 time=33.6s
2026-05-12 17:15:04,183 - [robot_017] Round 56: tasks=1120 success=1.000 reward=+1.500 loss=-0.0827 entropy=0.597 time=36.6s
2026-05-12 17:15:36,291 - [robot_017] POLICY LOAD FAILED — /checkpoints/policy_weights.pt not visible in container (load_dir from redis = /checkpoints)
2026-05-12 17:16:05,055 - [robot_017] Round 57: tasks=1140 success=1.000 reward=+1.500 loss=-0.0827 entropy=0.608 time=42.0s
2026-05-12 17:16:49,818 - [robot_017] Round 58: tasks=1160 success=0.950 reward=+1.410 loss=-0.0772 entropy=0.576 time=33.9s
2026-05-12 17:17:40,360 - [robot_017] Round 59: tasks=1180 success=1.000 reward=+1.500 loss=-0.0772 entropy=0.591 time=28.9s
2026-05-12 17:18:31,531 - [robot_017] Round 60: tasks=1200 success=1.000 reward=+1.500 loss=-0.0607 entropy=0.577 time=32.3s
DEBUG flwr 2026-05-12 17:18:53,625 | connection.py:139 | gRPC channel closed
2026-05-12 17:18:53,625 - gRPC channel closed
INFO flwr 2026-05-12 17:18:53,625 | app.py:215 | Disconnect and shut down
2026-05-12 17:18:53,625 - Disconnect and shut down
2026-05-12 17:18:53,625 - [robot_017] All FL rounds complete
2026-05-12 17:18:53,772 - [robot_017] Shutdown complete
