2026-05-12 16:28:10,204 - [robot_014] Starting — server=n016.cluster.pssclabs.com:8470 type=gpu_specialist
INFO flwr 2026-05-12 16:28:12,317 | grpc.py:49 | Opened insecure gRPC connection (no certificates were passed)
2026-05-12 16:28:12,317 - Opened insecure gRPC connection (no certificates were passed)
DEBUG flwr 2026-05-12 16:28:12,330 | connection.py:42 | ChannelConnectivity.CONNECTING
2026-05-12 16:28:12,330 - ChannelConnectivity.CONNECTING
DEBUG flwr 2026-05-12 16:28:12,395 | connection.py:42 | ChannelConnectivity.READY
2026-05-12 16:28:12,395 - ChannelConnectivity.READY
2026-05-12 16:28:42,485 - [robot_014] Round 1: tasks=20 success=0.000 reward=-0.400 loss=0.0000 entropy=0.693 time=2.2s
2026-05-12 16:28:44,639 - [robot_014] Round 2: tasks=40 success=0.000 reward=-0.400 loss=0.0000 entropy=0.693 time=2.1s
2026-05-12 16:28:46,797 - [robot_014] Round 3: tasks=60 success=0.000 reward=-0.400 loss=0.0000 entropy=0.693 time=2.1s
2026-05-12 16:28:50,739 - [robot_014] Round 4: tasks=80 success=0.000 reward=-0.400 loss=-0.3726 entropy=0.693 time=3.9s
2026-05-12 16:28:54,509 - [robot_014] Round 5: tasks=100 success=0.000 reward=-0.400 loss=-0.3771 entropy=0.693 time=3.7s
2026-05-12 16:28:59,513 - [robot_014] Round 6: tasks=120 success=0.050 reward=-0.305 loss=-0.3771 entropy=0.693 time=4.0s
2026-05-12 16:29:34,011 - [robot_014] Round 7: tasks=140 success=0.900 reward=+1.310 loss=-0.0078 entropy=0.693 time=25.7s
2026-05-12 16:30:11,002 - [robot_014] Round 8: tasks=160 success=0.850 reward=+1.220 loss=-0.0108 entropy=0.693 time=31.0s
2026-05-12 16:31:01,812 - [robot_014] Round 9: tasks=180 success=0.900 reward=+1.315 loss=-0.0108 entropy=0.693 time=43.7s
2026-05-12 16:31:38,557 - [robot_014] Round 10: tasks=200 success=1.000 reward=+1.500 loss=-0.0133 entropy=0.692 time=28.2s
2026-05-12 16:32:56,453 - [robot_014] Round 11: tasks=220 success=0.900 reward=+1.320 loss=-0.0133 entropy=0.693 time=48.4s
2026-05-12 16:33:45,968 - [robot_014] Round 12: tasks=240 success=0.900 reward=+1.320 loss=-0.0156 entropy=0.692 time=44.6s
2026-05-12 16:35:02,256 - [robot_014] Round 13: tasks=260 success=0.900 reward=+1.320 loss=-0.0189 entropy=0.692 time=59.0s
2026-05-12 16:35:32,426 - [robot_014] Round 14: tasks=280 success=1.000 reward=+1.500 loss=-0.0189 entropy=0.691 time=30.1s
2026-05-12 16:36:35,581 - [robot_014] Round 15: tasks=300 success=0.950 reward=+1.410 loss=-0.0197 entropy=0.690 time=36.6s
2026-05-12 16:37:45,754 - [robot_014] Round 16: tasks=320 success=0.950 reward=+1.410 loss=-0.0227 entropy=0.689 time=48.4s
2026-05-12 16:38:44,283 - [robot_014] Round 17: tasks=340 success=0.900 reward=+1.320 loss=-0.0227 entropy=0.690 time=45.6s
2026-05-12 16:39:08,830 - [robot_014] POLICY LOAD FAILED — /checkpoints/policy_weights.pt not visible in container (load_dir from redis = /checkpoints)
2026-05-12 16:39:45,047 - [robot_014] Round 18: tasks=360 success=0.950 reward=+1.410 loss=-0.0253 entropy=0.689 time=50.4s
2026-05-12 16:40:43,087 - [robot_014] Round 19: tasks=380 success=0.900 reward=+1.320 loss=-0.0253 entropy=0.689 time=49.9s
2026-05-12 16:41:27,940 - [robot_014] Round 20: tasks=400 success=0.900 reward=+1.320 loss=-0.0248 entropy=0.688 time=41.4s
2026-05-12 16:42:31,678 - [robot_014] Round 21: tasks=420 success=0.900 reward=+1.320 loss=-0.0261 entropy=0.687 time=48.1s
2026-05-12 16:43:14,175 - [robot_014] Round 22: tasks=440 success=0.950 reward=+1.410 loss=-0.0261 entropy=0.685 time=33.5s
2026-05-12 16:44:19,592 - [robot_014] Round 23: tasks=460 success=0.900 reward=+1.320 loss=-0.0308 entropy=0.684 time=45.9s
2026-05-12 16:45:17,009 - [robot_014] Round 24: tasks=480 success=0.850 reward=+1.230 loss=-0.0315 entropy=0.684 time=49.2s
2026-05-12 16:46:12,542 - [robot_014] Round 25: tasks=500 success=0.900 reward=+1.320 loss=-0.0315 entropy=0.684 time=46.7s
2026-05-12 16:47:05,619 - [robot_014] Round 26: tasks=520 success=0.950 reward=+1.410 loss=-0.0339 entropy=0.683 time=47.3s
2026-05-12 16:48:02,215 - [robot_014] Round 27: tasks=540 success=0.850 reward=+1.230 loss=-0.0339 entropy=0.682 time=51.0s
2026-05-12 16:48:17,999 - [robot_014] POLICY LOAD FAILED — /checkpoints/policy_weights.pt not visible in container (load_dir from redis = /checkpoints)
2026-05-12 16:48:52,331 - [robot_014] Round 28: tasks=560 success=0.900 reward=+1.320 loss=-0.0352 entropy=0.680 time=47.0s
2026-05-12 16:49:43,485 - [robot_014] Round 29: tasks=580 success=0.900 reward=+1.320 loss=-0.0358 entropy=0.676 time=43.5s
2026-05-12 16:50:33,566 - [robot_014] Round 30: tasks=600 success=0.900 reward=+1.320 loss=-0.0358 entropy=0.679 time=41.5s
2026-05-12 16:51:41,117 - [robot_014] Round 31: tasks=620 success=0.900 reward=+1.320 loss=-0.0406 entropy=0.675 time=54.9s
2026-05-12 16:52:32,533 - [robot_014] Round 32: tasks=640 success=0.850 reward=+1.230 loss=-0.0411 entropy=0.675 time=51.4s
2026-05-12 16:53:15,983 - [robot_014] Round 33: tasks=660 success=0.950 reward=+1.410 loss=-0.0411 entropy=0.675 time=40.5s
2026-05-12 16:54:09,012 - [robot_014] Round 34: tasks=680 success=0.950 reward=+1.410 loss=-0.0438 entropy=0.670 time=44.6s
2026-05-12 16:55:06,267 - [robot_014] Round 35: tasks=700 success=0.950 reward=+1.410 loss=-0.0438 entropy=0.672 time=43.5s
2026-05-12 16:56:01,430 - [robot_014] Round 36: tasks=720 success=0.900 reward=+1.320 loss=-0.0415 entropy=0.666 time=52.5s
2026-05-12 16:56:54,871 - [robot_014] Round 37: tasks=740 success=0.900 reward=+1.320 loss=-0.0481 entropy=0.661 time=49.0s
2026-05-12 16:57:20,872 - [robot_014] POLICY LOAD FAILED — /checkpoints/policy_weights.pt not visible in container (load_dir from redis = /checkpoints)
2026-05-12 16:57:54,009 - [robot_014] Round 38: tasks=760 success=0.950 reward=+1.410 loss=-0.0481 entropy=0.664 time=46.4s
2026-05-12 16:58:54,325 - [robot_014] Round 39: tasks=780 success=0.900 reward=+1.320 loss=-0.0485 entropy=0.664 time=53.8s
2026-05-12 16:59:46,230 - [robot_014] Round 40: tasks=800 success=0.900 reward=+1.320 loss=-0.0504 entropy=0.655 time=44.7s
2026-05-12 17:00:42,317 - [robot_014] Round 41: tasks=820 success=0.900 reward=+1.320 loss=-0.0504 entropy=0.656 time=43.4s
2026-05-12 17:01:31,348 - [robot_014] Round 42: tasks=840 success=0.950 reward=+1.410 loss=-0.0406 entropy=0.655 time=43.2s
2026-05-12 17:02:11,535 - [robot_014] Round 43: tasks=860 success=0.950 reward=+1.410 loss=-0.0406 entropy=0.646 time=32.2s
2026-05-12 17:03:29,852 - [robot_014] Round 44: tasks=880 success=0.800 reward=+1.140 loss=-0.0526 entropy=0.644 time=59.4s
2026-05-12 17:04:13,256 - [robot_014] Round 45: tasks=900 success=0.950 reward=+1.410 loss=-0.0516 entropy=0.646 time=43.4s
2026-05-12 17:05:08,695 - [robot_014] Round 46: tasks=920 success=0.950 reward=+1.410 loss=-0.0516 entropy=0.650 time=43.4s
2026-05-12 17:06:10,059 - [robot_014] Round 47: tasks=940 success=0.850 reward=+1.230 loss=-0.0663 entropy=0.638 time=50.3s
2026-05-12 17:06:28,842 - [robot_014] POLICY LOAD FAILED — /checkpoints/policy_weights.pt not visible in container (load_dir from redis = /checkpoints)
2026-05-12 17:07:05,883 - [robot_014] Round 48: tasks=960 success=0.950 reward=+1.410 loss=-0.0673 entropy=0.626 time=49.3s
2026-05-12 17:08:04,811 - [robot_014] Round 49: tasks=980 success=0.950 reward=+1.410 loss=-0.0673 entropy=0.632 time=42.2s
2026-05-12 17:09:17,714 - [robot_014] Round 50: tasks=1000 success=0.900 reward=+1.320 loss=-0.0621 entropy=0.634 time=43.7s
2026-05-12 17:10:35,770 - [robot_014] Round 51: tasks=1020 success=0.900 reward=+1.320 loss=-0.0621 entropy=0.619 time=50.6s
2026-05-12 17:11:29,906 - [robot_014] Round 52: tasks=1040 success=0.850 reward=+1.230 loss=-0.0749 entropy=0.615 time=52.6s
2026-05-12 17:12:20,881 - [robot_014] Round 53: tasks=1060 success=0.850 reward=+1.230 loss=-0.0653 entropy=0.621 time=47.5s
2026-05-12 17:13:16,246 - [robot_014] Round 54: tasks=1080 success=0.900 reward=+1.320 loss=-0.0653 entropy=0.607 time=45.7s
2026-05-12 17:14:24,921 - [robot_014] POLICY LOAD FAILED — /checkpoints/policy_weights.pt not visible in container (load_dir from redis = /checkpoints)
2026-05-12 17:14:27,520 - [robot_014] Round 55: tasks=1100 success=0.950 reward=+1.410 loss=-0.0786 entropy=0.615 time=56.0s
2026-05-12 17:15:17,033 - [robot_014] Round 56: tasks=1120 success=0.900 reward=+1.320 loss=-0.0635 entropy=0.611 time=49.5s
2026-05-12 17:15:59,167 - [robot_014] Round 57: tasks=1140 success=0.900 reward=+1.320 loss=-0.0635 entropy=0.596 time=36.1s
2026-05-12 17:17:11,208 - [robot_014] Round 58: tasks=1160 success=0.850 reward=+1.230 loss=-0.0787 entropy=0.592 time=55.3s
2026-05-12 17:17:56,530 - [robot_014] Round 59: tasks=1180 success=0.850 reward=+1.230 loss=-0.0787 entropy=0.609 time=45.1s
2026-05-12 17:18:45,739 - [robot_014] Round 60: tasks=1200 success=0.900 reward=+1.320 loss=-0.0886 entropy=0.590 time=46.5s
DEBUG flwr 2026-05-12 17:18:53,625 | connection.py:139 | gRPC channel closed
2026-05-12 17:18:53,625 - gRPC channel closed
INFO flwr 2026-05-12 17:18:53,625 | app.py:215 | Disconnect and shut down
2026-05-12 17:18:53,625 - Disconnect and shut down
2026-05-12 17:18:53,625 - [robot_014] All FL rounds complete
2026-05-12 17:18:53,779 - [robot_014] Shutdown complete
