2026-05-12 16:28:10,200 - [robot_011] Starting — server=n016.cluster.pssclabs.com:8470 type=gpu_specialist
INFO flwr 2026-05-12 16:28:12,317 | grpc.py:49 | Opened insecure gRPC connection (no certificates were passed)
2026-05-12 16:28:12,317 - Opened insecure gRPC connection (no certificates were passed)
DEBUG flwr 2026-05-12 16:28:12,330 | connection.py:42 | ChannelConnectivity.CONNECTING
2026-05-12 16:28:12,330 - ChannelConnectivity.CONNECTING
DEBUG flwr 2026-05-12 16:28:12,395 | connection.py:42 | ChannelConnectivity.READY
2026-05-12 16:28:12,395 - ChannelConnectivity.READY
2026-05-12 16:28:42,484 - [robot_011] Round 1: tasks=20 success=0.000 reward=-0.400 loss=0.0000 entropy=0.693 time=2.2s
2026-05-12 16:28:44,632 - [robot_011] Round 2: tasks=40 success=0.000 reward=-0.400 loss=0.0000 entropy=0.693 time=2.1s
2026-05-12 16:28:46,797 - [robot_011] Round 3: tasks=60 success=0.000 reward=-0.400 loss=0.0000 entropy=0.693 time=2.1s
2026-05-12 16:28:50,737 - [robot_011] Round 4: tasks=80 success=0.000 reward=-0.400 loss=-0.3724 entropy=0.693 time=3.9s
2026-05-12 16:28:55,127 - [robot_011] Round 5: tasks=100 success=0.050 reward=-0.305 loss=-0.3769 entropy=0.693 time=4.3s
2026-05-12 16:29:08,072 - [robot_011] Round 6: tasks=120 success=0.900 reward=+1.310 loss=-0.3769 entropy=0.693 time=12.6s
2026-05-12 16:29:31,432 - [robot_011] Round 7: tasks=140 success=0.950 reward=+1.405 loss=-0.0100 entropy=0.693 time=23.1s
2026-05-12 16:30:03,270 - [robot_011] Round 8: tasks=160 success=0.900 reward=+1.310 loss=-0.0131 entropy=0.693 time=23.3s
2026-05-12 16:31:09,185 - [robot_011] Round 9: tasks=180 success=0.900 reward=+1.320 loss=-0.0131 entropy=0.693 time=51.0s
2026-05-12 16:31:54,439 - [robot_011] Round 10: tasks=200 success=0.950 reward=+1.410 loss=-0.0147 entropy=0.692 time=44.1s
2026-05-12 16:32:59,726 - [robot_011] Round 11: tasks=220 success=0.850 reward=+1.230 loss=-0.0147 entropy=0.692 time=51.7s
2026-05-12 16:33:51,520 - [robot_011] Round 12: tasks=240 success=0.900 reward=+1.320 loss=-0.0181 entropy=0.692 time=50.1s
2026-05-12 16:35:02,037 - [robot_011] Round 13: tasks=260 success=0.850 reward=+1.230 loss=-0.0199 entropy=0.691 time=58.8s
2026-05-12 16:35:41,412 - [robot_011] Round 14: tasks=280 success=0.950 reward=+1.410 loss=-0.0199 entropy=0.691 time=39.1s
2026-05-12 16:36:55,820 - [robot_011] Round 15: tasks=300 success=0.800 reward=+1.140 loss=-0.0216 entropy=0.691 time=56.8s
2026-05-12 16:37:56,296 - [robot_011] POLICY LOAD FAILED — /checkpoints/policy_weights.pt not visible in container (load_dir from redis = /checkpoints)
2026-05-12 16:37:57,860 - [robot_011] Round 16: tasks=320 success=1.000 reward=+1.500 loss=-0.0240 entropy=0.691 time=60.5s
2026-05-12 16:38:36,536 - [robot_011] Round 17: tasks=340 success=0.900 reward=+1.320 loss=-0.0240 entropy=0.691 time=37.9s
2026-05-12 16:39:46,530 - [robot_011] Round 18: tasks=360 success=0.800 reward=+1.140 loss=-0.0249 entropy=0.688 time=51.9s
2026-05-12 16:40:38,660 - [robot_011] Round 19: tasks=380 success=0.800 reward=+1.140 loss=-0.0249 entropy=0.689 time=45.5s
2026-05-12 16:41:32,367 - [robot_011] Round 20: tasks=400 success=0.950 reward=+1.410 loss=-0.0227 entropy=0.688 time=45.8s
2026-05-12 16:42:34,687 - [robot_011] Round 21: tasks=420 success=0.850 reward=+1.230 loss=-0.0277 entropy=0.686 time=51.1s
2026-05-12 16:43:29,696 - [robot_011] Round 22: tasks=440 success=0.900 reward=+1.320 loss=-0.0277 entropy=0.686 time=49.0s
2026-05-12 16:44:04,904 - [robot_011] Round 23: tasks=460 success=1.000 reward=+1.500 loss=-0.0312 entropy=0.685 time=31.2s
2026-05-12 16:44:56,944 - [robot_011] Round 24: tasks=480 success=1.000 reward=+1.500 loss=-0.0346 entropy=0.684 time=29.2s
2026-05-12 16:46:14,912 - [robot_011] Round 25: tasks=500 success=0.900 reward=+1.320 loss=-0.0346 entropy=0.685 time=49.1s
2026-05-12 16:47:01,109 - [robot_011] POLICY LOAD FAILED — /checkpoints/policy_weights.pt not visible in container (load_dir from redis = /checkpoints)
2026-05-12 16:47:11,198 - [robot_011] Round 26: tasks=520 success=0.900 reward=+1.320 loss=-0.0338 entropy=0.683 time=52.9s
2026-05-12 16:47:55,100 - [robot_011] Round 27: tasks=540 success=0.950 reward=+1.410 loss=-0.0338 entropy=0.683 time=43.9s
2026-05-12 16:48:50,530 - [robot_011] Round 28: tasks=560 success=0.850 reward=+1.230 loss=-0.0327 entropy=0.681 time=45.2s
2026-05-12 16:49:47,905 - [robot_011] Round 29: tasks=580 success=0.900 reward=+1.320 loss=-0.0331 entropy=0.677 time=47.9s
2026-05-12 16:50:35,355 - [robot_011] Round 30: tasks=600 success=0.850 reward=+1.230 loss=-0.0331 entropy=0.678 time=43.2s
2026-05-12 16:51:27,087 - [robot_011] Round 31: tasks=620 success=0.950 reward=+1.410 loss=-0.0405 entropy=0.673 time=40.8s
2026-05-12 16:52:27,046 - [robot_011] Round 32: tasks=640 success=0.900 reward=+1.320 loss=-0.0337 entropy=0.674 time=45.9s
2026-05-12 16:53:21,885 - [robot_011] Round 33: tasks=660 success=0.900 reward=+1.320 loss=-0.0337 entropy=0.674 time=46.4s
2026-05-12 16:54:00,989 - [robot_011] Round 34: tasks=680 success=0.900 reward=+1.320 loss=-0.0353 entropy=0.671 time=36.6s
2026-05-12 16:55:06,168 - [robot_011] Round 35: tasks=700 success=0.850 reward=+1.230 loss=-0.0353 entropy=0.670 time=43.4s
2026-05-12 16:56:03,595 - [robot_011] POLICY LOAD FAILED — /checkpoints/policy_weights.pt not visible in container (load_dir from redis = /checkpoints)
2026-05-12 16:56:05,809 - [robot_011] Round 36: tasks=720 success=0.900 reward=+1.320 loss=-0.0412 entropy=0.666 time=56.9s
2026-05-12 16:56:50,072 - [robot_011] Round 37: tasks=740 success=0.900 reward=+1.320 loss=-0.0460 entropy=0.661 time=44.2s
2026-05-12 16:57:45,725 - [robot_011] Round 38: tasks=760 success=0.950 reward=+1.410 loss=-0.0460 entropy=0.662 time=38.1s
2026-05-12 16:58:44,061 - [robot_011] Round 39: tasks=780 success=0.900 reward=+1.320 loss=-0.0423 entropy=0.659 time=43.5s
2026-05-12 16:59:50,358 - [robot_011] Round 40: tasks=800 success=0.850 reward=+1.230 loss=-0.0478 entropy=0.658 time=48.8s
2026-05-12 17:00:44,490 - [robot_011] Round 41: tasks=820 success=0.950 reward=+1.410 loss=-0.0478 entropy=0.660 time=45.6s
2026-05-12 17:01:35,856 - [robot_011] Round 42: tasks=840 success=0.950 reward=+1.410 loss=-0.0499 entropy=0.652 time=47.7s
2026-05-12 17:02:28,654 - [robot_011] Round 43: tasks=860 success=0.900 reward=+1.320 loss=-0.0499 entropy=0.654 time=49.3s
2026-05-12 17:03:26,518 - [robot_011] Round 44: tasks=880 success=0.950 reward=+1.410 loss=-0.0540 entropy=0.647 time=56.1s
2026-05-12 17:04:18,140 - [robot_011] Round 45: tasks=900 success=0.950 reward=+1.410 loss=-0.0578 entropy=0.647 time=48.2s
2026-05-12 17:05:16,537 - [robot_011] POLICY LOAD FAILED — /checkpoints/policy_weights.pt not visible in container (load_dir from redis = /checkpoints)
2026-05-12 17:05:19,698 - [robot_011] Round 46: tasks=920 success=0.950 reward=+1.410 loss=-0.0578 entropy=0.646 time=54.4s
2026-05-12 17:06:09,430 - [robot_011] Round 47: tasks=940 success=0.900 reward=+1.320 loss=-0.0646 entropy=0.640 time=49.7s
2026-05-12 17:07:07,973 - [robot_011] Round 48: tasks=960 success=0.900 reward=+1.320 loss=-0.0462 entropy=0.630 time=51.4s
2026-05-12 17:08:05,935 - [robot_011] Round 49: tasks=980 success=0.900 reward=+1.320 loss=-0.0462 entropy=0.638 time=43.3s
2026-05-12 17:09:20,455 - [robot_011] Round 50: tasks=1000 success=0.900 reward=+1.320 loss=-0.0530 entropy=0.629 time=46.5s
2026-05-12 17:10:34,080 - [robot_011] Round 51: tasks=1020 success=0.850 reward=+1.230 loss=-0.0530 entropy=0.634 time=48.9s
2026-05-12 17:11:31,675 - [robot_011] Round 52: tasks=1040 success=0.950 reward=+1.410 loss=-0.0535 entropy=0.618 time=54.4s
2026-05-12 17:12:14,054 - [robot_011] Round 53: tasks=1060 success=0.950 reward=+1.410 loss=-0.0757 entropy=0.624 time=40.7s
2026-05-12 17:12:43,178 - [robot_011] POLICY LOAD FAILED — /checkpoints/policy_weights.pt not visible in container (load_dir from redis = /checkpoints)
2026-05-12 17:13:22,755 - [robot_011] Round 54: tasks=1080 success=0.900 reward=+1.320 loss=-0.0757 entropy=0.629 time=52.2s
2026-05-12 17:14:25,410 - [robot_011] Round 55: tasks=1100 success=0.850 reward=+1.230 loss=-0.0618 entropy=0.618 time=53.9s
2026-05-12 17:15:22,205 - [robot_011] Round 56: tasks=1120 success=0.900 reward=+1.320 loss=-0.0799 entropy=0.615 time=54.6s
2026-05-12 17:16:12,974 - [robot_011] Round 57: tasks=1140 success=0.900 reward=+1.320 loss=-0.0799 entropy=0.608 time=49.9s
2026-05-12 17:16:44,096 - [robot_011] Round 58: tasks=1160 success=1.000 reward=+1.500 loss=-0.0657 entropy=0.591 time=28.1s
2026-05-12 17:17:57,032 - [robot_011] Round 59: tasks=1180 success=0.900 reward=+1.320 loss=-0.0657 entropy=0.592 time=45.6s
2026-05-12 17:18:39,251 - [robot_011] Round 60: tasks=1200 success=0.950 reward=+1.410 loss=-0.0766 entropy=0.583 time=40.0s
DEBUG flwr 2026-05-12 17:18:53,625 | connection.py:139 | gRPC channel closed
2026-05-12 17:18:53,625 - gRPC channel closed
INFO flwr 2026-05-12 17:18:53,625 | app.py:215 | Disconnect and shut down
2026-05-12 17:18:53,625 - Disconnect and shut down
2026-05-12 17:18:53,625 - [robot_011] All FL rounds complete
2026-05-12 17:18:53,765 - [robot_011] Shutdown complete
