2026-05-12 16:28:10,206 - [robot_010] Starting — server=n016.cluster.pssclabs.com:8470 type=gpu_specialist
INFO flwr 2026-05-12 16:28:12,317 | grpc.py:49 | Opened insecure gRPC connection (no certificates were passed)
2026-05-12 16:28:12,317 - Opened insecure gRPC connection (no certificates were passed)
DEBUG flwr 2026-05-12 16:28:12,330 | connection.py:42 | ChannelConnectivity.IDLE
2026-05-12 16:28:12,330 - ChannelConnectivity.IDLE
DEBUG flwr 2026-05-12 16:28:12,335 | connection.py:42 | ChannelConnectivity.CONNECTING
2026-05-12 16:28:12,335 - ChannelConnectivity.CONNECTING
DEBUG flwr 2026-05-12 16:28:12,395 | connection.py:42 | ChannelConnectivity.READY
2026-05-12 16:28:12,395 - ChannelConnectivity.READY
2026-05-12 16:28:42,487 - [robot_010] Round 1: tasks=20 success=0.000 reward=-0.400 loss=0.0000 entropy=0.693 time=2.2s
2026-05-12 16:28:44,632 - [robot_010] Round 2: tasks=40 success=0.000 reward=-0.400 loss=0.0000 entropy=0.693 time=2.1s
2026-05-12 16:28:46,797 - [robot_010] Round 3: tasks=60 success=0.000 reward=-0.400 loss=0.0000 entropy=0.693 time=2.1s
2026-05-12 16:28:50,741 - [robot_010] Round 4: tasks=80 success=0.000 reward=-0.400 loss=-0.3725 entropy=0.693 time=3.9s
2026-05-12 16:28:55,423 - [robot_010] Round 5: tasks=100 success=0.200 reward=-0.020 loss=-0.3768 entropy=0.693 time=4.6s
2026-05-12 16:29:07,849 - [robot_010] Round 6: tasks=120 success=0.800 reward=+1.120 loss=-0.3768 entropy=0.693 time=12.4s
2026-05-12 16:29:39,300 - [robot_010] Round 7: tasks=140 success=0.700 reward=+0.935 loss=-0.0098 entropy=0.693 time=31.0s
2026-05-12 16:30:09,256 - [robot_010] Round 8: tasks=160 success=0.850 reward=+1.220 loss=-0.0119 entropy=0.693 time=29.2s
2026-05-12 16:30:46,262 - [robot_010] Round 9: tasks=180 success=1.000 reward=+1.500 loss=-0.0119 entropy=0.693 time=28.1s
2026-05-12 16:32:07,969 - [robot_010] Round 10: tasks=200 success=0.850 reward=+1.230 loss=-0.0144 entropy=0.692 time=57.6s
2026-05-12 16:32:58,937 - [robot_010] Round 11: tasks=220 success=0.900 reward=+1.320 loss=-0.0144 entropy=0.692 time=50.9s
2026-05-12 16:33:49,338 - [robot_010] Round 12: tasks=240 success=0.900 reward=+1.320 loss=-0.0172 entropy=0.692 time=47.9s
2026-05-12 16:35:00,356 - [robot_010] Round 13: tasks=260 success=0.850 reward=+1.230 loss=-0.0198 entropy=0.691 time=57.1s
2026-05-12 16:35:44,242 - [robot_010] Round 14: tasks=280 success=0.950 reward=+1.410 loss=-0.0198 entropy=0.692 time=41.9s
2026-05-12 16:36:53,345 - [robot_010] Round 15: tasks=300 success=0.900 reward=+1.320 loss=-0.0221 entropy=0.691 time=54.3s
2026-05-12 16:37:03,965 - [robot_010] POLICY LOAD FAILED — /checkpoints/policy_weights.pt not visible in container (load_dir from redis = /checkpoints)
2026-05-12 16:37:46,900 - [robot_010] Round 16: tasks=320 success=0.950 reward=+1.410 loss=-0.0243 entropy=0.690 time=49.5s
2026-05-12 16:38:47,781 - [robot_010] Round 17: tasks=340 success=0.900 reward=+1.320 loss=-0.0243 entropy=0.691 time=49.1s
2026-05-12 16:39:48,416 - [robot_010] Round 18: tasks=360 success=0.850 reward=+1.230 loss=-0.0235 entropy=0.689 time=53.7s
2026-05-12 16:40:44,307 - [robot_010] Round 19: tasks=380 success=0.850 reward=+1.230 loss=-0.0235 entropy=0.689 time=51.1s
2026-05-12 16:41:37,713 - [robot_010] Round 20: tasks=400 success=0.900 reward=+1.320 loss=-0.0223 entropy=0.688 time=51.2s
2026-05-12 16:42:32,865 - [robot_010] Round 21: tasks=420 success=0.900 reward=+1.320 loss=-0.0301 entropy=0.687 time=49.2s
2026-05-12 16:43:19,481 - [robot_010] Round 22: tasks=440 success=0.950 reward=+1.410 loss=-0.0301 entropy=0.687 time=38.8s
2026-05-12 16:44:25,543 - [robot_010] Round 23: tasks=460 success=0.900 reward=+1.320 loss=-0.0318 entropy=0.684 time=51.9s
2026-05-12 16:45:15,640 - [robot_010] Round 24: tasks=480 success=0.850 reward=+1.230 loss=-0.0323 entropy=0.682 time=47.9s
2026-05-12 16:46:12,943 - [robot_010] Round 25: tasks=500 success=0.900 reward=+1.320 loss=-0.0323 entropy=0.683 time=47.1s
2026-05-12 16:46:30,952 - [robot_010] POLICY LOAD FAILED — /checkpoints/policy_weights.pt not visible in container (load_dir from redis = /checkpoints)
2026-05-12 16:47:06,248 - [robot_010] Round 26: tasks=520 success=0.950 reward=+1.410 loss=-0.0303 entropy=0.681 time=47.9s
2026-05-12 16:47:43,037 - [robot_010] Round 27: tasks=540 success=0.950 reward=+1.410 loss=-0.0303 entropy=0.681 time=31.8s
2026-05-12 16:48:32,284 - [robot_010] Round 28: tasks=560 success=1.000 reward=+1.500 loss=-0.0284 entropy=0.680 time=26.9s
2026-05-12 16:49:41,512 - [robot_010] Round 29: tasks=580 success=0.900 reward=+1.320 loss=-0.0320 entropy=0.678 time=41.5s
2026-05-12 16:50:42,575 - [robot_010] Round 30: tasks=600 success=0.850 reward=+1.230 loss=-0.0320 entropy=0.677 time=50.5s
2026-05-12 16:51:36,451 - [robot_010] Round 31: tasks=620 success=0.900 reward=+1.320 loss=-0.0376 entropy=0.673 time=50.2s
2026-05-12 16:52:28,751 - [robot_010] Round 32: tasks=640 success=0.900 reward=+1.320 loss=-0.0417 entropy=0.673 time=47.6s
2026-05-12 16:53:13,128 - [robot_010] Round 33: tasks=660 success=0.950 reward=+1.410 loss=-0.0417 entropy=0.671 time=37.6s
2026-05-12 16:53:53,699 - [robot_010] Round 34: tasks=680 success=1.000 reward=+1.500 loss=-0.0399 entropy=0.668 time=29.3s
2026-05-12 16:55:03,912 - [robot_010] Round 35: tasks=700 success=0.950 reward=+1.410 loss=-0.0399 entropy=0.674 time=41.2s
2026-05-12 16:55:22,177 - [robot_010] POLICY LOAD FAILED — /checkpoints/policy_weights.pt not visible in container (load_dir from redis = /checkpoints)
2026-05-12 16:56:00,643 - [robot_010] Round 36: tasks=720 success=0.950 reward=+1.410 loss=-0.0430 entropy=0.663 time=51.7s
2026-05-12 16:56:54,816 - [robot_010] Round 37: tasks=740 success=0.850 reward=+1.230 loss=-0.0384 entropy=0.661 time=49.0s
2026-05-12 16:57:48,993 - [robot_010] Round 38: tasks=760 success=0.900 reward=+1.320 loss=-0.0384 entropy=0.663 time=41.4s
2026-05-12 16:58:38,644 - [robot_010] Round 39: tasks=780 success=0.900 reward=+1.320 loss=-0.0518 entropy=0.658 time=38.1s
2026-05-12 16:59:52,856 - [robot_010] Round 40: tasks=800 success=0.850 reward=+1.230 loss=-0.0454 entropy=0.656 time=51.3s
2026-05-12 17:00:39,466 - [robot_010] Round 41: tasks=820 success=0.950 reward=+1.410 loss=-0.0454 entropy=0.657 time=40.6s
2026-05-12 17:01:37,409 - [robot_010] Round 42: tasks=840 success=0.850 reward=+1.230 loss=-0.0482 entropy=0.648 time=49.3s
2026-05-12 17:02:29,435 - [robot_010] Round 43: tasks=860 success=0.900 reward=+1.320 loss=-0.0482 entropy=0.651 time=50.1s
2026-05-12 17:03:27,936 - [robot_010] Round 44: tasks=880 success=0.900 reward=+1.320 loss=-0.0410 entropy=0.648 time=57.5s
2026-05-12 17:04:04,842 - [robot_010] Round 45: tasks=900 success=0.950 reward=+1.410 loss=-0.0506 entropy=0.648 time=34.9s
2026-05-12 17:04:38,451 - [robot_010] POLICY LOAD FAILED — /checkpoints/policy_weights.pt not visible in container (load_dir from redis = /checkpoints)
2026-05-12 17:05:14,337 - [robot_010] Round 46: tasks=920 success=0.900 reward=+1.320 loss=-0.0506 entropy=0.649 time=49.0s
2026-05-12 17:06:07,467 - [robot_010] Round 47: tasks=940 success=0.850 reward=+1.230 loss=-0.0580 entropy=0.638 time=47.7s
2026-05-12 17:06:48,770 - [robot_010] Round 48: tasks=960 success=0.950 reward=+1.410 loss=-0.0597 entropy=0.619 time=32.2s
2026-05-12 17:08:03,358 - [robot_010] Round 49: tasks=980 success=0.900 reward=+1.320 loss=-0.0597 entropy=0.634 time=40.7s
2026-05-12 17:09:22,734 - [robot_010] Round 50: tasks=1000 success=0.900 reward=+1.320 loss=-0.0560 entropy=0.638 time=48.8s
2026-05-12 17:10:37,217 - [robot_010] Round 51: tasks=1020 success=0.800 reward=+1.140 loss=-0.0560 entropy=0.622 time=52.0s
2026-05-12 17:11:19,370 - [robot_010] Round 52: tasks=1040 success=0.950 reward=+1.410 loss=-0.0478 entropy=0.635 time=42.1s
2026-05-12 17:12:28,013 - [robot_010] POLICY LOAD FAILED — /checkpoints/policy_weights.pt not visible in container (load_dir from redis = /checkpoints)
2026-05-12 17:12:30,529 - [robot_010] Round 53: tasks=1060 success=1.000 reward=+1.500 loss=-0.0714 entropy=0.611 time=57.2s
2026-05-12 17:13:22,296 - [robot_010] Round 54: tasks=1080 success=0.850 reward=+1.230 loss=-0.0714 entropy=0.626 time=51.7s
2026-05-12 17:14:27,278 - [robot_010] Round 55: tasks=1100 success=0.800 reward=+1.140 loss=-0.0556 entropy=0.601 time=55.8s
2026-05-12 17:15:23,060 - [robot_010] Round 56: tasks=1120 success=0.850 reward=+1.230 loss=-0.0726 entropy=0.614 time=55.5s
2026-05-12 17:16:02,138 - [robot_010] Round 57: tasks=1140 success=0.900 reward=+1.320 loss=-0.0726 entropy=0.619 time=39.0s
2026-05-12 17:17:08,609 - [robot_010] Round 58: tasks=1160 success=0.850 reward=+1.230 loss=-0.0592 entropy=0.594 time=52.7s
2026-05-12 17:17:55,666 - [robot_010] Round 59: tasks=1180 success=0.950 reward=+1.410 loss=-0.0592 entropy=0.614 time=44.2s
2026-05-12 17:18:53,142 - [robot_010] Round 60: tasks=1200 success=0.900 reward=+1.320 loss=-0.0786 entropy=0.589 time=53.9s
DEBUG flwr 2026-05-12 17:18:53,617 | connection.py:139 | gRPC channel closed
2026-05-12 17:18:53,617 - gRPC channel closed
INFO flwr 2026-05-12 17:18:53,617 | app.py:215 | Disconnect and shut down
2026-05-12 17:18:53,617 - Disconnect and shut down
2026-05-12 17:18:53,617 - [robot_010] All FL rounds complete
2026-05-12 17:18:53,761 - [robot_010] Shutdown complete
