2026-05-12 16:28:38,154 - [robot_005] Starting — server=n016.cluster.pssclabs.com:8470 type=gpu_specialist
INFO flwr 2026-05-12 16:28:40,263 | grpc.py:49 | Opened insecure gRPC connection (no certificates were passed)
2026-05-12 16:28:40,263 - Opened insecure gRPC connection (no certificates were passed)
DEBUG flwr 2026-05-12 16:28:40,265 | connection.py:42 | ChannelConnectivity.IDLE
2026-05-12 16:28:40,265 - ChannelConnectivity.IDLE
DEBUG flwr 2026-05-12 16:28:40,269 | connection.py:42 | ChannelConnectivity.CONNECTING
2026-05-12 16:28:40,269 - ChannelConnectivity.CONNECTING
DEBUG flwr 2026-05-12 16:28:40,282 | connection.py:42 | ChannelConnectivity.READY
2026-05-12 16:28:40,282 - ChannelConnectivity.READY
2026-05-12 16:28:42,483 - [robot_005] Round 1: tasks=20 success=0.000 reward=-0.400 loss=0.0000 entropy=0.693 time=2.2s
2026-05-12 16:28:44,634 - [robot_005] Round 2: tasks=40 success=0.000 reward=-0.400 loss=0.0000 entropy=0.693 time=2.1s
2026-05-12 16:28:46,802 - [robot_005] Round 3: tasks=60 success=0.000 reward=-0.400 loss=0.0000 entropy=0.693 time=2.1s
2026-05-12 16:28:50,731 - [robot_005] Round 4: tasks=80 success=0.000 reward=-0.400 loss=-0.3726 entropy=0.693 time=3.9s
2026-05-12 16:28:54,454 - [robot_005] Round 5: tasks=100 success=0.000 reward=-0.400 loss=-0.3769 entropy=0.693 time=3.7s
2026-05-12 16:29:06,002 - [robot_005] Round 6: tasks=120 success=0.750 reward=+1.025 loss=-0.3769 entropy=0.693 time=10.5s
2026-05-12 16:29:26,679 - [robot_005] Round 7: tasks=140 success=0.850 reward=+1.215 loss=-0.0094 entropy=0.693 time=18.3s
2026-05-12 16:30:12,898 - [robot_005] Round 8: tasks=160 success=0.900 reward=+1.315 loss=-0.0124 entropy=0.693 time=32.9s
2026-05-12 16:31:05,704 - [robot_005] Round 9: tasks=180 success=0.900 reward=+1.320 loss=-0.0124 entropy=0.693 time=47.6s
2026-05-12 16:31:54,972 - [robot_005] Round 10: tasks=200 success=0.900 reward=+1.320 loss=-0.0149 entropy=0.693 time=44.6s
2026-05-12 16:32:55,714 - [robot_005] Round 11: tasks=220 success=0.850 reward=+1.230 loss=-0.0149 entropy=0.692 time=47.7s
2026-05-12 16:33:41,043 - [robot_005] Round 12: tasks=240 success=0.950 reward=+1.410 loss=-0.0168 entropy=0.692 time=39.7s
2026-05-12 16:34:48,355 - [robot_005] POLICY LOAD FAILED — /checkpoints/policy_weights.pt not visible in container (load_dir from redis = /checkpoints)
2026-05-12 16:34:52,453 - [robot_005] Round 13: tasks=260 success=1.000 reward=+1.500 loss=-0.0194 entropy=0.691 time=49.2s
2026-05-12 16:35:40,729 - [robot_005] Round 14: tasks=280 success=0.950 reward=+1.410 loss=-0.0194 entropy=0.691 time=38.4s
2026-05-12 16:36:32,330 - [robot_005] Round 15: tasks=300 success=0.900 reward=+1.320 loss=-0.0220 entropy=0.690 time=33.3s
2026-05-12 16:37:31,205 - [robot_005] Round 16: tasks=320 success=1.000 reward=+1.500 loss=-0.0244 entropy=0.690 time=33.8s
2026-05-12 16:38:50,183 - [robot_005] Round 17: tasks=340 success=0.900 reward=+1.320 loss=-0.0244 entropy=0.690 time=51.5s
2026-05-12 16:39:46,094 - [robot_005] Round 18: tasks=360 success=0.900 reward=+1.320 loss=-0.0247 entropy=0.689 time=51.4s
2026-05-12 16:40:25,505 - [robot_005] Round 19: tasks=380 success=0.950 reward=+1.410 loss=-0.0247 entropy=0.690 time=32.3s
2026-05-12 16:41:42,299 - [robot_005] Round 20: tasks=400 success=0.800 reward=+1.140 loss=-0.0235 entropy=0.687 time=55.7s
2026-05-12 16:42:26,211 - [robot_005] Round 21: tasks=420 success=0.850 reward=+1.230 loss=-0.0278 entropy=0.686 time=42.6s
2026-05-12 16:43:12,787 - [robot_005] Round 22: tasks=440 success=0.900 reward=+1.320 loss=-0.0278 entropy=0.686 time=32.1s
2026-05-12 16:44:22,470 - [robot_005] POLICY LOAD FAILED — /checkpoints/policy_weights.pt not visible in container (load_dir from redis = /checkpoints)
2026-05-12 16:44:24,697 - [robot_005] Round 23: tasks=460 success=0.900 reward=+1.320 loss=-0.0289 entropy=0.685 time=51.0s
2026-05-12 16:45:07,171 - [robot_005] Round 24: tasks=480 success=0.900 reward=+1.320 loss=-0.0334 entropy=0.684 time=39.4s
2026-05-12 16:46:01,048 - [robot_005] Round 25: tasks=500 success=0.950 reward=+1.410 loss=-0.0334 entropy=0.684 time=35.2s
2026-05-12 16:46:54,482 - [robot_005] Round 26: tasks=520 success=1.000 reward=+1.500 loss=-0.0335 entropy=0.680 time=36.2s
2026-05-12 16:47:45,752 - [robot_005] Round 27: tasks=540 success=0.950 reward=+1.410 loss=-0.0335 entropy=0.681 time=34.5s
2026-05-12 16:48:49,193 - [robot_005] Round 28: tasks=560 success=0.950 reward=+1.410 loss=-0.0299 entropy=0.680 time=43.9s
2026-05-12 16:49:43,552 - [robot_005] Round 29: tasks=580 success=0.900 reward=+1.320 loss=-0.0397 entropy=0.676 time=43.5s
2026-05-12 16:50:33,360 - [robot_005] Round 30: tasks=600 success=0.950 reward=+1.410 loss=-0.0397 entropy=0.674 time=41.2s
2026-05-12 16:51:28,858 - [robot_005] Round 31: tasks=620 success=0.850 reward=+1.230 loss=-0.0413 entropy=0.675 time=42.6s
2026-05-12 16:52:13,528 - [robot_005] Round 32: tasks=640 success=0.950 reward=+1.410 loss=-0.0351 entropy=0.673 time=32.4s
2026-05-12 16:53:15,974 - [robot_005] POLICY LOAD FAILED — /checkpoints/policy_weights.pt not visible in container (load_dir from redis = /checkpoints)
2026-05-12 16:53:19,578 - [robot_005] Round 33: tasks=660 success=0.950 reward=+1.410 loss=-0.0351 entropy=0.671 time=44.1s
2026-05-12 16:54:03,970 - [robot_005] Round 34: tasks=680 success=0.900 reward=+1.320 loss=-0.0443 entropy=0.668 time=39.6s
2026-05-12 16:55:00,114 - [robot_005] Round 35: tasks=700 success=0.950 reward=+1.410 loss=-0.0443 entropy=0.675 time=37.4s
2026-05-12 16:55:40,774 - [robot_005] Round 36: tasks=720 success=1.000 reward=+1.500 loss=-0.0432 entropy=0.666 time=31.8s
2026-05-12 16:56:51,539 - [robot_005] Round 37: tasks=740 success=0.950 reward=+1.410 loss=-0.0494 entropy=0.660 time=45.7s
2026-05-12 16:57:46,139 - [robot_005] Round 38: tasks=760 success=0.900 reward=+1.320 loss=-0.0494 entropy=0.660 time=38.5s
2026-05-12 16:58:39,960 - [robot_005] Round 39: tasks=780 success=0.950 reward=+1.410 loss=-0.0466 entropy=0.651 time=39.4s
2026-05-12 16:59:55,649 - [robot_005] Round 40: tasks=800 success=0.850 reward=+1.230 loss=-0.0453 entropy=0.659 time=54.1s
2026-05-12 17:00:32,303 - [robot_005] Round 41: tasks=820 success=0.950 reward=+1.410 loss=-0.0453 entropy=0.658 time=33.4s
2026-05-12 17:01:34,455 - [robot_005] Round 42: tasks=840 success=0.900 reward=+1.320 loss=-0.0622 entropy=0.650 time=46.3s
2026-05-12 17:02:23,938 - [robot_005] POLICY LOAD FAILED — /checkpoints/policy_weights.pt not visible in container (load_dir from redis = /checkpoints)
2026-05-12 17:02:29,725 - [robot_005] Round 43: tasks=860 success=0.950 reward=+1.410 loss=-0.0622 entropy=0.652 time=50.4s
2026-05-12 17:03:02,973 - [robot_005] Round 44: tasks=880 success=1.000 reward=+1.500 loss=-0.0548 entropy=0.650 time=32.5s
2026-05-12 17:04:11,908 - [robot_005] Round 45: tasks=900 success=0.950 reward=+1.410 loss=-0.0536 entropy=0.643 time=42.0s
2026-05-12 17:05:03,128 - [robot_005] Round 46: tasks=920 success=0.900 reward=+1.320 loss=-0.0536 entropy=0.647 time=37.8s
2026-05-12 17:06:02,008 - [robot_005] Round 47: tasks=940 success=0.950 reward=+1.410 loss=-0.0515 entropy=0.634 time=42.3s
2026-05-12 17:06:50,187 - [robot_005] Round 48: tasks=960 success=0.950 reward=+1.410 loss=-0.0564 entropy=0.636 time=33.6s
2026-05-12 17:08:00,597 - [robot_005] Round 49: tasks=980 success=0.900 reward=+1.320 loss=-0.0564 entropy=0.628 time=38.0s
2026-05-12 17:09:01,148 - [robot_005] Round 50: tasks=1000 success=1.000 reward=+1.500 loss=-0.0475 entropy=0.620 time=27.2s
2026-05-12 17:09:58,361 - [robot_005] POLICY LOAD FAILED — /checkpoints/policy_weights.pt not visible in container (load_dir from redis = /checkpoints)
2026-05-12 17:10:31,164 - [robot_005] Round 51: tasks=1020 success=0.950 reward=+1.410 loss=-0.0475 entropy=0.618 time=46.0s
2026-05-12 17:11:07,162 - [robot_005] Round 52: tasks=1040 success=1.000 reward=+1.500 loss=-0.0427 entropy=0.621 time=29.9s
2026-05-12 17:12:11,359 - [robot_005] Round 53: tasks=1060 success=0.950 reward=+1.410 loss=-0.0763 entropy=0.611 time=38.0s
2026-05-12 17:13:07,257 - [robot_005] Round 54: tasks=1080 success=0.900 reward=+1.320 loss=-0.0763 entropy=0.604 time=36.7s
2026-05-12 17:14:07,106 - [robot_005] Round 55: tasks=1100 success=1.000 reward=+1.500 loss=-0.0680 entropy=0.599 time=35.6s
2026-05-12 17:15:07,627 - [robot_005] Round 56: tasks=1120 success=0.950 reward=+1.410 loss=-0.0721 entropy=0.613 time=40.1s
2026-05-12 17:15:57,001 - [robot_005] Round 57: tasks=1140 success=0.950 reward=+1.410 loss=-0.0721 entropy=0.593 time=33.9s
2026-05-12 17:16:55,866 - [robot_005] Round 58: tasks=1160 success=0.900 reward=+1.320 loss=-0.0626 entropy=0.600 time=39.9s
2026-05-12 17:17:44,374 - [robot_005] Round 59: tasks=1180 success=0.950 reward=+1.410 loss=-0.0626 entropy=0.589 time=33.0s
2026-05-12 17:18:32,480 - [robot_005] Round 60: tasks=1200 success=1.000 reward=+1.500 loss=-0.0768 entropy=0.592 time=33.2s
DEBUG flwr 2026-05-12 17:18:53,624 | connection.py:139 | gRPC channel closed
2026-05-12 17:18:53,624 - gRPC channel closed
INFO flwr 2026-05-12 17:18:53,625 | app.py:215 | Disconnect and shut down
2026-05-12 17:18:53,625 - Disconnect and shut down
2026-05-12 17:18:53,625 - [robot_005] All FL rounds complete
2026-05-12 17:18:53,773 - [robot_005] Shutdown complete
