2026-05-12 16:28:38,154 - [robot_008] Starting — server=n016.cluster.pssclabs.com:8470 type=gpu_specialist
INFO flwr 2026-05-12 16:28:40,262 | grpc.py:49 | Opened insecure gRPC connection (no certificates were passed)
2026-05-12 16:28:40,262 - Opened insecure gRPC connection (no certificates were passed)
DEBUG flwr 2026-05-12 16:28:40,264 | connection.py:42 | ChannelConnectivity.IDLE
2026-05-12 16:28:40,264 - ChannelConnectivity.IDLE
DEBUG flwr 2026-05-12 16:28:40,269 | connection.py:42 | ChannelConnectivity.CONNECTING
2026-05-12 16:28:40,269 - ChannelConnectivity.CONNECTING
DEBUG flwr 2026-05-12 16:28:40,282 | connection.py:42 | ChannelConnectivity.READY
2026-05-12 16:28:40,282 - ChannelConnectivity.READY
2026-05-12 16:28:42,482 - [robot_008] Round 1: tasks=20 success=0.000 reward=-0.400 loss=0.0000 entropy=0.693 time=2.2s
2026-05-12 16:28:44,639 - [robot_008] Round 2: tasks=40 success=0.000 reward=-0.400 loss=0.0000 entropy=0.693 time=2.1s
2026-05-12 16:28:46,802 - [robot_008] Round 3: tasks=60 success=0.000 reward=-0.400 loss=0.0000 entropy=0.693 time=2.1s
2026-05-12 16:28:50,655 - [robot_008] Round 4: tasks=80 success=0.000 reward=-0.400 loss=-0.3725 entropy=0.693 time=3.8s
2026-05-12 16:28:55,285 - [robot_008] Round 5: tasks=100 success=0.200 reward=-0.020 loss=-0.3769 entropy=0.693 time=4.5s
2026-05-12 16:29:07,038 - [robot_008] Round 6: tasks=120 success=0.900 reward=+1.310 loss=-0.3769 entropy=0.693 time=11.6s
2026-05-12 16:29:23,283 - [robot_008] Round 7: tasks=140 success=0.800 reward=+1.120 loss=-0.0103 entropy=0.693 time=14.9s
2026-05-12 16:29:59,669 - [robot_008] Round 8: tasks=160 success=0.900 reward=+1.310 loss=-0.0124 entropy=0.693 time=19.7s
2026-05-12 16:31:00,718 - [robot_008] Round 9: tasks=180 success=0.900 reward=+1.320 loss=-0.0124 entropy=0.693 time=42.6s
2026-05-12 16:31:48,317 - [robot_008] Round 10: tasks=200 success=0.900 reward=+1.315 loss=-0.0156 entropy=0.692 time=38.0s
2026-05-12 16:32:42,267 - [robot_008] Round 11: tasks=220 success=0.900 reward=+1.320 loss=-0.0156 entropy=0.692 time=34.2s
2026-05-12 16:33:46,821 - [robot_008] Round 12: tasks=240 success=0.900 reward=+1.320 loss=-0.0174 entropy=0.692 time=45.4s
2026-05-12 16:34:45,117 - [robot_008] Round 13: tasks=260 success=0.950 reward=+1.410 loss=-0.0194 entropy=0.691 time=41.9s
2026-05-12 16:35:37,450 - [robot_008] Round 14: tasks=280 success=0.950 reward=+1.410 loss=-0.0194 entropy=0.691 time=35.2s
2026-05-12 16:36:12,775 - [robot_008] POLICY LOAD FAILED — /checkpoints/policy_weights.pt not visible in container (load_dir from redis = /checkpoints)
2026-05-12 16:36:37,120 - [robot_008] Round 15: tasks=300 success=0.950 reward=+1.410 loss=-0.0218 entropy=0.690 time=38.1s
2026-05-12 16:37:48,416 - [robot_008] Round 16: tasks=320 success=0.900 reward=+1.320 loss=-0.0233 entropy=0.690 time=51.0s
2026-05-12 16:38:24,798 - [robot_008] Round 17: tasks=340 success=1.000 reward=+1.500 loss=-0.0233 entropy=0.690 time=26.2s
2026-05-12 16:39:43,784 - [robot_008] Round 18: tasks=360 success=0.850 reward=+1.230 loss=-0.0262 entropy=0.688 time=49.1s
2026-05-12 16:40:42,974 - [robot_008] Round 19: tasks=380 success=0.900 reward=+1.320 loss=-0.0262 entropy=0.689 time=49.8s
2026-05-12 16:41:35,086 - [robot_008] Round 20: tasks=400 success=0.900 reward=+1.320 loss=-0.0239 entropy=0.687 time=48.5s
2026-05-12 16:42:20,856 - [robot_008] Round 21: tasks=420 success=1.000 reward=+1.500 loss=-0.0278 entropy=0.686 time=37.2s
2026-05-12 16:43:18,912 - [robot_008] Round 22: tasks=440 success=0.850 reward=+1.230 loss=-0.0278 entropy=0.686 time=38.2s
2026-05-12 16:44:01,613 - [robot_008] Round 23: tasks=460 success=1.000 reward=+1.500 loss=-0.0305 entropy=0.685 time=28.0s
2026-05-12 16:45:10,249 - [robot_008] Round 24: tasks=480 success=0.950 reward=+1.410 loss=-0.0325 entropy=0.683 time=42.5s
2026-05-12 16:45:37,481 - [robot_008] POLICY LOAD FAILED — /checkpoints/policy_weights.pt not visible in container (load_dir from redis = /checkpoints)
2026-05-12 16:46:10,978 - [robot_008] Round 25: tasks=500 success=0.950 reward=+1.410 loss=-0.0325 entropy=0.682 time=45.2s
2026-05-12 16:46:59,180 - [robot_008] Round 26: tasks=520 success=0.900 reward=+1.320 loss=-0.0332 entropy=0.679 time=40.9s
2026-05-12 16:47:43,247 - [robot_008] Round 27: tasks=540 success=1.000 reward=+1.500 loss=-0.0332 entropy=0.679 time=32.0s
2026-05-12 16:48:31,517 - [robot_008] Round 28: tasks=560 success=1.000 reward=+1.500 loss=-0.0354 entropy=0.679 time=26.2s
2026-05-12 16:49:43,178 - [robot_008] Round 29: tasks=580 success=0.950 reward=+1.410 loss=-0.0372 entropy=0.677 time=43.1s
2026-05-12 16:50:34,045 - [robot_008] Round 30: tasks=600 success=0.950 reward=+1.410 loss=-0.0372 entropy=0.677 time=41.9s
2026-05-12 16:51:18,210 - [robot_008] Round 31: tasks=620 success=1.000 reward=+1.500 loss=-0.0356 entropy=0.673 time=32.0s
2026-05-12 16:52:15,765 - [robot_008] Round 32: tasks=640 success=0.950 reward=+1.410 loss=-0.0496 entropy=0.671 time=34.6s
2026-05-12 16:53:00,178 - [robot_008] Round 33: tasks=660 success=1.000 reward=+1.500 loss=-0.0496 entropy=0.671 time=24.7s
2026-05-12 16:53:59,377 - [robot_008] Round 34: tasks=680 success=0.950 reward=+1.410 loss=-0.0453 entropy=0.671 time=35.0s
2026-05-12 16:54:36,119 - [robot_008] POLICY LOAD FAILED — /checkpoints/policy_weights.pt not visible in container (load_dir from redis = /checkpoints)
2026-05-12 16:55:00,312 - [robot_008] Round 35: tasks=700 success=1.000 reward=+1.500 loss=-0.0453 entropy=0.671 time=37.6s
2026-05-12 16:55:38,685 - [robot_008] Round 36: tasks=720 success=1.000 reward=+1.500 loss=-0.0357 entropy=0.663 time=29.7s
2026-05-12 16:56:49,879 - [robot_008] Round 37: tasks=740 success=0.950 reward=+1.410 loss=-0.0516 entropy=0.659 time=44.0s
2026-05-12 16:57:38,671 - [robot_008] Round 38: tasks=760 success=1.000 reward=+1.500 loss=-0.0516 entropy=0.660 time=31.0s
2026-05-12 16:58:33,184 - [robot_008] Round 39: tasks=780 success=1.000 reward=+1.500 loss=-0.0416 entropy=0.654 time=32.6s
2026-05-12 16:59:43,382 - [robot_008] Round 40: tasks=800 success=0.950 reward=+1.410 loss=-0.0532 entropy=0.655 time=41.8s
2026-05-12 17:00:28,710 - [robot_008] Round 41: tasks=820 success=1.000 reward=+1.500 loss=-0.0532 entropy=0.652 time=29.8s
2026-05-12 17:01:21,819 - [robot_008] Round 42: tasks=840 success=1.000 reward=+1.500 loss=-0.0442 entropy=0.646 time=33.7s
2026-05-12 17:02:12,835 - [robot_008] Round 43: tasks=860 success=0.950 reward=+1.410 loss=-0.0442 entropy=0.646 time=33.5s
2026-05-12 17:03:07,125 - [robot_008] Round 44: tasks=880 success=0.950 reward=+1.410 loss=-0.0582 entropy=0.645 time=36.7s
2026-05-12 17:03:41,074 - [robot_008] POLICY LOAD FAILED — /checkpoints/policy_weights.pt not visible in container (load_dir from redis = /checkpoints)
2026-05-12 17:04:15,832 - [robot_008] Round 45: tasks=900 success=1.000 reward=+1.500 loss=-0.0520 entropy=0.633 time=45.9s
2026-05-12 17:05:07,654 - [robot_008] Round 46: tasks=920 success=0.950 reward=+1.410 loss=-0.0520 entropy=0.640 time=42.4s
2026-05-12 17:05:51,529 - [robot_008] Round 47: tasks=940 success=1.000 reward=+1.500 loss=-0.0551 entropy=0.634 time=31.8s
2026-05-12 17:07:08,012 - [robot_008] Round 48: tasks=960 success=0.850 reward=+1.230 loss=-0.0381 entropy=0.635 time=51.4s
2026-05-12 17:08:00,587 - [robot_008] Round 49: tasks=980 success=0.900 reward=+1.320 loss=-0.0381 entropy=0.630 time=38.0s
2026-05-12 17:09:18,883 - [robot_008] Round 50: tasks=1000 success=0.900 reward=+1.320 loss=-0.0559 entropy=0.622 time=44.9s
2026-05-12 17:10:22,207 - [robot_008] Round 51: tasks=1020 success=1.000 reward=+1.500 loss=-0.0559 entropy=0.622 time=37.0s
2026-05-12 17:11:25,934 - [robot_008] POLICY LOAD FAILED — /checkpoints/policy_weights.pt not visible in container (load_dir from redis = /checkpoints)
2026-05-12 17:11:33,328 - [robot_008] Round 52: tasks=1040 success=0.950 reward=+1.410 loss=-0.0732 entropy=0.623 time=56.1s
2026-05-12 17:12:09,021 - [robot_008] Round 53: tasks=1060 success=0.950 reward=+1.410 loss=-0.0690 entropy=0.615 time=35.6s
2026-05-12 17:13:03,924 - [robot_008] Round 54: tasks=1080 success=0.950 reward=+1.410 loss=-0.0690 entropy=0.616 time=33.4s
2026-05-12 17:14:19,064 - [robot_008] Round 55: tasks=1100 success=0.900 reward=+1.320 loss=-0.0727 entropy=0.585 time=47.6s
2026-05-12 17:15:13,180 - [robot_008] Round 56: tasks=1120 success=0.850 reward=+1.230 loss=-0.0838 entropy=0.581 time=45.6s
2026-05-12 17:15:58,602 - [robot_008] Round 57: tasks=1140 success=1.000 reward=+1.500 loss=-0.0838 entropy=0.594 time=35.5s
2026-05-12 17:16:52,413 - [robot_008] Round 58: tasks=1160 success=0.950 reward=+1.410 loss=-0.0627 entropy=0.576 time=36.5s
2026-05-12 17:17:42,146 - [robot_008] Round 59: tasks=1180 success=0.900 reward=+1.320 loss=-0.0627 entropy=0.586 time=30.7s
2026-05-12 17:18:37,626 - [robot_008] Round 60: tasks=1200 success=1.000 reward=+1.500 loss=-0.0830 entropy=0.587 time=38.4s
DEBUG flwr 2026-05-12 17:18:53,624 | connection.py:139 | gRPC channel closed
2026-05-12 17:18:53,624 - gRPC channel closed
INFO flwr 2026-05-12 17:18:53,625 | app.py:215 | Disconnect and shut down
2026-05-12 17:18:53,625 - Disconnect and shut down
2026-05-12 17:18:53,625 - [robot_008] All FL rounds complete
2026-05-12 17:18:53,760 - [robot_008] Shutdown complete
