2026-05-12 16:28:10,205 - [robot_018] Starting — server=n016.cluster.pssclabs.com:8470 type=gpu_specialist
INFO flwr 2026-05-12 16:28:12,317 | grpc.py:49 | Opened insecure gRPC connection (no certificates were passed)
2026-05-12 16:28:12,317 - Opened insecure gRPC connection (no certificates were passed)
DEBUG flwr 2026-05-12 16:28:12,330 | connection.py:42 | ChannelConnectivity.CONNECTING
2026-05-12 16:28:12,330 - ChannelConnectivity.CONNECTING
DEBUG flwr 2026-05-12 16:28:12,395 | connection.py:42 | ChannelConnectivity.READY
2026-05-12 16:28:12,395 - ChannelConnectivity.READY
2026-05-12 16:28:42,486 - [robot_018] Round 1: tasks=20 success=0.000 reward=-0.400 loss=0.0000 entropy=0.693 time=2.2s
2026-05-12 16:28:44,632 - [robot_018] Round 2: tasks=40 success=0.000 reward=-0.400 loss=0.0000 entropy=0.693 time=2.1s
2026-05-12 16:28:46,797 - [robot_018] Round 3: tasks=60 success=0.000 reward=-0.400 loss=0.0000 entropy=0.693 time=2.1s
2026-05-12 16:28:50,671 - [robot_018] Round 4: tasks=80 success=0.000 reward=-0.400 loss=-0.3730 entropy=0.693 time=3.8s
2026-05-12 16:28:54,605 - [robot_018] Round 5: tasks=100 success=0.050 reward=-0.305 loss=-0.3774 entropy=0.693 time=3.8s
2026-05-12 16:29:08,294 - [robot_018] Round 6: tasks=120 success=0.900 reward=+1.310 loss=-0.3774 entropy=0.693 time=12.8s
2026-05-12 16:29:28,345 - [robot_018] Round 7: tasks=140 success=0.900 reward=+1.310 loss=-0.0096 entropy=0.693 time=20.0s
2026-05-12 16:30:02,777 - [robot_018] Round 8: tasks=160 success=0.800 reward=+1.120 loss=-0.0120 entropy=0.693 time=22.8s
2026-05-12 16:31:10,287 - [robot_018] Round 9: tasks=180 success=0.900 reward=+1.320 loss=-0.0120 entropy=0.693 time=52.1s
2026-05-12 16:32:00,452 - [robot_018] Round 10: tasks=200 success=0.900 reward=+1.320 loss=-0.0142 entropy=0.693 time=50.1s
2026-05-12 16:33:00,963 - [robot_018] Round 11: tasks=220 success=0.800 reward=+1.140 loss=-0.0142 entropy=0.692 time=52.9s
2026-05-12 16:33:35,656 - [robot_018] Round 12: tasks=240 success=0.950 reward=+1.410 loss=-0.0161 entropy=0.692 time=34.3s
2026-05-12 16:35:01,262 - [robot_018] Round 13: tasks=260 success=0.900 reward=+1.320 loss=-0.0176 entropy=0.692 time=58.0s
2026-05-12 16:35:35,745 - [robot_018] Round 14: tasks=280 success=0.950 reward=+1.410 loss=-0.0176 entropy=0.691 time=33.4s
2026-05-12 16:36:35,545 - [robot_018] Round 15: tasks=300 success=0.950 reward=+1.410 loss=-0.0208 entropy=0.691 time=36.5s
2026-05-12 16:37:38,770 - [robot_018] Round 16: tasks=320 success=0.950 reward=+1.410 loss=-0.0237 entropy=0.690 time=41.4s
2026-05-12 16:38:35,279 - [robot_018] Round 17: tasks=340 success=0.950 reward=+1.410 loss=-0.0237 entropy=0.690 time=36.6s
2026-05-12 16:39:31,508 - [robot_018] Round 18: tasks=360 success=1.000 reward=+1.500 loss=-0.0257 entropy=0.689 time=36.8s
2026-05-12 16:40:27,302 - [robot_018] Round 19: tasks=380 success=1.000 reward=+1.500 loss=-0.0257 entropy=0.688 time=34.1s
2026-05-12 16:40:56,670 - [robot_018] POLICY LOAD FAILED — /checkpoints/policy_weights.pt not visible in container (load_dir from redis = /checkpoints)
2026-05-12 16:41:29,186 - [robot_018] Round 20: tasks=400 success=1.000 reward=+1.500 loss=-0.0287 entropy=0.687 time=42.6s
2026-05-12 16:42:22,914 - [robot_018] Round 21: tasks=420 success=0.900 reward=+1.320 loss=-0.0279 entropy=0.687 time=39.3s
2026-05-12 16:43:28,835 - [robot_018] Round 22: tasks=440 success=0.850 reward=+1.230 loss=-0.0279 entropy=0.686 time=48.2s
2026-05-12 16:44:06,212 - [robot_018] Round 23: tasks=460 success=1.000 reward=+1.500 loss=-0.0293 entropy=0.686 time=32.5s
2026-05-12 16:45:12,201 - [robot_018] Round 24: tasks=480 success=0.900 reward=+1.320 loss=-0.0307 entropy=0.684 time=44.4s
2026-05-12 16:46:02,814 - [robot_018] Round 25: tasks=500 success=1.000 reward=+1.500 loss=-0.0307 entropy=0.683 time=37.0s
2026-05-12 16:46:53,894 - [robot_018] Round 26: tasks=520 success=0.950 reward=+1.410 loss=-0.0315 entropy=0.682 time=35.6s
2026-05-12 16:47:45,651 - [robot_018] Round 27: tasks=540 success=0.950 reward=+1.410 loss=-0.0315 entropy=0.681 time=34.4s
2026-05-12 16:48:38,285 - [robot_018] Round 28: tasks=560 success=0.950 reward=+1.410 loss=-0.0310 entropy=0.678 time=32.9s
2026-05-12 16:49:41,191 - [robot_018] Round 29: tasks=580 success=0.900 reward=+1.320 loss=-0.0360 entropy=0.677 time=41.2s
2026-05-12 16:50:06,366 - [robot_018] POLICY LOAD FAILED — /checkpoints/policy_weights.pt not visible in container (load_dir from redis = /checkpoints)
2026-05-12 16:50:33,860 - [robot_018] Round 30: tasks=600 success=1.000 reward=+1.500 loss=-0.0360 entropy=0.678 time=41.7s
2026-05-12 16:51:27,041 - [robot_018] Round 31: tasks=620 success=0.950 reward=+1.410 loss=-0.0355 entropy=0.675 time=40.8s
2026-05-12 16:52:26,568 - [robot_018] Round 32: tasks=640 success=0.900 reward=+1.320 loss=-0.0389 entropy=0.673 time=45.4s
2026-05-12 16:53:14,602 - [robot_018] Round 33: tasks=660 success=0.900 reward=+1.320 loss=-0.0389 entropy=0.671 time=39.1s
2026-05-12 16:54:01,912 - [robot_018] Round 34: tasks=680 success=0.900 reward=+1.320 loss=-0.0401 entropy=0.671 time=37.5s
2026-05-12 16:54:54,315 - [robot_018] Round 35: tasks=700 success=1.000 reward=+1.500 loss=-0.0401 entropy=0.669 time=31.6s
2026-05-12 16:55:58,712 - [robot_018] Round 36: tasks=720 success=0.850 reward=+1.230 loss=-0.0371 entropy=0.668 time=49.8s
2026-05-12 16:56:40,263 - [robot_018] Round 37: tasks=740 success=0.950 reward=+1.410 loss=-0.0400 entropy=0.663 time=34.4s
2026-05-12 16:57:52,258 - [robot_018] Round 38: tasks=760 success=0.850 reward=+1.230 loss=-0.0400 entropy=0.661 time=44.6s
2026-05-12 16:58:43,874 - [robot_018] Round 39: tasks=780 success=0.900 reward=+1.320 loss=-0.0418 entropy=0.659 time=43.3s
2026-05-12 16:59:13,751 - [robot_018] POLICY LOAD FAILED — /checkpoints/policy_weights.pt not visible in container (load_dir from redis = /checkpoints)
2026-05-12 16:59:43,478 - [robot_018] Round 40: tasks=800 success=0.950 reward=+1.410 loss=-0.0557 entropy=0.654 time=41.9s
2026-05-12 17:00:40,361 - [robot_018] Round 41: tasks=820 success=0.900 reward=+1.320 loss=-0.0557 entropy=0.651 time=41.5s
2026-05-12 17:01:29,054 - [robot_018] Round 42: tasks=840 success=0.900 reward=+1.320 loss=-0.0594 entropy=0.657 time=40.9s
2026-05-12 17:02:18,364 - [robot_018] Round 43: tasks=860 success=0.950 reward=+1.410 loss=-0.0594 entropy=0.645 time=39.0s
2026-05-12 17:03:19,491 - [robot_018] Round 44: tasks=880 success=0.900 reward=+1.320 loss=-0.0580 entropy=0.651 time=49.1s
2026-05-12 17:04:14,059 - [robot_018] Round 45: tasks=900 success=0.900 reward=+1.320 loss=-0.0468 entropy=0.642 time=44.2s
2026-05-12 17:05:03,048 - [robot_018] Round 46: tasks=920 success=0.950 reward=+1.410 loss=-0.0468 entropy=0.646 time=37.7s
2026-05-12 17:05:52,242 - [robot_018] Round 47: tasks=940 success=1.000 reward=+1.500 loss=-0.0509 entropy=0.631 time=32.5s
2026-05-12 17:06:51,120 - [robot_018] Round 48: tasks=960 success=0.950 reward=+1.410 loss=-0.0551 entropy=0.635 time=34.5s
2026-05-12 17:07:49,463 - [robot_018] Round 49: tasks=980 success=1.000 reward=+1.500 loss=-0.0551 entropy=0.623 time=26.8s
2026-05-12 17:08:46,800 - [robot_018] POLICY LOAD FAILED — /checkpoints/policy_weights.pt not visible in container (load_dir from redis = /checkpoints)
2026-05-12 17:09:17,586 - [robot_018] Round 50: tasks=1000 success=0.950 reward=+1.410 loss=-0.0547 entropy=0.627 time=43.6s
2026-05-12 17:10:25,042 - [robot_018] Round 51: tasks=1020 success=0.900 reward=+1.320 loss=-0.0547 entropy=0.638 time=39.8s
2026-05-12 17:11:23,440 - [robot_018] Round 52: tasks=1040 success=0.900 reward=+1.320 loss=-0.0740 entropy=0.611 time=46.2s
2026-05-12 17:12:20,655 - [robot_018] Round 53: tasks=1060 success=0.900 reward=+1.320 loss=-0.0606 entropy=0.608 time=47.3s
2026-05-12 17:13:14,092 - [robot_018] Round 54: tasks=1080 success=0.900 reward=+1.320 loss=-0.0606 entropy=0.623 time=43.5s
2026-05-12 17:14:24,791 - [robot_018] Round 55: tasks=1100 success=0.850 reward=+1.230 loss=-0.0624 entropy=0.600 time=53.3s
2026-05-12 17:15:03,681 - [robot_018] Round 56: tasks=1120 success=0.950 reward=+1.410 loss=-0.0439 entropy=0.600 time=36.1s
2026-05-12 17:16:05,694 - [robot_018] POLICY LOAD FAILED — /checkpoints/policy_weights.pt not visible in container (load_dir from redis = /checkpoints)
2026-05-12 17:16:11,973 - [robot_018] Round 57: tasks=1140 success=0.950 reward=+1.410 loss=-0.0439 entropy=0.603 time=48.9s
2026-05-12 17:17:00,485 - [robot_018] Round 58: tasks=1160 success=0.900 reward=+1.320 loss=-0.0707 entropy=0.602 time=44.5s
2026-05-12 17:17:49,603 - [robot_018] Round 59: tasks=1180 success=0.900 reward=+1.320 loss=-0.0707 entropy=0.589 time=38.2s
2026-05-12 17:18:44,472 - [robot_018] Round 60: tasks=1200 success=0.850 reward=+1.230 loss=-0.0774 entropy=0.594 time=45.2s
DEBUG flwr 2026-05-12 17:18:53,617 | connection.py:139 | gRPC channel closed
2026-05-12 17:18:53,617 - gRPC channel closed
INFO flwr 2026-05-12 17:18:53,617 | app.py:215 | Disconnect and shut down
2026-05-12 17:18:53,617 - Disconnect and shut down
2026-05-12 17:18:53,618 - [robot_018] All FL rounds complete
2026-05-12 17:18:53,758 - [robot_018] Shutdown complete
