2026-05-12 16:28:10,199 - [robot_012] Starting — server=n016.cluster.pssclabs.com:8470 type=gpu_specialist
INFO flwr 2026-05-12 16:28:12,317 | grpc.py:49 | Opened insecure gRPC connection (no certificates were passed)
2026-05-12 16:28:12,317 - Opened insecure gRPC connection (no certificates were passed)
DEBUG flwr 2026-05-12 16:28:12,330 | connection.py:42 | ChannelConnectivity.CONNECTING
2026-05-12 16:28:12,330 - ChannelConnectivity.CONNECTING
DEBUG flwr 2026-05-12 16:28:12,395 | connection.py:42 | ChannelConnectivity.READY
2026-05-12 16:28:12,395 - ChannelConnectivity.READY
2026-05-12 16:28:42,485 - [robot_012] Round 1: tasks=20 success=0.000 reward=-0.400 loss=0.0000 entropy=0.693 time=2.2s
2026-05-12 16:28:44,632 - [robot_012] Round 2: tasks=40 success=0.000 reward=-0.400 loss=0.0000 entropy=0.693 time=2.1s
2026-05-12 16:28:46,797 - [robot_012] Round 3: tasks=60 success=0.000 reward=-0.400 loss=0.0000 entropy=0.693 time=2.1s
2026-05-12 16:28:50,731 - [robot_012] Round 4: tasks=80 success=0.000 reward=-0.400 loss=-0.3729 entropy=0.693 time=3.9s
2026-05-12 16:28:55,440 - [robot_012] Round 5: tasks=100 success=0.150 reward=-0.115 loss=-0.3772 entropy=0.693 time=4.6s
2026-05-12 16:29:07,607 - [robot_012] Round 6: tasks=120 success=0.700 reward=+0.930 loss=-0.3772 entropy=0.693 time=12.1s
2026-05-12 16:29:38,511 - [robot_012] Round 7: tasks=140 success=0.900 reward=+1.315 loss=-0.0096 entropy=0.693 time=30.2s
2026-05-12 16:30:01,412 - [robot_012] Round 8: tasks=160 success=0.800 reward=+1.120 loss=-0.0121 entropy=0.693 time=21.4s
2026-05-12 16:31:07,915 - [robot_012] Round 9: tasks=180 success=0.850 reward=+1.225 loss=-0.0121 entropy=0.693 time=49.8s
2026-05-12 16:32:06,925 - [robot_012] Round 10: tasks=200 success=0.950 reward=+1.410 loss=-0.0150 entropy=0.692 time=56.6s
2026-05-12 16:32:59,923 - [robot_012] Round 11: tasks=220 success=0.900 reward=+1.320 loss=-0.0150 entropy=0.693 time=51.9s
2026-05-12 16:33:31,057 - [robot_012] Round 12: tasks=240 success=1.000 reward=+1.500 loss=-0.0178 entropy=0.692 time=29.7s
2026-05-12 16:35:00,953 - [robot_012] Round 13: tasks=260 success=0.850 reward=+1.230 loss=-0.0190 entropy=0.691 time=57.7s
2026-05-12 16:35:48,382 - [robot_012] Round 14: tasks=280 success=0.900 reward=+1.320 loss=-0.0190 entropy=0.691 time=46.1s
2026-05-12 16:36:55,517 - [robot_012] Round 15: tasks=300 success=0.900 reward=+1.320 loss=-0.0212 entropy=0.691 time=56.5s
2026-05-12 16:37:31,010 - [robot_012] Round 16: tasks=320 success=0.950 reward=+1.410 loss=-0.0238 entropy=0.691 time=33.6s
2026-05-12 16:38:11,419 - [robot_012] POLICY LOAD FAILED — /checkpoints/policy_weights.pt not visible in container (load_dir from redis = /checkpoints)
2026-05-12 16:38:47,809 - [robot_012] Round 17: tasks=340 success=0.900 reward=+1.320 loss=-0.0238 entropy=0.690 time=49.2s
2026-05-12 16:39:50,853 - [robot_012] Round 18: tasks=360 success=0.850 reward=+1.230 loss=-0.0248 entropy=0.689 time=56.2s
2026-05-12 16:40:43,527 - [robot_012] Round 19: tasks=380 success=0.900 reward=+1.320 loss=-0.0248 entropy=0.689 time=50.3s
2026-05-12 16:41:27,475 - [robot_012] Round 20: tasks=400 success=0.950 reward=+1.410 loss=-0.0269 entropy=0.687 time=40.9s
2026-05-12 16:42:12,000 - [robot_012] Round 21: tasks=420 success=1.000 reward=+1.500 loss=-0.0286 entropy=0.688 time=28.4s
2026-05-12 16:43:29,633 - [robot_012] Round 22: tasks=440 success=0.850 reward=+1.230 loss=-0.0286 entropy=0.687 time=49.0s
2026-05-12 16:44:27,739 - [robot_012] Round 23: tasks=460 success=0.950 reward=+1.410 loss=-0.0329 entropy=0.685 time=54.1s
2026-05-12 16:45:16,122 - [robot_012] Round 24: tasks=480 success=0.950 reward=+1.410 loss=-0.0301 entropy=0.683 time=48.3s
2026-05-12 16:46:11,663 - [robot_012] Round 25: tasks=500 success=0.900 reward=+1.320 loss=-0.0301 entropy=0.683 time=45.9s
2026-05-12 16:47:10,294 - [robot_012] Round 26: tasks=520 success=0.900 reward=+1.320 loss=-0.0328 entropy=0.681 time=52.0s
2026-05-12 16:47:24,429 - [robot_012] POLICY LOAD FAILED — /checkpoints/policy_weights.pt not visible in container (load_dir from redis = /checkpoints)
2026-05-12 16:48:00,767 - [robot_012] Round 27: tasks=540 success=0.950 reward=+1.410 loss=-0.0328 entropy=0.680 time=49.5s
2026-05-12 16:48:54,895 - [robot_012] Round 28: tasks=560 success=0.900 reward=+1.320 loss=-0.0355 entropy=0.680 time=49.6s
2026-05-12 16:49:37,836 - [robot_012] Round 29: tasks=580 success=0.950 reward=+1.410 loss=-0.0366 entropy=0.677 time=37.8s
2026-05-12 16:50:40,919 - [robot_012] Round 30: tasks=600 success=0.900 reward=+1.320 loss=-0.0366 entropy=0.677 time=48.8s
2026-05-12 16:51:39,631 - [robot_012] Round 31: tasks=620 success=0.900 reward=+1.320 loss=-0.0391 entropy=0.676 time=53.4s
2026-05-12 16:52:30,747 - [robot_012] Round 32: tasks=640 success=0.850 reward=+1.230 loss=-0.0354 entropy=0.670 time=49.6s
2026-05-12 16:53:24,247 - [robot_012] Round 33: tasks=660 success=0.900 reward=+1.320 loss=-0.0354 entropy=0.675 time=48.7s
2026-05-12 16:53:53,581 - [robot_012] Round 34: tasks=680 success=1.000 reward=+1.500 loss=-0.0382 entropy=0.671 time=29.2s
2026-05-12 16:55:07,327 - [robot_012] Round 35: tasks=700 success=0.950 reward=+1.410 loss=-0.0382 entropy=0.668 time=44.6s
2026-05-12 16:55:52,393 - [robot_012] Round 36: tasks=720 success=0.950 reward=+1.410 loss=-0.0466 entropy=0.667 time=43.4s
2026-05-12 16:56:20,573 - [robot_012] POLICY LOAD FAILED — /checkpoints/policy_weights.pt not visible in container (load_dir from redis = /checkpoints)
2026-05-12 16:56:57,466 - [robot_012] Round 37: tasks=740 success=0.950 reward=+1.410 loss=-0.0389 entropy=0.667 time=51.6s
2026-05-12 16:57:55,936 - [robot_012] Round 38: tasks=760 success=0.900 reward=+1.320 loss=-0.0389 entropy=0.664 time=48.3s
2026-05-12 16:58:54,948 - [robot_012] Round 39: tasks=780 success=0.900 reward=+1.320 loss=-0.0403 entropy=0.666 time=54.4s
2026-05-12 16:59:51,898 - [robot_012] Round 40: tasks=800 success=0.950 reward=+1.410 loss=-0.0367 entropy=0.660 time=50.4s
2026-05-12 17:00:24,475 - [robot_012] Round 41: tasks=820 success=1.000 reward=+1.500 loss=-0.0367 entropy=0.661 time=25.6s
2026-05-12 17:01:32,073 - [robot_012] Round 42: tasks=840 success=0.950 reward=+1.410 loss=-0.0458 entropy=0.647 time=43.9s
2026-05-12 17:02:17,894 - [robot_012] Round 43: tasks=860 success=0.950 reward=+1.410 loss=-0.0458 entropy=0.649 time=38.6s
2026-05-12 17:03:27,975 - [robot_012] Round 44: tasks=880 success=0.900 reward=+1.320 loss=-0.0469 entropy=0.643 time=57.5s
2026-05-12 17:04:16,505 - [robot_012] Round 45: tasks=900 success=0.900 reward=+1.320 loss=-0.0462 entropy=0.644 time=46.6s
2026-05-12 17:05:11,147 - [robot_012] Round 46: tasks=920 success=0.850 reward=+1.230 loss=-0.0462 entropy=0.650 time=45.8s
2026-05-12 17:05:33,398 - [robot_012] POLICY LOAD FAILED — /checkpoints/policy_weights.pt not visible in container (load_dir from redis = /checkpoints)
2026-05-12 17:06:12,192 - [robot_012] Round 47: tasks=940 success=0.950 reward=+1.410 loss=-0.0375 entropy=0.647 time=52.5s
2026-05-12 17:07:09,321 - [robot_012] Round 48: tasks=960 success=0.850 reward=+1.230 loss=-0.0584 entropy=0.626 time=52.7s
2026-05-12 17:08:06,227 - [robot_012] Round 49: tasks=980 success=0.950 reward=+1.410 loss=-0.0584 entropy=0.633 time=43.6s
2026-05-12 17:09:25,290 - [robot_012] Round 50: tasks=1000 success=0.900 reward=+1.320 loss=-0.0538 entropy=0.625 time=51.3s
2026-05-12 17:10:36,393 - [robot_012] Round 51: tasks=1020 success=0.900 reward=+1.320 loss=-0.0538 entropy=0.635 time=51.2s
2026-05-12 17:11:25,400 - [robot_012] Round 52: tasks=1040 success=0.950 reward=+1.410 loss=-0.0490 entropy=0.619 time=48.1s
2026-05-12 17:12:18,598 - [robot_012] Round 53: tasks=1060 success=0.900 reward=+1.320 loss=-0.0711 entropy=0.620 time=45.2s
2026-05-12 17:13:29,296 - [robot_012] POLICY LOAD FAILED — /checkpoints/policy_weights.pt not visible in container (load_dir from redis = /checkpoints)
2026-05-12 17:13:31,465 - [robot_012] Round 54: tasks=1080 success=0.950 reward=+1.410 loss=-0.0711 entropy=0.617 time=60.9s
2026-05-12 17:14:20,335 - [robot_012] Round 55: tasks=1100 success=0.850 reward=+1.230 loss=-0.0596 entropy=0.614 time=48.8s
2026-05-12 17:15:22,883 - [robot_012] Round 56: tasks=1120 success=0.950 reward=+1.410 loss=-0.0690 entropy=0.605 time=55.3s
2026-05-12 17:16:13,457 - [robot_012] Round 57: tasks=1140 success=0.900 reward=+1.320 loss=-0.0690 entropy=0.597 time=50.4s
2026-05-12 17:17:07,557 - [robot_012] Round 58: tasks=1160 success=0.950 reward=+1.410 loss=-0.0680 entropy=0.599 time=51.6s
2026-05-12 17:17:59,228 - [robot_012] Round 59: tasks=1180 success=0.950 reward=+1.410 loss=-0.0680 entropy=0.590 time=47.8s
2026-05-12 17:18:49,219 - [robot_012] Round 60: tasks=1200 success=0.900 reward=+1.320 loss=-0.0643 entropy=0.598 time=49.9s
DEBUG flwr 2026-05-12 17:18:53,625 | connection.py:139 | gRPC channel closed
2026-05-12 17:18:53,625 - gRPC channel closed
INFO flwr 2026-05-12 17:18:53,625 | app.py:215 | Disconnect and shut down
2026-05-12 17:18:53,625 - Disconnect and shut down
2026-05-12 17:18:53,625 - [robot_012] All FL rounds complete
2026-05-12 17:18:53,765 - [robot_012] Shutdown complete
