2026-05-12 16:28:38,154 - [robot_006] Starting — server=n016.cluster.pssclabs.com:8470 type=gpu_specialist
INFO flwr 2026-05-12 16:28:40,262 | grpc.py:49 | Opened insecure gRPC connection (no certificates were passed)
2026-05-12 16:28:40,262 - Opened insecure gRPC connection (no certificates were passed)
DEBUG flwr 2026-05-12 16:28:40,264 | connection.py:42 | ChannelConnectivity.IDLE
2026-05-12 16:28:40,264 - ChannelConnectivity.IDLE
DEBUG flwr 2026-05-12 16:28:40,269 | connection.py:42 | ChannelConnectivity.CONNECTING
2026-05-12 16:28:40,269 - ChannelConnectivity.CONNECTING
DEBUG flwr 2026-05-12 16:28:40,282 | connection.py:42 | ChannelConnectivity.READY
2026-05-12 16:28:40,282 - ChannelConnectivity.READY
2026-05-12 16:28:42,483 - [robot_006] Round 1: tasks=20 success=0.000 reward=-0.400 loss=0.0000 entropy=0.693 time=2.2s
2026-05-12 16:28:44,634 - [robot_006] Round 2: tasks=40 success=0.000 reward=-0.400 loss=0.0000 entropy=0.693 time=2.1s
2026-05-12 16:28:46,795 - [robot_006] Round 3: tasks=60 success=0.000 reward=-0.400 loss=0.0000 entropy=0.693 time=2.1s
2026-05-12 16:28:50,744 - [robot_006] Round 4: tasks=80 success=0.000 reward=-0.400 loss=-0.3723 entropy=0.693 time=3.9s
2026-05-12 16:28:54,483 - [robot_006] Round 5: tasks=100 success=0.000 reward=-0.400 loss=-0.3771 entropy=0.693 time=3.7s
2026-05-12 16:29:07,410 - [robot_006] Round 6: tasks=120 success=0.850 reward=+1.215 loss=-0.3771 entropy=0.693 time=11.9s
2026-05-12 16:29:25,947 - [robot_006] Round 7: tasks=140 success=0.900 reward=+1.310 loss=-0.0099 entropy=0.693 time=17.6s
2026-05-12 16:30:18,098 - [robot_006] Round 8: tasks=160 success=0.800 reward=+1.125 loss=-0.0119 entropy=0.693 time=38.1s
2026-05-12 16:30:54,571 - [robot_006] Round 9: tasks=180 success=0.950 reward=+1.410 loss=-0.0119 entropy=0.693 time=36.4s
2026-05-12 16:32:05,014 - [robot_006] Round 10: tasks=200 success=0.900 reward=+1.320 loss=-0.0150 entropy=0.692 time=54.7s
2026-05-12 16:33:00,000 - [robot_006] Round 11: tasks=220 success=0.850 reward=+1.230 loss=-0.0150 entropy=0.692 time=52.0s
2026-05-12 16:33:57,812 - [robot_006] Round 12: tasks=240 success=0.900 reward=+1.320 loss=-0.0173 entropy=0.692 time=56.4s
2026-05-12 16:34:50,038 - [robot_006] Round 13: tasks=260 success=0.900 reward=+1.320 loss=-0.0198 entropy=0.692 time=46.8s
2026-05-12 16:35:09,924 - [robot_006] POLICY LOAD FAILED — /checkpoints/policy_weights.pt not visible in container (load_dir from redis = /checkpoints)
2026-05-12 16:35:49,351 - [robot_006] Round 14: tasks=280 success=0.950 reward=+1.410 loss=-0.0198 entropy=0.691 time=47.1s
2026-05-12 16:36:25,720 - [robot_006] Round 15: tasks=300 success=1.000 reward=+1.500 loss=-0.0211 entropy=0.691 time=26.7s
2026-05-12 16:37:56,326 - [robot_006] Round 16: tasks=320 success=0.800 reward=+1.140 loss=-0.0241 entropy=0.690 time=58.9s
2026-05-12 16:38:48,287 - [robot_006] Round 17: tasks=340 success=0.850 reward=+1.230 loss=-0.0241 entropy=0.690 time=49.6s
2026-05-12 16:39:49,132 - [robot_006] Round 18: tasks=360 success=0.900 reward=+1.320 loss=-0.0261 entropy=0.689 time=54.5s
2026-05-12 16:40:36,193 - [robot_006] Round 19: tasks=380 success=0.950 reward=+1.410 loss=-0.0261 entropy=0.689 time=43.0s
2026-05-12 16:41:35,855 - [robot_006] Round 20: tasks=400 success=0.950 reward=+1.410 loss=-0.0284 entropy=0.688 time=49.3s
2026-05-12 16:42:40,491 - [robot_006] Round 21: tasks=420 success=0.900 reward=+1.320 loss=-0.0301 entropy=0.686 time=56.9s
2026-05-12 16:43:07,878 - [robot_006] Round 22: tasks=440 success=1.000 reward=+1.500 loss=-0.0301 entropy=0.687 time=27.2s
2026-05-12 16:44:21,555 - [robot_006] Round 23: tasks=460 success=0.900 reward=+1.320 loss=-0.0309 entropy=0.684 time=47.9s
2026-05-12 16:44:38,527 - [robot_006] POLICY LOAD FAILED — /checkpoints/policy_weights.pt not visible in container (load_dir from redis = /checkpoints)
2026-05-12 16:45:22,056 - [robot_006] Round 24: tasks=480 success=0.950 reward=+1.410 loss=-0.0313 entropy=0.683 time=54.3s
2026-05-12 16:46:18,278 - [robot_006] Round 25: tasks=500 success=0.850 reward=+1.230 loss=-0.0313 entropy=0.683 time=52.5s
2026-05-12 16:46:56,757 - [robot_006] Round 26: tasks=520 success=0.900 reward=+1.320 loss=-0.0334 entropy=0.681 time=38.4s
2026-05-12 16:47:50,224 - [robot_006] Round 27: tasks=540 success=0.900 reward=+1.320 loss=-0.0334 entropy=0.679 time=39.0s
2026-05-12 16:48:56,968 - [robot_006] Round 28: tasks=560 success=0.900 reward=+1.320 loss=-0.0370 entropy=0.676 time=51.6s
2026-05-12 16:49:44,516 - [robot_006] Round 29: tasks=580 success=0.950 reward=+1.410 loss=-0.0329 entropy=0.676 time=44.5s
2026-05-12 16:50:38,169 - [robot_006] Round 30: tasks=600 success=0.950 reward=+1.410 loss=-0.0329 entropy=0.677 time=46.1s
2026-05-12 16:51:35,475 - [robot_006] Round 31: tasks=620 success=0.850 reward=+1.230 loss=-0.0420 entropy=0.673 time=49.2s
2026-05-12 16:52:27,695 - [robot_006] Round 32: tasks=640 success=0.900 reward=+1.320 loss=-0.0479 entropy=0.671 time=46.5s
2026-05-12 16:53:07,088 - [robot_006] Round 33: tasks=660 success=0.950 reward=+1.410 loss=-0.0479 entropy=0.673 time=31.6s
2026-05-12 16:53:33,159 - [robot_006] POLICY LOAD FAILED — /checkpoints/policy_weights.pt not visible in container (load_dir from redis = /checkpoints)
2026-05-12 16:54:17,321 - [robot_006] Round 34: tasks=680 success=0.850 reward=+1.230 loss=-0.0466 entropy=0.669 time=52.9s
2026-05-12 16:55:03,105 - [robot_006] Round 35: tasks=700 success=0.950 reward=+1.410 loss=-0.0466 entropy=0.670 time=40.3s
2026-05-12 16:55:45,940 - [robot_006] Round 36: tasks=720 success=0.950 reward=+1.410 loss=-0.0396 entropy=0.666 time=37.0s
2026-05-12 16:56:56,467 - [robot_006] Round 37: tasks=740 success=0.900 reward=+1.320 loss=-0.0461 entropy=0.660 time=50.6s
2026-05-12 16:57:58,015 - [robot_006] Round 38: tasks=760 success=0.850 reward=+1.230 loss=-0.0461 entropy=0.664 time=50.4s
2026-05-12 16:58:44,588 - [robot_006] Round 39: tasks=780 success=0.850 reward=+1.230 loss=-0.0429 entropy=0.661 time=44.0s
2026-05-12 16:59:57,116 - [robot_006] Round 40: tasks=800 success=0.850 reward=+1.230 loss=-0.0536 entropy=0.650 time=55.6s
2026-05-12 17:00:41,688 - [robot_006] Round 41: tasks=820 success=0.900 reward=+1.320 loss=-0.0536 entropy=0.656 time=42.8s
2026-05-12 17:01:39,283 - [robot_006] Round 42: tasks=840 success=0.850 reward=+1.230 loss=-0.0429 entropy=0.655 time=51.2s
2026-05-12 17:02:30,375 - [robot_006] Round 43: tasks=860 success=0.800 reward=+1.140 loss=-0.0429 entropy=0.650 time=51.1s
2026-05-12 17:02:43,073 - [robot_006] POLICY LOAD FAILED — /checkpoints/policy_weights.pt not visible in container (load_dir from redis = /checkpoints)
2026-05-12 17:03:21,493 - [robot_006] Round 44: tasks=880 success=0.950 reward=+1.410 loss=-0.0427 entropy=0.645 time=51.1s
2026-05-12 17:04:18,036 - [robot_006] Round 45: tasks=900 success=0.950 reward=+1.410 loss=-0.0461 entropy=0.641 time=48.1s
2026-05-12 17:05:15,593 - [robot_006] Round 46: tasks=920 success=0.850 reward=+1.230 loss=-0.0461 entropy=0.642 time=50.3s
2026-05-12 17:06:08,703 - [robot_006] Round 47: tasks=940 success=0.900 reward=+1.320 loss=-0.0536 entropy=0.641 time=49.0s
2026-05-12 17:07:01,686 - [robot_006] Round 48: tasks=960 success=0.900 reward=+1.320 loss=-0.0571 entropy=0.637 time=45.1s
2026-05-12 17:08:04,340 - [robot_006] Round 49: tasks=980 success=0.850 reward=+1.230 loss=-0.0571 entropy=0.632 time=41.7s
2026-05-12 17:09:14,322 - [robot_006] Round 50: tasks=1000 success=0.950 reward=+1.410 loss=-0.0642 entropy=0.639 time=40.4s
2026-05-12 17:10:29,287 - [robot_006] POLICY LOAD FAILED — /checkpoints/policy_weights.pt not visible in container (load_dir from redis = /checkpoints)
2026-05-12 17:10:34,894 - [robot_006] Round 51: tasks=1020 success=1.000 reward=+1.500 loss=-0.0642 entropy=0.621 time=49.7s
2026-05-12 17:11:32,840 - [robot_006] Round 52: tasks=1040 success=0.850 reward=+1.230 loss=-0.0560 entropy=0.610 time=55.6s
2026-05-12 17:12:23,505 - [robot_006] Round 53: tasks=1060 success=0.900 reward=+1.320 loss=-0.0730 entropy=0.607 time=50.1s
2026-05-12 17:13:21,442 - [robot_006] Round 54: tasks=1080 success=0.850 reward=+1.230 loss=-0.0730 entropy=0.620 time=50.9s
2026-05-12 17:14:18,440 - [robot_006] Round 55: tasks=1100 success=0.900 reward=+1.320 loss=-0.0705 entropy=0.605 time=46.9s
2026-05-12 17:15:18,163 - [robot_006] Round 56: tasks=1120 success=0.950 reward=+1.410 loss=-0.0541 entropy=0.602 time=50.6s
2026-05-12 17:16:15,905 - [robot_006] Round 57: tasks=1140 success=0.850 reward=+1.230 loss=-0.0541 entropy=0.602 time=52.8s
2026-05-12 17:17:01,155 - [robot_006] Round 58: tasks=1160 success=0.900 reward=+1.320 loss=-0.0892 entropy=0.599 time=45.2s
2026-05-12 17:17:45,333 - [robot_006] Round 59: tasks=1180 success=0.950 reward=+1.410 loss=-0.0892 entropy=0.591 time=33.9s
2026-05-12 17:18:45,708 - [robot_006] Round 60: tasks=1200 success=0.900 reward=+1.320 loss=-0.0664 entropy=0.607 time=46.4s
DEBUG flwr 2026-05-12 17:18:53,618 | connection.py:139 | gRPC channel closed
2026-05-12 17:18:53,618 - gRPC channel closed
INFO flwr 2026-05-12 17:18:53,618 | app.py:215 | Disconnect and shut down
2026-05-12 17:18:53,618 - Disconnect and shut down
2026-05-12 17:18:53,618 - [robot_006] All FL rounds complete
2026-05-12 17:18:53,765 - [robot_006] Shutdown complete
