2026-05-12 16:28:38,154 - [robot_001] Starting — server=n016.cluster.pssclabs.com:8470 type=gpu_specialist
INFO flwr 2026-05-12 16:28:40,262 | grpc.py:49 | Opened insecure gRPC connection (no certificates were passed)
2026-05-12 16:28:40,262 - Opened insecure gRPC connection (no certificates were passed)
DEBUG flwr 2026-05-12 16:28:40,264 | connection.py:42 | ChannelConnectivity.IDLE
2026-05-12 16:28:40,264 - ChannelConnectivity.IDLE
DEBUG flwr 2026-05-12 16:28:40,269 | connection.py:42 | ChannelConnectivity.CONNECTING
2026-05-12 16:28:40,269 - ChannelConnectivity.CONNECTING
DEBUG flwr 2026-05-12 16:28:40,282 | connection.py:42 | ChannelConnectivity.READY
2026-05-12 16:28:40,282 - ChannelConnectivity.READY
2026-05-12 16:28:42,495 - [robot_001] Round 1: tasks=20 success=0.000 reward=-0.400 loss=0.0000 entropy=0.693 time=2.2s
2026-05-12 16:28:44,643 - [robot_001] Round 2: tasks=40 success=0.000 reward=-0.400 loss=0.0000 entropy=0.693 time=2.1s
2026-05-12 16:28:46,802 - [robot_001] Round 3: tasks=60 success=0.000 reward=-0.400 loss=0.0000 entropy=0.693 time=2.1s
2026-05-12 16:28:50,469 - [robot_001] Round 4: tasks=80 success=0.000 reward=-0.400 loss=-0.3729 entropy=0.693 time=3.6s
2026-05-12 16:28:54,860 - [robot_001] Round 5: tasks=100 success=0.050 reward=-0.305 loss=-0.3769 entropy=0.693 time=4.1s
2026-05-12 16:29:06,403 - [robot_001] Round 6: tasks=120 success=0.850 reward=+1.215 loss=-0.3769 entropy=0.693 time=10.9s
2026-05-12 16:29:24,521 - [robot_001] Round 7: tasks=140 success=0.850 reward=+1.215 loss=-0.0094 entropy=0.693 time=16.2s
2026-05-12 16:30:07,032 - [robot_001] Round 8: tasks=160 success=0.950 reward=+1.405 loss=-0.0120 entropy=0.693 time=27.0s
2026-05-12 16:31:07,848 - [robot_001] Round 9: tasks=180 success=0.900 reward=+1.320 loss=-0.0120 entropy=0.693 time=49.7s
2026-05-12 16:31:59,075 - [robot_001] Round 10: tasks=200 success=0.900 reward=+1.320 loss=-0.0144 entropy=0.693 time=48.7s
2026-05-12 16:32:58,543 - [robot_001] POLICY LOAD FAILED — /checkpoints/policy_weights.pt not visible in container (load_dir from redis = /checkpoints)
2026-05-12 16:33:01,151 - [robot_001] Round 11: tasks=220 success=0.950 reward=+1.410 loss=-0.0144 entropy=0.692 time=53.1s
2026-05-12 16:33:56,287 - [robot_001] Round 12: tasks=240 success=0.850 reward=+1.230 loss=-0.0154 entropy=0.692 time=54.9s
2026-05-12 16:34:40,486 - [robot_001] Round 13: tasks=260 success=0.950 reward=+1.410 loss=-0.0190 entropy=0.691 time=37.3s
2026-05-12 16:35:46,669 - [robot_001] Round 14: tasks=280 success=0.900 reward=+1.320 loss=-0.0190 entropy=0.692 time=44.4s
2026-05-12 16:36:33,024 - [robot_001] Round 15: tasks=300 success=0.950 reward=+1.410 loss=-0.0213 entropy=0.691 time=34.0s
2026-05-12 16:37:54,916 - [robot_001] Round 16: tasks=320 success=0.850 reward=+1.230 loss=-0.0229 entropy=0.689 time=57.5s
2026-05-12 16:38:50,467 - [robot_001] Round 17: tasks=340 success=0.900 reward=+1.320 loss=-0.0229 entropy=0.690 time=51.8s
2026-05-12 16:39:53,160 - [robot_001] Round 18: tasks=360 success=0.850 reward=+1.230 loss=-0.0234 entropy=0.690 time=58.5s
2026-05-12 16:40:46,513 - [robot_001] Round 19: tasks=380 success=0.850 reward=+1.230 loss=-0.0234 entropy=0.689 time=53.3s
2026-05-12 16:41:39,184 - [robot_001] Round 20: tasks=400 success=0.900 reward=+1.320 loss=-0.0277 entropy=0.688 time=52.6s
2026-05-12 16:42:30,894 - [robot_001] POLICY LOAD FAILED — /checkpoints/policy_weights.pt not visible in container (load_dir from redis = /checkpoints)
2026-05-12 16:42:40,497 - [robot_001] Round 21: tasks=420 success=0.950 reward=+1.410 loss=-0.0309 entropy=0.686 time=56.9s
2026-05-12 16:43:26,592 - [robot_001] Round 22: tasks=440 success=0.850 reward=+1.230 loss=-0.0309 entropy=0.686 time=45.9s
2026-05-12 16:44:19,676 - [robot_001] Round 23: tasks=460 success=0.900 reward=+1.320 loss=-0.0298 entropy=0.686 time=46.0s
2026-05-12 16:45:23,039 - [robot_001] Round 24: tasks=480 success=0.850 reward=+1.230 loss=-0.0321 entropy=0.683 time=55.3s
2026-05-12 16:46:11,892 - [robot_001] Round 25: tasks=500 success=0.900 reward=+1.320 loss=-0.0321 entropy=0.682 time=46.1s
2026-05-12 16:47:03,121 - [robot_001] Round 26: tasks=520 success=0.950 reward=+1.410 loss=-0.0314 entropy=0.682 time=44.8s
2026-05-12 16:47:47,275 - [robot_001] Round 27: tasks=540 success=0.900 reward=+1.320 loss=-0.0314 entropy=0.683 time=36.0s
2026-05-12 16:48:52,136 - [robot_001] Round 28: tasks=560 success=0.900 reward=+1.320 loss=-0.0325 entropy=0.679 time=46.8s
2026-05-12 16:49:50,022 - [robot_001] Round 29: tasks=580 success=0.900 reward=+1.320 loss=-0.0329 entropy=0.680 time=50.0s
2026-05-12 16:50:45,235 - [robot_001] Round 30: tasks=600 success=0.900 reward=+1.320 loss=-0.0329 entropy=0.678 time=53.1s
2026-05-12 16:51:33,252 - [robot_001] POLICY LOAD FAILED — /checkpoints/policy_weights.pt not visible in container (load_dir from redis = /checkpoints)
2026-05-12 16:51:37,709 - [robot_001] Round 31: tasks=620 success=1.000 reward=+1.500 loss=-0.0360 entropy=0.677 time=51.5s
2026-05-12 16:52:28,544 - [robot_001] Round 32: tasks=640 success=0.850 reward=+1.230 loss=-0.0363 entropy=0.671 time=47.4s
2026-05-12 16:52:59,792 - [robot_001] Round 33: tasks=660 success=1.000 reward=+1.500 loss=-0.0363 entropy=0.672 time=24.3s
2026-05-12 16:54:15,654 - [robot_001] Round 34: tasks=680 success=0.900 reward=+1.320 loss=-0.0422 entropy=0.669 time=51.2s
2026-05-12 16:54:54,155 - [robot_001] Round 35: tasks=700 success=0.950 reward=+1.410 loss=-0.0422 entropy=0.671 time=31.4s
2026-05-12 16:55:46,886 - [robot_001] Round 36: tasks=720 success=0.950 reward=+1.410 loss=-0.0433 entropy=0.661 time=37.9s
2026-05-12 16:57:01,423 - [robot_001] Round 37: tasks=740 success=0.850 reward=+1.230 loss=-0.0471 entropy=0.664 time=55.6s
2026-05-12 16:58:00,496 - [robot_001] Round 38: tasks=760 success=0.850 reward=+1.230 loss=-0.0471 entropy=0.664 time=52.9s
2026-05-12 16:58:48,400 - [robot_001] Round 39: tasks=780 success=0.950 reward=+1.410 loss=-0.0425 entropy=0.659 time=47.9s
2026-05-12 16:59:43,736 - [robot_001] Round 40: tasks=800 success=0.900 reward=+1.320 loss=-0.0573 entropy=0.651 time=42.2s
2026-05-12 17:00:46,117 - [robot_001] POLICY LOAD FAILED — /checkpoints/policy_weights.pt not visible in container (load_dir from redis = /checkpoints)
2026-05-12 17:00:48,074 - [robot_001] Round 41: tasks=820 success=0.900 reward=+1.320 loss=-0.0573 entropy=0.659 time=49.2s
2026-05-12 17:01:37,474 - [robot_001] Round 42: tasks=840 success=0.950 reward=+1.410 loss=-0.0457 entropy=0.648 time=49.3s
2026-05-12 17:02:29,932 - [robot_001] Round 43: tasks=860 success=0.900 reward=+1.320 loss=-0.0457 entropy=0.654 time=50.6s
2026-05-12 17:03:20,891 - [robot_001] Round 44: tasks=880 success=0.900 reward=+1.320 loss=-0.0435 entropy=0.646 time=50.5s
2026-05-12 17:04:22,305 - [robot_001] Round 45: tasks=900 success=0.900 reward=+1.320 loss=-0.0484 entropy=0.643 time=52.4s
2026-05-12 17:05:17,675 - [robot_001] Round 46: tasks=920 success=0.900 reward=+1.320 loss=-0.0484 entropy=0.644 time=52.4s
2026-05-12 17:06:10,426 - [robot_001] Round 47: tasks=940 success=0.900 reward=+1.320 loss=-0.0405 entropy=0.639 time=50.7s
2026-05-12 17:07:09,716 - [robot_001] Round 48: tasks=960 success=0.900 reward=+1.320 loss=-0.0514 entropy=0.635 time=53.1s
2026-05-12 17:08:08,137 - [robot_001] POLICY LOAD FAILED — /checkpoints/policy_weights.pt not visible in container (load_dir from redis = /checkpoints)
2026-05-12 17:08:12,457 - [robot_001] Round 49: tasks=980 success=1.000 reward=+1.500 loss=-0.0514 entropy=0.639 time=49.8s
2026-05-12 17:09:18,617 - [robot_001] Round 50: tasks=1000 success=0.900 reward=+1.320 loss=-0.0608 entropy=0.636 time=44.6s
2026-05-12 17:10:11,336 - [robot_001] Round 51: tasks=1020 success=1.000 reward=+1.500 loss=-0.0608 entropy=0.635 time=26.1s
2026-05-12 17:11:33,000 - [robot_001] Round 52: tasks=1040 success=0.850 reward=+1.230 loss=-0.0752 entropy=0.627 time=55.7s
2026-05-12 17:12:21,175 - [robot_001] Round 53: tasks=1060 success=0.900 reward=+1.320 loss=-0.0772 entropy=0.613 time=47.8s
2026-05-12 17:13:19,856 - [robot_001] Round 54: tasks=1080 success=0.950 reward=+1.410 loss=-0.0772 entropy=0.626 time=49.3s
2026-05-12 17:14:20,331 - [robot_001] Round 55: tasks=1100 success=0.900 reward=+1.320 loss=-0.0551 entropy=0.615 time=48.8s
2026-05-12 17:15:10,212 - [robot_001] Round 56: tasks=1120 success=0.950 reward=+1.410 loss=-0.0892 entropy=0.613 time=42.6s
2026-05-12 17:16:14,924 - [robot_001] Round 57: tasks=1140 success=0.900 reward=+1.320 loss=-0.0892 entropy=0.604 time=51.8s
2026-05-12 17:17:00,632 - [robot_001] Round 58: tasks=1160 success=0.900 reward=+1.320 loss=-0.0636 entropy=0.596 time=44.7s
2026-05-12 17:17:38,946 - [robot_001] Round 59: tasks=1180 success=1.000 reward=+1.500 loss=-0.0636 entropy=0.616 time=27.5s
2026-05-12 17:18:51,656 - [robot_001] Round 60: tasks=1200 success=0.850 reward=+1.230 loss=-0.0695 entropy=0.604 time=52.4s
DEBUG flwr 2026-05-12 17:18:53,625 | connection.py:139 | gRPC channel closed
2026-05-12 17:18:53,625 - gRPC channel closed
INFO flwr 2026-05-12 17:18:53,625 | app.py:215 | Disconnect and shut down
2026-05-12 17:18:53,625 - Disconnect and shut down
2026-05-12 17:18:53,626 - [robot_001] All FL rounds complete
2026-05-12 17:18:53,826 - [robot_001] Shutdown complete
