2026-05-12 16:28:10,203 - [robot_015] Starting — server=n016.cluster.pssclabs.com:8470 type=gpu_specialist
INFO flwr 2026-05-12 16:28:12,317 | grpc.py:49 | Opened insecure gRPC connection (no certificates were passed)
2026-05-12 16:28:12,317 - Opened insecure gRPC connection (no certificates were passed)
DEBUG flwr 2026-05-12 16:28:12,330 | connection.py:42 | ChannelConnectivity.IDLE
2026-05-12 16:28:12,330 - ChannelConnectivity.IDLE
DEBUG flwr 2026-05-12 16:28:12,335 | connection.py:42 | ChannelConnectivity.CONNECTING
2026-05-12 16:28:12,335 - ChannelConnectivity.CONNECTING
DEBUG flwr 2026-05-12 16:28:12,395 | connection.py:42 | ChannelConnectivity.READY
2026-05-12 16:28:12,395 - ChannelConnectivity.READY
2026-05-12 16:28:42,485 - [robot_015] Round 1: tasks=20 success=0.000 reward=-0.400 loss=0.0000 entropy=0.693 time=2.2s
2026-05-12 16:28:44,632 - [robot_015] Round 2: tasks=40 success=0.000 reward=-0.400 loss=0.0000 entropy=0.693 time=2.1s
2026-05-12 16:28:46,817 - [robot_015] Round 3: tasks=60 success=0.000 reward=-0.400 loss=0.0000 entropy=0.693 time=2.1s
2026-05-12 16:28:50,671 - [robot_015] Round 4: tasks=80 success=0.000 reward=-0.400 loss=-0.3725 entropy=0.693 time=3.8s
2026-05-12 16:28:55,230 - [robot_015] Round 5: tasks=100 success=0.150 reward=-0.115 loss=-0.3771 entropy=0.693 time=4.4s
2026-05-12 16:29:07,999 - [robot_015] Round 6: tasks=120 success=0.950 reward=+1.405 loss=-0.3771 entropy=0.693 time=12.5s
2026-05-12 16:29:39,429 - [robot_015] Round 7: tasks=140 success=0.850 reward=+1.220 loss=-0.0100 entropy=0.693 time=31.1s
2026-05-12 16:30:04,158 - [robot_015] Round 8: tasks=160 success=0.950 reward=+1.405 loss=-0.0127 entropy=0.693 time=24.1s
2026-05-12 16:31:01,943 - [robot_015] Round 9: tasks=180 success=0.950 reward=+1.410 loss=-0.0127 entropy=0.693 time=43.8s
2026-05-12 16:32:01,544 - [robot_015] Round 10: tasks=200 success=0.900 reward=+1.320 loss=-0.0154 entropy=0.692 time=51.2s
2026-05-12 16:32:45,778 - [robot_015] Round 11: tasks=220 success=0.900 reward=+1.320 loss=-0.0154 entropy=0.693 time=37.8s
2026-05-12 16:33:27,105 - [robot_015] Round 12: tasks=240 success=1.000 reward=+1.500 loss=-0.0175 entropy=0.692 time=25.7s
2026-05-12 16:34:43,007 - [robot_015] Round 13: tasks=260 success=0.950 reward=+1.410 loss=-0.0201 entropy=0.691 time=39.8s
2026-05-12 16:35:41,819 - [robot_015] Round 14: tasks=280 success=0.950 reward=+1.410 loss=-0.0201 entropy=0.691 time=39.5s
2026-05-12 16:36:44,488 - [robot_015] Round 15: tasks=300 success=0.850 reward=+1.230 loss=-0.0222 entropy=0.690 time=45.5s
2026-05-12 16:37:31,047 - [robot_015] Round 16: tasks=320 success=1.000 reward=+1.500 loss=-0.0256 entropy=0.689 time=33.7s
2026-05-12 16:38:39,195 - [robot_015] Round 17: tasks=340 success=0.950 reward=+1.410 loss=-0.0256 entropy=0.690 time=40.6s
2026-05-12 16:39:45,385 - [robot_015] POLICY LOAD FAILED — /checkpoints/policy_weights.pt not visible in container (load_dir from redis = /checkpoints)
2026-05-12 16:39:50,034 - [robot_015] Round 18: tasks=360 success=0.950 reward=+1.410 loss=-0.0253 entropy=0.689 time=55.4s
2026-05-12 16:40:41,016 - [robot_015] Round 19: tasks=380 success=0.850 reward=+1.230 loss=-0.0253 entropy=0.689 time=47.8s
2026-05-12 16:41:28,453 - [robot_015] Round 20: tasks=400 success=0.950 reward=+1.410 loss=-0.0271 entropy=0.688 time=41.9s
2026-05-12 16:42:21,957 - [robot_015] Round 21: tasks=420 success=0.950 reward=+1.410 loss=-0.0289 entropy=0.686 time=38.3s
2026-05-12 16:43:21,780 - [robot_015] Round 22: tasks=440 success=0.900 reward=+1.320 loss=-0.0289 entropy=0.687 time=41.1s
2026-05-12 16:44:20,161 - [robot_015] Round 23: tasks=460 success=0.950 reward=+1.410 loss=-0.0271 entropy=0.685 time=46.5s
2026-05-12 16:45:12,940 - [robot_015] Round 24: tasks=480 success=0.900 reward=+1.320 loss=-0.0317 entropy=0.683 time=45.2s
2026-05-12 16:46:08,861 - [robot_015] Round 25: tasks=500 success=0.900 reward=+1.320 loss=-0.0317 entropy=0.686 time=43.1s
2026-05-12 16:47:03,635 - [robot_015] Round 26: tasks=520 success=0.900 reward=+1.320 loss=-0.0369 entropy=0.682 time=45.3s
2026-05-12 16:47:52,979 - [robot_015] Round 27: tasks=540 success=0.900 reward=+1.320 loss=-0.0369 entropy=0.680 time=41.7s
2026-05-12 16:48:57,916 - [robot_015] POLICY LOAD FAILED — /checkpoints/policy_weights.pt not visible in container (load_dir from redis = /checkpoints)
2026-05-12 16:48:59,982 - [robot_015] Round 28: tasks=560 success=1.000 reward=+1.500 loss=-0.0369 entropy=0.677 time=54.6s
2026-05-12 16:49:29,493 - [robot_015] Round 29: tasks=580 success=0.950 reward=+1.410 loss=-0.0339 entropy=0.679 time=29.5s
2026-05-12 16:50:26,946 - [robot_015] Round 30: tasks=600 success=1.000 reward=+1.500 loss=-0.0339 entropy=0.677 time=34.8s
2026-05-12 16:51:32,616 - [robot_015] Round 31: tasks=620 success=0.900 reward=+1.320 loss=-0.0431 entropy=0.674 time=46.4s
2026-05-12 16:52:32,444 - [robot_015] Round 32: tasks=640 success=0.850 reward=+1.230 loss=-0.0363 entropy=0.667 time=51.3s
2026-05-12 16:53:10,257 - [robot_015] Round 33: tasks=660 success=0.950 reward=+1.410 loss=-0.0363 entropy=0.672 time=34.8s
2026-05-12 16:53:57,946 - [robot_015] Round 34: tasks=680 success=0.950 reward=+1.410 loss=-0.0429 entropy=0.666 time=33.5s
2026-05-12 16:54:56,392 - [robot_015] Round 35: tasks=700 success=0.950 reward=+1.410 loss=-0.0429 entropy=0.670 time=33.6s
2026-05-12 16:55:50,625 - [robot_015] Round 36: tasks=720 success=0.900 reward=+1.320 loss=-0.0371 entropy=0.664 time=41.7s
2026-05-12 16:56:46,881 - [robot_015] Round 37: tasks=740 success=0.950 reward=+1.410 loss=-0.0452 entropy=0.658 time=41.0s
2026-05-12 16:57:56,570 - [robot_015] POLICY LOAD FAILED — /checkpoints/policy_weights.pt not visible in container (load_dir from redis = /checkpoints)
2026-05-12 16:57:58,341 - [robot_015] Round 38: tasks=760 success=1.000 reward=+1.500 loss=-0.0452 entropy=0.669 time=50.7s
2026-05-12 16:58:43,489 - [robot_015] Round 39: tasks=780 success=0.900 reward=+1.320 loss=-0.0441 entropy=0.656 time=42.9s
2026-05-12 16:59:38,915 - [robot_015] Round 40: tasks=800 success=0.950 reward=+1.410 loss=-0.0395 entropy=0.653 time=37.4s
2026-05-12 17:00:28,341 - [robot_015] Round 41: tasks=820 success=0.950 reward=+1.410 loss=-0.0395 entropy=0.652 time=29.5s
2026-05-12 17:01:28,088 - [robot_015] Round 42: tasks=840 success=0.900 reward=+1.320 loss=-0.0522 entropy=0.655 time=40.0s
2026-05-12 17:02:25,047 - [robot_015] Round 43: tasks=860 success=0.900 reward=+1.320 loss=-0.0522 entropy=0.652 time=45.7s
2026-05-12 17:03:17,115 - [robot_015] Round 44: tasks=880 success=0.950 reward=+1.410 loss=-0.0546 entropy=0.649 time=46.7s
2026-05-12 17:04:14,068 - [robot_015] Round 45: tasks=900 success=0.900 reward=+1.320 loss=-0.0625 entropy=0.644 time=44.2s
2026-05-12 17:04:51,735 - [robot_015] Round 46: tasks=920 success=1.000 reward=+1.500 loss=-0.0625 entropy=0.641 time=26.4s
2026-05-12 17:05:56,150 - [robot_015] Round 47: tasks=940 success=0.950 reward=+1.410 loss=-0.0537 entropy=0.637 time=36.4s
2026-05-12 17:07:20,985 - [robot_015] POLICY LOAD FAILED — /checkpoints/policy_weights.pt not visible in container (load_dir from redis = /checkpoints)
2026-05-12 17:07:22,576 - [robot_015] Round 48: tasks=960 success=1.000 reward=+1.500 loss=-0.0634 entropy=0.634 time=66.0s
2026-05-12 17:07:53,282 - [robot_015] Round 49: tasks=980 success=0.950 reward=+1.410 loss=-0.0634 entropy=0.632 time=30.7s
2026-05-12 17:09:01,928 - [robot_015] Round 50: tasks=1000 success=1.000 reward=+1.500 loss=-0.0458 entropy=0.626 time=28.0s
2026-05-12 17:10:23,345 - [robot_015] Round 51: tasks=1020 success=0.900 reward=+1.320 loss=-0.0458 entropy=0.627 time=38.1s
2026-05-12 17:11:13,351 - [robot_015] Round 52: tasks=1040 success=1.000 reward=+1.500 loss=-0.0654 entropy=0.611 time=36.1s
2026-05-12 17:12:17,191 - [robot_015] Round 53: tasks=1060 success=0.900 reward=+1.320 loss=-0.0791 entropy=0.604 time=43.8s
2026-05-12 17:13:17,167 - [robot_015] Round 54: tasks=1080 success=0.850 reward=+1.230 loss=-0.0791 entropy=0.607 time=46.6s
2026-05-12 17:14:10,995 - [robot_015] Round 55: tasks=1100 success=0.950 reward=+1.410 loss=-0.0621 entropy=0.616 time=39.5s
2026-05-12 17:14:40,767 - [robot_015] POLICY LOAD FAILED — /checkpoints/policy_weights.pt not visible in container (load_dir from redis = /checkpoints)
2026-05-12 17:15:13,702 - [robot_015] Round 56: tasks=1120 success=1.000 reward=+1.500 loss=-0.0629 entropy=0.602 time=46.1s
2026-05-12 17:15:59,211 - [robot_015] Round 57: tasks=1140 success=0.950 reward=+1.410 loss=-0.0629 entropy=0.593 time=36.1s
2026-05-12 17:17:04,152 - [robot_015] Round 58: tasks=1160 success=0.900 reward=+1.320 loss=-0.0831 entropy=0.593 time=48.2s
2026-05-12 17:17:43,636 - [robot_015] Round 59: tasks=1180 success=0.950 reward=+1.410 loss=-0.0831 entropy=0.590 time=32.2s
2026-05-12 17:18:44,036 - [robot_015] Round 60: tasks=1200 success=0.900 reward=+1.320 loss=-0.0845 entropy=0.577 time=44.8s
DEBUG flwr 2026-05-12 17:18:53,625 | connection.py:139 | gRPC channel closed
2026-05-12 17:18:53,625 - gRPC channel closed
INFO flwr 2026-05-12 17:18:53,625 | app.py:215 | Disconnect and shut down
2026-05-12 17:18:53,625 - Disconnect and shut down
2026-05-12 17:18:53,625 - [robot_015] All FL rounds complete
2026-05-12 17:18:53,765 - [robot_015] Shutdown complete
