2026-05-12 16:28:38,154 - [robot_002] Starting — server=n016.cluster.pssclabs.com:8470 type=gpu_specialist
INFO flwr 2026-05-12 16:28:40,262 | grpc.py:49 | Opened insecure gRPC connection (no certificates were passed)
2026-05-12 16:28:40,262 - Opened insecure gRPC connection (no certificates were passed)
DEBUG flwr 2026-05-12 16:28:40,264 | connection.py:42 | ChannelConnectivity.IDLE
2026-05-12 16:28:40,264 - ChannelConnectivity.IDLE
DEBUG flwr 2026-05-12 16:28:40,269 | connection.py:42 | ChannelConnectivity.CONNECTING
2026-05-12 16:28:40,269 - ChannelConnectivity.CONNECTING
DEBUG flwr 2026-05-12 16:28:40,282 | connection.py:42 | ChannelConnectivity.READY
2026-05-12 16:28:40,282 - ChannelConnectivity.READY
2026-05-12 16:28:42,483 - [robot_002] Round 1: tasks=20 success=0.000 reward=-0.400 loss=0.0000 entropy=0.693 time=2.2s
2026-05-12 16:28:44,634 - [robot_002] Round 2: tasks=40 success=0.000 reward=-0.400 loss=0.0000 entropy=0.693 time=2.1s
2026-05-12 16:28:46,795 - [robot_002] Round 3: tasks=60 success=0.000 reward=-0.400 loss=0.0000 entropy=0.693 time=2.1s
2026-05-12 16:28:50,732 - [robot_002] Round 4: tasks=80 success=0.000 reward=-0.400 loss=-0.3726 entropy=0.693 time=3.9s
2026-05-12 16:28:54,480 - [robot_002] Round 5: tasks=100 success=0.000 reward=-0.400 loss=-0.3766 entropy=0.693 time=3.7s
2026-05-12 16:28:58,080 - [robot_002] Round 6: tasks=120 success=0.000 reward=-0.400 loss=-0.3766 entropy=0.693 time=2.6s
2026-05-12 16:29:23,727 - [robot_002] Round 7: tasks=140 success=0.700 reward=+0.930 loss=-0.0074 entropy=0.693 time=15.4s
2026-05-12 16:30:04,734 - [robot_002] Round 8: tasks=160 success=0.950 reward=+1.405 loss=-0.0115 entropy=0.693 time=24.7s
2026-05-12 16:31:08,650 - [robot_002] Round 9: tasks=180 success=0.900 reward=+1.320 loss=-0.0115 entropy=0.693 time=50.5s
2026-05-12 16:31:47,505 - [robot_002] Round 10: tasks=200 success=0.950 reward=+1.410 loss=-0.0136 entropy=0.692 time=37.2s
2026-05-12 16:32:58,221 - [robot_002] Round 11: tasks=220 success=0.900 reward=+1.320 loss=-0.0136 entropy=0.692 time=50.2s
2026-05-12 16:33:15,120 - [robot_002] POLICY LOAD FAILED — /checkpoints/policy_weights.pt not visible in container (load_dir from redis = /checkpoints)
2026-05-12 16:33:57,513 - [robot_002] Round 12: tasks=240 success=0.950 reward=+1.410 loss=-0.0168 entropy=0.692 time=56.1s
2026-05-12 16:34:43,210 - [robot_002] Round 13: tasks=260 success=0.950 reward=+1.410 loss=-0.0180 entropy=0.691 time=40.0s
2026-05-12 16:35:47,436 - [robot_002] Round 14: tasks=280 success=0.900 reward=+1.320 loss=-0.0180 entropy=0.692 time=45.1s
2026-05-12 16:36:28,154 - [robot_002] Round 15: tasks=300 success=0.950 reward=+1.410 loss=-0.0213 entropy=0.690 time=29.2s
2026-05-12 16:37:55,095 - [robot_002] Round 16: tasks=320 success=0.850 reward=+1.230 loss=-0.0226 entropy=0.690 time=57.7s
2026-05-12 16:38:46,666 - [robot_002] Round 17: tasks=340 success=0.900 reward=+1.320 loss=-0.0226 entropy=0.691 time=48.0s
2026-05-12 16:39:44,123 - [robot_002] Round 18: tasks=360 success=0.900 reward=+1.320 loss=-0.0262 entropy=0.689 time=49.4s
2026-05-12 16:40:35,293 - [robot_002] Round 19: tasks=380 success=0.950 reward=+1.410 loss=-0.0262 entropy=0.688 time=42.1s
2026-05-12 16:41:42,360 - [robot_002] Round 20: tasks=400 success=0.800 reward=+1.140 loss=-0.0269 entropy=0.687 time=55.8s
2026-05-12 16:42:40,045 - [robot_002] Round 21: tasks=420 success=0.850 reward=+1.230 loss=-0.0274 entropy=0.686 time=56.4s
2026-05-12 16:42:53,432 - [robot_002] POLICY LOAD FAILED — /checkpoints/policy_weights.pt not visible in container (load_dir from redis = /checkpoints)
2026-05-12 16:43:27,370 - [robot_002] Round 22: tasks=440 success=0.900 reward=+1.320 loss=-0.0274 entropy=0.686 time=46.7s
2026-05-12 16:44:23,223 - [robot_002] Round 23: tasks=460 success=0.900 reward=+1.320 loss=-0.0318 entropy=0.685 time=49.6s
2026-05-12 16:45:25,760 - [robot_002] Round 24: tasks=480 success=0.800 reward=+1.140 loss=-0.0364 entropy=0.684 time=58.0s
2026-05-12 16:46:06,498 - [robot_002] Round 25: tasks=500 success=0.950 reward=+1.410 loss=-0.0364 entropy=0.684 time=40.7s
2026-05-12 16:47:05,639 - [robot_002] Round 26: tasks=520 success=0.900 reward=+1.320 loss=-0.0356 entropy=0.683 time=47.3s
2026-05-12 16:47:53,959 - [robot_002] Round 27: tasks=540 success=0.900 reward=+1.320 loss=-0.0356 entropy=0.681 time=42.7s
2026-05-12 16:48:57,378 - [robot_002] Round 28: tasks=560 success=0.900 reward=+1.320 loss=-0.0330 entropy=0.679 time=52.0s
2026-05-12 16:49:48,955 - [robot_002] Round 29: tasks=580 success=0.850 reward=+1.230 loss=-0.0389 entropy=0.682 time=48.9s
2026-05-12 16:50:35,784 - [robot_002] Round 30: tasks=600 success=0.900 reward=+1.320 loss=-0.0389 entropy=0.677 time=43.7s
2026-05-12 16:51:30,233 - [robot_002] Round 31: tasks=620 success=0.950 reward=+1.410 loss=-0.0338 entropy=0.674 time=44.0s
2026-05-12 16:51:51,282 - [robot_002] POLICY LOAD FAILED — /checkpoints/policy_weights.pt not visible in container (load_dir from redis = /checkpoints)
2026-05-12 16:52:28,472 - [robot_002] Round 32: tasks=640 success=0.900 reward=+1.320 loss=-0.0431 entropy=0.675 time=47.3s
2026-05-12 16:53:15,302 - [robot_002] Round 33: tasks=660 success=0.950 reward=+1.410 loss=-0.0431 entropy=0.673 time=39.8s
2026-05-12 16:54:13,956 - [robot_002] Round 34: tasks=680 success=0.900 reward=+1.320 loss=-0.0423 entropy=0.668 time=49.5s
2026-05-12 16:55:03,879 - [robot_002] Round 35: tasks=700 success=0.950 reward=+1.410 loss=-0.0423 entropy=0.669 time=41.1s
2026-05-12 16:55:54,946 - [robot_002] Round 36: tasks=720 success=0.950 reward=+1.410 loss=-0.0426 entropy=0.666 time=46.0s
2026-05-12 16:57:02,263 - [robot_002] Round 37: tasks=740 success=0.800 reward=+1.140 loss=-0.0376 entropy=0.666 time=56.4s
2026-05-12 16:57:46,965 - [robot_002] Round 38: tasks=760 success=0.950 reward=+1.410 loss=-0.0376 entropy=0.661 time=39.3s
2026-05-12 16:58:53,354 - [robot_002] Round 39: tasks=780 success=0.850 reward=+1.230 loss=-0.0473 entropy=0.658 time=52.8s
2026-05-12 16:59:54,900 - [robot_002] Round 40: tasks=800 success=0.900 reward=+1.320 loss=-0.0538 entropy=0.656 time=53.4s
2026-05-12 17:00:33,161 - [robot_002] Round 41: tasks=820 success=0.950 reward=+1.410 loss=-0.0538 entropy=0.652 time=34.3s
2026-05-12 17:01:00,912 - [robot_002] POLICY LOAD FAILED — /checkpoints/policy_weights.pt not visible in container (load_dir from redis = /checkpoints)
2026-05-12 17:01:30,936 - [robot_002] Round 42: tasks=840 success=0.950 reward=+1.410 loss=-0.0520 entropy=0.654 time=42.8s
2026-05-12 17:02:26,045 - [robot_002] Round 43: tasks=860 success=0.900 reward=+1.320 loss=-0.0520 entropy=0.651 time=46.7s
2026-05-12 17:03:16,576 - [robot_002] Round 44: tasks=880 success=0.850 reward=+1.230 loss=-0.0544 entropy=0.650 time=46.1s
2026-05-12 17:04:11,643 - [robot_002] Round 45: tasks=900 success=0.900 reward=+1.320 loss=-0.0427 entropy=0.649 time=41.7s
2026-05-12 17:05:14,522 - [robot_002] Round 46: tasks=920 success=0.900 reward=+1.320 loss=-0.0427 entropy=0.651 time=49.2s
2026-05-12 17:05:53,891 - [robot_002] Round 47: tasks=940 success=0.950 reward=+1.410 loss=-0.0701 entropy=0.636 time=34.1s
2026-05-12 17:07:09,571 - [robot_002] Round 48: tasks=960 success=0.900 reward=+1.320 loss=-0.0650 entropy=0.633 time=53.0s
2026-05-12 17:08:20,345 - [robot_002] POLICY LOAD FAILED — /checkpoints/policy_weights.pt not visible in container (load_dir from redis = /checkpoints)
2026-05-12 17:08:22,263 - [robot_002] Round 49: tasks=980 success=0.950 reward=+1.410 loss=-0.0650 entropy=0.639 time=59.6s
2026-05-12 17:09:11,708 - [robot_002] Round 50: tasks=1000 success=0.950 reward=+1.410 loss=-0.0581 entropy=0.628 time=37.7s
2026-05-12 17:10:31,728 - [robot_002] Round 51: tasks=1020 success=0.900 reward=+1.320 loss=-0.0581 entropy=0.632 time=46.5s
2026-05-12 17:11:24,912 - [robot_002] Round 52: tasks=1040 success=0.850 reward=+1.230 loss=-0.0674 entropy=0.618 time=47.7s
2026-05-12 17:12:26,627 - [robot_002] Round 53: tasks=1060 success=0.850 reward=+1.230 loss=-0.0664 entropy=0.614 time=53.3s
2026-05-12 17:13:16,972 - [robot_002] Round 54: tasks=1080 success=0.900 reward=+1.320 loss=-0.0664 entropy=0.618 time=46.4s
2026-05-12 17:14:16,709 - [robot_002] Round 55: tasks=1100 success=0.950 reward=+1.410 loss=-0.0551 entropy=0.623 time=45.2s
2026-05-12 17:15:21,075 - [robot_002] Round 56: tasks=1120 success=0.800 reward=+1.140 loss=-0.0592 entropy=0.599 time=53.5s
2026-05-12 17:16:09,625 - [robot_002] Round 57: tasks=1140 success=0.950 reward=+1.410 loss=-0.0592 entropy=0.614 time=46.5s
2026-05-12 17:16:44,196 - [robot_002] Round 58: tasks=1160 success=1.000 reward=+1.500 loss=-0.0772 entropy=0.590 time=28.3s
2026-05-12 17:17:49,548 - [robot_002] Round 59: tasks=1180 success=0.900 reward=+1.320 loss=-0.0772 entropy=0.601 time=38.1s
2026-05-12 17:18:30,051 - [robot_002] Round 60: tasks=1200 success=1.000 reward=+1.500 loss=-0.0703 entropy=0.598 time=30.8s
DEBUG flwr 2026-05-12 17:18:53,625 | connection.py:139 | gRPC channel closed
2026-05-12 17:18:53,625 - gRPC channel closed
INFO flwr 2026-05-12 17:18:53,625 | app.py:215 | Disconnect and shut down
2026-05-12 17:18:53,625 - Disconnect and shut down
2026-05-12 17:18:53,625 - [robot_002] All FL rounds complete
2026-05-12 17:18:53,771 - [robot_002] Shutdown complete
