2026-05-12 16:28:38,154 - [robot_007] Starting — server=n016.cluster.pssclabs.com:8470 type=gpu_specialist
INFO flwr 2026-05-12 16:28:40,262 | grpc.py:49 | Opened insecure gRPC connection (no certificates were passed)
2026-05-12 16:28:40,262 - Opened insecure gRPC connection (no certificates were passed)
DEBUG flwr 2026-05-12 16:28:40,264 | connection.py:42 | ChannelConnectivity.IDLE
2026-05-12 16:28:40,264 - ChannelConnectivity.IDLE
DEBUG flwr 2026-05-12 16:28:40,269 | connection.py:42 | ChannelConnectivity.CONNECTING
2026-05-12 16:28:40,269 - ChannelConnectivity.CONNECTING
DEBUG flwr 2026-05-12 16:28:40,282 | connection.py:42 | ChannelConnectivity.READY
2026-05-12 16:28:40,282 - ChannelConnectivity.READY
2026-05-12 16:28:42,482 - [robot_007] Round 1: tasks=20 success=0.000 reward=-0.400 loss=0.0000 entropy=0.693 time=2.2s
2026-05-12 16:28:44,632 - [robot_007] Round 2: tasks=40 success=0.000 reward=-0.400 loss=0.0000 entropy=0.693 time=2.1s
2026-05-12 16:28:46,796 - [robot_007] Round 3: tasks=60 success=0.000 reward=-0.400 loss=0.0000 entropy=0.693 time=2.1s
2026-05-12 16:28:50,673 - [robot_007] Round 4: tasks=80 success=0.000 reward=-0.400 loss=-0.3727 entropy=0.693 time=3.8s
2026-05-12 16:28:54,987 - [robot_007] Round 5: tasks=100 success=0.100 reward=-0.210 loss=-0.3766 entropy=0.693 time=4.2s
2026-05-12 16:29:07,056 - [robot_007] Round 6: tasks=120 success=0.900 reward=+1.310 loss=-0.3766 entropy=0.693 time=11.6s
2026-05-12 16:29:25,756 - [robot_007] Round 7: tasks=140 success=0.900 reward=+1.310 loss=-0.0101 entropy=0.693 time=17.4s
2026-05-12 16:30:14,506 - [robot_007] Round 8: tasks=160 success=0.900 reward=+1.315 loss=-0.0120 entropy=0.693 time=34.5s
2026-05-12 16:31:01,698 - [robot_007] Round 9: tasks=180 success=0.900 reward=+1.320 loss=-0.0120 entropy=0.693 time=43.6s
2026-05-12 16:31:54,133 - [robot_007] Round 10: tasks=200 success=0.950 reward=+1.410 loss=-0.0147 entropy=0.692 time=43.8s
2026-05-12 16:32:50,564 - [robot_007] Round 11: tasks=220 success=0.900 reward=+1.320 loss=-0.0147 entropy=0.692 time=42.5s
2026-05-12 16:33:39,840 - [robot_007] Round 12: tasks=240 success=1.000 reward=+1.500 loss=-0.0162 entropy=0.692 time=38.5s
2026-05-12 16:34:30,456 - [robot_007] Round 13: tasks=260 success=1.000 reward=+1.500 loss=-0.0198 entropy=0.691 time=27.2s
2026-05-12 16:35:56,756 - [robot_007] POLICY LOAD FAILED — /checkpoints/policy_weights.pt not visible in container (load_dir from redis = /checkpoints)
2026-05-12 16:35:58,953 - [robot_007] Round 14: tasks=280 success=1.000 reward=+1.500 loss=-0.0198 entropy=0.691 time=56.7s
2026-05-12 16:36:28,614 - [robot_007] Round 15: tasks=300 success=1.000 reward=+1.500 loss=-0.0211 entropy=0.690 time=29.6s
2026-05-12 16:37:39,379 - [robot_007] Round 16: tasks=320 success=0.900 reward=+1.320 loss=-0.0218 entropy=0.690 time=42.0s
2026-05-12 16:38:32,526 - [robot_007] Round 17: tasks=340 success=0.950 reward=+1.410 loss=-0.0218 entropy=0.690 time=33.9s
2026-05-12 16:39:29,397 - [robot_007] Round 18: tasks=360 success=1.000 reward=+1.500 loss=-0.0260 entropy=0.688 time=34.7s
2026-05-12 16:40:26,344 - [robot_007] Round 19: tasks=380 success=0.950 reward=+1.410 loss=-0.0260 entropy=0.689 time=33.1s
2026-05-12 16:41:40,950 - [robot_007] Round 20: tasks=400 success=0.850 reward=+1.230 loss=-0.0278 entropy=0.687 time=54.4s
2026-05-12 16:42:15,392 - [robot_007] Round 21: tasks=420 success=1.000 reward=+1.500 loss=-0.0308 entropy=0.685 time=31.8s
2026-05-12 16:43:14,715 - [robot_007] Round 22: tasks=440 success=0.900 reward=+1.320 loss=-0.0308 entropy=0.686 time=34.0s
2026-05-12 16:44:13,391 - [robot_007] Round 23: tasks=460 success=0.950 reward=+1.410 loss=-0.0305 entropy=0.685 time=39.7s
2026-05-12 16:45:18,564 - [robot_007] POLICY LOAD FAILED — /checkpoints/policy_weights.pt not visible in container (load_dir from redis = /checkpoints)
2026-05-12 16:45:24,269 - [robot_007] Round 24: tasks=480 success=0.950 reward=+1.410 loss=-0.0299 entropy=0.684 time=56.5s
2026-05-12 16:46:05,569 - [robot_007] Round 25: tasks=500 success=0.900 reward=+1.320 loss=-0.0299 entropy=0.682 time=39.8s
2026-05-12 16:46:58,256 - [robot_007] Round 26: tasks=520 success=0.900 reward=+1.320 loss=-0.0308 entropy=0.681 time=39.9s
2026-05-12 16:47:44,923 - [robot_007] Round 27: tasks=540 success=0.950 reward=+1.410 loss=-0.0308 entropy=0.679 time=33.7s
2026-05-12 16:48:36,421 - [robot_007] Round 28: tasks=560 success=1.000 reward=+1.500 loss=-0.0368 entropy=0.678 time=31.1s
2026-05-12 16:49:39,587 - [robot_007] Round 29: tasks=580 success=0.900 reward=+1.320 loss=-0.0395 entropy=0.676 time=39.6s
2026-05-12 16:50:37,412 - [robot_007] Round 30: tasks=600 success=0.950 reward=+1.410 loss=-0.0395 entropy=0.677 time=45.3s
2026-05-12 16:51:17,710 - [robot_007] Round 31: tasks=620 success=0.950 reward=+1.410 loss=-0.0357 entropy=0.674 time=31.5s
2026-05-12 16:52:14,729 - [robot_007] Round 32: tasks=640 success=1.000 reward=+1.500 loss=-0.0408 entropy=0.670 time=33.6s
2026-05-12 16:53:02,140 - [robot_007] Round 33: tasks=660 success=1.000 reward=+1.500 loss=-0.0408 entropy=0.671 time=26.6s
2026-05-12 16:54:20,984 - [robot_007] POLICY LOAD FAILED — /checkpoints/policy_weights.pt not visible in container (load_dir from redis = /checkpoints)
2026-05-12 16:54:22,716 - [robot_007] Round 34: tasks=680 success=1.000 reward=+1.500 loss=-0.0403 entropy=0.665 time=58.3s
2026-05-12 16:54:54,174 - [robot_007] Round 35: tasks=700 success=1.000 reward=+1.500 loss=-0.0403 entropy=0.665 time=31.4s
2026-05-12 16:55:44,939 - [robot_007] Round 36: tasks=720 success=0.900 reward=+1.320 loss=-0.0389 entropy=0.664 time=36.0s
2026-05-12 16:56:37,387 - [robot_007] Round 37: tasks=740 success=0.950 reward=+1.410 loss=-0.0379 entropy=0.667 time=31.5s
2026-05-12 16:57:54,180 - [robot_007] Round 38: tasks=760 success=0.850 reward=+1.230 loss=-0.0379 entropy=0.655 time=46.6s
2026-05-12 16:58:43,306 - [robot_007] Round 39: tasks=780 success=0.900 reward=+1.320 loss=-0.0393 entropy=0.658 time=42.8s
2026-05-12 16:59:48,926 - [robot_007] Round 40: tasks=800 success=0.850 reward=+1.230 loss=-0.0536 entropy=0.650 time=47.4s
2026-05-12 17:00:34,400 - [robot_007] Round 41: tasks=820 success=0.950 reward=+1.410 loss=-0.0536 entropy=0.648 time=35.5s
2026-05-12 17:01:23,465 - [robot_007] Round 42: tasks=840 success=1.000 reward=+1.500 loss=-0.0565 entropy=0.641 time=35.3s
2026-05-12 17:02:13,887 - [robot_007] Round 43: tasks=860 success=1.000 reward=+1.500 loss=-0.0565 entropy=0.642 time=34.6s
2026-05-12 17:03:25,647 - [robot_007] POLICY LOAD FAILED — /checkpoints/policy_weights.pt not visible in container (load_dir from redis = /checkpoints)
2026-05-12 17:03:27,863 - [robot_007] Round 44: tasks=880 success=0.900 reward=+1.320 loss=-0.0522 entropy=0.647 time=57.4s
2026-05-12 17:04:16,885 - [robot_007] Round 45: tasks=900 success=0.900 reward=+1.320 loss=-0.0559 entropy=0.637 time=47.0s
2026-05-12 17:05:08,604 - [robot_007] Round 46: tasks=920 success=0.900 reward=+1.320 loss=-0.0559 entropy=0.634 time=43.3s
2026-05-12 17:05:56,258 - [robot_007] Round 47: tasks=940 success=0.950 reward=+1.410 loss=-0.0546 entropy=0.632 time=36.5s
2026-05-12 17:06:52,531 - [robot_007] Round 48: tasks=960 success=0.950 reward=+1.410 loss=-0.0378 entropy=0.629 time=35.9s
2026-05-12 17:08:01,468 - [robot_007] Round 49: tasks=980 success=0.950 reward=+1.410 loss=-0.0378 entropy=0.624 time=38.8s
2026-05-12 17:09:15,104 - [robot_007] Round 50: tasks=1000 success=0.950 reward=+1.410 loss=-0.0519 entropy=0.624 time=41.1s
2026-05-12 17:10:26,483 - [robot_007] Round 51: tasks=1020 success=0.900 reward=+1.320 loss=-0.0519 entropy=0.623 time=41.3s
2026-05-12 17:10:47,945 - [robot_007] POLICY LOAD FAILED — /checkpoints/policy_weights.pt not visible in container (load_dir from redis = /checkpoints)
2026-05-12 17:11:25,315 - [robot_007] Round 52: tasks=1040 success=1.000 reward=+1.500 loss=-0.0705 entropy=0.606 time=48.1s
2026-05-12 17:12:03,785 - [robot_007] Round 53: tasks=1060 success=1.000 reward=+1.500 loss=-0.0676 entropy=0.612 time=30.4s
2026-05-12 17:13:02,493 - [robot_007] Round 54: tasks=1080 success=0.950 reward=+1.410 loss=-0.0676 entropy=0.617 time=31.9s
2026-05-12 17:14:17,303 - [robot_007] Round 55: tasks=1100 success=0.900 reward=+1.320 loss=-0.0770 entropy=0.602 time=45.8s
2026-05-12 17:15:08,240 - [robot_007] Round 56: tasks=1120 success=0.900 reward=+1.320 loss=-0.0722 entropy=0.611 time=40.7s
2026-05-12 17:16:07,555 - [robot_007] Round 57: tasks=1140 success=0.900 reward=+1.320 loss=-0.0722 entropy=0.591 time=44.5s
2026-05-12 17:16:52,254 - [robot_007] Round 58: tasks=1160 success=0.900 reward=+1.320 loss=-0.0639 entropy=0.581 time=36.3s
2026-05-12 17:17:47,424 - [robot_007] Round 59: tasks=1180 success=0.950 reward=+1.410 loss=-0.0639 entropy=0.591 time=36.0s
2026-05-12 17:18:40,931 - [robot_007] Round 60: tasks=1200 success=0.900 reward=+1.320 loss=-0.0719 entropy=0.590 time=41.7s
DEBUG flwr 2026-05-12 17:18:53,618 | connection.py:139 | gRPC channel closed
2026-05-12 17:18:53,618 - gRPC channel closed
INFO flwr 2026-05-12 17:18:53,618 | app.py:215 | Disconnect and shut down
2026-05-12 17:18:53,618 - Disconnect and shut down
2026-05-12 17:18:53,618 - [robot_007] All FL rounds complete
2026-05-12 17:18:53,762 - [robot_007] Shutdown complete
