2026-05-12 16:28:38,154 - [robot_003] Starting — server=n016.cluster.pssclabs.com:8470 type=gpu_specialist
INFO flwr 2026-05-12 16:28:40,262 | grpc.py:49 | Opened insecure gRPC connection (no certificates were passed)
2026-05-12 16:28:40,262 - Opened insecure gRPC connection (no certificates were passed)
DEBUG flwr 2026-05-12 16:28:40,264 | connection.py:42 | ChannelConnectivity.IDLE
2026-05-12 16:28:40,264 - ChannelConnectivity.IDLE
DEBUG flwr 2026-05-12 16:28:40,269 | connection.py:42 | ChannelConnectivity.CONNECTING
2026-05-12 16:28:40,269 - ChannelConnectivity.CONNECTING
DEBUG flwr 2026-05-12 16:28:40,282 | connection.py:42 | ChannelConnectivity.READY
2026-05-12 16:28:40,282 - ChannelConnectivity.READY
2026-05-12 16:28:42,483 - [robot_003] Round 1: tasks=20 success=0.000 reward=-0.400 loss=0.0000 entropy=0.693 time=2.2s
2026-05-12 16:28:44,634 - [robot_003] Round 2: tasks=40 success=0.000 reward=-0.400 loss=0.0000 entropy=0.693 time=2.1s
2026-05-12 16:28:46,795 - [robot_003] Round 3: tasks=60 success=0.000 reward=-0.400 loss=0.0000 entropy=0.693 time=2.1s
2026-05-12 16:28:50,744 - [robot_003] Round 4: tasks=80 success=0.000 reward=-0.400 loss=-0.3726 entropy=0.693 time=3.9s
2026-05-12 16:28:54,980 - [robot_003] Round 5: tasks=100 success=0.050 reward=-0.305 loss=-0.3771 entropy=0.693 time=4.2s
2026-05-12 16:29:04,212 - [robot_003] Round 6: tasks=120 success=0.550 reward=+0.645 loss=-0.3771 entropy=0.693 time=8.7s
2026-05-12 16:29:26,855 - [robot_003] Round 7: tasks=140 success=0.850 reward=+1.215 loss=-0.0094 entropy=0.693 time=18.5s
2026-05-12 16:30:16,346 - [robot_003] Round 8: tasks=160 success=0.900 reward=+1.315 loss=-0.0119 entropy=0.693 time=36.3s
2026-05-12 16:30:44,582 - [robot_003] Round 9: tasks=180 success=0.950 reward=+1.405 loss=-0.0119 entropy=0.693 time=26.4s
2026-05-12 16:32:06,979 - [robot_003] Round 10: tasks=200 success=0.850 reward=+1.230 loss=-0.0146 entropy=0.692 time=56.6s
2026-05-12 16:32:45,014 - [robot_003] Round 11: tasks=220 success=0.900 reward=+1.320 loss=-0.0146 entropy=0.692 time=37.0s
2026-05-12 16:34:01,358 - [robot_003] POLICY LOAD FAILED — /checkpoints/policy_weights.pt not visible in container (load_dir from redis = /checkpoints)
2026-05-12 16:34:03,172 - [robot_003] Round 12: tasks=240 success=0.850 reward=+1.230 loss=-0.0174 entropy=0.692 time=61.8s
2026-05-12 16:34:27,937 - [robot_003] Round 13: tasks=260 success=1.000 reward=+1.500 loss=-0.0193 entropy=0.691 time=24.7s
2026-05-12 16:35:49,092 - [robot_003] Round 14: tasks=280 success=0.900 reward=+1.320 loss=-0.0193 entropy=0.691 time=46.8s
2026-05-12 16:36:38,538 - [robot_003] Round 15: tasks=300 success=0.900 reward=+1.320 loss=-0.0213 entropy=0.691 time=39.5s
2026-05-12 16:37:52,739 - [robot_003] Round 16: tasks=320 success=0.950 reward=+1.410 loss=-0.0221 entropy=0.690 time=55.4s
2026-05-12 16:38:28,996 - [robot_003] Round 17: tasks=340 success=1.000 reward=+1.500 loss=-0.0221 entropy=0.690 time=30.4s
2026-05-12 16:39:49,084 - [robot_003] Round 18: tasks=360 success=0.850 reward=+1.230 loss=-0.0239 entropy=0.689 time=54.4s
2026-05-12 16:40:40,277 - [robot_003] Round 19: tasks=380 success=0.850 reward=+1.230 loss=-0.0239 entropy=0.689 time=47.1s
2026-05-12 16:41:39,259 - [robot_003] Round 20: tasks=400 success=0.900 reward=+1.320 loss=-0.0277 entropy=0.688 time=52.7s
2026-05-12 16:42:40,632 - [robot_003] Round 21: tasks=420 success=0.900 reward=+1.320 loss=-0.0282 entropy=0.687 time=57.0s
2026-05-12 16:43:31,410 - [robot_003] POLICY LOAD FAILED — /checkpoints/policy_weights.pt not visible in container (load_dir from redis = /checkpoints)
2026-05-12 16:43:33,622 - [robot_003] Round 22: tasks=440 success=1.000 reward=+1.500 loss=-0.0282 entropy=0.687 time=52.9s
2026-05-12 16:44:16,589 - [robot_003] Round 23: tasks=460 success=0.950 reward=+1.410 loss=-0.0289 entropy=0.686 time=42.9s
2026-05-12 16:45:20,629 - [robot_003] Round 24: tasks=480 success=0.900 reward=+1.320 loss=-0.0313 entropy=0.683 time=52.8s
2026-05-12 16:46:13,647 - [robot_003] Round 25: tasks=500 success=0.950 reward=+1.410 loss=-0.0313 entropy=0.684 time=47.8s
2026-05-12 16:47:08,842 - [robot_003] Round 26: tasks=520 success=0.850 reward=+1.230 loss=-0.0342 entropy=0.682 time=50.5s
2026-05-12 16:47:52,978 - [robot_003] Round 27: tasks=540 success=0.950 reward=+1.410 loss=-0.0342 entropy=0.684 time=41.7s
2026-05-12 16:48:57,702 - [robot_003] Round 28: tasks=560 success=0.900 reward=+1.320 loss=-0.0364 entropy=0.680 time=52.4s
2026-05-12 16:49:43,748 - [robot_003] Round 29: tasks=580 success=0.950 reward=+1.410 loss=-0.0339 entropy=0.675 time=43.7s
2026-05-12 16:50:43,886 - [robot_003] Round 30: tasks=600 success=0.900 reward=+1.320 loss=-0.0339 entropy=0.679 time=51.8s
2026-05-12 16:51:36,569 - [robot_003] Round 31: tasks=620 success=0.900 reward=+1.320 loss=-0.0420 entropy=0.675 time=50.3s
2026-05-12 16:52:33,087 - [robot_003] POLICY LOAD FAILED — /checkpoints/policy_weights.pt not visible in container (load_dir from redis = /checkpoints)
2026-05-12 16:52:35,458 - [robot_003] Round 32: tasks=640 success=0.950 reward=+1.410 loss=-0.0396 entropy=0.670 time=54.3s
2026-05-12 16:53:16,961 - [robot_003] Round 33: tasks=660 success=0.950 reward=+1.410 loss=-0.0396 entropy=0.670 time=41.5s
2026-05-12 16:54:16,699 - [robot_003] Round 34: tasks=680 success=0.900 reward=+1.320 loss=-0.0373 entropy=0.671 time=52.3s
2026-05-12 16:54:55,567 - [robot_003] Round 35: tasks=700 success=0.950 reward=+1.410 loss=-0.0373 entropy=0.666 time=32.8s
2026-05-12 16:55:52,774 - [robot_003] Round 36: tasks=720 success=0.950 reward=+1.410 loss=-0.0488 entropy=0.669 time=43.8s
2026-05-12 16:57:04,243 - [robot_003] Round 37: tasks=740 success=0.850 reward=+1.230 loss=-0.0453 entropy=0.667 time=58.4s
2026-05-12 16:57:50,080 - [robot_003] Round 38: tasks=760 success=0.950 reward=+1.410 loss=-0.0453 entropy=0.663 time=42.5s
2026-05-12 16:58:54,358 - [robot_003] Round 39: tasks=780 success=0.900 reward=+1.320 loss=-0.0481 entropy=0.664 time=53.8s
2026-05-12 16:59:58,841 - [robot_003] Round 40: tasks=800 success=0.850 reward=+1.230 loss=-0.0434 entropy=0.654 time=57.3s
2026-05-12 17:00:42,331 - [robot_003] Round 41: tasks=820 success=0.900 reward=+1.320 loss=-0.0434 entropy=0.654 time=43.4s
2026-05-12 17:01:33,312 - [robot_003] POLICY LOAD FAILED — /checkpoints/policy_weights.pt not visible in container (load_dir from redis = /checkpoints)
2026-05-12 17:01:38,698 - [robot_003] Round 42: tasks=840 success=0.850 reward=+1.230 loss=-0.0549 entropy=0.653 time=50.6s
2026-05-12 17:02:07,117 - [robot_003] Round 43: tasks=860 success=1.000 reward=+1.500 loss=-0.0549 entropy=0.653 time=27.8s
2026-05-12 17:03:19,125 - [robot_003] Round 44: tasks=880 success=0.800 reward=+1.140 loss=-0.0484 entropy=0.647 time=48.7s
2026-05-12 17:04:18,642 - [robot_003] Round 45: tasks=900 success=0.900 reward=+1.320 loss=-0.0404 entropy=0.648 time=48.7s
2026-05-12 17:05:05,923 - [robot_003] Round 46: tasks=920 success=0.950 reward=+1.410 loss=-0.0404 entropy=0.656 time=40.6s
2026-05-12 17:06:10,044 - [robot_003] Round 47: tasks=940 success=0.900 reward=+1.320 loss=-0.0503 entropy=0.627 time=50.3s
2026-05-12 17:07:05,749 - [robot_003] Round 48: tasks=960 success=0.950 reward=+1.410 loss=-0.0489 entropy=0.643 time=49.1s
2026-05-12 17:08:05,240 - [robot_003] Round 49: tasks=980 success=0.900 reward=+1.320 loss=-0.0489 entropy=0.636 time=42.6s
2026-05-12 17:09:15,594 - [robot_003] POLICY LOAD FAILED — /checkpoints/policy_weights.pt not visible in container (load_dir from redis = /checkpoints)
2026-05-12 17:09:23,607 - [robot_003] Round 50: tasks=1000 success=1.000 reward=+1.500 loss=-0.0653 entropy=0.636 time=49.6s
2026-05-12 17:10:34,947 - [robot_003] Round 51: tasks=1020 success=0.850 reward=+1.230 loss=-0.0653 entropy=0.630 time=49.7s
2026-05-12 17:11:32,031 - [robot_003] Round 52: tasks=1040 success=0.900 reward=+1.320 loss=-0.0656 entropy=0.615 time=54.8s
2026-05-12 17:12:12,202 - [robot_003] Round 53: tasks=1060 success=0.950 reward=+1.410 loss=-0.0639 entropy=0.617 time=38.8s
2026-05-12 17:13:13,216 - [robot_003] Round 54: tasks=1080 success=0.900 reward=+1.320 loss=-0.0639 entropy=0.619 time=42.6s
2026-05-12 17:14:09,908 - [robot_003] Round 55: tasks=1100 success=0.900 reward=+1.320 loss=-0.0701 entropy=0.616 time=38.4s
2026-05-12 17:15:22,253 - [robot_003] Round 56: tasks=1120 success=0.850 reward=+1.230 loss=-0.0691 entropy=0.598 time=54.7s
2026-05-12 17:16:13,039 - [robot_003] Round 57: tasks=1140 success=0.900 reward=+1.320 loss=-0.0691 entropy=0.595 time=49.9s
2026-05-12 17:16:49,510 - [robot_003] Round 58: tasks=1160 success=0.950 reward=+1.410 loss=-0.0738 entropy=0.604 time=33.6s
2026-05-12 17:17:50,453 - [robot_003] Round 59: tasks=1180 success=0.900 reward=+1.320 loss=-0.0738 entropy=0.625 time=39.0s
2026-05-12 17:18:49,407 - [robot_003] Round 60: tasks=1200 success=0.850 reward=+1.230 loss=-0.0544 entropy=0.593 time=50.1s
DEBUG flwr 2026-05-12 17:18:53,625 | connection.py:139 | gRPC channel closed
2026-05-12 17:18:53,625 - gRPC channel closed
INFO flwr 2026-05-12 17:18:53,625 | app.py:215 | Disconnect and shut down
2026-05-12 17:18:53,625 - Disconnect and shut down
2026-05-12 17:18:53,625 - [robot_003] All FL rounds complete
2026-05-12 17:18:53,783 - [robot_003] Shutdown complete
