2026-05-12 16:28:38,154 - [robot_009] Starting — server=n016.cluster.pssclabs.com:8470 type=gpu_specialist
INFO flwr 2026-05-12 16:28:40,262 | grpc.py:49 | Opened insecure gRPC connection (no certificates were passed)
2026-05-12 16:28:40,262 - Opened insecure gRPC connection (no certificates were passed)
DEBUG flwr 2026-05-12 16:28:40,264 | connection.py:42 | ChannelConnectivity.IDLE
2026-05-12 16:28:40,264 - ChannelConnectivity.IDLE
DEBUG flwr 2026-05-12 16:28:40,268 | connection.py:42 | ChannelConnectivity.CONNECTING
2026-05-12 16:28:40,268 - ChannelConnectivity.CONNECTING
DEBUG flwr 2026-05-12 16:28:40,282 | connection.py:42 | ChannelConnectivity.READY
2026-05-12 16:28:40,282 - ChannelConnectivity.READY
2026-05-12 16:28:42,483 - [robot_009] Round 1: tasks=20 success=0.000 reward=-0.400 loss=0.0000 entropy=0.693 time=2.2s
2026-05-12 16:28:44,634 - [robot_009] Round 2: tasks=40 success=0.000 reward=-0.400 loss=0.0000 entropy=0.693 time=2.1s
2026-05-12 16:28:46,796 - [robot_009] Round 3: tasks=60 success=0.000 reward=-0.400 loss=0.0000 entropy=0.693 time=2.1s
2026-05-12 16:28:50,744 - [robot_009] Round 4: tasks=80 success=0.000 reward=-0.400 loss=-0.3728 entropy=0.693 time=3.9s
2026-05-12 16:28:54,510 - [robot_009] Round 5: tasks=100 success=0.000 reward=-0.400 loss=-0.3773 entropy=0.693 time=3.7s
2026-05-12 16:29:05,906 - [robot_009] Round 6: tasks=120 success=0.650 reward=+0.835 loss=-0.3773 entropy=0.693 time=10.4s
2026-05-12 16:29:28,293 - [robot_009] Round 7: tasks=140 success=0.900 reward=+1.310 loss=-0.0099 entropy=0.693 time=20.0s
2026-05-12 16:30:12,799 - [robot_009] Round 8: tasks=160 success=0.900 reward=+1.315 loss=-0.0114 entropy=0.693 time=32.8s
2026-05-12 16:31:09,224 - [robot_009] Round 9: tasks=180 success=0.900 reward=+1.320 loss=-0.0114 entropy=0.693 time=51.1s
2026-05-12 16:32:06,861 - [robot_009] Round 10: tasks=200 success=0.850 reward=+1.230 loss=-0.0148 entropy=0.692 time=56.5s
2026-05-12 16:32:56,430 - [robot_009] Round 11: tasks=220 success=0.900 reward=+1.320 loss=-0.0148 entropy=0.692 time=48.4s
2026-05-12 16:33:49,537 - [robot_009] Round 12: tasks=240 success=0.950 reward=+1.410 loss=-0.0167 entropy=0.692 time=48.1s
2026-05-12 16:34:53,200 - [robot_009] Round 13: tasks=260 success=0.800 reward=+1.140 loss=-0.0189 entropy=0.692 time=50.0s
2026-05-12 16:35:43,145 - [robot_009] Round 14: tasks=280 success=0.950 reward=+1.410 loss=-0.0189 entropy=0.692 time=40.8s
2026-05-12 16:36:44,188 - [robot_009] POLICY LOAD FAILED — /checkpoints/policy_weights.pt not visible in container (load_dir from redis = /checkpoints)
2026-05-12 16:36:45,649 - [robot_009] Round 15: tasks=300 success=1.000 reward=+1.500 loss=-0.0206 entropy=0.691 time=46.7s
2026-05-12 16:37:58,599 - [robot_009] Round 16: tasks=320 success=0.850 reward=+1.230 loss=-0.0205 entropy=0.691 time=61.2s
2026-05-12 16:38:38,048 - [robot_009] Round 17: tasks=340 success=0.950 reward=+1.410 loss=-0.0205 entropy=0.690 time=39.4s
2026-05-12 16:39:52,759 - [robot_009] Round 18: tasks=360 success=0.850 reward=+1.230 loss=-0.0236 entropy=0.689 time=58.1s
2026-05-12 16:40:45,748 - [robot_009] Round 19: tasks=380 success=0.900 reward=+1.320 loss=-0.0236 entropy=0.689 time=52.5s
2026-05-12 16:41:43,580 - [robot_009] Round 20: tasks=400 success=0.850 reward=+1.230 loss=-0.0239 entropy=0.688 time=57.0s
2026-05-12 16:42:30,412 - [robot_009] Round 21: tasks=420 success=0.850 reward=+1.230 loss=-0.0243 entropy=0.688 time=46.8s
2026-05-12 16:43:22,780 - [robot_009] Round 22: tasks=440 success=0.850 reward=+1.230 loss=-0.0243 entropy=0.688 time=42.1s
2026-05-12 16:44:21,782 - [robot_009] Round 23: tasks=460 success=0.900 reward=+1.320 loss=-0.0294 entropy=0.687 time=48.1s
2026-05-12 16:45:15,407 - [robot_009] Round 24: tasks=480 success=0.900 reward=+1.320 loss=-0.0272 entropy=0.686 time=47.6s
2026-05-12 16:46:09,429 - [robot_009] POLICY LOAD FAILED — /checkpoints/policy_weights.pt not visible in container (load_dir from redis = /checkpoints)
2026-05-12 16:46:17,985 - [robot_009] Round 25: tasks=500 success=0.900 reward=+1.320 loss=-0.0272 entropy=0.685 time=52.2s
2026-05-12 16:47:04,821 - [robot_009] Round 26: tasks=520 success=0.950 reward=+1.410 loss=-0.0322 entropy=0.682 time=46.5s
2026-05-12 16:47:43,629 - [robot_009] Round 27: tasks=540 success=0.950 reward=+1.410 loss=-0.0322 entropy=0.683 time=32.4s
2026-05-12 16:48:42,378 - [robot_009] Round 28: tasks=560 success=0.950 reward=+1.410 loss=-0.0386 entropy=0.681 time=37.0s
2026-05-12 16:49:44,326 - [robot_009] Round 29: tasks=580 success=0.950 reward=+1.410 loss=-0.0332 entropy=0.679 time=44.3s
2026-05-12 16:50:39,454 - [robot_009] Round 30: tasks=600 success=0.900 reward=+1.320 loss=-0.0332 entropy=0.677 time=47.3s
2026-05-12 16:51:31,715 - [robot_009] Round 31: tasks=620 success=0.900 reward=+1.320 loss=-0.0391 entropy=0.678 time=45.5s
2026-05-12 16:52:14,158 - [robot_009] Round 32: tasks=640 success=0.950 reward=+1.410 loss=-0.0385 entropy=0.673 time=33.0s
2026-05-12 16:53:20,018 - [robot_009] Round 33: tasks=660 success=0.900 reward=+1.320 loss=-0.0385 entropy=0.674 time=44.5s
2026-05-12 16:54:15,896 - [robot_009] Round 34: tasks=680 success=0.850 reward=+1.230 loss=-0.0412 entropy=0.665 time=51.5s
2026-05-12 16:55:06,320 - [robot_009] POLICY LOAD FAILED — /checkpoints/policy_weights.pt not visible in container (load_dir from redis = /checkpoints)
2026-05-12 16:55:08,913 - [robot_009] Round 35: tasks=700 success=0.950 reward=+1.410 loss=-0.0412 entropy=0.671 time=46.2s
2026-05-12 16:55:39,970 - [robot_009] Round 36: tasks=720 success=1.000 reward=+1.500 loss=-0.0378 entropy=0.668 time=31.0s
2026-05-12 16:57:03,472 - [robot_009] Round 37: tasks=740 success=0.800 reward=+1.140 loss=-0.0319 entropy=0.669 time=57.6s
2026-05-12 16:57:59,263 - [robot_009] Round 38: tasks=760 success=0.900 reward=+1.320 loss=-0.0319 entropy=0.665 time=51.6s
2026-05-12 16:58:47,205 - [robot_009] Round 39: tasks=780 success=0.900 reward=+1.320 loss=-0.0521 entropy=0.663 time=46.7s
2026-05-12 16:59:44,966 - [robot_009] Round 40: tasks=800 success=0.950 reward=+1.410 loss=-0.0394 entropy=0.655 time=43.4s
2026-05-12 17:00:29,204 - [robot_009] Round 41: tasks=820 success=1.000 reward=+1.500 loss=-0.0394 entropy=0.657 time=30.3s
2026-05-12 17:01:28,969 - [robot_009] Round 42: tasks=840 success=0.950 reward=+1.410 loss=-0.0453 entropy=0.655 time=40.8s
2026-05-12 17:02:25,573 - [robot_009] Round 43: tasks=860 success=0.900 reward=+1.320 loss=-0.0453 entropy=0.653 time=46.2s
2026-05-12 17:03:19,768 - [robot_009] Round 44: tasks=880 success=0.850 reward=+1.230 loss=-0.0443 entropy=0.651 time=49.3s
2026-05-12 17:04:22,382 - [robot_009] POLICY LOAD FAILED — /checkpoints/policy_weights.pt not visible in container (load_dir from redis = /checkpoints)
2026-05-12 17:04:25,257 - [robot_009] Round 45: tasks=900 success=0.850 reward=+1.230 loss=-0.0587 entropy=0.645 time=55.4s
2026-05-12 17:05:16,952 - [robot_009] Round 46: tasks=920 success=0.900 reward=+1.320 loss=-0.0587 entropy=0.645 time=51.7s
2026-05-12 17:06:02,493 - [robot_009] Round 47: tasks=940 success=0.950 reward=+1.410 loss=-0.0382 entropy=0.637 time=42.8s
2026-05-12 17:06:57,990 - [robot_009] Round 48: tasks=960 success=0.950 reward=+1.410 loss=-0.0619 entropy=0.633 time=41.4s
2026-05-12 17:08:04,828 - [robot_009] Round 49: tasks=980 success=0.900 reward=+1.320 loss=-0.0619 entropy=0.628 time=42.2s
2026-05-12 17:09:22,317 - [robot_009] Round 50: tasks=1000 success=0.850 reward=+1.230 loss=-0.0687 entropy=0.632 time=48.3s
2026-05-12 17:10:31,761 - [robot_009] Round 51: tasks=1020 success=0.900 reward=+1.320 loss=-0.0687 entropy=0.629 time=46.6s
2026-05-12 17:11:32,747 - [robot_009] Round 52: tasks=1040 success=0.850 reward=+1.230 loss=-0.0680 entropy=0.626 time=55.5s
2026-05-12 17:11:47,502 - [robot_009] POLICY LOAD FAILED — /checkpoints/policy_weights.pt not visible in container (load_dir from redis = /checkpoints)
2026-05-12 17:12:24,671 - [robot_009] Round 53: tasks=1060 success=0.950 reward=+1.410 loss=-0.0542 entropy=0.628 time=51.3s
2026-05-12 17:13:17,763 - [robot_009] Round 54: tasks=1080 success=0.900 reward=+1.320 loss=-0.0542 entropy=0.634 time=47.2s
2026-05-12 17:14:07,390 - [robot_009] Round 55: tasks=1100 success=0.950 reward=+1.410 loss=-0.0534 entropy=0.620 time=35.9s
2026-05-12 17:15:21,296 - [robot_009] Round 56: tasks=1120 success=0.950 reward=+1.410 loss=-0.0722 entropy=0.607 time=53.7s
2026-05-12 17:16:15,860 - [robot_009] Round 57: tasks=1140 success=0.850 reward=+1.230 loss=-0.0722 entropy=0.613 time=52.8s
2026-05-12 17:17:00,275 - [robot_009] Round 58: tasks=1160 success=0.950 reward=+1.410 loss=-0.0527 entropy=0.603 time=44.3s
2026-05-12 17:17:37,255 - [robot_009] Round 59: tasks=1180 success=1.000 reward=+1.500 loss=-0.0527 entropy=0.610 time=25.8s
2026-05-12 17:18:51,456 - [robot_009] Round 60: tasks=1200 success=0.850 reward=+1.230 loss=-0.0599 entropy=0.600 time=52.2s
DEBUG flwr 2026-05-12 17:18:53,625 | connection.py:139 | gRPC channel closed
2026-05-12 17:18:53,625 - gRPC channel closed
INFO flwr 2026-05-12 17:18:53,625 | app.py:215 | Disconnect and shut down
2026-05-12 17:18:53,625 - Disconnect and shut down
2026-05-12 17:18:53,625 - [robot_009] All FL rounds complete
2026-05-12 17:18:53,771 - [robot_009] Shutdown complete
