273200:C 14 May 2026 10:38:51.130 # WARNING Memory overcommit must be enabled! Without it, a background save or replication may fail under low memory condition. Being disabled, it can also cause failures without low memory condition, see https://github.com/jemalloc/jemalloc/issues/1328. To fix this issue add 'vm.overcommit_memory = 1' to /etc/sysctl.conf and then reboot or run the command 'sysctl vm.overcommit_memory=1' for this to take effect.
273200:C 14 May 2026 10:38:51.130 * oO0OoO0OoO0Oo Redis is starting oO0OoO0OoO0Oo
273200:C 14 May 2026 10:38:51.130 * Redis version=8.6.2, bits=64, commit=f312bec6, modified=0, pid=273200, just started
273200:C 14 May 2026 10:38:51.130 * Configuration loaded
273200:M 14 May 2026 10:38:51.130 * monotonic clock: POSIX clock_gettime
273200:M 14 May 2026 10:38:51.131 * Running mode=standalone, port=6379.
273200:M 14 May 2026 10:38:51.131 * Server initialized
273200:M 14 May 2026 10:38:51.132 * Ready to accept connections tcp
273200:M 14 May 2026 10:38:51.132 # WARNING: Redis does not require authentication and is not protected by network restrictions. Redis will accept connections from any IP address on any network interface.
273200:M 14 May 2026 10:38:55.093 * BGSAVE done, 0 keys saved, 0 keys skipped, 88 bytes written.
273200:M 14 May 2026 10:38:55.095 * DB saved on disk
273200:M 14 May 2026 10:43:56.078 * 100 changes in 300 seconds. Saving...
273200:M 14 May 2026 10:43:56.078 * Background saving started by pid 273388
273388:C 14 May 2026 10:43:56.084 * BGSAVE done, 21 keys saved, 0 keys skipped, 138768 bytes written.
273388:C 14 May 2026 10:43:56.090 * DB saved on disk
273388:C 14 May 2026 10:43:56.091 * Fork CoW for RDB: current 0 MB, peak 0 MB, average 0 MB
273200:M 14 May 2026 10:43:56.179 * Background saving terminated with success
273200:M 14 May 2026 10:48:57.032 * 100 changes in 300 seconds. Saving...
273200:M 14 May 2026 10:48:57.033 * Background saving started by pid 273492
273492:C 14 May 2026 10:48:57.041 * BGSAVE done, 37 keys saved, 0 keys skipped, 339435 bytes written.
273492:C 14 May 2026 10:48:57.048 * DB saved on disk
273492:C 14 May 2026 10:48:57.049 * Fork CoW for RDB: current 0 MB, peak 0 MB, average 0 MB
273200:M 14 May 2026 10:48:57.134 * Background saving terminated with success
273200:M 14 May 2026 10:53:58.094 * 100 changes in 300 seconds. Saving...
273200:M 14 May 2026 10:53:58.095 * Background saving started by pid 273666
273666:C 14 May 2026 10:53:58.105 * BGSAVE done, 44 keys saved, 0 keys skipped, 537384 bytes written.
273666:C 14 May 2026 10:53:58.123 * DB saved on disk
273666:C 14 May 2026 10:53:58.123 * Fork CoW for RDB: current 0 MB, peak 0 MB, average 0 MB
273200:M 14 May 2026 10:53:58.196 * Background saving terminated with success
273200:M 14 May 2026 10:58:59.060 * 100 changes in 300 seconds. Saving...
273200:M 14 May 2026 10:58:59.060 * Background saving started by pid 273802
273802:C 14 May 2026 10:58:59.072 * BGSAVE done, 47 keys saved, 0 keys skipped, 740559 bytes written.
273802:C 14 May 2026 10:58:59.083 * DB saved on disk
273802:C 14 May 2026 10:58:59.084 * Fork CoW for RDB: current 0 MB, peak 0 MB, average 0 MB
273200:M 14 May 2026 10:58:59.161 * Background saving terminated with success
273200:M 14 May 2026 11:04:00.073 * 100 changes in 300 seconds. Saving...
273200:M 14 May 2026 11:04:00.074 * Background saving started by pid 273947
273947:C 14 May 2026 11:04:00.088 * BGSAVE done, 59 keys saved, 0 keys skipped, 978291 bytes written.
273947:C 14 May 2026 11:04:00.103 * DB saved on disk
273947:C 14 May 2026 11:04:00.104 * Fork CoW for RDB: current 0 MB, peak 0 MB, average 0 MB
273200:M 14 May 2026 11:04:00.175 * Background saving terminated with success
273200:M 14 May 2026 11:09:01.097 * 100 changes in 300 seconds. Saving...
273200:M 14 May 2026 11:09:01.097 * Background saving started by pid 274090
274090:C 14 May 2026 11:09:01.111 * BGSAVE done, 49 keys saved, 0 keys skipped, 1201730 bytes written.
274090:C 14 May 2026 11:09:01.127 * DB saved on disk
274090:C 14 May 2026 11:09:01.128 * Fork CoW for RDB: current 0 MB, peak 0 MB, average 0 MB
273200:M 14 May 2026 11:09:01.198 * Background saving terminated with success
273200:M 14 May 2026 11:14:02.061 * 100 changes in 300 seconds. Saving...
273200:M 14 May 2026 11:14:02.062 * Background saving started by pid 274196
274196:C 14 May 2026 11:14:02.078 * BGSAVE done, 41 keys saved, 0 keys skipped, 1478542 bytes written.
274196:C 14 May 2026 11:14:02.099 * DB saved on disk
274196:C 14 May 2026 11:14:02.099 * Fork CoW for RDB: current 0 MB, peak 0 MB, average 0 MB
273200:M 14 May 2026 11:14:02.163 * Background saving terminated with success
273200:M 14 May 2026 11:19:03.092 * 100 changes in 300 seconds. Saving...
273200:M 14 May 2026 11:19:03.093 * Background saving started by pid 274275
274275:C 14 May 2026 11:19:03.113 * BGSAVE done, 34 keys saved, 0 keys skipped, 1727377 bytes written.
274275:C 14 May 2026 11:19:03.134 * DB saved on disk
274275:C 14 May 2026 11:19:03.135 * Fork CoW for RDB: current 0 MB, peak 0 MB, average 0 MB
273200:M 14 May 2026 11:19:03.194 * Background saving terminated with success
273200:M 14 May 2026 11:24:04.062 * 100 changes in 300 seconds. Saving...
273200:M 14 May 2026 11:24:04.063 * Background saving started by pid 274369
274369:C 14 May 2026 11:24:04.086 * BGSAVE done, 27 keys saved, 0 keys skipped, 2001898 bytes written.
274369:C 14 May 2026 11:24:04.110 * DB saved on disk
274369:C 14 May 2026 11:24:04.111 * Fork CoW for RDB: current 0 MB, peak 0 MB, average 0 MB
273200:M 14 May 2026 11:24:04.164 * Background saving terminated with success
273200:M 14 May 2026 11:28:58.718 * 10000 changes in 60 seconds. Saving...
273200:M 14 May 2026 11:28:58.718 * Background saving started by pid 274443
274443:C 14 May 2026 11:28:58.743 * BGSAVE done, 24 keys saved, 0 keys skipped, 2275614 bytes written.
274443:C 14 May 2026 11:28:58.769 * DB saved on disk
274443:C 14 May 2026 11:28:58.770 * Fork CoW for RDB: current 0 MB, peak 0 MB, average 0 MB
273200:M 14 May 2026 11:28:58.820 * Background saving terminated with success
273200:signal-handler (1778783369) Received SIGTERM scheduling shutdown...
273200:M 14 May 2026 11:29:29.210 * User requested shutdown...
273200:M 14 May 2026 11:29:29.210 * Saving the final RDB snapshot before exiting.
273200:M 14 May 2026 11:29:29.232 * BGSAVE done, 25 keys saved, 0 keys skipped, 2294935 bytes written.
273200:M 14 May 2026 11:29:29.257 * DB saved on disk
273200:M 14 May 2026 11:29:29.257 # Redis is now ready to exit, bye bye...
