2026-05-14 10:41:14,348 - [robot_004] Random policy worker started (Cold Restart baseline)
2026-05-14 10:41:15,460 - [robot_004] Tasks: 0/2000 success_rate=1.000
2026-05-14 10:43:59,443 - [robot_004] Tasks: 100/2000 success_rate=0.400
2026-05-14 10:46:52,969 - [robot_004] Tasks: 200/2000 success_rate=0.800
2026-05-14 10:47:11,142 - [robot_004] migration requested at task 240, sleeping until runner kills me
2026-05-14 10:50:06,353 - [robot_004] Resuming after cold restart at task 241 (NO state preserved — random policy fresh)
2026-05-14 10:52:30,960 - [robot_004] Tasks: 300/2000 success_rate=0.300
2026-05-14 10:58:20,308 - [robot_004] Tasks: 400/2000 success_rate=0.500
2026-05-14 10:59:00,161 - [robot_004] migration requested at task 440, sleeping until runner kills me
2026-05-14 11:02:33,843 - [robot_004] Resuming after cold restart at task 441 (NO state preserved — random policy fresh)
2026-05-14 11:02:39,098 - [robot_004] Tasks: 500/2000 success_rate=0.500
2026-05-14 11:02:53,268 - [robot_004] Tasks: 600/2000 success_rate=0.700
2026-05-14 11:03:04,869 - [robot_004] migration requested at task 640, sleeping until runner kills me
2026-05-14 11:10:49,773 - [robot_004] Resuming after cold restart at task 641 (NO state preserved — random policy fresh)
2026-05-14 11:13:21,015 - [robot_004] Tasks: 700/2000 success_rate=0.700
2026-05-14 11:16:34,401 - [robot_004] Tasks: 800/2000 success_rate=0.500
2026-05-14 11:18:09,414 - [robot_004] migration requested at task 840, sleeping until runner kills me
2026-05-14 11:18:41,655 - [robot_004] Resuming after cold restart at task 841 (NO state preserved — random policy fresh)
2026-05-14 11:19:52,688 - [robot_004] Tasks: 900/2000 success_rate=0.500
2026-05-14 11:22:28,886 - [robot_004] migration requested at task 990, sleeping until runner kills me
2026-05-14 11:22:45,060 - [robot_004] Resuming after cold restart at task 991 (NO state preserved — random policy fresh)
2026-05-14 11:22:55,952 - [robot_004] Tasks: 1000/2000 success_rate=0.300
2026-05-14 11:24:17,124 - [robot_004] Tasks: 1100/2000 success_rate=0.600
2026-05-14 11:25:25,054 - [robot_004] Tasks: 1200/2000 success_rate=0.300
2026-05-14 11:25:54,013 - [robot_004] Tasks: 1300/2000 success_rate=0.500
2026-05-14 11:26:48,640 - [robot_004] Tasks: 1400/2000 success_rate=0.600
2026-05-14 11:27:33,194 - [robot_004] Tasks: 1500/2000 success_rate=0.400
2026-05-14 11:27:49,222 - [robot_004] Tasks: 1600/2000 success_rate=0.600
2026-05-14 11:27:59,050 - [robot_004] Tasks: 1700/2000 success_rate=0.600
2026-05-14 11:28:05,342 - [robot_004] Tasks: 1800/2000 success_rate=0.500
2026-05-14 11:28:11,554 - [robot_004] Tasks: 1900/2000 success_rate=0.400
2026-05-14 11:28:17,530 - [robot_004] Complete.
