2026-05-14 10:41:05,043 - [robot_015] Random policy worker started (Cold Restart baseline)
2026-05-14 10:41:05,044 - [robot_015] Tasks: 0/2000 success_rate=0.000
2026-05-14 10:42:39,705 - [robot_015] Tasks: 100/2000 success_rate=0.300
2026-05-14 10:45:45,097 - [robot_015] Tasks: 200/2000 success_rate=0.300
2026-05-14 10:48:09,665 - [robot_015] Tasks: 300/2000 success_rate=0.400
2026-05-14 10:49:21,879 - [robot_015] migration requested at task 350, sleeping until runner kills me
2026-05-14 10:50:30,363 - [robot_015] Resuming after cold restart at task 351 (NO state preserved — random policy fresh)
2026-05-14 10:50:32,626 - [robot_015] Tasks: 400/2000 success_rate=0.400
2026-05-14 10:50:36,862 - [robot_015] Tasks: 500/2000 success_rate=0.500
2026-05-14 10:50:39,784 - [robot_015] migration requested at task 550, sleeping until runner kills me
2026-05-14 10:51:49,864 - [robot_015] Resuming after cold restart at task 551 (NO state preserved — random policy fresh)
2026-05-14 10:53:23,090 - [robot_015] Tasks: 600/2000 success_rate=0.400
2026-05-14 10:55:17,522 - [robot_015] Tasks: 700/2000 success_rate=0.400
2026-05-14 10:55:57,136 - [robot_015] migration requested at task 750, sleeping until runner kills me
2026-05-14 10:56:23,573 - [robot_015] Resuming after cold restart at task 751 (NO state preserved — random policy fresh)
2026-05-14 10:56:26,148 - [robot_015] Tasks: 800/2000 success_rate=0.600
2026-05-14 10:56:29,930 - [robot_015] Tasks: 900/2000 success_rate=0.300
2026-05-14 10:56:33,989 - [robot_015] migration requested at task 950, sleeping until runner kills me
2026-05-14 10:57:57,151 - [robot_015] Resuming after cold restart at task 951 (NO state preserved — random policy fresh)
2026-05-14 10:59:59,167 - [robot_015] Tasks: 1000/2000 success_rate=0.200
2026-05-14 11:01:23,077 - [robot_015] migration requested at task 1100, sleeping until runner kills me
2026-05-14 11:02:56,373 - [robot_015] Resuming after cold restart at task 1101 (NO state preserved — random policy fresh)
2026-05-14 11:03:18,458 - [robot_015] Tasks: 1200/2000 success_rate=0.500
2026-05-14 11:03:55,673 - [robot_015] Tasks: 1300/2000 success_rate=0.600
2026-05-14 11:04:10,674 - [robot_015] Tasks: 1400/2000 success_rate=0.500
2026-05-14 11:05:02,075 - [robot_015] Tasks: 1500/2000 success_rate=0.200
2026-05-14 11:07:24,254 - [robot_015] Tasks: 1600/2000 success_rate=0.300
2026-05-14 11:08:09,992 - [robot_015] Tasks: 1700/2000 success_rate=0.300
2026-05-14 11:09:06,283 - [robot_015] Tasks: 1800/2000 success_rate=0.400
2026-05-14 11:09:55,399 - [robot_015] Tasks: 1900/2000 success_rate=0.300
2026-05-14 11:10:39,882 - [robot_015] Complete.
