2026-05-14 10:41:14,348 - [robot_001] Random policy worker started (Cold Restart baseline)
2026-05-14 10:41:15,415 - [robot_001] Tasks: 0/2000 success_rate=1.000
2026-05-14 10:43:35,948 - [robot_001] Tasks: 100/2000 success_rate=0.500
2026-05-14 10:46:05,636 - [robot_001] Tasks: 200/2000 success_rate=0.300
2026-05-14 10:46:10,815 - [robot_001] migration requested at task 210, sleeping until runner kills me
2026-05-14 10:48:09,772 - [robot_001] Resuming after cold restart at task 211 (NO state preserved — random policy fresh)
2026-05-14 10:51:08,688 - [robot_001] Tasks: 300/2000 success_rate=0.200
2026-05-14 10:56:34,289 - [robot_001] Tasks: 400/2000 success_rate=0.300
2026-05-14 10:56:43,872 - [robot_001] migration requested at task 410, sleeping until runner kills me
2026-05-14 10:59:09,158 - [robot_001] Resuming after cold restart at task 411 (NO state preserved — random policy fresh)
2026-05-14 10:59:14,121 - [robot_001] Tasks: 500/2000 success_rate=0.500
2026-05-14 10:59:19,248 - [robot_001] Tasks: 600/2000 success_rate=0.500
2026-05-14 10:59:19,536 - [robot_001] migration requested at task 610, sleeping until runner kills me
2026-05-14 11:02:14,115 - [robot_001] Resuming after cold restart at task 611 (NO state preserved — random policy fresh)
2026-05-14 11:02:19,706 - [robot_001] Tasks: 700/2000 success_rate=0.400
2026-05-14 11:02:29,064 - [robot_001] Tasks: 800/2000 success_rate=0.500
2026-05-14 11:02:30,214 - [robot_001] migration requested at task 810, sleeping until runner kills me
2026-05-14 11:05:51,255 - [robot_001] Resuming after cold restart at task 811 (NO state preserved — random policy fresh)
2026-05-14 11:07:34,699 - [robot_001] Tasks: 900/2000 success_rate=0.400
2026-05-14 11:08:45,031 - [robot_001] migration requested at task 960, sleeping until runner kills me
2026-05-14 11:13:46,992 - [robot_001] Resuming after cold restart at task 961 (NO state preserved — random policy fresh)
2026-05-14 11:14:28,903 - [robot_001] Tasks: 1000/2000 success_rate=0.200
2026-05-14 11:17:01,724 - [robot_001] Tasks: 1100/2000 success_rate=0.300
2026-05-14 11:18:44,747 - [robot_001] Tasks: 1200/2000 success_rate=0.300
2026-05-14 11:19:43,864 - [robot_001] Tasks: 1300/2000 success_rate=0.300
2026-05-14 11:21:30,842 - [robot_001] Tasks: 1400/2000 success_rate=0.500
2026-05-14 11:22:32,461 - [robot_001] Tasks: 1500/2000 success_rate=0.600
2026-05-14 11:23:30,188 - [robot_001] Tasks: 1600/2000 success_rate=0.700
2026-05-14 11:24:27,506 - [robot_001] Tasks: 1700/2000 success_rate=0.300
2026-05-14 11:25:02,078 - [robot_001] Tasks: 1800/2000 success_rate=0.500
2026-05-14 11:25:45,345 - [robot_001] Tasks: 1900/2000 success_rate=0.400
2026-05-14 11:26:22,460 - [robot_001] Complete.
