2026-05-14 10:41:14,348 - [robot_000] Random policy worker started (Cold Restart baseline)
2026-05-14 10:41:15,195 - [robot_000] Tasks: 0/2000 success_rate=1.000
2026-05-14 10:45:05,022 - [robot_000] Tasks: 100/2000 success_rate=0.700
2026-05-14 10:47:03,643 - [robot_000] migration requested at task 200, sleeping until runner kills me
2026-05-14 10:49:12,652 - [robot_000] Resuming after cold restart at task 201 (NO state preserved — random policy fresh)
2026-05-14 10:54:29,655 - [robot_000] Tasks: 300/2000 success_rate=0.400
2026-05-14 10:56:18,583 - [robot_000] migration requested at task 400, sleeping until runner kills me
2026-05-14 10:57:28,035 - [robot_000] Resuming after cold restart at task 401 (NO state preserved — random policy fresh)
2026-05-14 10:57:33,814 - [robot_000] Tasks: 500/2000 success_rate=0.700
2026-05-14 10:57:40,304 - [robot_000] migration requested at task 600, sleeping until runner kills me
2026-05-14 11:01:48,294 - [robot_000] Resuming after cold restart at task 601 (NO state preserved — random policy fresh)
2026-05-14 11:02:07,827 - [robot_000] Tasks: 700/2000 success_rate=0.300
2026-05-14 11:02:12,504 - [robot_000] migration requested at task 800, sleeping until runner kills me
2026-05-14 11:03:05,381 - [robot_000] Resuming after cold restart at task 801 (NO state preserved — random policy fresh)
2026-05-14 11:03:37,541 - [robot_000] Tasks: 900/2000 success_rate=0.400
2026-05-14 11:03:51,167 - [robot_000] migration requested at task 950, sleeping until runner kills me
2026-05-14 11:07:40,292 - [robot_000] Resuming after cold restart at task 951 (NO state preserved — random policy fresh)
2026-05-14 11:07:48,417 - [robot_000] Tasks: 1000/2000 success_rate=0.600
2026-05-14 11:08:08,484 - [robot_000] Tasks: 1100/2000 success_rate=0.600
2026-05-14 11:08:47,011 - [robot_000] Tasks: 1200/2000 success_rate=0.300
2026-05-14 11:09:57,265 - [robot_000] Tasks: 1300/2000 success_rate=0.200
2026-05-14 11:11:36,882 - [robot_000] Tasks: 1400/2000 success_rate=0.400
2026-05-14 11:13:09,163 - [robot_000] Tasks: 1500/2000 success_rate=0.200
2026-05-14 11:15:06,022 - [robot_000] Tasks: 1600/2000 success_rate=0.700
2026-05-14 11:17:54,452 - [robot_000] Tasks: 1700/2000 success_rate=0.700
2026-05-14 11:20:10,186 - [robot_000] Tasks: 1800/2000 success_rate=0.400
2026-05-14 11:22:21,224 - [robot_000] Tasks: 1900/2000 success_rate=0.300
2026-05-14 11:23:26,236 - [robot_000] Complete.
