2026-05-14 10:41:14,348 - [robot_003] Random policy worker started (Cold Restart baseline)
2026-05-14 10:41:15,050 - [robot_003] Tasks: 0/2000 success_rate=1.000
2026-05-14 10:43:47,717 - [robot_003] Tasks: 100/2000 success_rate=0.300
2026-05-14 10:46:06,209 - [robot_003] Tasks: 200/2000 success_rate=0.400
2026-05-14 10:46:19,183 - [robot_003] migration requested at task 230, sleeping until runner kills me
2026-05-14 10:48:16,253 - [robot_003] Resuming after cold restart at task 231 (NO state preserved — random policy fresh)
2026-05-14 10:48:59,911 - [robot_003] Tasks: 300/2000 success_rate=0.400
2026-05-14 10:55:04,627 - [robot_003] Tasks: 400/2000 success_rate=0.300
2026-05-14 10:57:14,658 - [robot_003] migration requested at task 430, sleeping until runner kills me
2026-05-14 11:01:33,172 - [robot_003] Resuming after cold restart at task 431 (NO state preserved — random policy fresh)
2026-05-14 11:01:35,980 - [robot_003] Tasks: 500/2000 success_rate=0.700
2026-05-14 11:01:42,245 - [robot_003] Tasks: 600/2000 success_rate=0.300
2026-05-14 11:01:43,351 - [robot_003] migration requested at task 630, sleeping until runner kills me
2026-05-14 11:05:08,331 - [robot_003] Resuming after cold restart at task 631 (NO state preserved — random policy fresh)
2026-05-14 11:05:11,071 - [robot_003] Tasks: 700/2000 success_rate=0.600
2026-05-14 11:05:17,322 - [robot_003] Tasks: 800/2000 success_rate=0.500
2026-05-14 11:05:18,973 - [robot_003] migration requested at task 830, sleeping until runner kills me
2026-05-14 11:11:31,248 - [robot_003] Resuming after cold restart at task 831 (NO state preserved — random policy fresh)
2026-05-14 11:12:20,625 - [robot_003] Tasks: 900/2000 success_rate=0.300
2026-05-14 11:13:30,669 - [robot_003] migration requested at task 980, sleeping until runner kills me
2026-05-14 11:14:24,065 - [robot_003] Resuming after cold restart at task 981 (NO state preserved — random policy fresh)
2026-05-14 11:14:31,942 - [robot_003] Tasks: 1000/2000 success_rate=0.100
2026-05-14 11:16:23,805 - [robot_003] Tasks: 1100/2000 success_rate=0.600
2026-05-14 11:18:19,306 - [robot_003] Tasks: 1200/2000 success_rate=0.400
2026-05-14 11:19:52,942 - [robot_003] Tasks: 1300/2000 success_rate=0.500
2026-05-14 11:21:29,188 - [robot_003] Tasks: 1400/2000 success_rate=0.300
2026-05-14 11:22:55,904 - [robot_003] Tasks: 1500/2000 success_rate=0.500
2026-05-14 11:24:09,636 - [robot_003] Tasks: 1600/2000 success_rate=0.400
2026-05-14 11:25:02,927 - [robot_003] Tasks: 1700/2000 success_rate=0.300
2026-05-14 11:25:50,378 - [robot_003] Tasks: 1800/2000 success_rate=0.700
2026-05-14 11:26:45,662 - [robot_003] Tasks: 1900/2000 success_rate=0.400
2026-05-14 11:27:26,866 - [robot_003] Complete.
