2026-05-14 10:41:14,348 - [robot_007] Random policy worker started (Cold Restart baseline)
2026-05-14 10:41:14,350 - [robot_007] Tasks: 0/2000 success_rate=0.000
2026-05-14 10:43:29,251 - [robot_007] Tasks: 100/2000 success_rate=0.400
2026-05-14 10:45:56,169 - [robot_007] Tasks: 200/2000 success_rate=0.500
2026-05-14 10:47:08,504 - [robot_007] migration requested at task 270, sleeping until runner kills me
2026-05-14 10:49:45,505 - [robot_007] Resuming after cold restart at task 271 (NO state preserved — random policy fresh)
2026-05-14 10:50:04,671 - [robot_007] Tasks: 300/2000 success_rate=0.500
2026-05-14 10:54:02,992 - [robot_007] Tasks: 400/2000 success_rate=0.300
2026-05-14 10:56:15,459 - [robot_007] migration requested at task 470, sleeping until runner kills me
2026-05-14 10:59:20,480 - [robot_007] Resuming after cold restart at task 471 (NO state preserved — random policy fresh)
2026-05-14 10:59:22,198 - [robot_007] Tasks: 500/2000 success_rate=0.400
2026-05-14 10:59:26,538 - [robot_007] Tasks: 600/2000 success_rate=0.600
2026-05-14 10:59:31,671 - [robot_007] migration requested at task 670, sleeping until runner kills me
2026-05-14 11:02:23,891 - [robot_007] Resuming after cold restart at task 671 (NO state preserved — random policy fresh)
2026-05-14 11:02:29,063 - [robot_007] Tasks: 700/2000 success_rate=0.800
2026-05-14 11:02:34,275 - [robot_007] Tasks: 800/2000 success_rate=0.500
2026-05-14 11:02:37,327 - [robot_007] migration requested at task 870, sleeping until runner kills me
2026-05-14 11:12:50,517 - [robot_007] Random policy worker started (Cold Restart baseline)
2026-05-14 11:12:50,518 - [robot_007] Tasks: 0/2000 success_rate=0.000
2026-05-14 11:14:20,605 - [robot_007] Tasks: 100/2000 success_rate=0.500
2026-05-14 11:17:07,199 - [robot_007] Tasks: 200/2000 success_rate=0.500
2026-05-14 11:18:29,755 - [robot_007] migration requested at task 270, sleeping until runner kills me
2026-05-14 11:19:23,794 - [robot_007] Resuming after cold restart at task 271 (NO state preserved — random policy fresh)
2026-05-14 11:19:42,194 - [robot_007] Tasks: 300/2000 success_rate=0.700
2026-05-14 11:21:57,508 - [robot_007] Tasks: 400/2000 success_rate=0.400
2026-05-14 11:22:58,542 - [robot_007] migration requested at task 470, sleeping until runner kills me
2026-05-14 11:23:14,628 - [robot_007] Resuming after cold restart at task 471 (NO state preserved — random policy fresh)
2026-05-14 11:23:28,309 - [robot_007] Tasks: 500/2000 success_rate=0.600
2026-05-14 11:24:59,090 - [robot_007] Tasks: 600/2000 success_rate=0.400
2026-05-14 11:25:34,964 - [robot_007] migration requested at task 670, sleeping until runner kills me
2026-05-14 11:26:14,752 - [robot_007] Resuming after cold restart at task 671 (NO state preserved — random policy fresh)
2026-05-14 11:26:29,737 - [robot_007] Tasks: 700/2000 success_rate=0.700
2026-05-14 11:27:18,342 - [robot_007] Tasks: 800/2000 success_rate=0.300
2026-05-14 11:27:36,158 - [robot_007] migration requested at task 870, sleeping until runner kills me
2026-05-14 11:28:10,331 - [robot_007] Resuming after cold restart at task 871 (NO state preserved — random policy fresh)
2026-05-14 11:28:11,254 - [robot_007] Tasks: 900/2000 success_rate=0.500
2026-05-14 11:28:16,905 - [robot_007] Tasks: 1000/2000 success_rate=0.400
2026-05-14 11:28:17,685 - [robot_007] migration requested at task 1020, sleeping until runner kills me
2026-05-14 11:28:25,995 - [robot_007] Resuming after cold restart at task 1021 (NO state preserved — random policy fresh)
2026-05-14 11:28:29,866 - [robot_007] Tasks: 1100/2000 success_rate=0.400
2026-05-14 11:28:34,527 - [robot_007] Tasks: 1200/2000 success_rate=0.200
2026-05-14 11:28:42,842 - [robot_007] Tasks: 1300/2000 success_rate=0.800
2026-05-14 11:28:47,928 - [robot_007] Tasks: 1400/2000 success_rate=0.600
2026-05-14 11:28:52,475 - [robot_007] Tasks: 1500/2000 success_rate=0.600
2026-05-14 11:28:58,146 - [robot_007] Tasks: 1600/2000 success_rate=0.800
2026-05-14 11:29:02,330 - [robot_007] Tasks: 1700/2000 success_rate=0.400
2026-05-14 11:29:09,345 - [robot_007] Tasks: 1800/2000 success_rate=0.500
2026-05-14 11:29:14,133 - [robot_007] Tasks: 1900/2000 success_rate=0.300
2026-05-14 11:29:19,233 - [robot_007] Complete.
