2026-05-14 10:41:14,347 - [robot_005] Random policy worker started (Cold Restart baseline)
2026-05-14 10:41:14,348 - [robot_005] Tasks: 0/2000 success_rate=0.000
2026-05-14 10:43:02,591 - [robot_005] Tasks: 100/2000 success_rate=0.600
2026-05-14 10:44:42,376 - [robot_005] Tasks: 200/2000 success_rate=0.700
2026-05-14 10:45:55,187 - [robot_005] migration requested at task 250, sleeping until runner kills me
2026-05-14 10:47:11,326 - [robot_005] Resuming after cold restart at task 251 (NO state preserved — random policy fresh)
2026-05-14 10:49:13,850 - [robot_005] Tasks: 300/2000 success_rate=0.300
2026-05-14 10:51:19,482 - [robot_005] Tasks: 400/2000 success_rate=0.500
2026-05-14 10:53:37,931 - [robot_005] migration requested at task 450, sleeping until runner kills me
2026-05-14 10:54:34,781 - [robot_005] Resuming after cold restart at task 451 (NO state preserved — random policy fresh)
2026-05-14 10:54:43,150 - [robot_005] Tasks: 500/2000 success_rate=0.400
2026-05-14 10:55:01,399 - [robot_005] Tasks: 600/2000 success_rate=0.600
2026-05-14 10:55:11,903 - [robot_005] migration requested at task 650, sleeping until runner kills me
2026-05-14 10:55:45,866 - [robot_005] Resuming after cold restart at task 651 (NO state preserved — random policy fresh)
2026-05-14 10:57:50,116 - [robot_005] Tasks: 700/2000 success_rate=0.300
2026-05-14 10:59:39,297 - [robot_005] Tasks: 800/2000 success_rate=0.400
2026-05-14 11:00:45,756 - [robot_005] migration requested at task 850, sleeping until runner kills me
2026-05-14 11:02:44,517 - [robot_005] Resuming after cold restart at task 851 (NO state preserved — random policy fresh)
2026-05-14 11:02:54,718 - [robot_005] Tasks: 900/2000 success_rate=0.400
2026-05-14 11:03:31,339 - [robot_005] migration requested at task 1000, sleeping until runner kills me
2026-05-14 11:07:29,641 - [robot_005] Resuming after cold restart at task 1001 (NO state preserved — random policy fresh)
2026-05-14 11:07:35,774 - [robot_005] Tasks: 1100/2000 success_rate=0.600
2026-05-14 11:07:44,272 - [robot_005] Tasks: 1200/2000 success_rate=0.500
2026-05-14 11:08:03,144 - [robot_005] Tasks: 1300/2000 success_rate=0.500
2026-05-14 11:08:40,413 - [robot_005] Tasks: 1400/2000 success_rate=0.300
2026-05-14 11:10:50,645 - [robot_005] Tasks: 1500/2000 success_rate=0.600
2026-05-14 11:12:14,331 - [robot_005] Tasks: 1600/2000 success_rate=0.300
2026-05-14 11:13:25,758 - [robot_005] Tasks: 1700/2000 success_rate=0.500
2026-05-14 11:15:28,518 - [robot_005] Tasks: 1800/2000 success_rate=0.200
2026-05-14 11:17:45,711 - [robot_005] Tasks: 1900/2000 success_rate=0.600
2026-05-14 11:19:20,788 - [robot_005] Complete.
