2026-05-14 10:41:05,043 - [robot_011] Random policy worker started (Cold Restart baseline)
2026-05-14 10:41:05,045 - [robot_011] Tasks: 0/2000 success_rate=0.000
2026-05-14 10:43:37,765 - [robot_011] Tasks: 100/2000 success_rate=0.400
2026-05-14 10:46:34,771 - [robot_011] Tasks: 200/2000 success_rate=0.400
2026-05-14 10:48:12,257 - [robot_011] Tasks: 300/2000 success_rate=0.400
2026-05-14 10:48:29,468 - [robot_011] migration requested at task 310, sleeping until runner kills me
2026-05-14 10:51:30,322 - [robot_011] Resuming after cold restart at task 311 (NO state preserved — random policy fresh)
2026-05-14 10:51:36,972 - [robot_011] Tasks: 400/2000 success_rate=0.400
2026-05-14 10:51:42,616 - [robot_011] Tasks: 500/2000 success_rate=0.700
2026-05-14 10:51:43,424 - [robot_011] migration requested at task 510, sleeping until runner kills me
2026-05-14 10:55:26,191 - [robot_011] Resuming after cold restart at task 511 (NO state preserved — random policy fresh)
2026-05-14 10:59:23,151 - [robot_011] Tasks: 600/2000 success_rate=0.600
2026-05-14 11:01:04,362 - [robot_011] Tasks: 700/2000 success_rate=0.500
2026-05-14 11:01:11,484 - [robot_011] migration requested at task 710, sleeping until runner kills me
2026-05-14 11:04:43,187 - [robot_011] Resuming after cold restart at task 711 (NO state preserved — random policy fresh)
2026-05-14 11:05:39,400 - [robot_011] Tasks: 800/2000 success_rate=0.300
2026-05-14 11:07:12,433 - [robot_011] Tasks: 900/2000 success_rate=0.700
2026-05-14 11:07:16,590 - [robot_011] migration requested at task 910, sleeping until runner kills me
2026-05-14 11:09:22,965 - [robot_011] Resuming after cold restart at task 911 (NO state preserved — random policy fresh)
2026-05-14 11:11:04,285 - [robot_011] Tasks: 1000/2000 success_rate=0.600
2026-05-14 11:12:10,877 - [robot_011] migration requested at task 1060, sleeping until runner kills me
2026-05-14 11:13:25,190 - [robot_011] Resuming after cold restart at task 1061 (NO state preserved — random policy fresh)
2026-05-14 11:14:08,354 - [robot_011] Tasks: 1100/2000 success_rate=0.400
2026-05-14 11:16:15,952 - [robot_011] Tasks: 1200/2000 success_rate=0.500
2026-05-14 11:17:39,474 - [robot_011] Tasks: 1300/2000 success_rate=0.400
2026-05-14 11:19:08,769 - [robot_011] Tasks: 1400/2000 success_rate=0.500
2026-05-14 11:20:49,066 - [robot_011] Tasks: 1500/2000 success_rate=0.300
2026-05-14 11:22:30,105 - [robot_011] Tasks: 1600/2000 success_rate=0.400
2026-05-14 11:23:42,245 - [robot_011] Tasks: 1700/2000 success_rate=0.600
2026-05-14 11:24:54,080 - [robot_011] Tasks: 1800/2000 success_rate=0.500
2026-05-14 11:25:34,547 - [robot_011] Tasks: 1900/2000 success_rate=0.700
2026-05-14 11:26:00,203 - [robot_011] Complete.
