2026-05-14 10:41:05,044 - [robot_018] Random policy worker started (Cold Restart baseline)
2026-05-14 10:41:05,852 - [robot_018] Tasks: 0/2000 success_rate=1.000
2026-05-14 10:43:08,443 - [robot_018] Tasks: 100/2000 success_rate=0.500
2026-05-14 10:46:31,670 - [robot_018] Tasks: 200/2000 success_rate=0.300
2026-05-14 10:50:23,651 - [robot_018] Tasks: 300/2000 success_rate=0.500
2026-05-14 10:52:27,704 - [robot_018] migration requested at task 380, sleeping until runner kills me
2026-05-14 10:55:07,599 - [robot_018] Resuming after cold restart at task 381 (NO state preserved — random policy fresh)
2026-05-14 10:55:10,937 - [robot_018] Tasks: 400/2000 success_rate=0.300
2026-05-14 10:55:18,301 - [robot_018] Tasks: 500/2000 success_rate=0.500
2026-05-14 10:55:24,649 - [robot_018] migration requested at task 580, sleeping until runner kills me
2026-05-14 10:57:09,445 - [robot_018] Resuming after cold restart at task 581 (NO state preserved — random policy fresh)
2026-05-14 10:57:26,741 - [robot_018] Tasks: 600/2000 success_rate=0.400
2026-05-14 11:00:52,506 - [robot_018] Tasks: 700/2000 success_rate=0.500
2026-05-14 11:02:05,005 - [robot_018] migration requested at task 780, sleeping until runner kills me
2026-05-14 11:07:11,562 - [robot_018] Resuming after cold restart at task 781 (NO state preserved — random policy fresh)
2026-05-14 11:07:29,988 - [robot_018] Tasks: 800/2000 success_rate=0.500
2026-05-14 11:08:37,986 - [robot_018] Tasks: 900/2000 success_rate=0.600
2026-05-14 11:09:39,193 - [robot_018] migration requested at task 980, sleeping until runner kills me
2026-05-14 11:14:00,739 - [robot_018] Resuming after cold restart at task 981 (NO state preserved — random policy fresh)
2026-05-14 11:14:24,099 - [robot_018] Tasks: 1000/2000 success_rate=0.400
2026-05-14 11:17:35,816 - [robot_018] Tasks: 1100/2000 success_rate=0.400
2026-05-14 11:18:39,972 - [robot_018] migration requested at task 1130, sleeping until runner kills me
2026-05-14 11:19:42,891 - [robot_018] Resuming after cold restart at task 1131 (NO state preserved — random policy fresh)
2026-05-14 11:21:21,362 - [robot_018] Tasks: 1200/2000 success_rate=0.200
2026-05-14 11:23:00,130 - [robot_018] Tasks: 1300/2000 success_rate=0.500
2026-05-14 11:24:26,557 - [robot_018] Tasks: 1400/2000 success_rate=0.400
2026-05-14 11:25:16,541 - [robot_018] Tasks: 1500/2000 success_rate=0.500
2026-05-14 11:25:58,529 - [robot_018] Tasks: 1600/2000 success_rate=0.600
2026-05-14 11:26:12,704 - [robot_018] Tasks: 1700/2000 success_rate=0.700
2026-05-14 11:26:33,324 - [robot_018] Tasks: 1800/2000 success_rate=0.400
2026-05-14 11:26:52,700 - [robot_018] Tasks: 1900/2000 success_rate=0.600
2026-05-14 11:26:59,280 - [robot_018] Complete.
