2026-05-14 10:41:14,348 - [robot_009] Random policy worker started (Cold Restart baseline)
2026-05-14 10:41:22,167 - [robot_009] Tasks: 0/2000 success_rate=0.000
2026-05-14 10:43:05,175 - [robot_009] Tasks: 100/2000 success_rate=0.400
2026-05-14 10:44:29,132 - [robot_009] Tasks: 200/2000 success_rate=0.300
2026-05-14 10:46:00,477 - [robot_009] migration requested at task 290, sleeping until runner kills me
2026-05-14 10:47:11,394 - [robot_009] Resuming after cold restart at task 291 (NO state preserved — random policy fresh)
2026-05-14 10:47:19,578 - [robot_009] Tasks: 300/2000 success_rate=0.600
2026-05-14 10:48:43,801 - [robot_009] Tasks: 400/2000 success_rate=0.300
2026-05-14 10:49:39,388 - [robot_009] migration requested at task 490, sleeping until runner kills me
2026-05-14 10:51:16,455 - [robot_009] Resuming after cold restart at task 491 (NO state preserved — random policy fresh)
2026-05-14 10:51:17,951 - [robot_009] Tasks: 500/2000 success_rate=0.300
2026-05-14 10:51:27,176 - [robot_009] Tasks: 600/2000 success_rate=0.300
2026-05-14 10:51:33,897 - [robot_009] migration requested at task 690, sleeping until runner kills me
2026-05-14 10:55:03,871 - [robot_009] Resuming after cold restart at task 691 (NO state preserved — random policy fresh)
2026-05-14 10:55:40,830 - [robot_009] Tasks: 700/2000 success_rate=0.400
2026-05-14 11:00:06,924 - [robot_009] Tasks: 800/2000 success_rate=0.200
2026-05-14 11:01:48,930 - [robot_009] migration requested at task 890, sleeping until runner kills me
2026-05-14 11:04:21,252 - [robot_009] Resuming after cold restart at task 891 (NO state preserved — random policy fresh)
2026-05-14 11:04:24,402 - [robot_009] Tasks: 900/2000 success_rate=0.500
2026-05-14 11:05:50,202 - [robot_009] Tasks: 1000/2000 success_rate=0.600
2026-05-14 11:06:25,017 - [robot_009] migration requested at task 1040, sleeping until runner kills me
2026-05-14 11:09:22,516 - [robot_009] Resuming after cold restart at task 1041 (NO state preserved — random policy fresh)
2026-05-14 11:10:00,728 - [robot_009] Tasks: 1100/2000 success_rate=0.400
2026-05-14 11:11:11,675 - [robot_009] Tasks: 1200/2000 success_rate=0.400
2026-05-14 11:12:13,832 - [robot_009] Tasks: 1300/2000 success_rate=0.400
2026-05-14 11:12:59,587 - [robot_009] Tasks: 1400/2000 success_rate=0.300
2026-05-14 11:14:03,846 - [robot_009] Tasks: 1500/2000 success_rate=0.200
2026-05-14 11:15:29,218 - [robot_009] Tasks: 1600/2000 success_rate=0.300
2026-05-14 11:17:11,379 - [robot_009] Tasks: 1700/2000 success_rate=0.300
2026-05-14 11:18:42,427 - [robot_009] Tasks: 1800/2000 success_rate=0.600
2026-05-14 11:20:00,904 - [robot_009] Tasks: 1900/2000 success_rate=0.500
2026-05-14 11:21:39,623 - [robot_009] Complete.
