2026-05-14 10:41:05,043 - [robot_010] Random policy worker started (Cold Restart baseline)
2026-05-14 10:41:05,784 - [robot_010] Tasks: 0/2000 success_rate=1.000
2026-05-14 10:43:51,241 - [robot_010] Tasks: 100/2000 success_rate=0.400
2026-05-14 10:45:42,813 - [robot_010] Tasks: 200/2000 success_rate=0.400
2026-05-14 10:50:40,835 - [robot_010] migration requested at task 300, sleeping until runner kills me
2026-05-14 10:53:52,987 - [robot_010] Resuming after cold restart at task 301 (NO state preserved — random policy fresh)
2026-05-14 10:53:59,145 - [robot_010] Tasks: 400/2000 success_rate=0.500
2026-05-14 10:54:04,748 - [robot_010] migration requested at task 500, sleeping until runner kills me
2026-05-14 10:56:14,586 - [robot_010] Resuming after cold restart at task 501 (NO state preserved — random policy fresh)
2026-05-14 11:01:05,226 - [robot_010] Tasks: 600/2000 success_rate=0.300
2026-05-14 11:02:02,978 - [robot_010] migration requested at task 700, sleeping until runner kills me
2026-05-14 11:04:11,156 - [robot_010] Resuming after cold restart at task 701 (NO state preserved — random policy fresh)
2026-05-14 11:05:06,864 - [robot_010] Tasks: 800/2000 success_rate=0.300
2026-05-14 11:06:40,212 - [robot_010] migration requested at task 900, sleeping until runner kills me
2026-05-14 11:08:36,160 - [robot_010] Resuming after cold restart at task 901 (NO state preserved — random policy fresh)
2026-05-14 11:11:44,600 - [robot_010] Tasks: 1000/2000 success_rate=0.400
2026-05-14 11:12:20,250 - [robot_010] migration requested at task 1050, sleeping until runner kills me
2026-05-14 11:13:02,064 - [robot_010] Resuming after cold restart at task 1051 (NO state preserved — random policy fresh)
2026-05-14 11:14:24,119 - [robot_010] Tasks: 1100/2000 success_rate=0.300
2026-05-14 11:15:52,292 - [robot_010] Tasks: 1200/2000 success_rate=0.500
2026-05-14 11:17:44,529 - [robot_010] Tasks: 1300/2000 success_rate=0.500
2026-05-14 11:18:45,570 - [robot_010] Tasks: 1400/2000 success_rate=0.500
2026-05-14 11:19:34,265 - [robot_010] Tasks: 1500/2000 success_rate=0.500
2026-05-14 11:20:40,018 - [robot_010] Tasks: 1600/2000 success_rate=0.300
2026-05-14 11:22:01,138 - [robot_010] Tasks: 1700/2000 success_rate=0.200
2026-05-14 11:22:58,953 - [robot_010] Tasks: 1800/2000 success_rate=0.500
2026-05-14 11:23:57,440 - [robot_010] Tasks: 1900/2000 success_rate=0.300
2026-05-14 11:24:45,154 - [robot_010] Complete.
