2026-05-14 10:41:14,349 - [robot_008] Random policy worker started (Cold Restart baseline)
2026-05-14 10:41:14,350 - [robot_008] Tasks: 0/2000 success_rate=0.000
2026-05-14 10:45:37,319 - [robot_008] Tasks: 100/2000 success_rate=0.600
2026-05-14 10:46:47,320 - [robot_008] Tasks: 200/2000 success_rate=0.600
2026-05-14 10:47:11,931 - [robot_008] migration requested at task 280, sleeping until runner kills me
2026-05-14 10:49:54,911 - [robot_008] Resuming after cold restart at task 281 (NO state preserved — random policy fresh)
2026-05-14 10:50:36,928 - [robot_008] Tasks: 300/2000 success_rate=0.200
2026-05-14 10:54:34,529 - [robot_008] Tasks: 400/2000 success_rate=0.500
2026-05-14 10:56:41,041 - [robot_008] migration requested at task 480, sleeping until runner kills me
2026-05-14 10:59:31,593 - [robot_008] Resuming after cold restart at task 481 (NO state preserved — random policy fresh)
2026-05-14 10:59:32,501 - [robot_008] Tasks: 500/2000 success_rate=0.500
2026-05-14 10:59:37,901 - [robot_008] Tasks: 600/2000 success_rate=0.800
2026-05-14 10:59:42,491 - [robot_008] migration requested at task 680, sleeping until runner kills me
2026-05-14 11:07:18,325 - [robot_008] Resuming after cold restart at task 681 (NO state preserved — random policy fresh)
2026-05-14 11:07:19,990 - [robot_008] Tasks: 700/2000 success_rate=0.700
2026-05-14 11:07:24,882 - [robot_008] Tasks: 800/2000 success_rate=0.400
2026-05-14 11:07:29,205 - [robot_008] migration requested at task 880, sleeping until runner kills me
2026-05-14 11:14:09,625 - [robot_008] Resuming after cold restart at task 881 (NO state preserved — random policy fresh)
2026-05-14 11:14:41,848 - [robot_008] Tasks: 900/2000 success_rate=0.300
2026-05-14 11:17:53,739 - [robot_008] Tasks: 1000/2000 success_rate=0.600
2026-05-14 11:18:28,762 - [robot_008] migration requested at task 1030, sleeping until runner kills me
2026-05-14 11:19:27,601 - [robot_008] Resuming after cold restart at task 1031 (NO state preserved — random policy fresh)
2026-05-14 11:20:28,518 - [robot_008] Tasks: 1100/2000 success_rate=0.200
2026-05-14 11:21:25,398 - [robot_008] Tasks: 1200/2000 success_rate=0.300
2026-05-14 11:22:46,035 - [robot_008] Tasks: 1300/2000 success_rate=0.400
2026-05-14 11:23:53,953 - [robot_008] Tasks: 1400/2000 success_rate=0.200
2026-05-14 11:24:44,142 - [robot_008] Tasks: 1500/2000 success_rate=0.800
2026-05-14 11:25:43,337 - [robot_008] Tasks: 1600/2000 success_rate=0.400
2026-05-14 11:26:26,006 - [robot_008] Tasks: 1700/2000 success_rate=0.500
2026-05-14 11:27:11,835 - [robot_008] Tasks: 1800/2000 success_rate=0.500
2026-05-14 11:27:42,776 - [robot_008] Tasks: 1900/2000 success_rate=0.600
2026-05-14 11:27:55,370 - [robot_008] Complete.
