2026-05-14 10:41:05,043 - [robot_016] Random policy worker started (Cold Restart baseline)
2026-05-14 10:41:06,278 - [robot_016] Tasks: 0/2000 success_rate=1.000
2026-05-14 10:43:01,774 - [robot_016] Tasks: 100/2000 success_rate=0.200
2026-05-14 10:46:04,466 - [robot_016] Tasks: 200/2000 success_rate=0.600
2026-05-14 10:48:31,880 - [robot_016] Tasks: 300/2000 success_rate=0.700
2026-05-14 10:49:08,783 - [robot_016] migration requested at task 360, sleeping until runner kills me
2026-05-14 10:50:53,374 - [robot_016] Resuming after cold restart at task 361 (NO state preserved — random policy fresh)
2026-05-14 10:50:54,878 - [robot_016] Tasks: 400/2000 success_rate=0.500
2026-05-14 10:51:01,800 - [robot_016] Tasks: 500/2000 success_rate=0.500
2026-05-14 10:51:04,656 - [robot_016] migration requested at task 560, sleeping until runner kills me
2026-05-14 10:52:24,913 - [robot_016] Resuming after cold restart at task 561 (NO state preserved — random policy fresh)
2026-05-14 10:53:19,465 - [robot_016] Tasks: 600/2000 success_rate=0.500
2026-05-14 10:56:37,258 - [robot_016] Tasks: 700/2000 success_rate=0.500
2026-05-14 10:58:06,088 - [robot_016] migration requested at task 760, sleeping until runner kills me
2026-05-14 11:02:03,956 - [robot_016] Resuming after cold restart at task 761 (NO state preserved — random policy fresh)
2026-05-14 11:02:05,197 - [robot_016] Tasks: 800/2000 success_rate=0.500
2026-05-14 11:02:10,288 - [robot_016] Tasks: 900/2000 success_rate=0.200
2026-05-14 11:02:12,596 - [robot_016] migration requested at task 960, sleeping until runner kills me
2026-05-14 11:03:48,906 - [robot_016] Resuming after cold restart at task 961 (NO state preserved — random policy fresh)
2026-05-14 11:03:54,614 - [robot_016] Tasks: 1000/2000 success_rate=0.100
2026-05-14 11:04:07,384 - [robot_016] Tasks: 1100/2000 success_rate=0.300
2026-05-14 11:04:08,022 - [robot_016] migration requested at task 1110, sleeping until runner kills me
2026-05-14 11:08:16,099 - [robot_016] Resuming after cold restart at task 1111 (NO state preserved — random policy fresh)
2026-05-14 11:09:05,606 - [robot_016] Tasks: 1200/2000 success_rate=0.400
2026-05-14 11:09:54,753 - [robot_016] Tasks: 1300/2000 success_rate=0.300
2026-05-14 11:10:48,493 - [robot_016] Tasks: 1400/2000 success_rate=0.700
2026-05-14 11:11:20,017 - [robot_016] Tasks: 1500/2000 success_rate=0.300
2026-05-14 11:12:12,926 - [robot_016] Tasks: 1600/2000 success_rate=0.600
2026-05-14 11:13:02,584 - [robot_016] Tasks: 1700/2000 success_rate=0.400
2026-05-14 11:14:55,444 - [robot_016] Tasks: 1800/2000 success_rate=0.600
2026-05-14 11:16:07,869 - [robot_016] Tasks: 1900/2000 success_rate=0.600
2026-05-14 11:17:48,593 - [robot_016] Complete.
