2026-05-14 10:41:05,044 - [robot_017] Random policy worker started (Cold Restart baseline)
2026-05-14 10:41:05,045 - [robot_017] Tasks: 0/2000 success_rate=0.000
2026-05-14 10:43:36,261 - [robot_017] Tasks: 100/2000 success_rate=0.500
2026-05-14 10:47:31,988 - [robot_017] Tasks: 200/2000 success_rate=0.700
2026-05-14 10:50:26,707 - [robot_017] Tasks: 300/2000 success_rate=0.500
2026-05-14 10:53:54,470 - [robot_017] migration requested at task 370, sleeping until runner kills me
2026-05-14 10:54:35,410 - [robot_017] Resuming after cold restart at task 371 (NO state preserved — random policy fresh)
2026-05-14 10:54:40,875 - [robot_017] Tasks: 400/2000 success_rate=0.700
2026-05-14 10:54:58,698 - [robot_017] Tasks: 500/2000 success_rate=0.400
2026-05-14 10:55:14,486 - [robot_017] migration requested at task 570, sleeping until runner kills me
2026-05-14 10:56:21,416 - [robot_017] Resuming after cold restart at task 571 (NO state preserved — random policy fresh)
2026-05-14 10:57:22,321 - [robot_017] Tasks: 600/2000 success_rate=0.500
2026-05-14 11:00:24,465 - [robot_017] Tasks: 700/2000 success_rate=0.300
2026-05-14 11:01:56,109 - [robot_017] migration requested at task 770, sleeping until runner kills me
2026-05-14 11:04:31,405 - [robot_017] Resuming after cold restart at task 771 (NO state preserved — random policy fresh)
2026-05-14 11:04:51,753 - [robot_017] Tasks: 800/2000 success_rate=0.800
2026-05-14 11:05:58,804 - [robot_017] Tasks: 900/2000 success_rate=0.100
2026-05-14 11:07:04,595 - [robot_017] migration requested at task 970, sleeping until runner kills me
2026-05-14 11:08:47,832 - [robot_017] Resuming after cold restart at task 971 (NO state preserved — random policy fresh)
2026-05-14 11:09:06,734 - [robot_017] Tasks: 1000/2000 success_rate=0.500
2026-05-14 11:11:14,055 - [robot_017] Tasks: 1100/2000 success_rate=0.600
2026-05-14 11:11:38,115 - [robot_017] migration requested at task 1120, sleeping until runner kills me
2026-05-14 11:13:13,537 - [robot_017] Resuming after cold restart at task 1121 (NO state preserved — random policy fresh)
2026-05-14 11:14:01,567 - [robot_017] Tasks: 1200/2000 success_rate=0.400
2026-05-14 11:16:30,543 - [robot_017] Tasks: 1300/2000 success_rate=0.500
2026-05-14 11:17:47,637 - [robot_017] Tasks: 1400/2000 success_rate=0.400
2026-05-14 11:18:57,136 - [robot_017] Tasks: 1500/2000 success_rate=0.600
2026-05-14 11:19:54,375 - [robot_017] Tasks: 1600/2000 success_rate=0.200
2026-05-14 11:21:14,433 - [robot_017] Tasks: 1700/2000 success_rate=0.200
2026-05-14 11:22:33,663 - [robot_017] Tasks: 1800/2000 success_rate=0.500
2026-05-14 11:23:51,130 - [robot_017] Tasks: 1900/2000 success_rate=0.300
2026-05-14 11:25:08,124 - [robot_017] Complete.
