2026-05-14 10:41:05,043 - [robot_014] Random policy worker started (Cold Restart baseline)
2026-05-14 10:41:06,372 - [robot_014] Tasks: 0/2000 success_rate=1.000
2026-05-14 10:42:40,748 - [robot_014] Tasks: 100/2000 success_rate=0.600
2026-05-14 10:44:12,651 - [robot_014] Tasks: 200/2000 success_rate=0.600
2026-05-14 10:46:05,087 - [robot_014] Tasks: 300/2000 success_rate=0.600
2026-05-14 10:46:58,898 - [robot_014] migration requested at task 340, sleeping until runner kills me
2026-05-14 10:48:54,622 - [robot_014] Resuming after cold restart at task 341 (NO state preserved — random policy fresh)
2026-05-14 10:49:03,115 - [robot_014] Tasks: 400/2000 success_rate=0.200
2026-05-14 10:49:18,140 - [robot_014] Tasks: 500/2000 success_rate=0.400
2026-05-14 10:49:23,313 - [robot_014] migration requested at task 540, sleeping until runner kills me
2026-05-14 10:50:34,929 - [robot_014] Resuming after cold restart at task 541 (NO state preserved — random policy fresh)
2026-05-14 10:51:57,926 - [robot_014] Tasks: 600/2000 success_rate=0.500
2026-05-14 10:56:37,535 - [robot_014] Tasks: 700/2000 success_rate=0.500
2026-05-14 10:57:37,461 - [robot_014] migration requested at task 740, sleeping until runner kills me
2026-05-14 11:00:05,751 - [robot_014] Resuming after cold restart at task 741 (NO state preserved — random policy fresh)
2026-05-14 11:00:09,132 - [robot_014] Tasks: 800/2000 success_rate=0.800
2026-05-14 11:00:13,982 - [robot_014] Tasks: 900/2000 success_rate=0.400
2026-05-14 11:00:15,435 - [robot_014] migration requested at task 940, sleeping until runner kills me
2026-05-14 11:04:48,652 - [robot_014] Resuming after cold restart at task 941 (NO state preserved — random policy fresh)
2026-05-14 11:04:51,448 - [robot_014] Tasks: 1000/2000 success_rate=0.700
2026-05-14 11:04:56,120 - [robot_014] migration requested at task 1090, sleeping until runner kills me
2026-05-14 11:11:31,199 - [robot_014] Resuming after cold restart at task 1091 (NO state preserved — random policy fresh)
2026-05-14 11:11:40,734 - [robot_014] Tasks: 1100/2000 success_rate=0.500
2026-05-14 11:12:30,186 - [robot_014] Tasks: 1200/2000 success_rate=0.500
2026-05-14 11:13:38,133 - [robot_014] Tasks: 1300/2000 success_rate=0.400
2026-05-14 11:15:07,389 - [robot_014] Tasks: 1400/2000 success_rate=0.600
2026-05-14 11:16:51,458 - [robot_014] Tasks: 1500/2000 success_rate=0.300
2026-05-14 11:18:13,522 - [robot_014] Tasks: 1600/2000 success_rate=0.600
2026-05-14 11:19:23,218 - [robot_014] Tasks: 1700/2000 success_rate=0.300
2026-05-14 11:20:45,296 - [robot_014] Tasks: 1800/2000 success_rate=0.300
2026-05-14 11:22:19,943 - [robot_014] Tasks: 1900/2000 success_rate=0.400
2026-05-14 11:23:27,013 - [robot_014] Complete.
