2026-05-14 10:41:05,043 - [robot_012] Random policy worker started (Cold Restart baseline)
2026-05-14 10:41:05,045 - [robot_012] Tasks: 0/2000 success_rate=0.000
2026-05-14 10:44:15,531 - [robot_012] Tasks: 100/2000 success_rate=0.300
2026-05-14 10:46:44,679 - [robot_012] Tasks: 200/2000 success_rate=0.500
2026-05-14 10:48:12,283 - [robot_012] Tasks: 300/2000 success_rate=0.200
2026-05-14 10:48:46,527 - [robot_012] migration requested at task 320, sleeping until runner kills me
2026-05-14 10:51:06,208 - [robot_012] Resuming after cold restart at task 321 (NO state preserved — random policy fresh)
2026-05-14 10:51:10,022 - [robot_012] Tasks: 400/2000 success_rate=0.300
2026-05-14 10:51:18,649 - [robot_012] Tasks: 500/2000 success_rate=0.500
2026-05-14 10:51:21,278 - [robot_012] migration requested at task 520, sleeping until runner kills me
2026-05-14 10:53:51,934 - [robot_012] Resuming after cold restart at task 521 (NO state preserved — random policy fresh)
2026-05-14 10:56:44,740 - [robot_012] Tasks: 600/2000 success_rate=0.600
2026-05-14 11:00:15,981 - [robot_012] Tasks: 700/2000 success_rate=0.400
2026-05-14 11:00:51,077 - [robot_012] migration requested at task 720, sleeping until runner kills me
2026-05-14 11:05:50,488 - [robot_012] Resuming after cold restart at task 721 (NO state preserved — random policy fresh)
2026-05-14 11:06:55,893 - [robot_012] Tasks: 800/2000 success_rate=0.400
2026-05-14 11:07:41,640 - [robot_012] Tasks: 900/2000 success_rate=0.400
2026-05-14 11:07:49,802 - [robot_012] migration requested at task 920, sleeping until runner kills me
2026-05-14 11:13:34,437 - [robot_012] Resuming after cold restart at task 921 (NO state preserved — random policy fresh)
2026-05-14 11:15:48,608 - [robot_012] Tasks: 1000/2000 success_rate=0.400
2026-05-14 11:18:03,138 - [robot_012] migration requested at task 1070, sleeping until runner kills me
2026-05-14 11:18:42,119 - [robot_012] Resuming after cold restart at task 1071 (NO state preserved — random policy fresh)
2026-05-14 11:19:08,293 - [robot_012] Tasks: 1100/2000 success_rate=0.500
2026-05-14 11:20:36,141 - [robot_012] Tasks: 1200/2000 success_rate=0.500
2026-05-14 11:22:20,719 - [robot_012] Tasks: 1300/2000 success_rate=0.500
2026-05-14 11:23:42,244 - [robot_012] Tasks: 1400/2000 success_rate=0.400
2026-05-14 11:24:51,799 - [robot_012] Tasks: 1500/2000 success_rate=0.600
2026-05-14 11:25:45,009 - [robot_012] Tasks: 1600/2000 success_rate=0.800
2026-05-14 11:26:06,246 - [robot_012] Tasks: 1700/2000 success_rate=0.700
2026-05-14 11:26:23,384 - [robot_012] Tasks: 1800/2000 success_rate=0.400
2026-05-14 11:26:39,527 - [robot_012] Tasks: 1900/2000 success_rate=0.500
2026-05-14 11:26:51,688 - [robot_012] Complete.
