2026-05-14 10:41:05,043 - [robot_019] Random policy worker started (Cold Restart baseline)
2026-05-14 10:41:06,065 - [robot_019] Tasks: 0/2000 success_rate=1.000
2026-05-14 10:42:32,838 - [robot_019] Tasks: 100/2000 success_rate=0.500
2026-05-14 10:44:38,197 - [robot_019] Tasks: 200/2000 success_rate=0.400
2026-05-14 10:46:40,900 - [robot_019] Tasks: 300/2000 success_rate=0.900
2026-05-14 10:48:18,118 - [robot_019] migration requested at task 390, sleeping until runner kills me
2026-05-14 10:50:41,379 - [robot_019] Resuming after cold restart at task 391 (NO state preserved — random policy fresh)
2026-05-14 10:50:41,839 - [robot_019] Tasks: 400/2000 success_rate=0.300
2026-05-14 10:50:45,583 - [robot_019] Tasks: 500/2000 success_rate=0.500
2026-05-14 10:50:49,213 - [robot_019] migration requested at task 590, sleeping until runner kills me
2026-05-14 10:52:28,397 - [robot_019] Resuming after cold restart at task 591 (NO state preserved — random policy fresh)
2026-05-14 10:52:41,895 - [robot_019] Tasks: 600/2000 success_rate=0.600
2026-05-14 10:55:17,742 - [robot_019] Tasks: 700/2000 success_rate=0.500
2026-05-14 10:58:07,704 - [robot_019] migration requested at task 790, sleeping until runner kills me
2026-05-14 11:01:53,119 - [robot_019] Resuming after cold restart at task 791 (NO state preserved — random policy fresh)
2026-05-14 11:01:53,459 - [robot_019] Tasks: 800/2000 success_rate=0.500
2026-05-14 11:01:57,998 - [robot_019] Tasks: 900/2000 success_rate=0.500
2026-05-14 11:02:03,321 - [robot_019] migration requested at task 990, sleeping until runner kills me
2026-05-14 11:03:48,880 - [robot_019] Resuming after cold restart at task 991 (NO state preserved — random policy fresh)
2026-05-14 11:03:50,295 - [robot_019] Tasks: 1000/2000 success_rate=0.400
2026-05-14 11:04:03,579 - [robot_019] Tasks: 1100/2000 success_rate=0.900
2026-05-14 11:04:07,847 - [robot_019] migration requested at task 1140, sleeping until runner kills me
2026-05-14 11:08:03,813 - [robot_019] Resuming after cold restart at task 1141 (NO state preserved — random policy fresh)
2026-05-14 11:08:29,862 - [robot_019] Tasks: 1200/2000 success_rate=0.400
2026-05-14 11:09:24,984 - [robot_019] Tasks: 1300/2000 success_rate=0.500
2026-05-14 11:10:08,594 - [robot_019] Tasks: 1400/2000 success_rate=0.600
2026-05-14 11:10:43,760 - [robot_019] Tasks: 1500/2000 success_rate=0.300
2026-05-14 11:11:05,594 - [robot_019] Tasks: 1600/2000 success_rate=0.600
2026-05-14 11:11:46,749 - [robot_019] Tasks: 1700/2000 success_rate=0.600
2026-05-14 11:13:42,620 - [robot_019] Tasks: 1800/2000 success_rate=0.400
2026-05-14 11:15:02,387 - [robot_019] Tasks: 1900/2000 success_rate=0.200
2026-05-14 11:16:59,547 - [robot_019] Complete.
